Log file open, 02/23/17 15:26:53
LogInit:Display: Running engine for game: Unreal_VR_DSG_01
LogPlatformFile: Not using cached read wrapper
LogInit:Display: RandInit(1384873236) SRandInit(1384873236).
LogTaskGraph: Started task graph with 5 named threads and 16 total threads with 1 sets of task threads.
LogStats: Stats thread started at 0.196134
LogPluginManager: Loaded Plugin Paper2D, From D:/Program Files/Epic Games/4.14/Engine/Plugins/2D/Paper2D/Paper2D.uplugin
LogPluginManager: Loaded Plugin LightPropagationVolume, From D:/Program Files/Epic Games/4.14/Engine/Plugins/Blendables/LightPropagationVolume/LightPropagationVolume.uplugin
LogPluginManager: Loaded Plugin BlankPlugin, From D:/Program Files/Epic Games/4.14/Engine/Plugins/Developer/BlankPlugin/BlankPlugin.uplugin
LogPluginManager: Loaded Plugin CodeLiteSourceCodeAccess, From D:/Program Files/Epic Games/4.14/Engine/Plugins/Developer/CodeLiteSourceCodeAccess/CodeLiteSourceCodeAccess.uplugin
LogPluginManager: Loaded Plugin GitSourceControl, From D:/Program Files/Epic Games/4.14/Engine/Plugins/Developer/GitSourceControl/GitSourceControl.uplugin
LogPluginManager: Loaded Plugin KDevelopSourceCodeAccess, From D:/Program Files/Epic Games/4.14/Engine/Plugins/Developer/KDevelopSourceCodeAccess/KDevelopSourceCodeAccess.uplugin
LogPluginManager: Loaded Plugin NullSourceCodeAccess, From D:/Program Files/Epic Games/4.14/Engine/Plugins/Developer/NullSourceCodeAccess/NullSourceCodeAccess.uplugin
LogPluginManager: Loaded Plugin OneSkyLocalizationService, From D:/Program Files/Epic Games/4.14/Engine/Plugins/Developer/OneSkyLocalizationService/OneSkyLocalizationService.uplugin
LogPluginManager: Loaded Plugin PerforceSourceControl, From D:/Program Files/Epic Games/4.14/Engine/Plugins/Developer/PerforceSourceControl/PerforceSourceControl.uplugin
LogPluginManager: Loaded Plugin SubversionSourceControl, From D:/Program Files/Epic Games/4.14/Engine/Plugins/Developer/SubversionSourceControl/SubversionSourceControl.uplugin
LogPluginManager: Loaded Plugin UObjectPlugin, From D:/Program Files/Epic Games/4.14/Engine/Plugins/Developer/UObjectPlugin/UObjectPlugin.uplugin
LogPluginManager: Loaded Plugin VisualStudioSourceCodeAccess, From D:/Program Files/Epic Games/4.14/Engine/Plugins/Developer/VisualStudioSourceCodeAccess/VisualStudioSourceCodeAccess.uplugin
LogPluginManager: Loaded Plugin XCodeSourceCodeAccess, From D:/Program Files/Epic Games/4.14/Engine/Plugins/Developer/XCodeSourceCodeAccess/XCodeSourceCodeAccess.uplugin
LogPluginManager: Loaded Plugin AudioCapture, From D:/Program Files/Epic Games/4.14/Engine/Plugins/Editor/AudioCapture/AudioCapture.uplugin
LogPluginManager: Loaded Plugin EpicSurvey, From D:/Program Files/Epic Games/4.14/Engine/Plugins/Editor/EpicSurvey/EpicSurvey.uplugin
LogPluginManager: Loaded Plugin MacGraphicsSwitching, From D:/Program Files/Epic Games/4.14/Engine/Plugins/Editor/MacGraphicsSwitching/MacGraphicsSwitching.uplugin
LogPluginManager: Loaded Plugin MobileLauncherProfileWizard, From D:/Program Files/Epic Games/4.14/Engine/Plugins/Editor/MobileLauncherProfileWizard/MobileLauncherProfileWizard.uplugin
LogPluginManager: Loaded Plugin PluginBrowser, From D:/Program Files/Epic Games/4.14/Engine/Plugins/Editor/PluginBrowser/PluginBrowser.uplugin
LogPluginManager: Loaded Plugin SpeedTreeImporter, From D:/Program Files/Epic Games/4.14/Engine/Plugins/Editor/SpeedTreeImporter/SpeedTreeImporter.uplugin
LogPluginManager: Loaded Plugin SuperSearchEditor, From D:/Program Files/Epic Games/4.14/Engine/Plugins/Editor/SuperSearchEditor/SuperSearchEditor.uplugin
LogPluginManager: Loaded Plugin AlembicImporter, From D:/Program Files/Epic Games/4.14/Engine/Plugins/Experimental/AlembicImporter/AlembicImporter.uplugin
LogPluginManager: Loaded Plugin BlueprintStats, From D:/Program Files/Epic Games/4.14/Engine/Plugins/Experimental/BlueprintStats/BlueprintStats.uplugin
LogPluginManager: Loaded Plugin CharacterAI, From D:/Program Files/Epic Games/4.14/Engine/Plugins/Experimental/CharacterAI/CharacterAI.uplugin
LogPluginManager: Loaded Plugin CodeEditor, From D:/Program Files/Epic Games/4.14/Engine/Plugins/Experimental/CodeEditor/CodeEditor.uplugin
LogPluginManager: Loaded Plugin CodeView, From D:/Program Files/Epic Games/4.14/Engine/Plugins/Experimental/CodeView/CodeView.uplugin
LogPluginManager: Loaded Plugin HTML5Networking, From D:/Program Files/Epic Games/4.14/Engine/Plugins/Experimental/HTML5Networking/HTML5Networking.uplugin
LogPluginManager: Loaded Plugin OSVR, From D:/Program Files/Epic Games/4.14/Engine/Plugins/Experimental/OSVR/OSVR.uplugin
LogPluginManager: Loaded Plugin Phya, From D:/Program Files/Epic Games/4.14/Engine/Plugins/Experimental/Phya/Phya.uplugin
LogPluginManager: Loaded Plugin SignificanceManager, From D:/Program Files/Epic Games/4.14/Engine/Plugins/Experimental/SignificanceManager/SignificanceManager.uplugin
LogPluginManager: Loaded Plugin SimpleHMD, From D:/Program Files/Epic Games/4.14/Engine/Plugins/Experimental/SimpleHMD/SimpleHMD.uplugin
LogPluginManager: Loaded Plugin StereoPanorama, From D:/Program Files/Epic Games/4.14/Engine/Plugins/Experimental/StereoPanorama/StereoPanorama.uplugin
LogPluginManager: Loaded Plugin StructBox, From D:/Program Files/Epic Games/4.14/Engine/Plugins/Experimental/StructBox/StructBox.uplugin
LogPluginManager: Loaded Plugin Substance, From D:/Program Files/Epic Games/4.14/Engine/Plugins/Marketplace/Substance/Substance.uplugin
LogPluginManager: Loaded Plugin AndroidMedia, From D:/Program Files/Epic Games/4.14/Engine/Plugins/Media/AndroidMedia/AndroidMedia.uplugin
LogPluginManager: Loaded Plugin AvfMedia, From D:/Program Files/Epic Games/4.14/Engine/Plugins/Media/AvfMedia/AvfMedia.uplugin
LogPluginManager: Loaded Plugin MediaPlayerEditor, From D:/Program Files/Epic Games/4.14/Engine/Plugins/Media/MediaPlayerEditor/MediaPlayerEditor.uplugin
LogPluginManager: Loaded Plugin WmfMedia, From D:/Program Files/Epic Games/4.14/Engine/Plugins/Media/WmfMedia/WmfMedia.uplugin
LogPluginManager: Loaded Plugin MessagingDebugger, From D:/Program Files/Epic Games/4.14/Engine/Plugins/Messaging/MessagingDebugger/MessagingDebugger.uplugin
LogPluginManager: Loaded Plugin TcpMessaging, From D:/Program Files/Epic Games/4.14/Engine/Plugins/Messaging/TcpMessaging/TcpMessaging.uplugin
LogPluginManager: Loaded Plugin UdpMessaging, From D:/Program Files/Epic Games/4.14/Engine/Plugins/Messaging/UdpMessaging/UdpMessaging.uplugin
LogPluginManager: Loaded Plugin LevelSequenceEditor, From D:/Program Files/Epic Games/4.14/Engine/Plugins/MovieScene/LevelSequenceEditor/LevelSequenceEditor.uplugin
LogPluginManager: Loaded Plugin MatineeToLevelSequence, From D:/Program Files/Epic Games/4.14/Engine/Plugins/MovieScene/MatineeToLevelSequence/MatineeToLevelSequence.uplugin
LogPluginManager: Loaded Plugin NetcodeUnitTest, From D:/Program Files/Epic Games/4.14/Engine/Plugins/NetcodeUnitTest/NetcodeUnitTest/NetcodeUnitTest.uplugin
LogPluginManager: Loaded Plugin NUTUnrealEngine4, From D:/Program Files/Epic Games/4.14/Engine/Plugins/NetcodeUnitTest/NUTUnrealEngine4/NUTUnrealEngine4.uplugin
LogPluginManager: Loaded Plugin OnlineSubsystemGameCircle, From D:/Program Files/Epic Games/4.14/Engine/Plugins/Online/Android/OnlineSubsystemGameCircle/OnlineSubsystemGameCircle.uplugin
LogPluginManager: Loaded Plugin OnlineSubsystemGooglePlay, From D:/Program Files/Epic Games/4.14/Engine/Plugins/Online/Android/OnlineSubsystemGooglePlay/OnlineSubsystemGooglePlay.uplugin
LogPluginManager: Loaded Plugin OnlineSubsystemIOS, From D:/Program Files/Epic Games/4.14/Engine/Plugins/Online/IOS/OnlineSubsystemIOS/OnlineSubsystemIOS.uplugin
LogPluginManager: Loaded Plugin OnlineFramework, From D:/Program Files/Epic Games/4.14/Engine/Plugins/Online/OnlineFramework/OnlineFramework.uplugin
LogPluginManager: Loaded Plugin OnlineSubsystem, From D:/Program Files/Epic Games/4.14/Engine/Plugins/Online/OnlineSubsystem/OnlineSubsystem.uplugin
LogPluginManager: Loaded Plugin OnlineSubsystemAmazon, From D:/Program Files/Epic Games/4.14/Engine/Plugins/Online/OnlineSubsystemAmazon/OnlineSubsystemAmazon.uplugin
LogPluginManager: Loaded Plugin OnlineSubsystemFacebook, From D:/Program Files/Epic Games/4.14/Engine/Plugins/Online/OnlineSubsystemFacebook/OnlineSubsystemFacebook.uplugin
LogPluginManager: Loaded Plugin OnlineSubsystemNull, From D:/Program Files/Epic Games/4.14/Engine/Plugins/Online/OnlineSubsystemNull/OnlineSubsystemNull.uplugin
LogPluginManager: Loaded Plugin OnlineSubsystemOculus, From D:/Program Files/Epic Games/4.14/Engine/Plugins/Online/OnlineSubsystemOculus/OnlineSubsystemOculus.uplugin
LogPluginManager: Loaded Plugin OnlineSubsystemSteam, From D:/Program Files/Epic Games/4.14/Engine/Plugins/Online/OnlineSubsystemSteam/OnlineSubsystemSteam.uplugin
LogPluginManager: Loaded Plugin OnlineSubsystemUtils, From D:/Program Files/Epic Games/4.14/Engine/Plugins/Online/OnlineSubsystemUtils/OnlineSubsystemUtils.uplugin
LogPluginManager: Loaded Plugin IOSTapJoy, From D:/Program Files/Epic Games/4.14/Engine/Plugins/Runtime/Advertising/IOSTapJoy/IOSTapJoy.uplugin
LogPluginManager: Loaded Plugin AnalyticsBlueprintLibrary, From D:/Program Files/Epic Games/4.14/Engine/Plugins/Runtime/Analytics/AnalyticsBlueprintLibrary/AnalyticsBlueprintLibrary.uplugin
LogPluginManager: Loaded Plugin AnalyticsMulticast, From D:/Program Files/Epic Games/4.14/Engine/Plugins/Runtime/Analytics/AnalyticsMulticast/AnalyticsMulticast.uplugin
LogPluginManager: Loaded Plugin Apsalar, From D:/Program Files/Epic Games/4.14/Engine/Plugins/Runtime/Analytics/Apsalar/Apsalar.uplugin
LogPluginManager: Loaded Plugin FileLogging, From D:/Program Files/Epic Games/4.14/Engine/Plugins/Runtime/Analytics/FileLogging/FileLogging.uplugin
LogPluginManager: Loaded Plugin Flurry, From D:/Program Files/Epic Games/4.14/Engine/Plugins/Runtime/Analytics/Flurry/Flurry.uplugin
LogPluginManager: Loaded Plugin AndroidDeviceProfileSelector, From D:/Program Files/Epic Games/4.14/Engine/Plugins/Runtime/AndroidDeviceProfileSelector/AndroidDeviceProfileSelector.uplugin
LogPluginManager: Loaded Plugin AndroidMoviePlayer, From D:/Program Files/Epic Games/4.14/Engine/Plugins/Runtime/AndroidMoviePlayer/AndroidMoviePlayer.uplugin
LogPluginManager: Loaded Plugin AppleMoviePlayer, From D:/Program Files/Epic Games/4.14/Engine/Plugins/Runtime/AppleMoviePlayer/AppleMoviePlayer.uplugin
LogPluginManager: Loaded Plugin ArchVisCharacter, From D:/Program Files/Epic Games/4.14/Engine/Plugins/Runtime/ArchVisCharacter/ArchVisCharacter.uplugin
LogPluginManager: Loaded Plugin CableComponent, From D:/Program Files/Epic Games/4.14/Engine/Plugins/Runtime/CableComponent/CableComponent.uplugin
LogPluginManager: Loaded Plugin CustomMeshComponent, From D:/Program Files/Epic Games/4.14/Engine/Plugins/Runtime/CustomMeshComponent/CustomMeshComponent.uplugin
LogPluginManager: Loaded Plugin ExampleDeviceProfileSelector, From D:/Program Files/Epic Games/4.14/Engine/Plugins/Runtime/ExampleDeviceProfileSelector/ExampleDeviceProfileSelector.uplugin
LogPluginManager: Loaded Plugin GearVR, From D:/Program Files/Epic Games/4.14/Engine/Plugins/Runtime/GearVR/GearVR.uplugin
LogPluginManager: Loaded Plugin GoogleVRController, From D:/Program Files/Epic Games/4.14/Engine/Plugins/Runtime/GoogleVR/GoogleVRController/GoogleVRController.uplugin
LogPluginManager: Loaded Plugin GoogleVRHMD, From D:/Program Files/Epic Games/4.14/Engine/Plugins/Runtime/GoogleVR/GoogleVRHMD/GoogleVRHMD.uplugin
LogPluginManager: Loaded Plugin IOSDeviceProfileSelector, From D:/Program Files/Epic Games/4.14/Engine/Plugins/Runtime/IOSDeviceProfileSelector/IOSDeviceProfileSelector.uplugin
LogPluginManager: Loaded Plugin LeapMotion, From D:/Program Files/Epic Games/4.14/Engine/Plugins/Runtime/LeapMotion/LeapMotion.uplugin
LogPluginManager: Loaded Plugin LinuxDeviceProfileSelector, From D:/Program Files/Epic Games/4.14/Engine/Plugins/Runtime/LinuxDeviceProfileSelector/LinuxDeviceProfileSelector.uplugin
LogPluginManager: Loaded Plugin MIDIDevice, From D:/Program Files/Epic Games/4.14/Engine/Plugins/Runtime/MIDIDevice/MIDIDevice.uplugin
LogPluginManager: Loaded Plugin MobilePatchingUtils, From D:/Program Files/Epic Games/4.14/Engine/Plugins/Runtime/MobilePatchingUtils/MobilePatchingUtils.uplugin
LogPluginManager: Loaded Plugin Ansel, From D:/Program Files/Epic Games/4.14/Engine/Plugins/Runtime/Nvidia/Ansel/Ansel.uplugin
LogPluginManager: Loaded Plugin OculusAudio, From D:/Program Files/Epic Games/4.14/Engine/Plugins/Runtime/OculusAudio/OculusAudio.uplugin
LogPluginManager: Loaded Plugin OculusInput, From D:/Program Files/Epic Games/4.14/Engine/Plugins/Runtime/OculusInput/OculusInput.uplugin
LogPluginManager: Loaded Plugin OculusLibrary, From D:/Program Files/Epic Games/4.14/Engine/Plugins/Runtime/OculusLibrary/OculusLibrary.uplugin
LogPluginManager: Loaded Plugin OculusRift, From D:/Program Files/Epic Games/4.14/Engine/Plugins/Runtime/OculusRift/OculusRift.uplugin
LogPluginManager: Loaded Plugin Oodle, From D:/Program Files/Epic Games/4.14/Engine/Plugins/Runtime/PacketHandlers/CompressionComponents/Oodle/Oodle.uplugin
LogPluginManager: Loaded Plugin ProceduralMeshComponent, From D:/Program Files/Epic Games/4.14/Engine/Plugins/Runtime/ProceduralMeshComponent/ProceduralMeshComponent.uplugin
LogPluginManager: Loaded Plugin SoundMod, From D:/Program Files/Epic Games/4.14/Engine/Plugins/Runtime/SoundMod/SoundMod.uplugin
LogPluginManager: Loaded Plugin SoundVisualizations, From D:/Program Files/Epic Games/4.14/Engine/Plugins/Runtime/SoundVisualizations/SoundVisualizations.uplugin
LogPluginManager: Loaded Plugin SteamController, From D:/Program Files/Epic Games/4.14/Engine/Plugins/Runtime/Steam/SteamController/SteamController.uplugin
LogPluginManager: Loaded Plugin SteamVR, From D:/Program Files/Epic Games/4.14/Engine/Plugins/Runtime/Steam/SteamVR/SteamVR.uplugin
LogPluginManager: Loaded Plugin WebBrowserWidget, From D:/Program Files/Epic Games/4.14/Engine/Plugins/Runtime/WebBrowserWidget/WebBrowserWidget.uplugin
LogPluginManager: Loaded Plugin WindowsDeviceProfileSelector, From D:/Program Files/Epic Games/4.14/Engine/Plugins/Runtime/WindowsDeviceProfileSelector/WindowsDeviceProfileSelector.uplugin
LogPluginManager: Loaded Plugin WindowsMoviePlayer, From D:/Program Files/Epic Games/4.14/Engine/Plugins/Runtime/WindowsMoviePlayer/WindowsMoviePlayer.uplugin
LogPluginManager: Loaded Plugin ScriptPlugin, From D:/Program Files/Epic Games/4.14/Engine/Plugins/ScriptPlugin/ScriptPlugin.uplugin
LogPluginManager: Loaded Plugin SlateRemote, From D:/Program Files/Epic Games/4.14/Engine/Plugins/Slate/SlateRemote/SlateRemote.uplugin
LogPluginManager: Loaded Plugin EditorTests, From D:/Program Files/Epic Games/4.14/Engine/Plugins/Tests/EditorTests/EditorTests.uplugin
LogPluginManager: Loaded Plugin FbxAutomationTestBuilder, From D:/Program Files/Epic Games/4.14/Engine/Plugins/Tests/FbxAutomationTestBuilder/FbxAutomationTestBuilder.uplugin
LogPluginManager: Loaded Plugin FunctionalTestingEditor, From D:/Program Files/Epic Games/4.14/Engine/Plugins/Tests/FunctionalTestingEditor/FunctionalTestingEditor.uplugin
LogPluginManager: Loaded Plugin RuntimeTests, From D:/Program Files/Epic Games/4.14/Engine/Plugins/Tests/RuntimeTests/RuntimeTests.uplugin
LogPluginManager: Loaded Plugin ScreenshotTools, From D:/Program Files/Epic Games/4.14/Engine/Plugins/Tests/ScreenshotTools/ScreenshotTools.uplugin
LogInit: Using libcurl 7.47.1
LogInit:  - built for x86_64-pc-win32
LogInit:  - supports SSL with OpenSSL/1.0.2g
LogInit:  - supports HTTP deflate (compression) using libz 1.2.8
LogInit:  - other features:
LogInit:      CURL_VERSION_SSL
LogInit:      CURL_VERSION_LIBZ
LogInit:      CURL_VERSION_IPV6
LogInit:      CURL_VERSION_ASYNCHDNS
LogInit:      CURL_VERSION_LARGEFILE
LogInit:      CURL_VERSION_IDN
LogInit:  CurlRequestOptions (configurable via config and command line):
LogInit:  - bVerifyPeer = false  - Libcurl will NOT verify peer certificate
LogInit:  - bUseHttpProxy = false  - Libcurl will NOT use HTTP proxy
LogInit:  - bDontReuseConnections = false  - Libcurl will reuse connections
LogInit:  - CertBundlePath = nullptr  - Libcurl will use whatever was configured at build time.
LogInit: Build: ++UE4+Release-4.14-CL-3249277
LogInit: Engine Version: 4.14.3-3249277+++UE4+Release-4.14
LogInit: Compatible Engine Version: 4.14.0-3195953+++UE4+Release-4.14
LogInit: Net CL: 3195953
LogDevObjectVersion: Number of dev versions registered: 13
LogDevObjectVersion:   Dev-Blueprints (B0D832E4-1F89-4F0D-ACCF-7EB736FD4AA2): 7
LogDevObjectVersion:   Dev-Build (E1C64328-A22C-4D53-A36C-8E866417BD8C): 0
LogDevObjectVersion:   Dev-Core (375EC13C-06E4-48FB-B500-84F0262A717E): 1
LogDevObjectVersion:   Dev-Editor (E4B068ED-F494-42E9-A231-DA0B2E46BB41): 8
LogDevObjectVersion:   Dev-Framework (CFFC743F-43B0-4480-9391-14DF171D2073): 17
LogDevObjectVersion:   Dev-Mobile (B02B49B5-BB20-44E9-A304-32B752E40360): 0
LogDevObjectVersion:   Dev-Networking (A4E4105C-59A1-49B5-A7C5-40C4547EDFEE): 0
LogDevObjectVersion:   Dev-Online (39C831C9-5AE6-47DC-9A44-9C173E1C8E7C): 0
LogDevObjectVersion:   Dev-Physics (78F01B33-EBEA-4F98-B9B4-84EACCB95AA2): 0
LogDevObjectVersion:   Dev-Platform (6631380F-2D4D-43E0-8009-CF276956A95A): 0
LogDevObjectVersion:   Dev-Rendering (12F88B9F-8875-4AFC-A67C-D90C383ABD29): 12
LogDevObjectVersion:   Dev-Sequencer (7B5AE74C-D270-4C10-A958-57980B212A5A): 1
LogDevObjectVersion:   Dev-VR (D7296918-1DD6-4BDD-9DE2-64A83CC13884): 0
LogInit: Compiled (64-bit): Jan  6 2017 10:49:43
LogInit: Compiled with Visual C++: 19.00.23026.00
LogInit: Build Configuration: Development
LogInit: Branch Name: ++UE4+Release-4.14
LogInit: Command line: -EpicPortal
LogInit: Base directory: D:/Program Files/Epic Games/4.14/Engine/Binaries/Win64/
LogInit: Installed Engine Build: 1
LogInit: Presizing for max 8388607 objects, including 0 objects not considered by GC, pre-allocating 0 bytes for permanent pool.
LogInit: Object subsystem initialized
[2017.02.23-20.26.53:967][  0]LogConsoleManager:Display: Setting the console variable 'r.RHICmdBypass' with 'SetByProjectSetting' was ignored as it is lower priority than the previous 'SetBySystemSettingsIni'
[2017.02.23-20.26.53:985][  0]LogInit: Selected Device Profile: [Windows]
[2017.02.23-20.26.53:985][  0]LogInit: Applying CVar settings loaded from the selected device profile: [Windows]
[2017.02.23-20.26.54:027][  0]LogInit: Computer: SCARDINALI7BR
[2017.02.23-20.26.54:027][  0]LogInit: User: scardinali
[2017.02.23-20.26.54:027][  0]LogInit: CPU Page size=65536, Cores=12
[2017.02.23-20.26.54:027][  0]LogInit: High frequency timer resolution =2.050791 MHz
[2017.02.23-20.26.54:027][  0]LogMemory: Memory total: Physical=63.9GB (64GB approx)
[2017.02.23-20.26.54:027][  0]LogMemory: Platform Memory Stats for Windows
[2017.02.23-20.26.54:027][  0]LogMemory: Process Physical Memory: 272.46 MB used, 272.46 MB peak
[2017.02.23-20.26.54:027][  0]LogMemory: Process Virtual Memory: 278.43 MB used, 278.43 MB peak
[2017.02.23-20.26.54:027][  0]LogMemory: Physical Memory: 12285.01 MB used,  53199.45 MB free, 65484.46 MB total
[2017.02.23-20.26.54:027][  0]LogMemory: Virtual Memory: 682.36 MB used,  53199.45 MB free, 8388608.00 MB total
[2017.02.23-20.26.55:285][  0]LogTextLocalizationManager: No specific translations for ('en-US') exist, so ('en') translations will be used.
[2017.02.23-20.26.57:395][  0]LogD3D11RHI: D3D11 adapters:
[2017.02.23-20.26.57:444][  0]LogD3D11RHI:    0. 'NVIDIA GeForce GTX 770' (Feature Level 11_0)
[2017.02.23-20.26.57:444][  0]LogD3D11RHI:       1989/0/2048 MB DedicatedVideo/DedicatedSystem/SharedSystem, Outputs:2, VendorId:0x10de
[2017.02.23-20.26.57:444][  0]LogD3D11RHI: Chosen D3D11 Adapter: 0
[2017.02.23-20.26.57:463][  0]LogD3D11RHI: Creating new Direct3DDevice
[2017.02.23-20.26.57:463][  0]LogD3D11RHI:     GPU DeviceId: 0x1184 (for the marketing name, search the web for "GPU Device Id")
[2017.02.23-20.26.57:463][  0]LogWindows: EnumDisplayDevices:
[2017.02.23-20.26.57:464][  0]LogWindows:    0. 'NVIDIA GeForce GTX 770' (P:1 D:1)
[2017.02.23-20.26.57:464][  0]LogWindows:    1. 'NVIDIA GeForce GTX 770' (P:0 D:1)
[2017.02.23-20.26.57:464][  0]LogWindows:    2. 'NVIDIA GeForce GTX 770' (P:0 D:0)
[2017.02.23-20.26.57:465][  0]LogWindows:    3. 'NVIDIA GeForce GTX 770' (P:0 D:0)
[2017.02.23-20.26.57:465][  0]LogWindows:    4. 'RDPDD Chained DD' (P:0 D:0)
[2017.02.23-20.26.57:465][  0]LogWindows:    5. 'RDP Encoder Mirror Driver' (P:0 D:0)
[2017.02.23-20.26.57:465][  0]LogWindows:    6. 'RDP Reflector Display Driver' (P:0 D:0)
[2017.02.23-20.26.57:465][  0]LogWindows: DebugString: GetVideoDriverDetailsInvalid PrimaryIsNotTheChoosenAdapter GetVideoDriverDetailsInvalid PrimaryIsNotTheChoosenAdapter GetVideoDriverDetailsInvalid PrimaryIsNotTheChoosenAdapter FoundDriverCount:4 
[2017.02.23-20.26.57:465][  0]LogD3D11RHI:     Adapter Name: NVIDIA GeForce GTX 770
[2017.02.23-20.26.57:466][  0]LogD3D11RHI:   Driver Version: 368.81 (internal:10.18.13.6881, unified:368.81)
[2017.02.23-20.26.57:466][  0]LogD3D11RHI:      Driver Date: 7-10-2016
[2017.02.23-20.26.57:466][  0]LogRHI: Texture pool is 1361 MB (70% of 1945 MB)
[2017.02.23-20.26.57:487][  0]LogD3D11RHI:Warning: Timestamp queries are currently disabled on this hardware due to instability. Realtime GPU stats will not be available. You can override this behaviour by setting r.NVIDIATimestampWorkaround to 0
[2017.02.23-20.26.57:487][  0]LogD3D11RHI: Async texture creation enabled
[2017.02.23-20.26.57:512][  0]LogD3D11RHI: GPU Timing Frequency: 1000.000000 (Debug: 2 2)
[2017.02.23-20.26.57:513][  0]LogShaderCompilers: Guid format shader working directory is 16 characters bigger than the processId version (G:/Stephs_Unreal/DSG04/Unreal_VR_DSG_01/Intermediate/Shaders/WorkingDirectory/42912/).
[2017.02.23-20.26.57:513][  0]LogShaderCompilers: Cleaned the shader compiler working directory 'C:/Users/scardinali.HALO/AppData/Local/Temp/UnrealShaderWorkingDir/243A7AF341C6082BF3F8189CC5A7313E/'.
[2017.02.23-20.26.57:513][  0]LogShaderCompilers:Display: Using Local Shader Compiler.
[2017.02.23-20.26.59:666][  0]LogTemp:Display: Loaded TP AllDesktopTargetPlatform
[2017.02.23-20.26.59:757][  0]LogTemp:Display: Loaded TP MacClientTargetPlatform
[2017.02.23-20.26.59:848][  0]LogTemp:Display: Loaded TP MacNoEditorTargetPlatform
[2017.02.23-20.26.59:955][  0]LogTemp:Display: Loaded TP MacServerTargetPlatform
[2017.02.23-20.27.00:084][  0]LogTemp:Display: Loaded TP MacTargetPlatform
[2017.02.23-20.27.00:192][  0]LogTemp:Display: Loaded TP WindowsClientTargetPlatform
[2017.02.23-20.27.00:283][  0]LogTemp:Display: Loaded TP WindowsNoEditorTargetPlatform
[2017.02.23-20.27.00:374][  0]LogTemp:Display: Loaded TP WindowsServerTargetPlatform
[2017.02.23-20.27.00:481][  0]LogTemp:Display: Loaded TP WindowsTargetPlatform
[2017.02.23-20.27.00:593][  0]LogTemp:Display: Loaded TP AndroidTargetPlatform
[2017.02.23-20.27.00:691][  0]LogTemp:Display: Loaded TP Android_ASTCTargetPlatform
[2017.02.23-20.27.00:827][  0]LogTemp:Display: Loaded TP Android_ATCTargetPlatform
[2017.02.23-20.27.00:943][  0]LogTemp:Display: Loaded TP Android_DXTTargetPlatform
[2017.02.23-20.27.01:064][  0]LogTemp:Display: Loaded TP Android_ETC1TargetPlatform
[2017.02.23-20.27.01:201][  0]LogTemp:Display: Loaded TP Android_ETC2TargetPlatform
[2017.02.23-20.27.01:446][  0]LogTemp:Display: Loaded TP Android_MultiTargetPlatform
[2017.02.23-20.27.01:446][  0]LogTemp:Display: Loaded TP Android_PVRTCTargetPlatform
[2017.02.23-20.27.01:513][  0]LogTemp:Display: Loaded TP HTML5TargetPlatform
[2017.02.23-20.27.01:651][  0]LogTemp:Display: Loaded TP IOSTargetPlatform
[2017.02.23-20.27.01:728][  0]LogTemp:Display: Loaded TP TVOSTargetPlatform
[2017.02.23-20.27.01:854][  0]LogTemp:Display: Loaded TP LinuxClientTargetPlatform
[2017.02.23-20.27.01:987][  0]LogTemp:Display: Loaded TP LinuxNoEditorTargetPlatform
[2017.02.23-20.27.02:128][  0]LogTemp:Display: Loaded TP LinuxServerTargetPlatform
[2017.02.23-20.27.02:237][  0]LogTemp:Display: Loaded TP LinuxTargetPlatform
[2017.02.23-20.27.02:237][  0]LogTargetPlatformManager:Display: Building Assets For Windows
[2017.02.23-20.27.03:057][  0]LogDerivedDataCache:Display: Max Cache Size: 512 MB
[2017.02.23-20.27.03:191][  0]LogDerivedDataCache: Loaded boot cache 0.13s 61MB C:/Users/scardinali.HALO/AppData/Local/UnrealEngine/4.14/DerivedDataCache/Boot.ddc.
[2017.02.23-20.27.03:192][  0]LogDerivedDataCache:Display: Loaded Boot cache: C:/Users/scardinali.HALO/AppData/Local/UnrealEngine/4.14/DerivedDataCache/Boot.ddc
[2017.02.23-20.27.03:192][  0]LogDerivedDataCache: FDerivedDataBackendGraph:  Pak pak cache file G:/Stephs_Unreal/DSG04/Unreal_VR_DSG_01/DerivedDataCache/DDC.ddp not found, will not use a pak cache.
[2017.02.23-20.27.03:192][  0]LogDerivedDataCache: Unable to find inner node Pak for hierarchical cache Hierarchy.
[2017.02.23-20.27.03:192][  0]LogDerivedDataCache: FDerivedDataBackendGraph:  CompressedPak pak cache file G:/Stephs_Unreal/DSG04/Unreal_VR_DSG_01/DerivedDataCache/Compressed.ddp not found, will not use a pak cache.
[2017.02.23-20.27.03:192][  0]LogDerivedDataCache: Unable to find inner node CompressedPak for hierarchical cache Hierarchy.
[2017.02.23-20.27.03:222][  0]LogDerivedDataCache:Display: Pak cache opened for reading ../../../Engine/DerivedDataCache/Compressed.ddp.
[2017.02.23-20.27.03:235][  0]LogDerivedDataCache: Using Local data cache path C:/Users/scardinali.HALO/AppData/Local/UnrealEngine/Common/DerivedDataCache: Writable
[2017.02.23-20.27.03:970][  0]LogInit: Selected Device Profile: [Windows]
[2017.02.23-20.27.03:979][  0]LogContentStreaming: Texture pool size is 0.00 MB
[2017.02.23-20.27.04:368][  0]LogMeshUtilities: Using QuadricMeshReduction for automatic static mesh reduction
[2017.02.23-20.27.04:457][  0]LogSimplygon: Simplygon DLL not present - disabling.
[2017.02.23-20.27.04:533][  0]LogMeshUtilities: Using SimplygonSwarm for distributed automatic mesh merging
[2017.02.23-20.27.04:533][  0]LogMeshUtilities: No automatic skeletal mesh reduction module available
[2017.02.23-20.27.04:533][  0]LogMeshUtilities: No automatic mesh merging module available
[2017.02.23-20.27.05:720][  0]LogNetVersion: GetLocalNetworkVersion: CL: 3195953, ProjectName: unreal_vr_dsg_01, ProjectVersion: , EngineNetworkVersion: 2, GameNetworkVersion: 0, NetworkChecksum: 1507437998
[2017.02.23-20.27.05:808][  0]LogAssetRegistry: FAssetRegistry took 0.0206 seconds to start up
[2017.02.23-20.27.05:895][  0]LogPackageLocalizationCache: Processed 3 localized package path(s) for 2 prioritized culture(s) in 0.059165 seconds
[2017.02.23-20.27.05:903][  0]LogUObjectArray: 31946 objects as part of root set at end of initial load.
[2017.02.23-20.27.05:903][  0]LogUObjectAllocator: 6935840 out of 0 bytes used by permanent object pool.
[2017.02.23-20.27.05:903][  0]LogUObjectArray: CloseDisregardForGC: 0/0 objects in disregard for GC pool
[2017.02.23-20.27.05:972][  0]LogInit: WinSock: version 1.1 (2.2), MaxSocks=32767, MaxUdp=65467
[2017.02.23-20.27.07:133][  0]LogSlate: Using Freetype 2.6.0
[2017.02.23-20.27.07:138][  0]LogSlate: SlateFontCache - WITH_FREETYPE: 1, WITH_HARFBUZZ: 1
[2017.02.23-20.27.07:138][  0]LogSlate: SlateFontCache - WITH_FREETYPE: 1, WITH_HARFBUZZ: 1
[2017.02.23-20.27.10:800][  0]LogSubstanceCoreModule: Substance [CPU] Engine Loaded, Max Texture Size = 2048
[2017.02.23-20.27.10:867][  0]LogTcpMessaging: Initializing TcpMessaging bridge
[2017.02.23-20.27.10:923][  0]LogUdpMessaging: Initializing bridge on interface 0.0.0.0:0 to multicast group 230.0.0.1:6666.
[2017.02.23-20.27.11:514][  0]LogMaterial: Uniform references updated for custom material expression Custom.
[2017.02.23-20.27.12:171][  0]SourceControl: Info Source control is disabled
[2017.02.23-20.27.12:241][  0]SourceControl: Info Source control is disabled
[2017.02.23-20.27.12:316][  0]SourceControl: Info Source control is disabled
[2017.02.23-20.27.12:400][  0]SourceControl: Info Source control is disabled
[2017.02.23-20.27.14:765][  0]LogEngine: Initializing Engine...
[2017.02.23-20.27.14:766][  0]LogHMD: Failed to initialize OpenVR with code 110
[2017.02.23-20.27.15:283][  0]LogAIModule: Creating AISystem for world Untitled
[2017.02.23-20.27.15:323][  0]LogInit: XAudio2 using 'Speakers (Andrea PureAudio USB-SA Headset)' : 2 channels at 44.1 kHz using 16 bits per sample (channel mask 0x3)
[2017.02.23-20.27.15:375][  0]LogInit: FAudioDevice initialized.
[2017.02.23-20.27.15:422][  0]LogDerivedDataCache: Saved boot cache 0.05s 51MB C:/Users/scardinali.HALO/AppData/Local/UnrealEngine/4.14/DerivedDataCache/Boot.ddc.
[2017.02.23-20.27.15:439][  0]LogInit: Texture streaming: Enabled
[2017.02.23-20.27.15:705][  0]LogInit: Transaction tracking system initialized
[2017.02.23-20.27.16:272][  0]BlueprintLog: New page: Editor Load
[2017.02.23-20.27.17:716][  0]LocalizationService: Info Localization service is disabled
[2017.02.23-20.27.18:852][  0]LogConsoleResponse:Display: 
[2017.02.23-20.27.19:142][  0]LogCook:Display: Max memory allowance for cook 16384mb min free memory 0mb
[2017.02.23-20.27.19:142][  0]LogCook:Display: Mobile HDR setting 1
[2017.02.23-20.27.20:221][  0]LogFileCache: Scanning file cache for directory 'G:/Stephs_Unreal/DSG04/Unreal_VR_DSG_01/Content/' took 0.03s
[2017.02.23-20.27.20:791][  0]SourceControl: Info Source control is disabled
[2017.02.23-20.27.20:792][  0]Cmd: MAP LOAD FILE="G:/Stephs_Unreal/DSG04/Unreal_VR_DSG_01/Content/VirtualRealityBP/Maps/StartupMap.umap" TEMPLATE=0 SHOWPROGRESS=1 FEATURELEVEL=3
[2017.02.23-20.27.20:793][  0]LightingResults: New page: Lighting Build
[2017.02.23-20.27.20:873][  0]MapCheck: New page: Map Check
[2017.02.23-20.27.20:873][  0]LightingResults: New page: Lighting Build
[2017.02.23-20.27.21:051][  0]LogLinker:Warning: Can't find file '/Game/DSG/Meshes/Conveyor/ZiP-Line-Logo_3'
[2017.02.23-20.27.21:051][  0]LogLinker:Warning: Can't find file for asset '/Game/DSG/Meshes/Conveyor/ZiP-Line-Logo_3' while loading G:/Stephs_Unreal/DSG04/Unreal_VR_DSG_01/Content/DSG/Meshes/Conveyor/M_Zipline_Logo.uasset.
[2017.02.23-20.27.21:052][  0]LoadErrors:Error: Error /Game/DSG/Meshes/Conveyor/M_Zipline_Logo : Can't find file for asset. /Game/DSG/Meshes/Conveyor/ZiP-Line-Logo_3
[2017.02.23-20.27.21:052][  0]LogLinker:Warning: Can't find file '/Game/DSG/Meshes/Conveyor/ZiP-Line-Logo_3'
[2017.02.23-20.27.21:052][  0]LogLinker:Warning: Can't find file for asset '/Game/DSG/Meshes/Conveyor/ZiP-Line-Logo_3' while loading G:/Stephs_Unreal/DSG04/Unreal_VR_DSG_01/Content/DSG/Meshes/Conveyor/M_Zipline_Logo.uasset.
[2017.02.23-20.27.21:052][  0]LoadErrors:Error: Error /Game/DSG/Meshes/Conveyor/M_Zipline_Logo : Can't find file for asset. /Game/DSG/Meshes/Conveyor/ZiP-Line-Logo_3
[2017.02.23-20.27.21:113][  0]LogLinker:Warning: Can't find file '/Game/DSG/Meshes/Conveyor/ZiP-Line-Logo_3'
[2017.02.23-20.27.21:113][  0]LoadErrors: Info Failed to load /Game/DSG/Meshes/Conveyor/ZiP-Line-Logo_3.ZiP-Line-Logo_3 Referenced by MaterialExpressionTextureSample_0
[2017.02.23-20.27.21:113][  0]LogLinker:Warning: Can't find file for asset '/Game/DSG/Meshes/Conveyor/ZiP-Line-Logo_3' while loading NULL.
[2017.02.23-20.27.21:113][  0]LoadErrors: Info Failed to load /Game/DSG/Meshes/Conveyor/ZiP-Line-Logo_3.ZiP-Line-Logo_3 Referenced by MaterialExpressionTextureSample_0
[2017.02.23-20.27.21:131][  0]LogMaterial: Missing cached shader map for material Asphalt, compiling. 
[2017.02.23-20.27.21:132][  0]LogMaterial:Warning: Failed to compile Material /Game/DSG/Asphalt.Asphalt for platform PCD3D_SM5, Default Material will be used in game.
[2017.02.23-20.27.21:132][  0]LogMaterial:Warning: 	(Node TextureSample) TextureSample> Sampler type is Normal, should be Color for /Game/DSG/Asphalt3.Asphalt3
[2017.02.23-20.27.21:253][  0]LogMaterial: Missing cached shader map for material M_Zipline_Logo, compiling. 
[2017.02.23-20.27.21:254][  0]LogMaterial:Warning: Failed to compile Material /Game/DSG/Meshes/Conveyor/M_Zipline_Logo.M_Zipline_Logo for platform PCD3D_SM5, Default Material will be used in game.
[2017.02.23-20.27.21:254][  0]LogMaterial:Warning: 	(Node TextureSample) TextureSample> Missing input texture
[2017.02.23-20.27.21:358][  0]LogMaterial: Missing cached shader map for material Material__3241, compiling. 
[2017.02.23-20.27.21:359][  0]LogMaterial:Warning: Failed to compile Material /Game/DSG/Material__3241.Material__3241 for platform PCD3D_SM5, Default Material will be used in game.
[2017.02.23-20.27.21:359][  0]LogMaterial:Warning: 	(Node TextureSample) TextureSample> Sampler type is Normal, should be Color for /Game/DSG/GRYCON3.GRYCON3
[2017.02.23-20.27.21:368][  0]LogMaterial: Missing cached shader map for material Concrete_Cement2, compiling. 
[2017.02.23-20.27.21:369][  0]LogMaterial:Warning: Failed to compile Material /Game/DSG/Concrete_Cement2.Concrete_Cement2 for platform PCD3D_SM5, Default Material will be used in game.
[2017.02.23-20.27.21:369][  0]LogMaterial:Warning: 	(Node TextureSample) TextureSample> Sampler type is Normal, should be Color for /Game/DSG/GRYCON3.GRYCON3
[2017.02.23-20.27.21:475][  0]LogAIModule: Creating AISystem for world StartupMap
[2017.02.23-20.27.21:496][  0]LogEditorServer: Finished looking for orphan Actors (0.001 secs)
[2017.02.23-20.27.21:497][  0]Cmd: MAP CHECKDEP NOCLEARLOG
[2017.02.23-20.27.21:813][  0]MapCheck: Info Map check complete: 0 Error(s), 0 Warning(s), took 315.523ms to complete.
[2017.02.23-20.27.21:813][  0]LogFileHelpers: Loading map 'StartupMap' took 1.022
[2017.02.23-20.27.22:050][  0]LogCollectionManager: Loaded 0 collections in 0.002497 seconds
[2017.02.23-20.27.22:178][  0]LogFileCache: Scanning file cache for directory 'G:/Stephs_Unreal/DSG04/Unreal_VR_DSG_01/Saved/Collections/' took 0.01s
[2017.02.23-20.27.22:178][  0]LogFileCache: Scanning file cache for directory 'G:/Stephs_Unreal/DSG04/Unreal_VR_DSG_01/Content/Developers/scardinali/Collections/' took 0.01s
[2017.02.23-20.27.22:178][  0]LogFileCache: Scanning file cache for directory 'G:/Stephs_Unreal/DSG04/Unreal_VR_DSG_01/Content/Collections/' took 0.01s
[2017.02.23-20.27.22:178][  0]LogCollectionManager: Rebuilt the GUID cache for 0 collections in 0.000006 seconds
[2017.02.23-20.27.22:194][  0]LogContentBrowser: Native class hierarchy populated in 0.0155 seconds. Added 2204 classes and 434 folders.
[2017.02.23-20.27.22:270][  0]LogStats: UGameplayTagsManager::ConstructGameplayTagTree: Construct from data asset -  0.000 s
[2017.02.23-20.27.22:271][  0]LogStats: UGameplayTagsManager::ConstructGameplayTagTree: GameplayTagTreeChangedEvent.Broadcast -  0.000 s
[2017.02.23-20.27.22:272][  0]LogContentBrowser: Native class hierarchy updated for 'GameplayTags' in 0.0016 seconds. Added 13 classes and 0 folders.
[2017.02.23-20.27.22:378][  0]LogContentBrowser: Native class hierarchy updated for 'WidgetCarousel' in 0.0010 seconds. Added 0 classes and 0 folders.
[2017.02.23-20.27.22:575][  0]LogContentBrowser: Native class hierarchy updated for 'AddContentDialog' in 0.0015 seconds. Added 0 classes and 0 folders.
[2017.02.23-20.27.22:648][  0]LogContentBrowser: Native class hierarchy updated for 'SceneOutliner' in 0.0009 seconds. Added 1 classes and 2 folders.
[2017.02.23-20.27.22:719][  0]LogCrashTracker: Crashtracker disabled due to settings.
[2017.02.23-20.27.22:730][  0]LogUObjectGlobals:Warning: Failed to find object 'Class None.'
[2017.02.23-20.27.22:849][  0]LogContentBrowser: Native class hierarchy updated for 'HierarchicalLODOutliner' in 0.0015 seconds. Added 1 classes and 2 folders.
[2017.02.23-20.27.22:850][  0]LogLoad: (Engine Initialization) Total time: 32.44 seconds
[2017.02.23-20.27.22:850][  0]LogLoad: (Engine Initialization) Total Blueprint compile time: 0.08 seconds
[2017.02.23-20.27.22:850][  0]LogExternalProfiler: No external profilers were discovered.  External profiling features will not be available.
[2017.02.23-20.27.22:860][  0]LogOcInput: OculusInput pre-init called
[2017.02.23-20.27.22:885][  0]LogContentStreaming: Texture pool size now 1000 MB
[2017.02.23-20.27.23:118][  0]LogContentBrowser:Verbose: The majority of assets in the view are of type: Material
[2017.02.23-20.27.23:199][  0]LogRenderer: Reallocating scene render targets to support 1208x576 NumSamples 1 (Frame:2).
[2017.02.23-20.27.23:488][  3]LogAssetRegistry: Asset discovery search completed in 17.7001 seconds
[2017.02.23-20.27.23:491][  3]LogCollectionManager: Rebuilt the object cache for 0 collections in 0.000002 seconds (found 0 objects)
[2017.02.23-20.27.23:491][  3]LogCollectionManager: Fixed up redirectors for 0 collections in 0.001209 seconds (updated 0 objects)
[2017.02.23-20.27.47:798][  6]LogEditorViewport: Clicking on Actor (LMB): StaticMeshActor (DSG_Building)
[2017.02.23-20.27.52:508][322]LogContentBrowser:Verbose: The majority of assets in the view are of type: None
[2017.02.23-20.27.52:977][361]LogContentBrowser:Verbose: The majority of assets in the view are of type: World
[2017.02.23-20.27.59:075][789]LogContentBrowser:Verbose: The majority of assets in the view are of type: SubstanceTexture2D
[2017.02.23-20.28.02:415][999]LogContentBrowser:Verbose: The majority of assets in the view are of type: None
[2017.02.23-20.28.04:196][145]LogContentBrowser:Verbose: The majority of assets in the view are of type: World
[2017.02.23-20.28.05:261][220]LogContentBrowser:Verbose: The majority of assets in the view are of type: SubstanceTexture2D
[2017.02.23-20.28.05:494][230]LogContentBrowser:Verbose: The majority of assets in the view are of type: World
[2017.02.23-20.28.05:947][257]LogContentBrowser:Verbose: The majority of assets in the view are of type: SubstanceTexture2D
[2017.02.23-20.28.12:435][680]LogContentBrowser:Verbose: The majority of assets in the view are of type: World
[2017.02.23-20.28.14:171][798]LogContentBrowser:Verbose: The majority of assets in the view are of type: SubstanceTexture2D
[2017.02.23-20.28.22:224][317]LogContentBrowser:Verbose: The majority of assets in the view are of type: Material
[2017.02.23-20.28.42:274][806]LogContentBrowser:Verbose: The majority of assets in the view are of type: SubstanceTexture2D
[2017.02.23-20.28.58:302][700]LogRenderer: Reallocating scene render targets to support 1208x732 NumSamples 1 (Frame:6358).
[2017.02.23-20.29.14:128][204]LogContentBrowser:Verbose: The majority of assets in the view are of type: Material
[2017.02.23-20.29.16:821][353]LogMaterial: Missing cached shader map for material Concrete_083_MAT_0, compiling. 
[2017.02.23-20.29.16:967][353]LogMaterial: Missing cached shader map for material Concrete_083_MAT_0, compiling. 
[2017.02.23-20.29.16:986][353]LogMaterial: 0.00 seconds spent updating 1 materials, 1 interfaces, 0 instances, 0 with static permutations.
[2017.02.23-20.29.17:014][353]LogMaterial: Missing cached shader map for material FMatExpressionPreview MaterialExpressionTextureSampleParameter2D_70, compiling. 
[2017.02.23-20.29.17:021][353]LogMaterial: Missing cached shader map for material FMatExpressionPreview MaterialExpressionTextureSampleParameter2D_73, compiling. 
[2017.02.23-20.29.17:028][353]LogMaterial: Missing cached shader map for material FMatExpressionPreview MaterialExpressionTextureSampleParameter2D_72, compiling. 
[2017.02.23-20.29.17:036][353]LogMaterial: Missing cached shader map for material FMatExpressionPreview MaterialExpressionTextureSampleParameter2D_71, compiling. 
[2017.02.23-20.29.17:043][353]LogMaterial: Missing cached shader map for material FMatExpressionPreview MaterialExpressionTextureSampleParameter2D_74, compiling. 
[2017.02.23-20.29.18:608][395]MaterialEditorStats: Info Base pass shader with only dynamic lighting: 42 instructions
[2017.02.23-20.29.18:608][395]MaterialEditorStats: Info Vertex shader: 87 instructions
[2017.02.23-20.29.18:608][395]MaterialEditorStats: Info Texture samplers: 5/16
[2017.02.23-20.29.31:180][912]LogMaterial: Missing cached shader map for material Concrete_083_MAT_0, compiling. 
[2017.02.23-20.29.31:203][912]LogMaterial: 0.00 seconds spent updating 1 materials, 1 interfaces, 0 instances, 0 with static permutations.
[2017.02.23-20.29.31:732][931]MaterialEditorStats: Info Base pass shader with only dynamic lighting: 42 instructions
[2017.02.23-20.29.31:732][931]MaterialEditorStats: Info Vertex shader: 87 instructions
[2017.02.23-20.29.31:732][931]MaterialEditorStats: Info Texture samplers: 5/16
[2017.02.23-20.29.37:537][170]LogMaterial: Missing cached shader map for material Concrete_083_MAT_0, compiling. 
[2017.02.23-20.29.37:563][170]LogMaterial: 0.00 seconds spent updating 1 materials, 1 interfaces, 0 instances, 0 with static permutations.
[2017.02.23-20.29.37:589][170]LogMaterial: Missing cached shader map for material FMatExpressionPreview MaterialExpressionTextureSampleParameter2D_70, compiling. 
[2017.02.23-20.29.38:125][186]MaterialEditorStats: Info Base pass shader with only dynamic lighting: 42 instructions
[2017.02.23-20.29.38:125][186]MaterialEditorStats: Info Vertex shader: 87 instructions
[2017.02.23-20.29.38:125][186]MaterialEditorStats: Info Texture samplers: 5/16
[2017.02.23-20.29.39:279][234]LogMaterial: Missing cached shader map for material Concrete_083_MAT_0, compiling. 
[2017.02.23-20.29.39:298][234]LogMaterial: 0.00 seconds spent updating 1 materials, 1 interfaces, 0 instances, 0 with static permutations.
[2017.02.23-20.29.39:326][234]LogMaterial: Missing cached shader map for material FMatExpressionPreview MaterialExpressionTextureSampleParameter2D_71, compiling. 
[2017.02.23-20.29.39:848][252]MaterialEditorStats: Info Base pass shader with only dynamic lighting: 42 instructions
[2017.02.23-20.29.39:848][252]MaterialEditorStats: Info Vertex shader: 87 instructions
[2017.02.23-20.29.39:848][252]MaterialEditorStats: Info Texture samplers: 5/16
[2017.02.23-20.29.50:189][664]LogMaterial: Missing cached shader map for material Concrete_083_MAT_0, compiling. 
[2017.02.23-20.29.50:219][664]LogMaterial: 0.00 seconds spent updating 1 materials, 1 interfaces, 0 instances, 0 with static permutations.
[2017.02.23-20.29.50:248][664]LogMaterial: Missing cached shader map for material FMatExpressionPreview MaterialExpressionTextureSampleParameter2D_74, compiling. 
[2017.02.23-20.29.50:801][685]MaterialEditorStats: Info Base pass shader with only dynamic lighting: 42 instructions
[2017.02.23-20.29.50:801][685]MaterialEditorStats: Info Vertex shader: 87 instructions
[2017.02.23-20.29.50:801][685]MaterialEditorStats: Info Texture samplers: 5/16
[2017.02.23-20.30.01:083][134]LogMaterial: Missing cached shader map for material Concrete_083_MAT_0, compiling. 
[2017.02.23-20.30.01:103][134]LogMaterial: 0.00 seconds spent updating 1 materials, 1 interfaces, 0 instances, 0 with static permutations.
[2017.02.23-20.30.01:646][154]MaterialEditorStats: Info Base pass shader with only dynamic lighting: 43 instructions
[2017.02.23-20.30.01:646][154]MaterialEditorStats: Info Vertex shader: 87 instructions
[2017.02.23-20.30.01:646][154]MaterialEditorStats: Info Texture samplers: 5/16
[2017.02.23-20.30.02:979][208]LogMaterial: Missing cached shader map for material Concrete_083_MAT_0, compiling. 
[2017.02.23-20.30.03:007][208]LogMaterial: 0.00 seconds spent updating 1 materials, 1 interfaces, 0 instances, 0 with static permutations.
[2017.02.23-20.30.03:064][210]LogMaterialEditor: Applying material Concrete_083_MAT_0
[2017.02.23-20.30.04:135][210]LogMaterial: Missing cached shader map for material Concrete_083_MAT_0, compiling. 
[2017.02.23-20.30.04:192][210]LogMaterial: 0.00 seconds spent updating 1 materials, 1 interfaces, 0 instances, 0 with static permutations.
[2017.02.23-20.30.04:248][210]LogMaterial: Missing cached shader map for material Concrete_083_MAT_0, compiling. 
[2017.02.23-20.30.04:305][210]LogMaterial: Missing cached shader map for material Concrete_083_MAT_0, compiling. 
[2017.02.23-20.30.04:331][210]LogMaterial: 0.00 seconds spent updating 1 materials, 1 interfaces, 0 instances, 0 with static permutations.
[2017.02.23-20.30.07:843][358]MaterialEditorStats: Info Base pass shader with only dynamic lighting: 114 instructions
[2017.02.23-20.30.07:843][358]MaterialEditorStats: Info Vertex shader: 87 instructions
[2017.02.23-20.30.07:843][358]MaterialEditorStats: Info Texture samplers: 8/16
[2017.02.23-20.30.12:557][565]LogMaterial: Missing cached shader map for material Concrete_083_MAT_0, compiling. 
[2017.02.23-20.30.12:576][565]LogMaterial: 0.00 seconds spent updating 1 materials, 1 interfaces, 0 instances, 0 with static permutations.
[2017.02.23-20.30.13:128][585]MaterialEditorStats: Info Base pass shader with only dynamic lighting: 43 instructions
[2017.02.23-20.30.13:128][585]MaterialEditorStats: Info Vertex shader: 87 instructions
[2017.02.23-20.30.13:128][585]MaterialEditorStats: Info Texture samplers: 5/16
[2017.02.23-20.30.14:134][628]LogMaterial: Missing cached shader map for material Concrete_083_MAT_0, compiling. 
[2017.02.23-20.30.14:154][628]LogMaterial: 0.00 seconds spent updating 1 materials, 1 interfaces, 0 instances, 0 with static permutations.
[2017.02.23-20.30.14:199][630]LogMaterialEditor: Applying material Concrete_083_MAT_0
[2017.02.23-20.30.15:271][630]LogMaterial: Missing cached shader map for material Concrete_083_MAT_0, compiling. 
[2017.02.23-20.30.15:311][630]LogMaterial: 0.00 seconds spent updating 1 materials, 1 interfaces, 0 instances, 0 with static permutations.
[2017.02.23-20.30.15:357][630]LogMaterial: Missing cached shader map for material Concrete_083_MAT_0, compiling. 
[2017.02.23-20.30.15:396][630]LogMaterial: Missing cached shader map for material Concrete_083_MAT_0, compiling. 
[2017.02.23-20.30.15:425][630]LogMaterial: 0.00 seconds spent updating 1 materials, 1 interfaces, 0 instances, 0 with static permutations.
[2017.02.23-20.30.18:573][764]MaterialEditorStats: Info Base pass shader with only dynamic lighting: 114 instructions
[2017.02.23-20.30.18:573][764]MaterialEditorStats: Info Vertex shader: 87 instructions
[2017.02.23-20.30.18:573][764]MaterialEditorStats: Info Texture samplers: 8/16
[2017.02.23-20.30.37:384][588]LogContentBrowser:Verbose: The majority of assets in the view are of type: SubstanceTexture2D
[2017.02.23-20.30.45:798][976]LogEditorViewport: Clicking on Actor (LMB): StaticMeshActor (DSG_Building)
[2017.02.23-20.32.28:690][ 81]LogMaterial: Missing cached shader map for material Concrete_083_MAT_0, compiling. 
[2017.02.23-20.32.28:709][ 81]LogMaterial: 0.00 seconds spent updating 1 materials, 1 interfaces, 0 instances, 0 with static permutations.
[2017.02.23-20.32.29:884][126]LogMaterial: Missing cached shader map for material Concrete_083_MAT_0, compiling. 
[2017.02.23-20.32.29:903][126]LogMaterial: 0.00 seconds spent updating 1 materials, 1 interfaces, 0 instances, 0 with static permutations.
[2017.02.23-20.32.30:795][157]MaterialEditorStats: Info Base pass shader with only dynamic lighting: 43 instructions
[2017.02.23-20.32.30:795][157]MaterialEditorStats: Info Vertex shader: 87 instructions
[2017.02.23-20.32.30:795][157]MaterialEditorStats: Info Texture samplers: 5/16
[2017.02.23-20.32.31:024][166]LogMaterialEditor: Applying material Concrete_083_MAT_0
[2017.02.23-20.32.32:028][166]LogMaterial: Missing cached shader map for material Concrete_083_MAT_0, compiling. 
[2017.02.23-20.32.32:073][166]LogMaterial: 0.00 seconds spent updating 1 materials, 1 interfaces, 0 instances, 0 with static permutations.
[2017.02.23-20.32.32:125][166]LogMaterial: Missing cached shader map for material Concrete_083_MAT_0, compiling. 
[2017.02.23-20.32.32:164][166]LogMaterial: Missing cached shader map for material Concrete_083_MAT_0, compiling. 
[2017.02.23-20.32.32:193][166]LogMaterial: 0.00 seconds spent updating 1 materials, 1 interfaces, 0 instances, 0 with static permutations.
[2017.02.23-20.32.35:794][309]MaterialEditorStats: Info Base pass shader with only dynamic lighting: 114 instructions
[2017.02.23-20.32.35:794][309]MaterialEditorStats: Info Vertex shader: 87 instructions
[2017.02.23-20.32.35:794][309]MaterialEditorStats: Info Texture samplers: 8/16
[2017.02.23-20.32.50:947][898]LogMaterial: Missing cached shader map for material Concrete, compiling. 
[2017.02.23-20.32.51:078][898]LogMaterial: Missing cached shader map for material Concrete, compiling. 
[2017.02.23-20.32.51:107][898]LogMaterial: 0.00 seconds spent updating 1 materials, 1 interfaces, 0 instances, 0 with static permutations.
[2017.02.23-20.32.51:134][898]LogMaterial: Missing cached shader map for material FMatExpressionPreview MaterialExpressionTextureSample_0, compiling. 
[2017.02.23-20.32.51:142][898]LogMaterial: Missing cached shader map for material FMatExpressionPreview MaterialExpressionTextureSample_1, compiling. 
[2017.02.23-20.32.51:678][911]MaterialEditorStats: Info Base pass shader with only dynamic lighting: 39 instructions
[2017.02.23-20.32.51:678][911]MaterialEditorStats: Info Vertex shader: 87 instructions
[2017.02.23-20.32.51:678][911]MaterialEditorStats: Info Texture samplers: 2/16
[2017.02.23-20.33.35:345][649]LogMaterial: Missing cached shader map for material Concrete, compiling. 
[2017.02.23-20.33.35:363][649]LogMaterial: 0.00 seconds spent updating 1 materials, 1 interfaces, 0 instances, 0 with static permutations.
[2017.02.23-20.33.36:600][697]MaterialEditorStats: Info Base pass shader with only dynamic lighting: 39 instructions
[2017.02.23-20.33.36:600][697]MaterialEditorStats: Info Vertex shader: 87 instructions
[2017.02.23-20.33.36:600][697]MaterialEditorStats: Info Texture samplers: 2/16
[2017.02.23-20.33.36:675][700]LogMaterial: Missing cached shader map for material Concrete, compiling. 
[2017.02.23-20.33.36:696][700]LogMaterial: 0.00 seconds spent updating 1 materials, 1 interfaces, 0 instances, 0 with static permutations.
[2017.02.23-20.33.36:764][702]LogMaterialEditor: Applying material Concrete
[2017.02.23-20.33.37:670][702]LogMaterial: Missing cached shader map for material Concrete, compiling. 
[2017.02.23-20.33.37:728][702]LogMaterial: 0.00 seconds spent updating 1 materials, 1 interfaces, 0 instances, 0 with static permutations.
[2017.02.23-20.33.37:783][702]LogMaterial: Missing cached shader map for material Concrete, compiling. 
[2017.02.23-20.33.37:827][702]LogMaterial: Missing cached shader map for material Concrete, compiling. 
[2017.02.23-20.33.37:854][702]LogMaterial: 0.00 seconds spent updating 1 materials, 1 interfaces, 0 instances, 0 with static permutations.
[2017.02.23-20.33.41:518][835]MaterialEditorStats: Info Base pass shader with only dynamic lighting: 106 instructions
[2017.02.23-20.33.41:518][835]MaterialEditorStats: Info Vertex shader: 87 instructions
[2017.02.23-20.33.41:518][835]MaterialEditorStats: Info Texture samplers: 5/16
[2017.02.23-20.34.10:188][ 14]LogMaterial: Missing cached shader map for material Concrete, compiling. 
[2017.02.23-20.34.10:207][ 14]LogMaterial: 0.00 seconds spent updating 1 materials, 1 interfaces, 0 instances, 0 with static permutations.
[2017.02.23-20.34.11:415][ 60]MaterialEditorStats: Info Base pass shader with only dynamic lighting: 24 instructions
[2017.02.23-20.34.11:415][ 60]MaterialEditorStats: Info Vertex shader: 87 instructions
[2017.02.23-20.34.11:415][ 60]MaterialEditorStats: Info Texture samplers: 1/16
[2017.02.23-20.34.14:426][176]LogContentBrowser:Verbose: The majority of assets in the view are of type: Material
[2017.02.23-20.34.18:524][333]LogEditorViewport: Clicking on Actor (LMB): StaticMeshActor (DSG_Building)
[2017.02.23-20.34.25:075][587]LogMaterialEditor: Applying material Concrete
[2017.02.23-20.34.26:060][587]LogMaterial: Missing cached shader map for material Concrete, compiling. 
[2017.02.23-20.34.26:116][587]LogMaterial: 0.00 seconds spent updating 1 materials, 1 interfaces, 0 instances, 0 with static permutations.
[2017.02.23-20.34.26:165][587]LogMaterial: Missing cached shader map for material Concrete, compiling. 
[2017.02.23-20.34.26:208][587]LogMaterial: Missing cached shader map for material Concrete, compiling. 
[2017.02.23-20.34.26:240][587]LogMaterial: 0.00 seconds spent updating 1 materials, 1 interfaces, 0 instances, 0 with static permutations.
[2017.02.23-20.34.29:569][724]MaterialEditorStats: Info Base pass shader with only dynamic lighting: 100 instructions
[2017.02.23-20.34.29:569][724]MaterialEditorStats: Info Vertex shader: 87 instructions
[2017.02.23-20.34.29:569][724]MaterialEditorStats: Info Texture samplers: 4/16
[2017.02.23-20.34.48:225][483]LogSavePackage: Save=79.24ms
[2017.02.23-20.34.48:225][483]LogSavePackage: Moving 'G:/Stephs_Unreal/DSG04/Unreal_VR_DSG_01/Saved/StartupMap3BD0531D4651935293B1F08D9B8B812A.tmp' to 'G:/Stephs_Unreal/DSG04/Unreal_VR_DSG_01/Content/VirtualRealityBP/Maps/StartupMap.umap'
[2017.02.23-20.34.48:231][483]LogSavePackage:Display: Finished SavePackage G:/Stephs_Unreal/DSG04/Unreal_VR_DSG_01/Content/VirtualRealityBP/Maps/StartupMap.umap
[2017.02.23-20.34.48:263][483]LogFileHelpers: Saving map 'StartupMap' took 0.445
[2017.02.23-20.34.48:303][483]Cmd: OBJ SAVEPACKAGE PACKAGE="/Game/DSG/Concrete" FILE="G:/Stephs_Unreal/DSG04/Unreal_VR_DSG_01/Content/DSG/Concrete.uasset" SILENT=true
[2017.02.23-20.34.48:382][483]LogSavePackage: Save=23.51ms
[2017.02.23-20.34.48:382][483]LogSavePackage: Moving 'G:/Stephs_Unreal/DSG04/Unreal_VR_DSG_01/Saved/ConcreteE269111946553B37607FE39FBBD77AE5.tmp' to 'G:/Stephs_Unreal/DSG04/Unreal_VR_DSG_01/Content/DSG/Concrete.uasset'
[2017.02.23-20.34.48:386][483]LogSavePackage:Display: Finished SavePackage G:/Stephs_Unreal/DSG04/Unreal_VR_DSG_01/Content/DSG/Concrete.uasset
[2017.02.23-20.34.48:422][483]Cmd: OBJ SAVEPACKAGE PACKAGE="/Game/PBRSubstance/Concrete/Concrete_083_MAT_0" FILE="G:/Stephs_Unreal/DSG04/Unreal_VR_DSG_01/Content/PBRSubstance/Concrete/Concrete_083_MAT_0.uasset" SILENT=true
[2017.02.23-20.34.48:495][483]LogSavePackage: Save=26.31ms
[2017.02.23-20.34.48:495][483]LogSavePackage: Moving 'G:/Stephs_Unreal/DSG04/Unreal_VR_DSG_01/Saved/Concrete_083_MAT_083D27B64436AEFBDC181149139F11D3A.tmp' to 'G:/Stephs_Unreal/DSG04/Unreal_VR_DSG_01/Content/PBRSubstance/Concrete/Concrete_083_MAT_0.uasset'
[2017.02.23-20.34.48:499][483]LogSavePackage:Display: Finished SavePackage G:/Stephs_Unreal/DSG04/Unreal_VR_DSG_01/Content/PBRSubstance/Concrete/Concrete_083_MAT_0.uasset
[2017.02.23-20.34.48:621][483]LogSavePackage: Save=21.75ms
[2017.02.23-20.34.48:621][483]LogSavePackage: Moving 'G:/Stephs_Unreal/DSG04/Unreal_VR_DSG_01/Saved/Concrete_083_INST_0_ambient_occlusion_004EE499F46FAFFC123152EAFD2182622.tmp' to 'G:/Stephs_Unreal/DSG04/Unreal_VR_DSG_01/Content/PBRSubstance/Concrete/Concrete_083_INST_0_ambient_occlusion_0.uasset'
[2017.02.23-20.34.48:627][483]LogSavePackage:Display: Finished SavePackage G:/Stephs_Unreal/DSG04/Unreal_VR_DSG_01/Content/PBRSubstance/Concrete/Concrete_083_INST_0_ambient_occlusion_0.uasset
[2017.02.23-20.34.48:636][483]Cmd: OBJ SAVEPACKAGE PACKAGE="/Game/PBRSubstance/Concrete/Concrete_083_INST_0" FILE="G:/Stephs_Unreal/DSG04/Unreal_VR_DSG_01/Content/PBRSubstance/Concrete/Concrete_083_INST_0.uasset" SILENT=true
[2017.02.23-20.34.48:698][483]LogSavePackage: Save=4.31ms
[2017.02.23-20.34.48:698][483]LogSavePackage: Moving 'G:/Stephs_Unreal/DSG04/Unreal_VR_DSG_01/Saved/Concrete_083_INST_0E949844A48F1846DFB9A30950FDA3D43.tmp' to 'G:/Stephs_Unreal/DSG04/Unreal_VR_DSG_01/Content/PBRSubstance/Concrete/Concrete_083_INST_0.uasset'
[2017.02.23-20.34.48:704][483]LogSavePackage:Display: Finished SavePackage G:/Stephs_Unreal/DSG04/Unreal_VR_DSG_01/Content/PBRSubstance/Concrete/Concrete_083_INST_0.uasset
[2017.02.23-20.34.48:839][483]LogSavePackage: Save=31.78ms
[2017.02.23-20.34.48:839][483]LogSavePackage: Moving 'G:/Stephs_Unreal/DSG04/Unreal_VR_DSG_01/Saved/Concrete_083_INST_0_basecolor_07CBD76EA45F1CC4E2EB132A368CC27DF.tmp' to 'G:/Stephs_Unreal/DSG04/Unreal_VR_DSG_01/Content/PBRSubstance/Concrete/Concrete_083_INST_0_basecolor_0.uasset'
[2017.02.23-20.34.48:844][483]LogSavePackage:Display: Finished SavePackage G:/Stephs_Unreal/DSG04/Unreal_VR_DSG_01/Content/PBRSubstance/Concrete/Concrete_083_INST_0_basecolor_0.uasset
[2017.02.23-20.34.48:954][483]LogSavePackage: Save=20.47ms
[2017.02.23-20.34.48:954][483]LogSavePackage: Moving 'G:/Stephs_Unreal/DSG04/Unreal_VR_DSG_01/Saved/Concrete_083_INST_0_normal_0CEDFAD634B4735921D17F28412659256.tmp' to 'G:/Stephs_Unreal/DSG04/Unreal_VR_DSG_01/Content/PBRSubstance/Concrete/Concrete_083_INST_0_normal_0.uasset'
[2017.02.23-20.34.48:960][483]LogSavePackage:Display: Finished SavePackage G:/Stephs_Unreal/DSG04/Unreal_VR_DSG_01/Content/PBRSubstance/Concrete/Concrete_083_INST_0_normal_0.uasset
[2017.02.23-20.34.49:088][483]LogSavePackage: Save=23.50ms
[2017.02.23-20.34.49:088][483]LogSavePackage: Moving 'G:/Stephs_Unreal/DSG04/Unreal_VR_DSG_01/Saved/Concrete_083_INST_0_roughness_0E1472EF94221A264EB1FD7B55BEC2547.tmp' to 'G:/Stephs_Unreal/DSG04/Unreal_VR_DSG_01/Content/PBRSubstance/Concrete/Concrete_083_INST_0_roughness_0.uasset'
[2017.02.23-20.34.49:094][483]LogSavePackage:Display: Finished SavePackage G:/Stephs_Unreal/DSG04/Unreal_VR_DSG_01/Content/PBRSubstance/Concrete/Concrete_083_INST_0_roughness_0.uasset
[2017.02.23-20.34.49:172][483]LogSavePackage: Save=29.83ms
[2017.02.23-20.34.49:172][483]LogSavePackage: Moving 'G:/Stephs_Unreal/DSG04/Unreal_VR_DSG_01/Saved/M_Build_Concrete_Truck_Lot4154765D47A352F1BFB77BB15F9B89FB.tmp' to 'G:/Stephs_Unreal/DSG04/Unreal_VR_DSG_01/Content/PBRSubstance/Concrete/M_Build_Concrete_Truck_Lot.uasset'
[2017.02.23-20.34.49:176][483]LogSavePackage:Display: Finished SavePackage G:/Stephs_Unreal/DSG04/Unreal_VR_DSG_01/Content/PBRSubstance/Concrete/M_Build_Concrete_Truck_Lot.uasset
[2017.02.23-20.35.10:587][888]LogEditorViewport: Clicking Background
[2017.02.23-20.35.21:231][664]Cmd: CLOSE_SLATE_MAINFRAME
[2017.02.23-20.35.21:568][665]Cmd: QUIT_EDITOR
[2017.02.23-20.35.21:751][665]LogExit: Preparing to exit.
[2017.02.23-20.35.22:164][665]LogExit: Editor shut down
[2017.02.23-20.35.22:165][665]LogExit: Transaction tracking system shut down
[2017.02.23-20.35.22:281][665]LogObj: Freed 0b from 0 cluster array pools.
[2017.02.23-20.35.22:282][665]LogExit: Object subsystem successfully closed.
[2017.02.23-20.35.22:304][665]LogD3D11RHI: Shutdown
[2017.02.23-20.35.22:304][665]LogD3D11RHI: CleanupD3DDevice
[2017.02.23-20.35.22:396][665]LogD3D11RHI: ~FD3D11DynamicRHI
[2017.02.23-20.35.22:408][665]LogHttp:Display: Http module shutting down, but needs to wait on 1 outstanding Http requests:
[2017.02.23-20.35.22:408][665]LogHttp:Display: 	verb=[POST] url=[https://datarouter.ol.epicgames.com/datarouter/api/v1/public/data?SessionID=%7BE55A2F81-4CDE-5736-04C6-1DAE9DC3B52F%7D&AppID=UEEditor.Rocket.Release&AppVersion=4.14.3-3249277%2B%2B%2BUE4%2BRelease-4.14&UserID=6b0f752047dc01db82b3db8bc47839f6%7C76150b38110b4a01b7f74a1f412bbf48%7C6d58c3c2-72ae-4055-a31f-1adef4e11c50&AppEnvironment=datacollector-binary&UploadType=eteventstream] status=Processing
[2017.02.23-20.35.22:414][665]LogModuleManager: Shutting down and abandoning module MaterialEditor (244)
[2017.02.23-20.35.22:414][665]LogModuleManager: Shutting down and abandoning module HierarchicalLODOutliner (243)
[2017.02.23-20.35.22:414][665]LogModuleManager: Shutting down and abandoning module CrashTracker (242)
[2017.02.23-20.35.22:414][665]LogModuleManager: Shutting down and abandoning module SceneOutliner (241)
[2017.02.23-20.35.22:414][665]LogModuleManager: Shutting down and abandoning module WidgetCarousel (240)
[2017.02.23-20.35.22:414][665]LogModuleManager: Shutting down and abandoning module AddContentDialog (239)
[2017.02.23-20.35.22:414][665]LogDirectoryWatcher: A directory notification for 'D:/Program Files/Epic Games/4.14/FeaturePacks/' was aborted.
[2017.02.23-20.35.22:416][665]LogModuleManager: Shutting down and abandoning module GameplayTags (238)
[2017.02.23-20.35.22:416][665]LogModuleManager: Shutting down and abandoning module EditorWidgets (237)
[2017.02.23-20.35.22:416][665]LogModuleManager: Shutting down and abandoning module CollectionManager (236)
[2017.02.23-20.35.22:416][665]LogDirectoryWatcher: A directory notification for 'G:/Stephs_Unreal/DSG04/Unreal_VR_DSG_01/Content/Collections/' was aborted.
[2017.02.23-20.35.22:416][665]LogDirectoryWatcher: A directory notification for 'G:/Stephs_Unreal/DSG04/Unreal_VR_DSG_01/Content/Developers/scardinali/Collections/' was aborted.
[2017.02.23-20.35.22:416][665]LogDirectoryWatcher: A directory notification for 'G:/Stephs_Unreal/DSG04/Unreal_VR_DSG_01/Saved/Collections/' was aborted.
[2017.02.23-20.35.22:416][665]LogModuleManager: Shutting down and abandoning module StatsViewer (235)
[2017.02.23-20.35.22:416][665]LogModuleManager: Shutting down and abandoning module FoliageEdit (234)
[2017.02.23-20.35.22:416][665]LogModuleManager: Shutting down and abandoning module LandscapeEditor (233)
[2017.02.23-20.35.22:417][665]LogModuleManager: Shutting down and abandoning module SceneDepthPickerMode (232)
[2017.02.23-20.35.22:417][665]LogModuleManager: Shutting down and abandoning module ActorPickerMode (231)
[2017.02.23-20.35.22:417][665]LogModuleManager: Shutting down and abandoning module GeometryMode (230)
[2017.02.23-20.35.22:417][665]LogModuleManager: Shutting down and abandoning module TextureAlignMode (229)
[2017.02.23-20.35.22:417][665]LogModuleManager: Shutting down and abandoning module BspMode (228)
[2017.02.23-20.35.22:417][665]LogModuleManager: Shutting down and abandoning module HardwareSurvey (227)
[2017.02.23-20.35.22:417][665]LogModuleManager: Shutting down and abandoning module SequenceRecorderSections (226)
[2017.02.23-20.35.22:417][665]LogModuleManager: Shutting down and abandoning module AutomationWorker (225)
[2017.02.23-20.35.22:417][665]LogModuleManager: Shutting down and abandoning module MatineeToLevelSequence (224)
[2017.02.23-20.35.22:417][665]LogModuleManager: Shutting down and abandoning module PlacementMode (223)
[2017.02.23-20.35.22:417][665]LogModuleManager: Shutting down and abandoning module LevelSequenceEditor (222)
[2017.02.23-20.35.22:417][665]LogModuleManager: Shutting down and abandoning module WmfMediaFactory (221)
[2017.02.23-20.35.22:417][665]LogModuleManager: Shutting down and abandoning module WmfMediaEditor (220)
[2017.02.23-20.35.22:417][665]LogModuleManager: Shutting down and abandoning module AvfMediaFactory (219)
[2017.02.23-20.35.22:417][665]LogModuleManager: Shutting down and abandoning module AvfMediaEditor (218)
[2017.02.23-20.35.22:417][665]LogModuleManager: Shutting down and abandoning module Media (217)
[2017.02.23-20.35.22:417][665]LogModuleManager: Shutting down and abandoning module AndroidMediaFactory (216)
[2017.02.23-20.35.22:417][665]LogModuleManager: Shutting down and abandoning module AndroidMediaEditor (215)
[2017.02.23-20.35.22:417][665]LogModuleManager: Shutting down and abandoning module CharacterAI (214)
[2017.02.23-20.35.22:417][665]LogModuleManager: Shutting down and abandoning module SequenceRecorder (213)
[2017.02.23-20.35.22:417][665]LogModuleManager: Shutting down and abandoning module AudioCapture (212)
[2017.02.23-20.35.22:417][665]LogModuleManager: Shutting down and abandoning module SmartSnapping (211)
[2017.02.23-20.35.22:417][665]LogModuleManager: Shutting down and abandoning module SessionServices (210)
[2017.02.23-20.35.22:417][665]LogModuleManager: Shutting down and abandoning module ViewportSnapping (209)
[2017.02.23-20.35.22:417][665]LogModuleManager: Shutting down and abandoning module ViewportInteraction (208)
[2017.02.23-20.35.22:417][665]LogModuleManager: Shutting down and abandoning module LogVisualizer (207)
[2017.02.23-20.35.22:417][665]LogModuleManager: Shutting down and abandoning module GameProjectGeneration (206)
[2017.02.23-20.35.22:417][665]LogModuleManager: Shutting down and abandoning module IntroTutorials (205)
[2017.02.23-20.35.22:417][665]LogModuleManager: Shutting down and abandoning module EditorLiveStreaming (204)
[2017.02.23-20.35.22:417][665]LogModuleManager: Shutting down and abandoning module IOSPlatformEditor (203)
[2017.02.23-20.35.22:417][665]LogModuleManager: Shutting down and abandoning module HTML5PlatformEditor (202)
[2017.02.23-20.35.22:418][665]LogModuleManager: Shutting down and abandoning module AndroidDeviceDetection (201)
[2017.02.23-20.35.23:380][665]LogModuleManager: Shutting down and abandoning module AndroidPlatformEditor (200)
[2017.02.23-20.35.23:380][665]LogModuleManager: Shutting down and abandoning module IOSRuntimeSettings (199)
[2017.02.23-20.35.23:380][665]LogModuleManager: Shutting down and abandoning module AndroidRuntimeSettings (198)
[2017.02.23-20.35.23:380][665]LogModuleManager: Shutting down and abandoning module InputBindingEditor (197)
[2017.02.23-20.35.23:380][665]LogModuleManager: Shutting down and abandoning module NiagaraEditor (196)
[2017.02.23-20.35.23:380][665]LogModuleManager: Shutting down and abandoning module MergeActors (195)
[2017.02.23-20.35.23:380][665]LogModuleManager: Shutting down and abandoning module SizeMap (194)
[2017.02.23-20.35.23:380][665]LogModuleManager: Shutting down and abandoning module TreeMap (193)
[2017.02.23-20.35.23:380][665]LogModuleManager: Shutting down and abandoning module ReferenceViewer (192)
[2017.02.23-20.35.23:380][665]LogModuleManager: Shutting down and abandoning module LocalizationService (191)
[2017.02.23-20.35.23:380][665]LogModuleManager: Shutting down and abandoning module LocalizationDashboard (190)
[2017.02.23-20.35.23:380][665]LogModuleManager: Shutting down and abandoning module HardwareTargeting (189)
[2017.02.23-20.35.23:380][665]LogModuleManager: Shutting down and abandoning module DeviceProfileEditor (188)
[2017.02.23-20.35.23:380][665]LogModuleManager: Shutting down and abandoning module UndoHistory (187)
[2017.02.23-20.35.23:380][665]LogModuleManager: Shutting down and abandoning module UserFeedback (186)
[2017.02.23-20.35.23:380][665]LogModuleManager: Shutting down and abandoning module XmlParser (185)
[2017.02.23-20.35.23:380][665]LogModuleManager: Shutting down and abandoning module Blutility (184)
[2017.02.23-20.35.23:380][665]LogModuleManager: Shutting down and abandoning module ProjectTargetPlatformEditor (183)
[2017.02.23-20.35.23:381][665]LogModuleManager: Shutting down and abandoning module ProjectSettingsViewer (182)
[2017.02.23-20.35.23:381][665]LogModuleManager: Shutting down and abandoning module EditorSettingsViewer (181)
[2017.02.23-20.35.23:381][665]LogModuleManager: Shutting down and abandoning module SettingsEditor (180)
[2017.02.23-20.35.23:381][665]LogModuleManager: Shutting down and abandoning module ProjectLauncher (179)
[2017.02.23-20.35.23:381][665]LogModuleManager: Shutting down and abandoning module SessionFrontend (178)
[2017.02.23-20.35.23:381][665]LogModuleManager: Shutting down and abandoning module ProfilerClient (177)
[2017.02.23-20.35.23:381][665]LogModuleManager: Shutting down and abandoning module TargetDeviceServices (176)
[2017.02.23-20.35.23:381][665]LogModuleManager: Shutting down and abandoning module DeviceManager (175)
[2017.02.23-20.35.23:431][665]LogModuleManager: Shutting down and abandoning module AutomationController (174)
[2017.02.23-20.35.23:431][665]LogModuleManager: Shutting down and abandoning module AutomationWindow (173)
[2017.02.23-20.35.23:431][665]LogModuleManager: Shutting down and abandoning module Layers (172)
[2017.02.23-20.35.23:431][665]LogModuleManager: Shutting down and abandoning module ComponentVisualizers (171)
[2017.02.23-20.35.23:431][665]LogModuleManager: Shutting down and abandoning module DetailCustomizations (170)
[2017.02.23-20.35.23:431][665]LogModuleManager: Shutting down and abandoning module PackagesDialog (169)
[2017.02.23-20.35.23:431][665]LogModuleManager: Shutting down and abandoning module AnimGraph (168)
[2017.02.23-20.35.23:431][665]LogModuleManager: Shutting down and abandoning module Persona (167)
[2017.02.23-20.35.23:431][665]LogModuleManager: Shutting down and abandoning module Kismet (166)
[2017.02.23-20.35.23:432][665]LogModuleManager: Shutting down and abandoning module GraphEditor (165)
[2017.02.23-20.35.23:432][665]LogModuleManager: Shutting down and abandoning module ClassViewer (164)
[2017.02.23-20.35.23:432][665]LogModuleManager: Shutting down and abandoning module Toolbox (163)
[2017.02.23-20.35.23:432][665]LogModuleManager: Shutting down and abandoning module ModuleUI (162)
[2017.02.23-20.35.23:432][665]LogModuleManager: Shutting down and abandoning module MovieSceneTools (161)
[2017.02.23-20.35.23:432][665]LogModuleManager: Shutting down and abandoning module OutputLog (160)
[2017.02.23-20.35.23:432][665]LogModuleManager: Shutting down and abandoning module GammaUI (159)
[2017.02.23-20.35.23:432][665]LogModuleManager: Shutting down and abandoning module Documentation (158)
[2017.02.23-20.35.23:432][665]LogModuleManager: Shutting down and abandoning module Niagara (157)
[2017.02.23-20.35.23:432][665]LogModuleManager: Shutting down and abandoning module StreamingPauseRendering (156)
[2017.02.23-20.35.23:432][665]LogModuleManager: Shutting down and abandoning module AnalyticsET (155)
[2017.02.23-20.35.23:432][665]LogModuleManager: Shutting down and abandoning module PortalServices (154)
[2017.02.23-20.35.23:432][665]LogModuleManager: Shutting down and abandoning module PortalRpc (153)
[2017.02.23-20.35.23:432][665]LogModuleManager: Shutting down and abandoning module MessagingRpc (152)
[2017.02.23-20.35.23:432][665]LogModuleManager: Shutting down and abandoning module GameplayDebugger (151)
[2017.02.23-20.35.23:432][665]LogModuleManager: Shutting down and abandoning module AITestSuite (150)
[2017.02.23-20.35.23:432][665]LogModuleManager: Shutting down and abandoning module AIModule (149)
[2017.02.23-20.35.23:432][665]LogModuleManager: Shutting down and abandoning module ProfilerService (148)
[2017.02.23-20.35.23:495][665]LogModuleManager: Shutting down and abandoning module TaskGraph (147)
[2017.02.23-20.35.23:495][665]LogModuleManager: Shutting down and abandoning module SubstanceEditor (146)
[2017.02.23-20.35.23:495][665]LogModuleManager: Shutting down and abandoning module SlateRemote (145)
[2017.02.23-20.35.23:496][665]LogModuleManager: Shutting down and abandoning module SteamVRController (144)
[2017.02.23-20.35.23:496][665]LogModuleManager: Shutting down and abandoning module SteamVR (143)
[2017.02.23-20.35.23:496][665]LogModuleManager: Shutting down and abandoning module ProceduralMeshComponentEditor (142)
[2017.02.23-20.35.23:496][665]LogModuleManager: Shutting down and abandoning module ProceduralMeshComponent (141)
[2017.02.23-20.35.23:496][665]LogModuleManager: Shutting down and abandoning module OculusLibrary (140)
[2017.02.23-20.35.23:496][665]LogModuleManager: Shutting down and abandoning module OculusInput (139)
[2017.02.23-20.35.23:496][665]LogModuleManager: Shutting down and abandoning module MobilePatchingUtils (138)
[2017.02.23-20.35.23:496][665]LogModuleManager: Shutting down and abandoning module CustomMeshComponent (137)
[2017.02.23-20.35.23:496][665]LogModuleManager: Shutting down and abandoning module CableComponent (136)
[2017.02.23-20.35.23:496][665]LogModuleManager: Shutting down and abandoning module ArchVisCharacter (135)
[2017.02.23-20.35.23:496][665]LogModuleManager: Shutting down and abandoning module MediaPlayerEditor (133)
[2017.02.23-20.35.23:496][665]LogModuleManager: Shutting down and abandoning module HTML5Networking (132)
[2017.02.23-20.35.23:496][665]LogModuleManager: Shutting down and abandoning module GeometryCacheEd (131)
[2017.02.23-20.35.23:496][665]LogModuleManager: Shutting down and abandoning module GeometryCache (130)
[2017.02.23-20.35.23:496][665]LogModuleManager: Shutting down and abandoning module AlembicLibrary (129)
[2017.02.23-20.35.23:496][665]LogModuleManager: Shutting down and abandoning module AlembicImporter (128)
[2017.02.23-20.35.23:496][665]LogModuleManager: Shutting down and abandoning module SuperSearch (127)
[2017.02.23-20.35.23:496][665]LogModuleManager: Shutting down and abandoning module SuperSearchEditor (126)
[2017.02.23-20.35.23:496][665]LogModuleManager: Shutting down and abandoning module SpeedTreeImporter (125)
[2017.02.23-20.35.23:496][665]LogModuleManager: Shutting down and abandoning module PluginBrowser (124)
[2017.02.23-20.35.23:496][665]LogModuleManager: Shutting down and abandoning module MobileLauncherProfileWizard (123)
[2017.02.23-20.35.23:496][665]LogModuleManager: Shutting down and abandoning module EpicSurvey (122)
[2017.02.23-20.35.23:496][665]LogModuleManager: Shutting down and abandoning module DesktopPlatform (121)
[2017.02.23-20.35.23:496][665]LogModuleManager: Shutting down and abandoning module VisualStudioSourceCodeAccess (120)
[2017.02.23-20.35.23:497][665]LogModuleManager: Shutting down and abandoning module UObjectPlugin (119)
[2017.02.23-20.35.23:497][665]LogModuleManager: Shutting down and abandoning module SubversionSourceControl (118)
[2017.02.23-20.35.23:497][665]LogModuleManager: Shutting down and abandoning module PerforceSourceControl (117)
[2017.02.23-20.35.23:497][665]LogModuleManager: Shutting down and abandoning module SourceControl (116)
[2017.02.23-20.35.23:497][665]LogModuleManager: Shutting down and abandoning module GitSourceControl (115)
[2017.02.23-20.35.23:497][665]LogModuleManager: Shutting down and abandoning module LightPropagationVolumeEditor (114)
[2017.02.23-20.35.23:497][665]LogModuleManager: Shutting down and abandoning module PaperTiledImporter (113)
[2017.02.23-20.35.23:497][665]LogModuleManager: Shutting down and abandoning module PaperSpriteSheetImporter (112)
[2017.02.23-20.35.23:497][665]LogModuleManager: Shutting down and abandoning module MeshPaint (111)
[2017.02.23-20.35.23:497][665]LogModuleManager: Shutting down and abandoning module PixelInspectorModule (110)
[2017.02.23-20.35.23:497][665]LogModuleManager: Shutting down and abandoning module HotReload (109)
[2017.02.23-20.35.23:498][665]LogModuleManager: Shutting down and abandoning module MainFrame (108)
[2017.02.23-20.35.23:498][665]LogModuleManager: Shutting down and abandoning module LevelEditor (107)
[2017.02.23-20.35.23:500][665]LogModuleManager: Shutting down and abandoning module ContentBrowser (106)
[2017.02.23-20.35.23:502][665]LogModuleManager: Shutting down and abandoning module Paper2DEditor (105)
[2017.02.23-20.35.23:502][665]LogModuleManager: Shutting down and abandoning module UdpMessaging (104)
[2017.02.23-20.35.23:602][665]LogModuleManager: Shutting down and abandoning module TcpMessaging (103)
[2017.02.23-20.35.23:702][665]LogModuleManager: Shutting down and abandoning module SubstanceCore (102)
[2017.02.23-20.35.23:716][665]LogModuleManager: Shutting down and abandoning module LightPropagationVolumeRuntime (101)
[2017.02.23-20.35.23:716][665]LogModuleManager: Shutting down and abandoning module Paper2D (100)
[2017.02.23-20.35.23:716][665]LogModuleManager: Shutting down and abandoning module WindowsMoviePlayer (99)
[2017.02.23-20.35.23:716][665]LogModuleManager: Shutting down and abandoning module WmfMedia (98)
[2017.02.23-20.35.23:717][665]LogModuleManager: Shutting down and abandoning module MediaAssets (97)
[2017.02.23-20.35.23:717][665]LogModuleManager: Shutting down and abandoning module GameLiveStreaming (96)
[2017.02.23-20.35.23:717][665]LogModuleManager: Shutting down and abandoning module GameplayTagsEditor (95)
[2017.02.23-20.35.23:717][665]LogModuleManager: Shutting down and abandoning module VREditor (94)
[2017.02.23-20.35.23:718][665]LogModuleManager: Shutting down and abandoning module GameplayTasksEditor (93)
[2017.02.23-20.35.23:718][665]LogModuleManager: Shutting down and abandoning module BehaviorTreeEditor (92)
[2017.02.23-20.35.23:718][665]LogModuleManager: Shutting down and abandoning module FunctionalTesting (91)
[2017.02.23-20.35.23:718][665]LogModuleManager: Shutting down and abandoning module CollisionAnalyzer (90)
[2017.02.23-20.35.23:718][665]LogModuleManager: Shutting down and abandoning module Sequencer (89)
[2017.02.23-20.35.23:718][665]LogModuleManager: Shutting down and abandoning module WorkspaceMenuStructure (88)
[2017.02.23-20.35.23:718][665]LogModuleManager: Shutting down and abandoning module MessageLog (87)
[2017.02.23-20.35.23:718][665]LogModuleManager: Shutting down and abandoning module AssetTools (86)
[2017.02.23-20.35.23:718][665]LogModuleManager: Shutting down and abandoning module UMGEditor (85)
[2017.02.23-20.35.23:718][665]LogModuleManager: Shutting down and abandoning module UMG (84)
[2017.02.23-20.35.23:718][665]LogModuleManager: Shutting down and abandoning module SlateReflector (83)
[2017.02.23-20.35.23:718][665]LogModuleManager: Shutting down and abandoning module Slate (82)
[2017.02.23-20.35.23:718][665]LogModuleManager: Shutting down and abandoning module EditorStyle (81)
[2017.02.23-20.35.23:723][665]LogModuleManager: Shutting down and abandoning module SourceCodeAccess (80)
[2017.02.23-20.35.23:723][665]LogModuleManager: Shutting down and abandoning module HeadMountedDisplay (79)
[2017.02.23-20.35.23:723][665]LogModuleManager: Shutting down and abandoning module XAudio2 (78)
[2017.02.23-20.35.23:723][665]LogModuleManager: Shutting down and abandoning module Networking (76)
[2017.02.23-20.35.23:723][665]LogModuleManager: Shutting down and abandoning module Core (75)
[2017.02.23-20.35.23:723][665]LogModuleManager: Shutting down and abandoning module DirectoryWatcher (74)
[2017.02.23-20.35.23:723][665]LogDirectoryWatcher: A directory notification for '../../../Engine/Content/' was aborted.
[2017.02.23-20.35.23:724][665]LogDirectoryWatcher: A directory notification for 'G:/Stephs_Unreal/DSG04/Unreal_VR_DSG_01/Content/' was aborted.
[2017.02.23-20.35.23:724][665]LogDirectoryWatcher: A directory notification for '../../../Engine/Plugins/2D/Paper2D/Content/' was aborted.
[2017.02.23-20.35.23:725][665]LogModuleManager: Shutting down and abandoning module AssetRegistry (73)
[2017.02.23-20.35.23:992][665]LogModuleManager: Shutting down and abandoning module KismetCompiler (72)
[2017.02.23-20.35.23:992][665]LogModuleManager: Shutting down and abandoning module PhysXFormats (71)
[2017.02.23-20.35.23:992][665]LogModuleManager: Shutting down and abandoning module SimplygonSwarm (70)
[2017.02.23-20.35.23:992][665]LogModuleManager: Shutting down and abandoning module SimplygonMeshReduction (69)
[2017.02.23-20.35.23:992][665]LogModuleManager: Shutting down and abandoning module QuadricMeshReduction (68)
[2017.02.23-20.35.23:992][665]LogModuleManager: Shutting down and abandoning module PropertyEditor (67)
[2017.02.23-20.35.23:992][665]LogModuleManager: Shutting down and abandoning module MeshUtilities (66)
[2017.02.23-20.35.23:992][665]LogModuleManager: Shutting down and abandoning module DerivedDataCache (65)
[2017.02.23-20.35.24:091][665]LogDerivedDataCache: Shutdown
[2017.02.23-20.35.24:091][665]LogModuleManager: Shutting down and abandoning module VulkanShaderFormat (64)
[2017.02.23-20.35.24:091][665]LogModuleManager: Shutting down and abandoning module ShaderFormatOpenGL (63)
[2017.02.23-20.35.24:091][665]LogModuleManager: Shutting down and abandoning module ShaderFormatD3D (62)
[2017.02.23-20.35.24:091][665]LogModuleManager: Shutting down and abandoning module MetalShaderFormat (61)
[2017.02.23-20.35.24:091][665]LogModuleManager: Shutting down and abandoning module TextureFormatUncompressed (60)
[2017.02.23-20.35.24:091][665]LogModuleManager: Shutting down and abandoning module TextureFormatPVR (59)
[2017.02.23-20.35.24:091][665]LogModuleManager: Shutting down and abandoning module TextureFormatDXT (58)
[2017.02.23-20.35.24:091][665]LogModuleManager: Shutting down and abandoning module TextureFormatIntelISPCTexComp (57)
[2017.02.23-20.35.24:091][665]LogModuleManager: Shutting down and abandoning module ImageWrapper (56)
[2017.02.23-20.35.24:091][665]LogModuleManager: Shutting down and abandoning module TextureFormatASTC (55)
[2017.02.23-20.35.24:091][665]LogModuleManager: Shutting down and abandoning module TextureFormatAndroid (54)
[2017.02.23-20.35.24:092][665]LogModuleManager: Shutting down and abandoning module AudioFormatOpus (53)
[2017.02.23-20.35.24:092][665]LogModuleManager: Shutting down and abandoning module AudioFormatOgg (52)
[2017.02.23-20.35.24:092][665]LogModuleManager: Shutting down and abandoning module AudioFormatADPCM (51)
[2017.02.23-20.35.24:092][665]LogModuleManager: Shutting down and abandoning module LinuxTargetPlatform (50)
[2017.02.23-20.35.24:092][665]LogModuleManager: Shutting down and abandoning module LinuxServerTargetPlatform (49)
[2017.02.23-20.35.24:092][665]LogModuleManager: Shutting down and abandoning module LinuxNoEditorTargetPlatform (48)
[2017.02.23-20.35.24:092][665]LogModuleManager: Shutting down and abandoning module LinuxClientTargetPlatform (47)
[2017.02.23-20.35.24:092][665]LogModuleManager: Shutting down and abandoning module TVOSTargetPlatform (46)
[2017.02.23-20.35.24:092][665]LogModuleManager: Shutting down and abandoning module Messaging (45)
[2017.02.23-20.35.24:092][665]LogModuleManager: Shutting down and abandoning module IOSTargetPlatform (44)
[2017.02.23-20.35.24:092][665]LogModuleManager: Shutting down and abandoning module HTML5TargetPlatform (43)
[2017.02.23-20.35.24:092][665]LogModuleManager: Shutting down and abandoning module Android_PVRTCTargetPlatform (42)
[2017.02.23-20.35.24:092][665]LogModuleManager: Shutting down and abandoning module Android_MultiTargetPlatform (41)
[2017.02.23-20.35.24:092][665]LogModuleManager: Shutting down and abandoning module Android_ETC2TargetPlatform (40)
[2017.02.23-20.35.24:092][665]LogModuleManager: Shutting down and abandoning module Android_ETC1TargetPlatform (39)
[2017.02.23-20.35.24:092][665]LogModuleManager: Shutting down and abandoning module Android_DXTTargetPlatform (38)
[2017.02.23-20.35.24:092][665]LogModuleManager: Shutting down and abandoning module Android_ATCTargetPlatform (37)
[2017.02.23-20.35.24:092][665]LogModuleManager: Shutting down and abandoning module Android_ASTCTargetPlatform (36)
[2017.02.23-20.35.24:092][665]LogModuleManager: Shutting down and abandoning module AndroidTargetPlatform (35)
[2017.02.23-20.35.24:092][665]LogModuleManager: Shutting down and abandoning module WindowsTargetPlatform (34)
[2017.02.23-20.35.24:092][665]LogModuleManager: Shutting down and abandoning module WindowsServerTargetPlatform (33)
[2017.02.23-20.35.24:092][665]LogModuleManager: Shutting down and abandoning module WindowsNoEditorTargetPlatform (32)
[2017.02.23-20.35.24:092][665]LogModuleManager: Shutting down and abandoning module WindowsClientTargetPlatform (31)
[2017.02.23-20.35.24:092][665]LogModuleManager: Shutting down and abandoning module MacTargetPlatform (30)
[2017.02.23-20.35.24:092][665]LogModuleManager: Shutting down and abandoning module MacServerTargetPlatform (29)
[2017.02.23-20.35.24:092][665]LogModuleManager: Shutting down and abandoning module MacNoEditorTargetPlatform (28)
[2017.02.23-20.35.24:092][665]LogModuleManager: Shutting down and abandoning module MacClientTargetPlatform (27)
[2017.02.23-20.35.24:092][665]LogModuleManager: Shutting down and abandoning module AllDesktopTargetPlatform (26)
[2017.02.23-20.35.24:092][665]LogModuleManager: Shutting down and abandoning module TargetPlatform (25)
[2017.02.23-20.35.24:092][665]LogModuleManager: Shutting down and abandoning module InputCore (24)
[2017.02.23-20.35.24:092][665]LogModuleManager: Shutting down and abandoning module Settings (23)
[2017.02.23-20.35.24:092][665]LogModuleManager: Shutting down and abandoning module OculusRift (22)
[2017.02.23-20.35.24:092][665]LogModuleManager: Shutting down and abandoning module ExampleDeviceProfileSelector (21)
[2017.02.23-20.35.24:092][665]LogModuleManager: Shutting down and abandoning module OnlineBlueprintSupport (20)
[2017.02.23-20.35.24:093][665]LogModuleManager: Shutting down and abandoning module OnlineSubsystem (18)
[2017.02.23-20.35.24:093][665]LogOnline:Display: Unloading online subsystem: NULL
[2017.02.23-20.35.24:093][665]LogModuleManager: Shutting down and abandoning module SSL (17)
[2017.02.23-20.35.24:095][665]LogModuleManager: Shutting down and abandoning module HTTP (16)
[2017.02.23-20.35.24:096][665]LogModuleManager: Shutting down and abandoning module XMPP (15)
[2017.02.23-20.35.24:096][665]LogModuleManager: Shutting down and abandoning module TextureCompressor (14)
[2017.02.23-20.35.24:096][665]LogModuleManager: Shutting down and abandoning module ShaderCore (13)
[2017.02.23-20.35.24:096][665]LogModuleManager: Shutting down and abandoning module Landscape (12)
[2017.02.23-20.35.24:096][665]LogModuleManager: Shutting down and abandoning module SlateRHIRenderer (11)
[2017.02.23-20.35.24:100][665]LogModuleManager: Shutting down and abandoning module OpenGLDrv (10)
[2017.02.23-20.35.24:100][665]LogModuleManager: Shutting down and abandoning module D3D11RHI (9)
[2017.02.23-20.35.24:100][665]LogModuleManager: Shutting down and abandoning module AnimGraphRuntime (8)
[2017.02.23-20.35.24:100][665]LogModuleManager: Shutting down and abandoning module Renderer (7)
[2017.02.23-20.35.24:100][665]LogModuleManager: Shutting down and abandoning module Engine (6)
[2017.02.23-20.35.24:100][665]LogModuleManager: Shutting down and abandoning module CoreUObject (5)
[2017.02.23-20.35.24:100][665]LogModuleManager: Shutting down and abandoning module NetworkFile (4)
[2017.02.23-20.35.24:100][665]LogModuleManager: Shutting down and abandoning module StreamingFile (3)
[2017.02.23-20.35.24:100][665]LogModuleManager: Shutting down and abandoning module SandboxFile (2)
[2017.02.23-20.35.24:100][665]LogModuleManager: Shutting down and abandoning module PakFile (1)
[2017.02.23-20.35.24:108][665]LogExit: Exiting.
[2017.02.23-20.35.24:133][665]Log file closed, 02/23/17 15:35:24
