Log file open, 02/27/17 16:39:20
LogInit:Display: Running engine for game: Unreal_VR_DSG_01
LogPlatformFile: Not using cached read wrapper
LogInit:Display: RandInit(1771257615) SRandInit(1771257615).
LogTaskGraph: Started task graph with 5 named threads and 16 total threads with 1 sets of task threads.
LogStats: Stats thread started at 0.189523
LogPluginManager: Loaded Plugin Paper2D, From D:/Program Files/Epic Games/4.14/Engine/Plugins/2D/Paper2D/Paper2D.uplugin
LogPluginManager: Loaded Plugin LightPropagationVolume, From D:/Program Files/Epic Games/4.14/Engine/Plugins/Blendables/LightPropagationVolume/LightPropagationVolume.uplugin
LogPluginManager: Loaded Plugin BlankPlugin, From D:/Program Files/Epic Games/4.14/Engine/Plugins/Developer/BlankPlugin/BlankPlugin.uplugin
LogPluginManager: Loaded Plugin CodeLiteSourceCodeAccess, From D:/Program Files/Epic Games/4.14/Engine/Plugins/Developer/CodeLiteSourceCodeAccess/CodeLiteSourceCodeAccess.uplugin
LogPluginManager: Loaded Plugin GitSourceControl, From D:/Program Files/Epic Games/4.14/Engine/Plugins/Developer/GitSourceControl/GitSourceControl.uplugin
LogPluginManager: Loaded Plugin KDevelopSourceCodeAccess, From D:/Program Files/Epic Games/4.14/Engine/Plugins/Developer/KDevelopSourceCodeAccess/KDevelopSourceCodeAccess.uplugin
LogPluginManager: Loaded Plugin NullSourceCodeAccess, From D:/Program Files/Epic Games/4.14/Engine/Plugins/Developer/NullSourceCodeAccess/NullSourceCodeAccess.uplugin
LogPluginManager: Loaded Plugin OneSkyLocalizationService, From D:/Program Files/Epic Games/4.14/Engine/Plugins/Developer/OneSkyLocalizationService/OneSkyLocalizationService.uplugin
LogPluginManager: Loaded Plugin PerforceSourceControl, From D:/Program Files/Epic Games/4.14/Engine/Plugins/Developer/PerforceSourceControl/PerforceSourceControl.uplugin
LogPluginManager: Loaded Plugin SubversionSourceControl, From D:/Program Files/Epic Games/4.14/Engine/Plugins/Developer/SubversionSourceControl/SubversionSourceControl.uplugin
LogPluginManager: Loaded Plugin UObjectPlugin, From D:/Program Files/Epic Games/4.14/Engine/Plugins/Developer/UObjectPlugin/UObjectPlugin.uplugin
LogPluginManager: Loaded Plugin VisualStudioSourceCodeAccess, From D:/Program Files/Epic Games/4.14/Engine/Plugins/Developer/VisualStudioSourceCodeAccess/VisualStudioSourceCodeAccess.uplugin
LogPluginManager: Loaded Plugin XCodeSourceCodeAccess, From D:/Program Files/Epic Games/4.14/Engine/Plugins/Developer/XCodeSourceCodeAccess/XCodeSourceCodeAccess.uplugin
LogPluginManager: Loaded Plugin AudioCapture, From D:/Program Files/Epic Games/4.14/Engine/Plugins/Editor/AudioCapture/AudioCapture.uplugin
LogPluginManager: Loaded Plugin EpicSurvey, From D:/Program Files/Epic Games/4.14/Engine/Plugins/Editor/EpicSurvey/EpicSurvey.uplugin
LogPluginManager: Loaded Plugin MacGraphicsSwitching, From D:/Program Files/Epic Games/4.14/Engine/Plugins/Editor/MacGraphicsSwitching/MacGraphicsSwitching.uplugin
LogPluginManager: Loaded Plugin MobileLauncherProfileWizard, From D:/Program Files/Epic Games/4.14/Engine/Plugins/Editor/MobileLauncherProfileWizard/MobileLauncherProfileWizard.uplugin
LogPluginManager: Loaded Plugin PluginBrowser, From D:/Program Files/Epic Games/4.14/Engine/Plugins/Editor/PluginBrowser/PluginBrowser.uplugin
LogPluginManager: Loaded Plugin SpeedTreeImporter, From D:/Program Files/Epic Games/4.14/Engine/Plugins/Editor/SpeedTreeImporter/SpeedTreeImporter.uplugin
LogPluginManager: Loaded Plugin SuperSearchEditor, From D:/Program Files/Epic Games/4.14/Engine/Plugins/Editor/SuperSearchEditor/SuperSearchEditor.uplugin
LogPluginManager: Loaded Plugin AlembicImporter, From D:/Program Files/Epic Games/4.14/Engine/Plugins/Experimental/AlembicImporter/AlembicImporter.uplugin
LogPluginManager: Loaded Plugin BlueprintStats, From D:/Program Files/Epic Games/4.14/Engine/Plugins/Experimental/BlueprintStats/BlueprintStats.uplugin
LogPluginManager: Loaded Plugin CharacterAI, From D:/Program Files/Epic Games/4.14/Engine/Plugins/Experimental/CharacterAI/CharacterAI.uplugin
LogPluginManager: Loaded Plugin CodeEditor, From D:/Program Files/Epic Games/4.14/Engine/Plugins/Experimental/CodeEditor/CodeEditor.uplugin
LogPluginManager: Loaded Plugin CodeView, From D:/Program Files/Epic Games/4.14/Engine/Plugins/Experimental/CodeView/CodeView.uplugin
LogPluginManager: Loaded Plugin HTML5Networking, From D:/Program Files/Epic Games/4.14/Engine/Plugins/Experimental/HTML5Networking/HTML5Networking.uplugin
LogPluginManager: Loaded Plugin OSVR, From D:/Program Files/Epic Games/4.14/Engine/Plugins/Experimental/OSVR/OSVR.uplugin
LogPluginManager: Loaded Plugin Phya, From D:/Program Files/Epic Games/4.14/Engine/Plugins/Experimental/Phya/Phya.uplugin
LogPluginManager: Loaded Plugin SignificanceManager, From D:/Program Files/Epic Games/4.14/Engine/Plugins/Experimental/SignificanceManager/SignificanceManager.uplugin
LogPluginManager: Loaded Plugin SimpleHMD, From D:/Program Files/Epic Games/4.14/Engine/Plugins/Experimental/SimpleHMD/SimpleHMD.uplugin
LogPluginManager: Loaded Plugin StereoPanorama, From D:/Program Files/Epic Games/4.14/Engine/Plugins/Experimental/StereoPanorama/StereoPanorama.uplugin
LogPluginManager: Loaded Plugin StructBox, From D:/Program Files/Epic Games/4.14/Engine/Plugins/Experimental/StructBox/StructBox.uplugin
LogPluginManager: Loaded Plugin Substance, From D:/Program Files/Epic Games/4.14/Engine/Plugins/Marketplace/Substance/Substance.uplugin
LogPluginManager: Loaded Plugin AndroidMedia, From D:/Program Files/Epic Games/4.14/Engine/Plugins/Media/AndroidMedia/AndroidMedia.uplugin
LogPluginManager: Loaded Plugin AvfMedia, From D:/Program Files/Epic Games/4.14/Engine/Plugins/Media/AvfMedia/AvfMedia.uplugin
LogPluginManager: Loaded Plugin MediaPlayerEditor, From D:/Program Files/Epic Games/4.14/Engine/Plugins/Media/MediaPlayerEditor/MediaPlayerEditor.uplugin
LogPluginManager: Loaded Plugin WmfMedia, From D:/Program Files/Epic Games/4.14/Engine/Plugins/Media/WmfMedia/WmfMedia.uplugin
LogPluginManager: Loaded Plugin MessagingDebugger, From D:/Program Files/Epic Games/4.14/Engine/Plugins/Messaging/MessagingDebugger/MessagingDebugger.uplugin
LogPluginManager: Loaded Plugin TcpMessaging, From D:/Program Files/Epic Games/4.14/Engine/Plugins/Messaging/TcpMessaging/TcpMessaging.uplugin
LogPluginManager: Loaded Plugin UdpMessaging, From D:/Program Files/Epic Games/4.14/Engine/Plugins/Messaging/UdpMessaging/UdpMessaging.uplugin
LogPluginManager: Loaded Plugin LevelSequenceEditor, From D:/Program Files/Epic Games/4.14/Engine/Plugins/MovieScene/LevelSequenceEditor/LevelSequenceEditor.uplugin
LogPluginManager: Loaded Plugin MatineeToLevelSequence, From D:/Program Files/Epic Games/4.14/Engine/Plugins/MovieScene/MatineeToLevelSequence/MatineeToLevelSequence.uplugin
LogPluginManager: Loaded Plugin NetcodeUnitTest, From D:/Program Files/Epic Games/4.14/Engine/Plugins/NetcodeUnitTest/NetcodeUnitTest/NetcodeUnitTest.uplugin
LogPluginManager: Loaded Plugin NUTUnrealEngine4, From D:/Program Files/Epic Games/4.14/Engine/Plugins/NetcodeUnitTest/NUTUnrealEngine4/NUTUnrealEngine4.uplugin
LogPluginManager: Loaded Plugin OnlineSubsystemGameCircle, From D:/Program Files/Epic Games/4.14/Engine/Plugins/Online/Android/OnlineSubsystemGameCircle/OnlineSubsystemGameCircle.uplugin
LogPluginManager: Loaded Plugin OnlineSubsystemGooglePlay, From D:/Program Files/Epic Games/4.14/Engine/Plugins/Online/Android/OnlineSubsystemGooglePlay/OnlineSubsystemGooglePlay.uplugin
LogPluginManager: Loaded Plugin OnlineSubsystemIOS, From D:/Program Files/Epic Games/4.14/Engine/Plugins/Online/IOS/OnlineSubsystemIOS/OnlineSubsystemIOS.uplugin
LogPluginManager: Loaded Plugin OnlineFramework, From D:/Program Files/Epic Games/4.14/Engine/Plugins/Online/OnlineFramework/OnlineFramework.uplugin
LogPluginManager: Loaded Plugin OnlineSubsystem, From D:/Program Files/Epic Games/4.14/Engine/Plugins/Online/OnlineSubsystem/OnlineSubsystem.uplugin
LogPluginManager: Loaded Plugin OnlineSubsystemAmazon, From D:/Program Files/Epic Games/4.14/Engine/Plugins/Online/OnlineSubsystemAmazon/OnlineSubsystemAmazon.uplugin
LogPluginManager: Loaded Plugin OnlineSubsystemFacebook, From D:/Program Files/Epic Games/4.14/Engine/Plugins/Online/OnlineSubsystemFacebook/OnlineSubsystemFacebook.uplugin
LogPluginManager: Loaded Plugin OnlineSubsystemNull, From D:/Program Files/Epic Games/4.14/Engine/Plugins/Online/OnlineSubsystemNull/OnlineSubsystemNull.uplugin
LogPluginManager: Loaded Plugin OnlineSubsystemOculus, From D:/Program Files/Epic Games/4.14/Engine/Plugins/Online/OnlineSubsystemOculus/OnlineSubsystemOculus.uplugin
LogPluginManager: Loaded Plugin OnlineSubsystemSteam, From D:/Program Files/Epic Games/4.14/Engine/Plugins/Online/OnlineSubsystemSteam/OnlineSubsystemSteam.uplugin
LogPluginManager: Loaded Plugin OnlineSubsystemUtils, From D:/Program Files/Epic Games/4.14/Engine/Plugins/Online/OnlineSubsystemUtils/OnlineSubsystemUtils.uplugin
LogPluginManager: Loaded Plugin IOSTapJoy, From D:/Program Files/Epic Games/4.14/Engine/Plugins/Runtime/Advertising/IOSTapJoy/IOSTapJoy.uplugin
LogPluginManager: Loaded Plugin AnalyticsBlueprintLibrary, From D:/Program Files/Epic Games/4.14/Engine/Plugins/Runtime/Analytics/AnalyticsBlueprintLibrary/AnalyticsBlueprintLibrary.uplugin
LogPluginManager: Loaded Plugin AnalyticsMulticast, From D:/Program Files/Epic Games/4.14/Engine/Plugins/Runtime/Analytics/AnalyticsMulticast/AnalyticsMulticast.uplugin
LogPluginManager: Loaded Plugin Apsalar, From D:/Program Files/Epic Games/4.14/Engine/Plugins/Runtime/Analytics/Apsalar/Apsalar.uplugin
LogPluginManager: Loaded Plugin FileLogging, From D:/Program Files/Epic Games/4.14/Engine/Plugins/Runtime/Analytics/FileLogging/FileLogging.uplugin
LogPluginManager: Loaded Plugin Flurry, From D:/Program Files/Epic Games/4.14/Engine/Plugins/Runtime/Analytics/Flurry/Flurry.uplugin
LogPluginManager: Loaded Plugin AndroidDeviceProfileSelector, From D:/Program Files/Epic Games/4.14/Engine/Plugins/Runtime/AndroidDeviceProfileSelector/AndroidDeviceProfileSelector.uplugin
LogPluginManager: Loaded Plugin AndroidMoviePlayer, From D:/Program Files/Epic Games/4.14/Engine/Plugins/Runtime/AndroidMoviePlayer/AndroidMoviePlayer.uplugin
LogPluginManager: Loaded Plugin AppleMoviePlayer, From D:/Program Files/Epic Games/4.14/Engine/Plugins/Runtime/AppleMoviePlayer/AppleMoviePlayer.uplugin
LogPluginManager: Loaded Plugin ArchVisCharacter, From D:/Program Files/Epic Games/4.14/Engine/Plugins/Runtime/ArchVisCharacter/ArchVisCharacter.uplugin
LogPluginManager: Loaded Plugin CableComponent, From D:/Program Files/Epic Games/4.14/Engine/Plugins/Runtime/CableComponent/CableComponent.uplugin
LogPluginManager: Loaded Plugin CustomMeshComponent, From D:/Program Files/Epic Games/4.14/Engine/Plugins/Runtime/CustomMeshComponent/CustomMeshComponent.uplugin
LogPluginManager: Loaded Plugin ExampleDeviceProfileSelector, From D:/Program Files/Epic Games/4.14/Engine/Plugins/Runtime/ExampleDeviceProfileSelector/ExampleDeviceProfileSelector.uplugin
LogPluginManager: Loaded Plugin GearVR, From D:/Program Files/Epic Games/4.14/Engine/Plugins/Runtime/GearVR/GearVR.uplugin
LogPluginManager: Loaded Plugin GoogleVRController, From D:/Program Files/Epic Games/4.14/Engine/Plugins/Runtime/GoogleVR/GoogleVRController/GoogleVRController.uplugin
LogPluginManager: Loaded Plugin GoogleVRHMD, From D:/Program Files/Epic Games/4.14/Engine/Plugins/Runtime/GoogleVR/GoogleVRHMD/GoogleVRHMD.uplugin
LogPluginManager: Loaded Plugin IOSDeviceProfileSelector, From D:/Program Files/Epic Games/4.14/Engine/Plugins/Runtime/IOSDeviceProfileSelector/IOSDeviceProfileSelector.uplugin
LogPluginManager: Loaded Plugin LeapMotion, From D:/Program Files/Epic Games/4.14/Engine/Plugins/Runtime/LeapMotion/LeapMotion.uplugin
LogPluginManager: Loaded Plugin LinuxDeviceProfileSelector, From D:/Program Files/Epic Games/4.14/Engine/Plugins/Runtime/LinuxDeviceProfileSelector/LinuxDeviceProfileSelector.uplugin
LogPluginManager: Loaded Plugin MIDIDevice, From D:/Program Files/Epic Games/4.14/Engine/Plugins/Runtime/MIDIDevice/MIDIDevice.uplugin
LogPluginManager: Loaded Plugin MobilePatchingUtils, From D:/Program Files/Epic Games/4.14/Engine/Plugins/Runtime/MobilePatchingUtils/MobilePatchingUtils.uplugin
LogPluginManager: Loaded Plugin Ansel, From D:/Program Files/Epic Games/4.14/Engine/Plugins/Runtime/Nvidia/Ansel/Ansel.uplugin
LogPluginManager: Loaded Plugin OculusAudio, From D:/Program Files/Epic Games/4.14/Engine/Plugins/Runtime/OculusAudio/OculusAudio.uplugin
LogPluginManager: Loaded Plugin OculusInput, From D:/Program Files/Epic Games/4.14/Engine/Plugins/Runtime/OculusInput/OculusInput.uplugin
LogPluginManager: Loaded Plugin OculusLibrary, From D:/Program Files/Epic Games/4.14/Engine/Plugins/Runtime/OculusLibrary/OculusLibrary.uplugin
LogPluginManager: Loaded Plugin OculusRift, From D:/Program Files/Epic Games/4.14/Engine/Plugins/Runtime/OculusRift/OculusRift.uplugin
LogPluginManager: Loaded Plugin Oodle, From D:/Program Files/Epic Games/4.14/Engine/Plugins/Runtime/PacketHandlers/CompressionComponents/Oodle/Oodle.uplugin
LogPluginManager: Loaded Plugin ProceduralMeshComponent, From D:/Program Files/Epic Games/4.14/Engine/Plugins/Runtime/ProceduralMeshComponent/ProceduralMeshComponent.uplugin
LogPluginManager: Loaded Plugin SoundMod, From D:/Program Files/Epic Games/4.14/Engine/Plugins/Runtime/SoundMod/SoundMod.uplugin
LogPluginManager: Loaded Plugin SoundVisualizations, From D:/Program Files/Epic Games/4.14/Engine/Plugins/Runtime/SoundVisualizations/SoundVisualizations.uplugin
LogPluginManager: Loaded Plugin SteamController, From D:/Program Files/Epic Games/4.14/Engine/Plugins/Runtime/Steam/SteamController/SteamController.uplugin
LogPluginManager: Loaded Plugin SteamVR, From D:/Program Files/Epic Games/4.14/Engine/Plugins/Runtime/Steam/SteamVR/SteamVR.uplugin
LogPluginManager: Loaded Plugin WebBrowserWidget, From D:/Program Files/Epic Games/4.14/Engine/Plugins/Runtime/WebBrowserWidget/WebBrowserWidget.uplugin
LogPluginManager: Loaded Plugin WindowsDeviceProfileSelector, From D:/Program Files/Epic Games/4.14/Engine/Plugins/Runtime/WindowsDeviceProfileSelector/WindowsDeviceProfileSelector.uplugin
LogPluginManager: Loaded Plugin WindowsMoviePlayer, From D:/Program Files/Epic Games/4.14/Engine/Plugins/Runtime/WindowsMoviePlayer/WindowsMoviePlayer.uplugin
LogPluginManager: Loaded Plugin ScriptPlugin, From D:/Program Files/Epic Games/4.14/Engine/Plugins/ScriptPlugin/ScriptPlugin.uplugin
LogPluginManager: Loaded Plugin SlateRemote, From D:/Program Files/Epic Games/4.14/Engine/Plugins/Slate/SlateRemote/SlateRemote.uplugin
LogPluginManager: Loaded Plugin EditorTests, From D:/Program Files/Epic Games/4.14/Engine/Plugins/Tests/EditorTests/EditorTests.uplugin
LogPluginManager: Loaded Plugin FbxAutomationTestBuilder, From D:/Program Files/Epic Games/4.14/Engine/Plugins/Tests/FbxAutomationTestBuilder/FbxAutomationTestBuilder.uplugin
LogPluginManager: Loaded Plugin FunctionalTestingEditor, From D:/Program Files/Epic Games/4.14/Engine/Plugins/Tests/FunctionalTestingEditor/FunctionalTestingEditor.uplugin
LogPluginManager: Loaded Plugin RuntimeTests, From D:/Program Files/Epic Games/4.14/Engine/Plugins/Tests/RuntimeTests/RuntimeTests.uplugin
LogPluginManager: Loaded Plugin ScreenshotTools, From D:/Program Files/Epic Games/4.14/Engine/Plugins/Tests/ScreenshotTools/ScreenshotTools.uplugin
LogInit: Using libcurl 7.47.1
LogInit:  - built for x86_64-pc-win32
LogInit:  - supports SSL with OpenSSL/1.0.2g
LogInit:  - supports HTTP deflate (compression) using libz 1.2.8
LogInit:  - other features:
LogInit:      CURL_VERSION_SSL
LogInit:      CURL_VERSION_LIBZ
LogInit:      CURL_VERSION_IPV6
LogInit:      CURL_VERSION_ASYNCHDNS
LogInit:      CURL_VERSION_LARGEFILE
LogInit:      CURL_VERSION_IDN
LogInit:  CurlRequestOptions (configurable via config and command line):
LogInit:  - bVerifyPeer = false  - Libcurl will NOT verify peer certificate
LogInit:  - bUseHttpProxy = false  - Libcurl will NOT use HTTP proxy
LogInit:  - bDontReuseConnections = false  - Libcurl will reuse connections
LogInit:  - CertBundlePath = nullptr  - Libcurl will use whatever was configured at build time.
LogInit: Build: ++UE4+Release-4.14-CL-3249277
LogInit: Engine Version: 4.14.3-3249277+++UE4+Release-4.14
LogInit: Compatible Engine Version: 4.14.0-3195953+++UE4+Release-4.14
LogInit: Net CL: 3195953
LogDevObjectVersion: Number of dev versions registered: 13
LogDevObjectVersion:   Dev-Blueprints (B0D832E4-1F89-4F0D-ACCF-7EB736FD4AA2): 7
LogDevObjectVersion:   Dev-Build (E1C64328-A22C-4D53-A36C-8E866417BD8C): 0
LogDevObjectVersion:   Dev-Core (375EC13C-06E4-48FB-B500-84F0262A717E): 1
LogDevObjectVersion:   Dev-Editor (E4B068ED-F494-42E9-A231-DA0B2E46BB41): 8
LogDevObjectVersion:   Dev-Framework (CFFC743F-43B0-4480-9391-14DF171D2073): 17
LogDevObjectVersion:   Dev-Mobile (B02B49B5-BB20-44E9-A304-32B752E40360): 0
LogDevObjectVersion:   Dev-Networking (A4E4105C-59A1-49B5-A7C5-40C4547EDFEE): 0
LogDevObjectVersion:   Dev-Online (39C831C9-5AE6-47DC-9A44-9C173E1C8E7C): 0
LogDevObjectVersion:   Dev-Physics (78F01B33-EBEA-4F98-B9B4-84EACCB95AA2): 0
LogDevObjectVersion:   Dev-Platform (6631380F-2D4D-43E0-8009-CF276956A95A): 0
LogDevObjectVersion:   Dev-Rendering (12F88B9F-8875-4AFC-A67C-D90C383ABD29): 12
LogDevObjectVersion:   Dev-Sequencer (7B5AE74C-D270-4C10-A958-57980B212A5A): 1
LogDevObjectVersion:   Dev-VR (D7296918-1DD6-4BDD-9DE2-64A83CC13884): 0
LogInit: Compiled (64-bit): Jan  6 2017 10:49:43
LogInit: Compiled with Visual C++: 19.00.23026.00
LogInit: Build Configuration: Development
LogInit: Branch Name: ++UE4+Release-4.14
LogInit: Command line: -EpicPortal 
LogInit: Base directory: D:/Program Files/Epic Games/4.14/Engine/Binaries/Win64/
LogInit: Installed Engine Build: 1
LogInit: Presizing for max 8388607 objects, including 0 objects not considered by GC, pre-allocating 0 bytes for permanent pool.
LogInit: Object subsystem initialized
[2017.02.27-21.39.20:651][  0]LogConsoleManager:Display: Setting the console variable 'r.RHICmdBypass' with 'SetByProjectSetting' was ignored as it is lower priority than the previous 'SetBySystemSettingsIni'
[2017.02.27-21.39.20:667][  0]LogInit: Selected Device Profile: [Windows]
[2017.02.27-21.39.20:667][  0]LogInit: Applying CVar settings loaded from the selected device profile: [Windows]
[2017.02.27-21.39.20:702][  0]LogInit: Computer: SCARDINALI7BR
[2017.02.27-21.39.20:702][  0]LogInit: User: scardinali
[2017.02.27-21.39.20:702][  0]LogInit: CPU Page size=65536, Cores=12
[2017.02.27-21.39.20:702][  0]LogInit: High frequency timer resolution =2.050791 MHz
[2017.02.27-21.39.20:702][  0]LogMemory: Memory total: Physical=63.9GB (64GB approx)
[2017.02.27-21.39.20:702][  0]LogMemory: Platform Memory Stats for Windows
[2017.02.27-21.39.20:702][  0]LogMemory: Process Physical Memory: 272.87 MB used, 272.87 MB peak
[2017.02.27-21.39.20:702][  0]LogMemory: Process Virtual Memory: 278.40 MB used, 278.40 MB peak
[2017.02.27-21.39.20:702][  0]LogMemory: Physical Memory: 17335.68 MB used,  48148.79 MB free, 65484.46 MB total
[2017.02.27-21.39.20:702][  0]LogMemory: Virtual Memory: 682.36 MB used,  48148.79 MB free, 8388608.00 MB total
[2017.02.27-21.39.20:788][  0]LogTextLocalizationManager: No specific translations for ('en-US') exist, so ('en') translations will be used.
[2017.02.27-21.39.22:637][  0]LogD3D11RHI: D3D11 adapters:
[2017.02.27-21.39.22:671][  0]LogD3D11RHI:    0. 'NVIDIA GeForce GTX 770' (Feature Level 11_0)
[2017.02.27-21.39.22:671][  0]LogD3D11RHI:       1989/0/2048 MB DedicatedVideo/DedicatedSystem/SharedSystem, Outputs:2, VendorId:0x10de
[2017.02.27-21.39.22:671][  0]LogD3D11RHI: Chosen D3D11 Adapter: 0
[2017.02.27-21.39.22:693][  0]LogD3D11RHI: Creating new Direct3DDevice
[2017.02.27-21.39.22:693][  0]LogD3D11RHI:     GPU DeviceId: 0x1184 (for the marketing name, search the web for "GPU Device Id")
[2017.02.27-21.39.22:693][  0]LogWindows: EnumDisplayDevices:
[2017.02.27-21.39.22:694][  0]LogWindows:    0. 'NVIDIA GeForce GTX 770' (P:1 D:1)
[2017.02.27-21.39.22:694][  0]LogWindows:    1. 'NVIDIA GeForce GTX 770' (P:0 D:1)
[2017.02.27-21.39.22:694][  0]LogWindows:    2. 'NVIDIA GeForce GTX 770' (P:0 D:0)
[2017.02.27-21.39.22:694][  0]LogWindows:    3. 'NVIDIA GeForce GTX 770' (P:0 D:0)
[2017.02.27-21.39.22:695][  0]LogWindows:    4. 'RDPDD Chained DD' (P:0 D:0)
[2017.02.27-21.39.22:695][  0]LogWindows:    5. 'RDP Encoder Mirror Driver' (P:0 D:0)
[2017.02.27-21.39.22:695][  0]LogWindows:    6. 'RDP Reflector Display Driver' (P:0 D:0)
[2017.02.27-21.39.22:695][  0]LogWindows: DebugString: GetVideoDriverDetailsInvalid PrimaryIsNotTheChoosenAdapter GetVideoDriverDetailsInvalid PrimaryIsNotTheChoosenAdapter GetVideoDriverDetailsInvalid PrimaryIsNotTheChoosenAdapter FoundDriverCount:4 
[2017.02.27-21.39.22:695][  0]LogD3D11RHI:     Adapter Name: NVIDIA GeForce GTX 770
[2017.02.27-21.39.22:695][  0]LogD3D11RHI:   Driver Version: 368.81 (internal:10.18.13.6881, unified:368.81)
[2017.02.27-21.39.22:695][  0]LogD3D11RHI:      Driver Date: 7-10-2016
[2017.02.27-21.39.22:695][  0]LogRHI: Texture pool is 1361 MB (70% of 1945 MB)
[2017.02.27-21.39.22:717][  0]LogD3D11RHI:Warning: Timestamp queries are currently disabled on this hardware due to instability. Realtime GPU stats will not be available. You can override this behaviour by setting r.NVIDIATimestampWorkaround to 0
[2017.02.27-21.39.22:717][  0]LogD3D11RHI: Async texture creation enabled
[2017.02.27-21.39.22:737][  0]LogD3D11RHI: GPU Timing Frequency: 1000.000000 (Debug: 2 2)
[2017.02.27-21.39.22:740][  0]LogShaderCompilers: Guid format shader working directory is 15 characters bigger than the processId version (G:/Steph_Unreal_2/DSG04/Unreal_VR_DSG_01/Intermediate/Shaders/WorkingDirectory/83876/).
[2017.02.27-21.39.22:740][  0]LogShaderCompilers: Cleaned the shader compiler working directory 'C:/Users/scardinali.HALO/AppData/Local/Temp/UnrealShaderWorkingDir/5FB08F6B41E40B7831D16D92AC5414C1/'.
[2017.02.27-21.39.22:740][  0]LogShaderCompilers:Display: Using Local Shader Compiler.
[2017.02.27-21.39.24:700][  0]LogTemp:Display: Loaded TP AllDesktopTargetPlatform
[2017.02.27-21.39.24:801][  0]LogTemp:Display: Loaded TP MacClientTargetPlatform
[2017.02.27-21.39.24:935][  0]LogTemp:Display: Loaded TP MacNoEditorTargetPlatform
[2017.02.27-21.39.25:036][  0]LogTemp:Display: Loaded TP MacServerTargetPlatform
[2017.02.27-21.39.25:142][  0]LogTemp:Display: Loaded TP MacTargetPlatform
[2017.02.27-21.39.25:260][  0]LogTemp:Display: Loaded TP WindowsClientTargetPlatform
[2017.02.27-21.39.25:375][  0]LogTemp:Display: Loaded TP WindowsNoEditorTargetPlatform
[2017.02.27-21.39.25:480][  0]LogTemp:Display: Loaded TP WindowsServerTargetPlatform
[2017.02.27-21.39.25:559][  0]LogTemp:Display: Loaded TP WindowsTargetPlatform
[2017.02.27-21.39.25:677][  0]LogTemp:Display: Loaded TP AndroidTargetPlatform
[2017.02.27-21.39.25:807][  0]LogTemp:Display: Loaded TP Android_ASTCTargetPlatform
[2017.02.27-21.39.25:929][  0]LogTemp:Display: Loaded TP Android_ATCTargetPlatform
[2017.02.27-21.39.26:045][  0]LogTemp:Display: Loaded TP Android_DXTTargetPlatform
[2017.02.27-21.39.26:152][  0]LogTemp:Display: Loaded TP Android_ETC1TargetPlatform
[2017.02.27-21.39.26:248][  0]LogTemp:Display: Loaded TP Android_ETC2TargetPlatform
[2017.02.27-21.39.26:469][  0]LogTemp:Display: Loaded TP Android_MultiTargetPlatform
[2017.02.27-21.39.26:469][  0]LogTemp:Display: Loaded TP Android_PVRTCTargetPlatform
[2017.02.27-21.39.26:556][  0]LogTemp:Display: Loaded TP HTML5TargetPlatform
[2017.02.27-21.39.26:725][  0]LogTemp:Display: Loaded TP IOSTargetPlatform
[2017.02.27-21.39.26:790][  0]LogTemp:Display: Loaded TP TVOSTargetPlatform
[2017.02.27-21.39.26:896][  0]LogTemp:Display: Loaded TP LinuxClientTargetPlatform
[2017.02.27-21.39.27:012][  0]LogTemp:Display: Loaded TP LinuxNoEditorTargetPlatform
[2017.02.27-21.39.27:114][  0]LogTemp:Display: Loaded TP LinuxServerTargetPlatform
[2017.02.27-21.39.27:251][  0]LogTemp:Display: Loaded TP LinuxTargetPlatform
[2017.02.27-21.39.27:251][  0]LogTargetPlatformManager:Display: Building Assets For Windows
[2017.02.27-21.39.27:894][  0]LogDerivedDataCache:Display: Max Cache Size: 512 MB
[2017.02.27-21.39.28:030][  0]LogDerivedDataCache: Loaded boot cache 0.14s 61MB C:/Users/scardinali.HALO/AppData/Local/UnrealEngine/4.14/DerivedDataCache/Boot.ddc.
[2017.02.27-21.39.28:030][  0]LogDerivedDataCache:Display: Loaded Boot cache: C:/Users/scardinali.HALO/AppData/Local/UnrealEngine/4.14/DerivedDataCache/Boot.ddc
[2017.02.27-21.39.28:030][  0]LogDerivedDataCache: FDerivedDataBackendGraph:  Pak pak cache file G:/Steph_Unreal_2/DSG04/Unreal_VR_DSG_01/DerivedDataCache/DDC.ddp not found, will not use a pak cache.
[2017.02.27-21.39.28:031][  0]LogDerivedDataCache: Unable to find inner node Pak for hierarchical cache Hierarchy.
[2017.02.27-21.39.28:031][  0]LogDerivedDataCache: FDerivedDataBackendGraph:  CompressedPak pak cache file G:/Steph_Unreal_2/DSG04/Unreal_VR_DSG_01/DerivedDataCache/Compressed.ddp not found, will not use a pak cache.
[2017.02.27-21.39.28:031][  0]LogDerivedDataCache: Unable to find inner node CompressedPak for hierarchical cache Hierarchy.
[2017.02.27-21.39.28:064][  0]LogDerivedDataCache:Display: Pak cache opened for reading ../../../Engine/DerivedDataCache/Compressed.ddp.
[2017.02.27-21.39.28:079][  0]LogDerivedDataCache: Using Local data cache path C:/Users/scardinali.HALO/AppData/Local/UnrealEngine/Common/DerivedDataCache: Writable
[2017.02.27-21.39.28:657][  0]LogInit: Selected Device Profile: [Windows]
[2017.02.27-21.39.28:664][  0]LogContentStreaming: Texture pool size is 0.00 MB
[2017.02.27-21.39.29:118][  0]LogMeshUtilities: Using QuadricMeshReduction for automatic static mesh reduction
[2017.02.27-21.39.29:224][  0]LogSimplygon: Simplygon DLL not present - disabling.
[2017.02.27-21.39.29:327][  0]LogMeshUtilities: Using SimplygonSwarm for distributed automatic mesh merging
[2017.02.27-21.39.29:327][  0]LogMeshUtilities: No automatic skeletal mesh reduction module available
[2017.02.27-21.39.29:327][  0]LogMeshUtilities: No automatic mesh merging module available
[2017.02.27-21.39.30:484][  0]LogNetVersion: GetLocalNetworkVersion: CL: 3195953, ProjectName: unreal_vr_dsg_01, ProjectVersion: , EngineNetworkVersion: 2, GameNetworkVersion: 0, NetworkChecksum: 1507437998
[2017.02.27-21.39.30:558][  0]LogAssetRegistry: FAssetRegistry took 0.0206 seconds to start up
[2017.02.27-21.39.30:646][  0]LogPackageLocalizationCache: Processed 3 localized package path(s) for 2 prioritized culture(s) in 0.058475 seconds
[2017.02.27-21.39.30:655][  0]LogUObjectArray: 31946 objects as part of root set at end of initial load.
[2017.02.27-21.39.30:655][  0]LogUObjectAllocator: 6935840 out of 0 bytes used by permanent object pool.
[2017.02.27-21.39.30:655][  0]LogUObjectArray: CloseDisregardForGC: 0/0 objects in disregard for GC pool
[2017.02.27-21.39.30:729][  0]LogInit: WinSock: version 1.1 (2.2), MaxSocks=32767, MaxUdp=65467
[2017.02.27-21.39.32:101][  0]LogSlate: Using Freetype 2.6.0
[2017.02.27-21.39.32:106][  0]LogSlate: SlateFontCache - WITH_FREETYPE: 1, WITH_HARFBUZZ: 1
[2017.02.27-21.39.32:106][  0]LogSlate: SlateFontCache - WITH_FREETYPE: 1, WITH_HARFBUZZ: 1
[2017.02.27-21.39.35:256][  0]LogSubstanceCoreModule: Substance [CPU] Engine Loaded, Max Texture Size = 2048
[2017.02.27-21.39.35:320][  0]LogTcpMessaging: Initializing TcpMessaging bridge
[2017.02.27-21.39.35:376][  0]LogUdpMessaging: Initializing bridge on interface 0.0.0.0:0 to multicast group 230.0.0.1:6666.
[2017.02.27-21.39.36:055][  0]LogMaterial: Uniform references updated for custom material expression Custom.
[2017.02.27-21.39.36:892][  0]SourceControl: Info Source control is disabled
[2017.02.27-21.39.36:973][  0]SourceControl: Info Source control is disabled
[2017.02.27-21.39.37:062][  0]SourceControl: Info Source control is disabled
[2017.02.27-21.39.37:144][  0]SourceControl: Info Source control is disabled
[2017.02.27-21.39.39:811][  0]LogEngine: Initializing Engine...
[2017.02.27-21.39.39:812][  0]LogHMD: Failed to initialize OpenVR with code 110
[2017.02.27-21.39.40:326][  0]LogAIModule: Creating AISystem for world Untitled
[2017.02.27-21.39.40:362][  0]LogInit: XAudio2 using 'Speakers (Andrea PureAudio USB-SA Headset)' : 2 channels at 44.1 kHz using 16 bits per sample (channel mask 0x3)
[2017.02.27-21.39.40:422][  0]LogInit: FAudioDevice initialized.
[2017.02.27-21.39.40:499][  0]LogDerivedDataCache: Saved boot cache 0.08s 61MB C:/Users/scardinali.HALO/AppData/Local/UnrealEngine/4.14/DerivedDataCache/Boot.ddc.
[2017.02.27-21.39.40:524][  0]LogInit: Texture streaming: Enabled
[2017.02.27-21.39.40:899][  0]LogInit: Transaction tracking system initialized
[2017.02.27-21.39.41:567][  0]BlueprintLog: New page: Editor Load
[2017.02.27-21.39.43:219][  0]LocalizationService: Info Localization service is disabled
[2017.02.27-21.39.44:507][  0]LogConsoleResponse:Display: 
[2017.02.27-21.39.44:761][  0]LogCook:Display: Max memory allowance for cook 16384mb min free memory 0mb
[2017.02.27-21.39.44:761][  0]LogCook:Display: Mobile HDR setting 1
[2017.02.27-21.39.45:479][  0]LogFileCache: Scanning file cache for directory 'G:/Steph_Unreal_2/DSG04/Unreal_VR_DSG_01/Content/' took 0.03s
[2017.02.27-21.39.46:693][  0]SourceControl: Info Source control is disabled
[2017.02.27-21.39.46:694][  0]Cmd: MAP LOAD FILE="G:/Steph_Unreal_2/DSG04/Unreal_VR_DSG_01/Content/VirtualRealityBP/Maps/StartupMap.umap" TEMPLATE=0 SHOWPROGRESS=1 FEATURELEVEL=3
[2017.02.27-21.39.46:695][  0]LightingResults: New page: Lighting Build
[2017.02.27-21.39.46:767][  0]MapCheck: New page: Map Check
[2017.02.27-21.39.46:768][  0]LightingResults: New page: Lighting Build
[2017.02.27-21.39.46:961][  0]LogLinker:Warning: Can't find file '/Game/DSG/Meshes/Conveyor/M_Motors'
[2017.02.27-21.39.46:961][  0]LogLinker:Warning: Can't find file for asset '/Game/DSG/Meshes/Conveyor/M_Motors' while loading G:/Steph_Unreal_2/DSG04/Unreal_VR_DSG_01/Content/DSG/Meshes/Conveyor/DSG_BP_LOWER.uasset.
[2017.02.27-21.39.46:961][  0]LoadErrors:Error: Error /Game/DSG/Meshes/Conveyor/DSG_BP_LOWER : Can't find file for asset. /Game/DSG/Meshes/Conveyor/M_Motors
[2017.02.27-21.39.46:965][  0]LogLinker:Warning: Can't find file '/Game/DSG/Meshes/Conveyor/M_Motors'
[2017.02.27-21.39.46:965][  0]LogLinker:Warning: Can't find file for asset '/Game/DSG/Meshes/Conveyor/M_Motors' while loading G:/Steph_Unreal_2/DSG04/Unreal_VR_DSG_01/Content/DSG/Meshes/Conveyor/DSG_BP_LOWER.uasset.
[2017.02.27-21.39.46:966][  0]LoadErrors:Error: Error /Game/DSG/Meshes/Conveyor/DSG_BP_LOWER : Can't find file for asset. /Game/DSG/Meshes/Conveyor/M_Motors
[2017.02.27-21.39.47:017][  0]LogLinker:Warning: Can't find file '/Game/DSG/Meshes/Conveyor/M_Motors'
[2017.02.27-21.39.47:017][  0]LoadErrors: Info Failed to load /Game/DSG/Meshes/Conveyor/M_Motors.M_Motors Referenced by DSG_BP_LOWER
[2017.02.27-21.39.47:017][  0]LogLinker:Warning: Can't find file for asset '/Game/DSG/Meshes/Conveyor/M_Motors' while loading NULL.
[2017.02.27-21.39.47:017][  0]LoadErrors: Info Failed to load /Game/DSG/Meshes/Conveyor/M_Motors.M_Motors Referenced by DSG_BP_LOWER
[2017.02.27-21.39.47:371][  0]LogAIModule: Creating AISystem for world StartupMap
[2017.02.27-21.39.47:387][  0]LogEditorServer: Finished looking for orphan Actors (0.000 secs)
[2017.02.27-21.39.47:388][  0]Cmd: MAP CHECKDEP NOCLEARLOG
[2017.02.27-21.39.47:630][  0]MapCheck: Info Map check complete: 0 Error(s), 0 Warning(s), took 241.061ms to complete.
[2017.02.27-21.39.47:630][  0]LogFileHelpers: Loading map 'StartupMap' took 0.937
[2017.02.27-21.39.47:868][  0]LogCollectionManager: Loaded 0 collections in 0.004482 seconds
[2017.02.27-21.39.47:989][  0]LogFileCache: Scanning file cache for directory 'G:/Steph_Unreal_2/DSG04/Unreal_VR_DSG_01/Saved/Collections/' took 0.01s
[2017.02.27-21.39.47:989][  0]LogFileCache: Scanning file cache for directory 'G:/Steph_Unreal_2/DSG04/Unreal_VR_DSG_01/Content/Developers/scardinali/Collections/' took 0.01s
[2017.02.27-21.39.47:989][  0]LogFileCache: Scanning file cache for directory 'G:/Steph_Unreal_2/DSG04/Unreal_VR_DSG_01/Content/Collections/' took 0.01s
[2017.02.27-21.39.47:989][  0]LogCollectionManager: Rebuilt the GUID cache for 0 collections in 0.000008 seconds
[2017.02.27-21.39.48:013][  0]LogContentBrowser: Native class hierarchy populated in 0.0237 seconds. Added 2204 classes and 434 folders.
[2017.02.27-21.39.48:104][  0]LogStats: UGameplayTagsManager::ConstructGameplayTagTree: Construct from data asset -  0.000 s
[2017.02.27-21.39.48:104][  0]LogStats: UGameplayTagsManager::ConstructGameplayTagTree: GameplayTagTreeChangedEvent.Broadcast -  0.000 s
[2017.02.27-21.39.48:106][  0]LogContentBrowser: Native class hierarchy updated for 'GameplayTags' in 0.0015 seconds. Added 13 classes and 0 folders.
[2017.02.27-21.39.48:213][  0]LogContentBrowser: Native class hierarchy updated for 'WidgetCarousel' in 0.0009 seconds. Added 0 classes and 0 folders.
[2017.02.27-21.39.48:390][  0]LogContentBrowser: Native class hierarchy updated for 'AddContentDialog' in 0.0017 seconds. Added 0 classes and 0 folders.
[2017.02.27-21.39.48:476][  0]LogContentBrowser: Native class hierarchy updated for 'SceneOutliner' in 0.0010 seconds. Added 1 classes and 2 folders.
[2017.02.27-21.39.48:536][  0]LogCrashTracker: Crashtracker disabled due to settings.
[2017.02.27-21.39.48:544][  0]LogUObjectGlobals:Warning: Failed to find object 'Class None.'
[2017.02.27-21.39.48:646][  0]LogContentBrowser: Native class hierarchy updated for 'HierarchicalLODOutliner' in 0.0010 seconds. Added 1 classes and 2 folders.
[2017.02.27-21.39.48:646][  0]LogLoad: (Engine Initialization) Total time: 32.05 seconds
[2017.02.27-21.39.48:646][  0]LogLoad: (Engine Initialization) Total Blueprint compile time: 0.09 seconds
[2017.02.27-21.39.48:646][  0]LogExternalProfiler: No external profilers were discovered.  External profiling features will not be available.
[2017.02.27-21.39.48:656][  0]LogOcInput: OculusInput pre-init called
[2017.02.27-21.39.48:680][  0]LogContentStreaming: Texture pool size now 1000 MB
[2017.02.27-21.39.48:896][  0]LogContentBrowser:Verbose: The majority of assets in the view are of type: Material
[2017.02.27-21.39.48:995][  0]LogRenderer: Reallocating scene render targets to support 1208x392 NumSamples 1 (Frame:2).
[2017.02.27-21.39.49:301][  3]LogAssetRegistry: Asset discovery search completed in 18.7621 seconds
[2017.02.27-21.39.49:301][  3]LogCollectionManager: Rebuilt the object cache for 0 collections in 0.000002 seconds (found 0 objects)
[2017.02.27-21.39.49:301][  3]LogCollectionManager: Fixed up redirectors for 0 collections in 0.000033 seconds (updated 0 objects)
[2017.02.27-21.39.58:568][636]Cmd: CAMERA ALIGN ACTIVEVIEWPORTONLY
[2017.02.27-21.40.03:646][940]LogEditorViewport: Clicking Background
[2017.02.27-21.40.18:718][ 53]LogContentBrowser:Verbose: The majority of assets in the view are of type: None
[2017.02.27-21.40.20:988][261]LogContentBrowser:Verbose: The majority of assets in the view are of type: Material
[2017.02.27-21.40.46:633][485]LogEditorViewport: Clicking on Actor (LMB): StaticMeshActor (DSG_Building)
[2017.02.27-21.40.53:497][973]LogEditorViewport: Clicking on Actor (LMB): StaticMeshActor (DSG_BP_LOWER)
[2017.02.27-21.40.58:303][251]LogContentBrowser:Verbose: The majority of assets in the view are of type: World
[2017.02.27-21.41.00:497][391]LogContentBrowser:Verbose: The majority of assets in the view are of type: SubstanceTexture2D
[2017.02.27-21.46.03:917][216]LogContentBrowser:Verbose: The majority of assets in the view are of type: Material
[2017.02.27-21.46.14:407][690]LogFactory: FactoryCreateFile: StaticMesh with FbxFactory (0 0 G:/3D/DSG_Max_Project/export/FBX in cm/Conveyor/floor support test.FBX)
[2017.02.27-21.46.14:429][690]LogFbx: ItemName: GlobalSettings, ItemCount : 1
[2017.02.27-21.46.14:429][690]LogFbx: ItemName: AnimationStack, ItemCount : 1
[2017.02.27-21.46.14:429][690]LogFbx: ItemName: AnimationLayer, ItemCount : 1
[2017.02.27-21.46.14:429][690]LogFbx: ItemName: Model, ItemCount : 1
[2017.02.27-21.46.14:429][690]LogFbx: ItemName: Material, ItemCount : 2
[2017.02.27-21.46.14:429][690]LogFbx: ItemName: Texture, ItemCount : 1
[2017.02.27-21.46.14:429][690]LogFbx: ItemName: Geometry, ItemCount : 1
[2017.02.27-21.46.14:429][690]LogFbx: ItemName: Collection, ItemCount : 1
[2017.02.27-21.46.14:429][690]LogFbx: ItemName: CollectionExclusive, ItemCount : 19
[2017.02.27-21.46.14:429][690]LogFbx: ItemName: Video, ItemCount : 1
[2017.02.27-21.46.14:437][690]LogFbx: Loading FBX Scene from G:/3D/DSG_Max_Project/export/FBX in cm/Conveyor/floor support test.FBX
[2017.02.27-21.46.14:454][690]LogFbx: FBX Scene Loaded Succesfully
[2017.02.27-21.46.17:144][690]LogFbx: Loading FBX Scene from G:/3D/DSG_Max_Project/export/FBX in cm/Conveyor/floor support test.FBX
[2017.02.27-21.46.17:160][690]LogFbx: FBX Scene Loaded Succesfully
[2017.02.27-21.46.17:166][690]LogStaticMesh: Building static mesh floor_support_test...
[2017.02.27-21.46.17:228][690]LogStaticMesh: Built static mesh [0.06s] /Game/DSG/Meshes/Conveyor/floor_support_test.floor_support_test
[2017.02.27-21.46.20:170][877]LogActorFactory: Actor Factory created floor_support_test
[2017.02.27-21.46.20:499][897]LogActorFactory: Actor Factory created floor_support_test
[2017.02.27-21.46.21:111][934]Cmd: CAMERA ALIGN ACTIVEVIEWPORTONLY
[2017.02.27-21.46.34:411][754]Cmd: CAMERA ALIGN ACTIVEVIEWPORTONLY
[2017.02.27-21.46.46:809][533]Cmd: CAMERA ALIGN ACTIVEVIEWPORTONLY
[2017.02.27-21.46.50:733][776]LogEditorViewport: Clicking Background
[2017.02.27-21.46.56:144][204]LogContentBrowser:Verbose: The majority of assets in the view are of type: SubstanceTexture2D
[2017.02.27-21.48.03:333][122]LogEditorViewport: Clicking on Actor (LMB): StaticMeshActor (DSG_Building)
[2017.02.27-21.48.12:450][617]LogEditorViewport: Clicking on Actor (LMB): StaticMeshActor (DSG_Building)
[2017.02.27-21.49.46:200][310]LogEditorViewport: Clicking Background
[2017.02.27-21.49.55:925][882]LogEditorViewport: Clicking on Actor (LMB): StaticMeshActor (DSG_BP_LOWER)
[2017.02.27-21.50.11:628][676]LogMaterial: Missing cached shader map for material M_Conveyor_Zipline_Logo, compiling. 
[2017.02.27-21.50.11:629][676]LogMaterial:Warning: Failed to compile Material /Game/DSG/Materials/M_Conveyor_Zipline_Logo.M_Conveyor_Zipline_Logo for platform PCD3D_SM5, Default Material will be used in game.
[2017.02.27-21.50.11:629][676]LogMaterial:Warning: 	(Node TextureSample) TextureSample> Missing input texture
[2017.02.27-21.50.26:370][349]LogEditorViewport: Clicking on Actor (LMB): StaticMeshActor (DSG_Building)
[2017.02.27-21.50.28:445][455]LogEditorViewport: Clicking on Actor (LMB): StaticMeshActor (DSG_Building)
[2017.02.27-21.51.00:700][ 64]LogEditorActor: Deleted Actor: StaticMeshActor
[2017.02.27-21.51.00:720][ 64]LogEditorActor: Deleted 1 Actors (0.021 secs)
[2017.02.27-21.51.05:328][342]LogEditorViewport: Clicking on Actor (LMB): StaticMeshActor (DSG_BP_LOWER)
[2017.02.27-21.51.17:937][  6]LogContentBrowser:Verbose: The majority of assets in the view are of type: Class
[2017.02.27-21.51.22:678][272]LogContentBrowser:Verbose: The majority of assets in the view are of type: Material
[2017.02.27-21.51.26:563][500]LogContentBrowser:Verbose: The majority of assets in the view are of type: None
[2017.02.27-21.51.27:636][576]LogContentBrowser:Verbose: The majority of assets in the view are of type: Material
[2017.02.27-21.52.13:864][973]LogContentBrowser:Verbose: The majority of assets in the view are of type: None
[2017.02.27-21.52.15:049][ 54]LogContentBrowser:Verbose: The majority of assets in the view are of type: Material
[2017.02.27-21.53.23:646][588]LogSavePackage: Save=102.38ms
[2017.02.27-21.53.23:646][588]LogSavePackage: Moving 'G:/Steph_Unreal_2/DSG04/Unreal_VR_DSG_01/Saved/StartupMap_Auto1074F2A054D7759A4A455C0BFDAA93A4E.tmp' to 'G:/Steph_Unreal_2/DSG04/Unreal_VR_DSG_01/Saved/Autosaves/Game/VirtualRealityBP/Maps/StartupMap_Auto1.umap'
[2017.02.27-21.53.23:649][588]LogSavePackage:Display: Finished SavePackage G:/Steph_Unreal_2/DSG04/Unreal_VR_DSG_01/Saved/Autosaves/Game/VirtualRealityBP/Maps/StartupMap_Auto1.umap
[2017.02.27-21.53.23:656][588]LogFileHelpers: Editor autosave (incl. sublevels) for '/Game/VirtualRealityBP/Maps/StartupMap' took 0.181
[2017.02.27-21.53.23:656][588]LogFileHelpers: Editor autosave (incl. sublevels) for all levels took 0.181
[2017.02.27-21.53.23:660][588]OBJ SavePackage: Generating thumbnails for [1] asset(s) in package [/Game/DSG/Meshes/Conveyor/DSG_BP_LOWER] ([1] browsable assets)...
[2017.02.27-21.53.23:694][588]OBJ SavePackage:     Rendered thumbnail for [StaticMesh /Game/DSG/Meshes/Conveyor/DSG_BP_LOWER.DSG_BP_LOWER]
[2017.02.27-21.53.23:694][588]OBJ SavePackage: Finished generating thumbnails for package [/Game/DSG/Meshes/Conveyor/DSG_BP_LOWER]
[2017.02.27-21.53.23:860][588]LogSavePackage: Save=50.78ms
[2017.02.27-21.53.23:862][588]LogSavePackage: Moving 'G:/Steph_Unreal_2/DSG04/Unreal_VR_DSG_01/Saved/DSG_BP_LOWER_Auto13B10427A45F23F58B450B89FA4D7A089.tmp' to 'G:/Steph_Unreal_2/DSG04/Unreal_VR_DSG_01/Saved/Autosaves/Game/DSG/Meshes/Conveyor/DSG_BP_LOWER_Auto1.uasset'
[2017.02.27-21.53.23:864][588]LogSavePackage:Display: Finished SavePackage G:/Steph_Unreal_2/DSG04/Unreal_VR_DSG_01/Saved/Autosaves/Game/DSG/Meshes/Conveyor/DSG_BP_LOWER_Auto1.uasset
[2017.02.27-21.53.23:866][588]OBJ SavePackage: Generating thumbnails for [1] asset(s) in package [/Game/PBRSubstance/Metals/M_Conveyor_Floor_Support] ([1] browsable assets)...
[2017.02.27-21.53.23:895][588]OBJ SavePackage:     Rendered thumbnail for [MaterialInstanceConstant /Game/PBRSubstance/Metals/M_Conveyor_Floor_Support.M_Conveyor_Floor_Support]
[2017.02.27-21.53.23:895][588]OBJ SavePackage: Finished generating thumbnails for package [/Game/PBRSubstance/Metals/M_Conveyor_Floor_Support]
[2017.02.27-21.53.23:929][588]LogSavePackage: Save=28.52ms
[2017.02.27-21.53.23:929][588]LogSavePackage: Moving 'G:/Steph_Unreal_2/DSG04/Unreal_VR_DSG_01/Saved/M_Conveyor_Floor_Support_Auto1A4C8796D42384B49684B6083B5A4A24E.tmp' to 'G:/Steph_Unreal_2/DSG04/Unreal_VR_DSG_01/Saved/Autosaves/Game/PBRSubstance/Metals/M_Conveyor_Floor_Support_Auto1.uasset'
[2017.02.27-21.53.23:931][588]LogSavePackage:Display: Finished SavePackage G:/Steph_Unreal_2/DSG04/Unreal_VR_DSG_01/Saved/Autosaves/Game/PBRSubstance/Metals/M_Conveyor_Floor_Support_Auto1.uasset
[2017.02.27-21.53.23:931][588]LogFileHelpers: Auto-saving content packages took 0.272
[2017.02.27-21.54.05:642][404]LogSavePackage: Save=81.49ms
[2017.02.27-21.54.05:642][404]LogSavePackage: Moving 'G:/Steph_Unreal_2/DSG04/Unreal_VR_DSG_01/Saved/StartupMap57D16B724C8A8C48C8AA2E974F0134F2.tmp' to 'G:/Steph_Unreal_2/DSG04/Unreal_VR_DSG_01/Content/VirtualRealityBP/Maps/StartupMap.umap'
[2017.02.27-21.54.05:650][404]LogSavePackage:Display: Finished SavePackage G:/Steph_Unreal_2/DSG04/Unreal_VR_DSG_01/Content/VirtualRealityBP/Maps/StartupMap.umap
[2017.02.27-21.54.05:696][404]LogFileHelpers: Saving map 'StartupMap' took 0.399
[2017.02.27-21.54.05:704][404]Cmd: OBJ SAVEPACKAGE PACKAGE="/Game/DSG/Meshes/Conveyor/DSG_BP_LOWER" FILE="G:/Steph_Unreal_2/DSG04/Unreal_VR_DSG_01/Content/DSG/Meshes/Conveyor/DSG_BP_LOWER.uasset" SILENT=true
[2017.02.27-21.54.05:805][404]LogSavePackage: Save=38.08ms
[2017.02.27-21.54.05:805][404]LogSavePackage: Moving 'G:/Steph_Unreal_2/DSG04/Unreal_VR_DSG_01/Saved/DSG_BP_LOWERD17BAA164E4AFC8DAE1C73B11AA84E9B.tmp' to 'G:/Steph_Unreal_2/DSG04/Unreal_VR_DSG_01/Content/DSG/Meshes/Conveyor/DSG_BP_LOWER.uasset'
[2017.02.27-21.54.05:811][404]LogSavePackage:Display: Finished SavePackage G:/Steph_Unreal_2/DSG04/Unreal_VR_DSG_01/Content/DSG/Meshes/Conveyor/DSG_BP_LOWER.uasset
[2017.02.27-21.54.05:848][404]Cmd: OBJ SAVEPACKAGE PACKAGE="/Game/PBRSubstance/Metals/M_Conveyor_Floor_Support" FILE="G:/Steph_Unreal_2/DSG04/Unreal_VR_DSG_01/Content/PBRSubstance/Metals/M_Conveyor_Floor_Support.uasset" SILENT=true
[2017.02.27-21.54.05:875][404]LogSavePackage: Save=21.60ms
[2017.02.27-21.54.05:875][404]LogSavePackage: Moving 'G:/Steph_Unreal_2/DSG04/Unreal_VR_DSG_01/Saved/M_Conveyor_Floor_Support51C96863442BC2F7F5BD9D8A4007314F.tmp' to 'G:/Steph_Unreal_2/DSG04/Unreal_VR_DSG_01/Content/PBRSubstance/Metals/M_Conveyor_Floor_Support.uasset'
[2017.02.27-21.54.05:879][404]LogSavePackage:Display: Finished SavePackage G:/Steph_Unreal_2/DSG04/Unreal_VR_DSG_01/Content/PBRSubstance/Metals/M_Conveyor_Floor_Support.uasset
[2017.02.27-21.54.21:854][367]Cmd: QUIT_EDITOR
[2017.02.27-21.54.22:009][367]LogExit: Preparing to exit.
[2017.02.27-21.54.22:620][367]LogExit: Editor shut down
[2017.02.27-21.54.22:621][367]LogExit: Transaction tracking system shut down
[2017.02.27-21.54.22:800][367]LogObj: Freed 0b from 0 cluster array pools.
[2017.02.27-21.54.22:800][367]LogExit: Object subsystem successfully closed.
[2017.02.27-21.54.22:835][367]LogD3D11RHI: Shutdown
[2017.02.27-21.54.22:835][367]LogD3D11RHI: CleanupD3DDevice
[2017.02.27-21.54.22:940][367]LogD3D11RHI: ~FD3D11DynamicRHI
[2017.02.27-21.54.22:956][367]LogHttp:Display: Http module shutting down, but needs to wait on 1 outstanding Http requests:
[2017.02.27-21.54.22:956][367]LogHttp:Display: 	verb=[POST] url=[https://datarouter.ol.epicgames.com/datarouter/api/v1/public/data?SessionID=%7B23BD44DB-4B17-BED0-EB55-31A3FBF20CD9%7D&AppID=UEEditor.Rocket.Release&AppVersion=4.14.3-3249277%2B%2B%2BUE4%2BRelease-4.14&UserID=6b0f752047dc01db82b3db8bc47839f6%7C76150b38110b4a01b7f74a1f412bbf48%7C6d58c3c2-72ae-4055-a31f-1adef4e11c50&AppEnvironment=datacollector-binary&UploadType=eteventstream] status=Processing
[2017.02.27-21.54.22:965][367]LogModuleManager: Shutting down and abandoning module HierarchicalLODUtilities (244)
[2017.02.27-21.54.22:965][367]LogModuleManager: Shutting down and abandoning module HierarchicalLODOutliner (243)
[2017.02.27-21.54.22:965][367]LogModuleManager: Shutting down and abandoning module CrashTracker (242)
[2017.02.27-21.54.22:965][367]LogModuleManager: Shutting down and abandoning module SceneOutliner (241)
[2017.02.27-21.54.22:965][367]LogModuleManager: Shutting down and abandoning module WidgetCarousel (240)
[2017.02.27-21.54.22:965][367]LogModuleManager: Shutting down and abandoning module AddContentDialog (239)
[2017.02.27-21.54.22:965][367]LogDirectoryWatcher: A directory notification for 'D:/Program Files/Epic Games/4.14/FeaturePacks/' was aborted.
[2017.02.27-21.54.22:967][367]LogModuleManager: Shutting down and abandoning module GameplayTags (238)
[2017.02.27-21.54.22:967][367]LogModuleManager: Shutting down and abandoning module EditorWidgets (237)
[2017.02.27-21.54.22:967][367]LogModuleManager: Shutting down and abandoning module CollectionManager (236)
[2017.02.27-21.54.22:967][367]LogDirectoryWatcher: A directory notification for 'G:/Steph_Unreal_2/DSG04/Unreal_VR_DSG_01/Content/Collections/' was aborted.
[2017.02.27-21.54.22:967][367]LogDirectoryWatcher: A directory notification for 'G:/Steph_Unreal_2/DSG04/Unreal_VR_DSG_01/Content/Developers/scardinali/Collections/' was aborted.
[2017.02.27-21.54.22:967][367]LogDirectoryWatcher: A directory notification for 'G:/Steph_Unreal_2/DSG04/Unreal_VR_DSG_01/Saved/Collections/' was aborted.
[2017.02.27-21.54.22:968][367]LogModuleManager: Shutting down and abandoning module StatsViewer (235)
[2017.02.27-21.54.22:968][367]LogModuleManager: Shutting down and abandoning module FoliageEdit (234)
[2017.02.27-21.54.22:968][367]LogModuleManager: Shutting down and abandoning module LandscapeEditor (233)
[2017.02.27-21.54.22:968][367]LogModuleManager: Shutting down and abandoning module SceneDepthPickerMode (232)
[2017.02.27-21.54.22:968][367]LogModuleManager: Shutting down and abandoning module ActorPickerMode (231)
[2017.02.27-21.54.22:968][367]LogModuleManager: Shutting down and abandoning module GeometryMode (230)
[2017.02.27-21.54.22:968][367]LogModuleManager: Shutting down and abandoning module TextureAlignMode (229)
[2017.02.27-21.54.22:968][367]LogModuleManager: Shutting down and abandoning module BspMode (228)
[2017.02.27-21.54.22:968][367]LogModuleManager: Shutting down and abandoning module HardwareSurvey (227)
[2017.02.27-21.54.22:968][367]LogModuleManager: Shutting down and abandoning module SequenceRecorderSections (226)
[2017.02.27-21.54.22:968][367]LogModuleManager: Shutting down and abandoning module AutomationWorker (225)
[2017.02.27-21.54.22:968][367]LogModuleManager: Shutting down and abandoning module MatineeToLevelSequence (224)
[2017.02.27-21.54.22:968][367]LogModuleManager: Shutting down and abandoning module PlacementMode (223)
[2017.02.27-21.54.22:968][367]LogModuleManager: Shutting down and abandoning module LevelSequenceEditor (222)
[2017.02.27-21.54.22:968][367]LogModuleManager: Shutting down and abandoning module WmfMediaFactory (221)
[2017.02.27-21.54.22:968][367]LogModuleManager: Shutting down and abandoning module WmfMediaEditor (220)
[2017.02.27-21.54.22:968][367]LogModuleManager: Shutting down and abandoning module AvfMediaFactory (219)
[2017.02.27-21.54.22:968][367]LogModuleManager: Shutting down and abandoning module AvfMediaEditor (218)
[2017.02.27-21.54.22:968][367]LogModuleManager: Shutting down and abandoning module Media (217)
[2017.02.27-21.54.22:968][367]LogModuleManager: Shutting down and abandoning module AndroidMediaFactory (216)
[2017.02.27-21.54.22:968][367]LogModuleManager: Shutting down and abandoning module AndroidMediaEditor (215)
[2017.02.27-21.54.22:968][367]LogModuleManager: Shutting down and abandoning module CharacterAI (214)
[2017.02.27-21.54.22:968][367]LogModuleManager: Shutting down and abandoning module SequenceRecorder (213)
[2017.02.27-21.54.22:968][367]LogModuleManager: Shutting down and abandoning module AudioCapture (212)
[2017.02.27-21.54.22:969][367]LogModuleManager: Shutting down and abandoning module SmartSnapping (211)
[2017.02.27-21.54.22:969][367]LogModuleManager: Shutting down and abandoning module SessionServices (210)
[2017.02.27-21.54.22:969][367]LogModuleManager: Shutting down and abandoning module ViewportSnapping (209)
[2017.02.27-21.54.22:969][367]LogModuleManager: Shutting down and abandoning module ViewportInteraction (208)
[2017.02.27-21.54.22:969][367]LogModuleManager: Shutting down and abandoning module LogVisualizer (207)
[2017.02.27-21.54.22:969][367]LogModuleManager: Shutting down and abandoning module GameProjectGeneration (206)
[2017.02.27-21.54.22:969][367]LogModuleManager: Shutting down and abandoning module IntroTutorials (205)
[2017.02.27-21.54.22:969][367]LogModuleManager: Shutting down and abandoning module EditorLiveStreaming (204)
[2017.02.27-21.54.22:969][367]LogModuleManager: Shutting down and abandoning module IOSPlatformEditor (203)
[2017.02.27-21.54.22:969][367]LogModuleManager: Shutting down and abandoning module HTML5PlatformEditor (202)
[2017.02.27-21.54.22:969][367]LogModuleManager: Shutting down and abandoning module AndroidDeviceDetection (201)
[2017.02.27-21.54.22:988][367]LogModuleManager: Shutting down and abandoning module AndroidPlatformEditor (200)
[2017.02.27-21.54.22:988][367]LogModuleManager: Shutting down and abandoning module IOSRuntimeSettings (199)
[2017.02.27-21.54.22:988][367]LogModuleManager: Shutting down and abandoning module AndroidRuntimeSettings (198)
[2017.02.27-21.54.22:988][367]LogModuleManager: Shutting down and abandoning module InputBindingEditor (197)
[2017.02.27-21.54.22:988][367]LogModuleManager: Shutting down and abandoning module NiagaraEditor (196)
[2017.02.27-21.54.22:988][367]LogModuleManager: Shutting down and abandoning module MergeActors (195)
[2017.02.27-21.54.22:988][367]LogModuleManager: Shutting down and abandoning module SizeMap (194)
[2017.02.27-21.54.22:988][367]LogModuleManager: Shutting down and abandoning module TreeMap (193)
[2017.02.27-21.54.22:988][367]LogModuleManager: Shutting down and abandoning module ReferenceViewer (192)
[2017.02.27-21.54.22:988][367]LogModuleManager: Shutting down and abandoning module LocalizationService (191)
[2017.02.27-21.54.22:989][367]LogModuleManager: Shutting down and abandoning module LocalizationDashboard (190)
[2017.02.27-21.54.22:989][367]LogModuleManager: Shutting down and abandoning module HardwareTargeting (189)
[2017.02.27-21.54.22:989][367]LogModuleManager: Shutting down and abandoning module DeviceProfileEditor (188)
[2017.02.27-21.54.22:989][367]LogModuleManager: Shutting down and abandoning module UndoHistory (187)
[2017.02.27-21.54.22:989][367]LogModuleManager: Shutting down and abandoning module UserFeedback (186)
[2017.02.27-21.54.22:989][367]LogModuleManager: Shutting down and abandoning module XmlParser (185)
[2017.02.27-21.54.22:989][367]LogModuleManager: Shutting down and abandoning module Blutility (184)
[2017.02.27-21.54.22:989][367]LogModuleManager: Shutting down and abandoning module ProjectTargetPlatformEditor (183)
[2017.02.27-21.54.22:989][367]LogModuleManager: Shutting down and abandoning module ProjectSettingsViewer (182)
[2017.02.27-21.54.22:989][367]LogModuleManager: Shutting down and abandoning module EditorSettingsViewer (181)
[2017.02.27-21.54.22:989][367]LogModuleManager: Shutting down and abandoning module SettingsEditor (180)
[2017.02.27-21.54.22:989][367]LogModuleManager: Shutting down and abandoning module ProjectLauncher (179)
[2017.02.27-21.54.22:989][367]LogModuleManager: Shutting down and abandoning module SessionFrontend (178)
[2017.02.27-21.54.22:989][367]LogModuleManager: Shutting down and abandoning module ProfilerClient (177)
[2017.02.27-21.54.22:989][367]LogModuleManager: Shutting down and abandoning module TargetDeviceServices (176)
[2017.02.27-21.54.22:989][367]LogModuleManager: Shutting down and abandoning module DeviceManager (175)
[2017.02.27-21.54.23:039][367]LogModuleManager: Shutting down and abandoning module AutomationController (174)
[2017.02.27-21.54.23:039][367]LogModuleManager: Shutting down and abandoning module AutomationWindow (173)
[2017.02.27-21.54.23:039][367]LogModuleManager: Shutting down and abandoning module Layers (172)
[2017.02.27-21.54.23:039][367]LogModuleManager: Shutting down and abandoning module ComponentVisualizers (171)
[2017.02.27-21.54.23:039][367]LogModuleManager: Shutting down and abandoning module DetailCustomizations (170)
[2017.02.27-21.54.23:039][367]LogModuleManager: Shutting down and abandoning module PackagesDialog (169)
[2017.02.27-21.54.23:039][367]LogModuleManager: Shutting down and abandoning module AnimGraph (168)
[2017.02.27-21.54.23:039][367]LogModuleManager: Shutting down and abandoning module Persona (167)
[2017.02.27-21.54.23:039][367]LogModuleManager: Shutting down and abandoning module Kismet (166)
[2017.02.27-21.54.23:040][367]LogModuleManager: Shutting down and abandoning module GraphEditor (165)
[2017.02.27-21.54.23:040][367]LogModuleManager: Shutting down and abandoning module ClassViewer (164)
[2017.02.27-21.54.23:040][367]LogModuleManager: Shutting down and abandoning module Toolbox (163)
[2017.02.27-21.54.23:040][367]LogModuleManager: Shutting down and abandoning module ModuleUI (162)
[2017.02.27-21.54.23:040][367]LogModuleManager: Shutting down and abandoning module MovieSceneTools (161)
[2017.02.27-21.54.23:040][367]LogModuleManager: Shutting down and abandoning module OutputLog (160)
[2017.02.27-21.54.23:040][367]LogModuleManager: Shutting down and abandoning module GammaUI (159)
[2017.02.27-21.54.23:040][367]LogModuleManager: Shutting down and abandoning module Documentation (158)
[2017.02.27-21.54.23:040][367]LogModuleManager: Shutting down and abandoning module Niagara (157)
[2017.02.27-21.54.23:040][367]LogModuleManager: Shutting down and abandoning module StreamingPauseRendering (156)
[2017.02.27-21.54.23:040][367]LogModuleManager: Shutting down and abandoning module AnalyticsET (155)
[2017.02.27-21.54.23:040][367]LogModuleManager: Shutting down and abandoning module PortalServices (154)
[2017.02.27-21.54.23:040][367]LogModuleManager: Shutting down and abandoning module PortalRpc (153)
[2017.02.27-21.54.23:040][367]LogModuleManager: Shutting down and abandoning module MessagingRpc (152)
[2017.02.27-21.54.23:040][367]LogModuleManager: Shutting down and abandoning module GameplayDebugger (151)
[2017.02.27-21.54.23:040][367]LogModuleManager: Shutting down and abandoning module AITestSuite (150)
[2017.02.27-21.54.23:040][367]LogModuleManager: Shutting down and abandoning module AIModule (149)
[2017.02.27-21.54.23:040][367]LogModuleManager: Shutting down and abandoning module ProfilerService (148)
[2017.02.27-21.54.23:068][367]LogModuleManager: Shutting down and abandoning module TaskGraph (147)
[2017.02.27-21.54.23:068][367]LogModuleManager: Shutting down and abandoning module SubstanceEditor (146)
[2017.02.27-21.54.23:069][367]LogModuleManager: Shutting down and abandoning module SlateRemote (145)
[2017.02.27-21.54.23:069][367]LogModuleManager: Shutting down and abandoning module SteamVRController (144)
[2017.02.27-21.54.23:069][367]LogModuleManager: Shutting down and abandoning module SteamVR (143)
[2017.02.27-21.54.23:069][367]LogModuleManager: Shutting down and abandoning module ProceduralMeshComponentEditor (142)
[2017.02.27-21.54.23:069][367]LogModuleManager: Shutting down and abandoning module ProceduralMeshComponent (141)
[2017.02.27-21.54.23:069][367]LogModuleManager: Shutting down and abandoning module OculusLibrary (140)
[2017.02.27-21.54.23:069][367]LogModuleManager: Shutting down and abandoning module OculusInput (139)
[2017.02.27-21.54.23:069][367]LogModuleManager: Shutting down and abandoning module MobilePatchingUtils (138)
[2017.02.27-21.54.23:069][367]LogModuleManager: Shutting down and abandoning module CustomMeshComponent (137)
[2017.02.27-21.54.23:069][367]LogModuleManager: Shutting down and abandoning module CableComponent (136)
[2017.02.27-21.54.23:069][367]LogModuleManager: Shutting down and abandoning module ArchVisCharacter (135)
[2017.02.27-21.54.23:069][367]LogModuleManager: Shutting down and abandoning module MediaPlayerEditor (133)
[2017.02.27-21.54.23:069][367]LogModuleManager: Shutting down and abandoning module HTML5Networking (132)
[2017.02.27-21.54.23:069][367]LogModuleManager: Shutting down and abandoning module GeometryCacheEd (131)
[2017.02.27-21.54.23:069][367]LogModuleManager: Shutting down and abandoning module GeometryCache (130)
[2017.02.27-21.54.23:069][367]LogModuleManager: Shutting down and abandoning module AlembicLibrary (129)
[2017.02.27-21.54.23:069][367]LogModuleManager: Shutting down and abandoning module AlembicImporter (128)
[2017.02.27-21.54.23:069][367]LogModuleManager: Shutting down and abandoning module SuperSearch (127)
[2017.02.27-21.54.23:069][367]LogModuleManager: Shutting down and abandoning module SuperSearchEditor (126)
[2017.02.27-21.54.23:069][367]LogModuleManager: Shutting down and abandoning module SpeedTreeImporter (125)
[2017.02.27-21.54.23:069][367]LogModuleManager: Shutting down and abandoning module PluginBrowser (124)
[2017.02.27-21.54.23:069][367]LogModuleManager: Shutting down and abandoning module MobileLauncherProfileWizard (123)
[2017.02.27-21.54.23:070][367]LogModuleManager: Shutting down and abandoning module EpicSurvey (122)
[2017.02.27-21.54.23:070][367]LogModuleManager: Shutting down and abandoning module DesktopPlatform (121)
[2017.02.27-21.54.23:070][367]LogModuleManager: Shutting down and abandoning module VisualStudioSourceCodeAccess (120)
[2017.02.27-21.54.23:070][367]LogModuleManager: Shutting down and abandoning module UObjectPlugin (119)
[2017.02.27-21.54.23:070][367]LogModuleManager: Shutting down and abandoning module SubversionSourceControl (118)
[2017.02.27-21.54.23:070][367]LogModuleManager: Shutting down and abandoning module PerforceSourceControl (117)
[2017.02.27-21.54.23:070][367]LogModuleManager: Shutting down and abandoning module SourceControl (116)
[2017.02.27-21.54.23:070][367]LogModuleManager: Shutting down and abandoning module GitSourceControl (115)
[2017.02.27-21.54.23:070][367]LogModuleManager: Shutting down and abandoning module LightPropagationVolumeEditor (114)
[2017.02.27-21.54.23:070][367]LogModuleManager: Shutting down and abandoning module PaperTiledImporter (113)
[2017.02.27-21.54.23:070][367]LogModuleManager: Shutting down and abandoning module PaperSpriteSheetImporter (112)
[2017.02.27-21.54.23:070][367]LogModuleManager: Shutting down and abandoning module MeshPaint (111)
[2017.02.27-21.54.23:070][367]LogModuleManager: Shutting down and abandoning module PixelInspectorModule (110)
[2017.02.27-21.54.23:070][367]LogModuleManager: Shutting down and abandoning module HotReload (109)
[2017.02.27-21.54.23:071][367]LogModuleManager: Shutting down and abandoning module MainFrame (108)
[2017.02.27-21.54.23:071][367]LogModuleManager: Shutting down and abandoning module LevelEditor (107)
[2017.02.27-21.54.23:073][367]LogModuleManager: Shutting down and abandoning module ContentBrowser (106)
[2017.02.27-21.54.23:075][367]LogModuleManager: Shutting down and abandoning module Paper2DEditor (105)
[2017.02.27-21.54.23:075][367]LogModuleManager: Shutting down and abandoning module UdpMessaging (104)
[2017.02.27-21.54.23:175][367]LogModuleManager: Shutting down and abandoning module TcpMessaging (103)
[2017.02.27-21.54.23:412][367]LogModuleManager: Shutting down and abandoning module SubstanceCore (102)
[2017.02.27-21.54.23:413][367]LogModuleManager: Shutting down and abandoning module LightPropagationVolumeRuntime (101)
[2017.02.27-21.54.23:413][367]LogModuleManager: Shutting down and abandoning module Paper2D (100)
[2017.02.27-21.54.23:413][367]LogModuleManager: Shutting down and abandoning module WindowsMoviePlayer (99)
[2017.02.27-21.54.23:413][367]LogModuleManager: Shutting down and abandoning module WmfMedia (98)
[2017.02.27-21.54.23:414][367]LogModuleManager: Shutting down and abandoning module MediaAssets (97)
[2017.02.27-21.54.23:414][367]LogModuleManager: Shutting down and abandoning module GameLiveStreaming (96)
[2017.02.27-21.54.23:414][367]LogModuleManager: Shutting down and abandoning module GameplayTagsEditor (95)
[2017.02.27-21.54.23:414][367]LogModuleManager: Shutting down and abandoning module VREditor (94)
[2017.02.27-21.54.23:414][367]LogModuleManager: Shutting down and abandoning module GameplayTasksEditor (93)
[2017.02.27-21.54.23:414][367]LogModuleManager: Shutting down and abandoning module BehaviorTreeEditor (92)
[2017.02.27-21.54.23:414][367]LogModuleManager: Shutting down and abandoning module FunctionalTesting (91)
[2017.02.27-21.54.23:414][367]LogModuleManager: Shutting down and abandoning module CollisionAnalyzer (90)
[2017.02.27-21.54.23:414][367]LogModuleManager: Shutting down and abandoning module Sequencer (89)
[2017.02.27-21.54.23:414][367]LogModuleManager: Shutting down and abandoning module WorkspaceMenuStructure (88)
[2017.02.27-21.54.23:414][367]LogModuleManager: Shutting down and abandoning module MessageLog (87)
[2017.02.27-21.54.23:415][367]LogModuleManager: Shutting down and abandoning module AssetTools (86)
[2017.02.27-21.54.23:415][367]LogModuleManager: Shutting down and abandoning module UMGEditor (85)
[2017.02.27-21.54.23:415][367]LogModuleManager: Shutting down and abandoning module UMG (84)
[2017.02.27-21.54.23:415][367]LogModuleManager: Shutting down and abandoning module SlateReflector (83)
[2017.02.27-21.54.23:415][367]LogModuleManager: Shutting down and abandoning module Slate (82)
[2017.02.27-21.54.23:415][367]LogModuleManager: Shutting down and abandoning module EditorStyle (81)
[2017.02.27-21.54.23:420][367]LogModuleManager: Shutting down and abandoning module SourceCodeAccess (80)
[2017.02.27-21.54.23:420][367]LogModuleManager: Shutting down and abandoning module HeadMountedDisplay (79)
[2017.02.27-21.54.23:420][367]LogModuleManager: Shutting down and abandoning module XAudio2 (78)
[2017.02.27-21.54.23:420][367]LogModuleManager: Shutting down and abandoning module Networking (76)
[2017.02.27-21.54.23:420][367]LogModuleManager: Shutting down and abandoning module Core (75)
[2017.02.27-21.54.23:420][367]LogModuleManager: Shutting down and abandoning module DirectoryWatcher (74)
[2017.02.27-21.54.23:421][367]LogDirectoryWatcher: A directory notification for '../../../Engine/Content/' was aborted.
[2017.02.27-21.54.23:421][367]LogDirectoryWatcher: A directory notification for 'G:/Steph_Unreal_2/DSG04/Unreal_VR_DSG_01/Content/' was aborted.
[2017.02.27-21.54.23:421][367]LogDirectoryWatcher: A directory notification for '../../../Engine/Plugins/2D/Paper2D/Content/' was aborted.
[2017.02.27-21.54.23:422][367]LogModuleManager: Shutting down and abandoning module AssetRegistry (73)
[2017.02.27-21.54.23:674][367]LogModuleManager: Shutting down and abandoning module KismetCompiler (72)
[2017.02.27-21.54.23:674][367]LogModuleManager: Shutting down and abandoning module PhysXFormats (71)
[2017.02.27-21.54.23:674][367]LogModuleManager: Shutting down and abandoning module SimplygonSwarm (70)
[2017.02.27-21.54.23:674][367]LogModuleManager: Shutting down and abandoning module SimplygonMeshReduction (69)
[2017.02.27-21.54.23:674][367]LogModuleManager: Shutting down and abandoning module QuadricMeshReduction (68)
[2017.02.27-21.54.23:674][367]LogModuleManager: Shutting down and abandoning module PropertyEditor (67)
[2017.02.27-21.54.23:674][367]LogModuleManager: Shutting down and abandoning module MeshUtilities (66)
[2017.02.27-21.54.23:674][367]LogModuleManager: Shutting down and abandoning module DerivedDataCache (65)
[2017.02.27-21.54.23:692][367]LogDerivedDataCache: Shutdown
[2017.02.27-21.54.23:692][367]LogModuleManager: Shutting down and abandoning module VulkanShaderFormat (64)
[2017.02.27-21.54.23:692][367]LogModuleManager: Shutting down and abandoning module ShaderFormatOpenGL (63)
[2017.02.27-21.54.23:692][367]LogModuleManager: Shutting down and abandoning module ShaderFormatD3D (62)
[2017.02.27-21.54.23:692][367]LogModuleManager: Shutting down and abandoning module MetalShaderFormat (61)
[2017.02.27-21.54.23:692][367]LogModuleManager: Shutting down and abandoning module TextureFormatUncompressed (60)
[2017.02.27-21.54.23:692][367]LogModuleManager: Shutting down and abandoning module TextureFormatPVR (59)
[2017.02.27-21.54.23:692][367]LogModuleManager: Shutting down and abandoning module TextureFormatDXT (58)
[2017.02.27-21.54.23:692][367]LogModuleManager: Shutting down and abandoning module TextureFormatIntelISPCTexComp (57)
[2017.02.27-21.54.23:693][367]LogModuleManager: Shutting down and abandoning module ImageWrapper (56)
[2017.02.27-21.54.23:693][367]LogModuleManager: Shutting down and abandoning module TextureFormatASTC (55)
[2017.02.27-21.54.23:693][367]LogModuleManager: Shutting down and abandoning module TextureFormatAndroid (54)
[2017.02.27-21.54.23:693][367]LogModuleManager: Shutting down and abandoning module AudioFormatOpus (53)
[2017.02.27-21.54.23:693][367]LogModuleManager: Shutting down and abandoning module AudioFormatOgg (52)
[2017.02.27-21.54.23:693][367]LogModuleManager: Shutting down and abandoning module AudioFormatADPCM (51)
[2017.02.27-21.54.23:693][367]LogModuleManager: Shutting down and abandoning module LinuxTargetPlatform (50)
[2017.02.27-21.54.23:693][367]LogModuleManager: Shutting down and abandoning module LinuxServerTargetPlatform (49)
[2017.02.27-21.54.23:693][367]LogModuleManager: Shutting down and abandoning module LinuxNoEditorTargetPlatform (48)
[2017.02.27-21.54.23:693][367]LogModuleManager: Shutting down and abandoning module LinuxClientTargetPlatform (47)
[2017.02.27-21.54.23:693][367]LogModuleManager: Shutting down and abandoning module TVOSTargetPlatform (46)
[2017.02.27-21.54.23:693][367]LogModuleManager: Shutting down and abandoning module Messaging (45)
[2017.02.27-21.54.23:693][367]LogModuleManager: Shutting down and abandoning module IOSTargetPlatform (44)
[2017.02.27-21.54.23:693][367]LogModuleManager: Shutting down and abandoning module HTML5TargetPlatform (43)
[2017.02.27-21.54.23:693][367]LogModuleManager: Shutting down and abandoning module Android_PVRTCTargetPlatform (42)
[2017.02.27-21.54.23:693][367]LogModuleManager: Shutting down and abandoning module Android_MultiTargetPlatform (41)
[2017.02.27-21.54.23:693][367]LogModuleManager: Shutting down and abandoning module Android_ETC2TargetPlatform (40)
[2017.02.27-21.54.23:693][367]LogModuleManager: Shutting down and abandoning module Android_ETC1TargetPlatform (39)
[2017.02.27-21.54.23:693][367]LogModuleManager: Shutting down and abandoning module Android_DXTTargetPlatform (38)
[2017.02.27-21.54.23:693][367]LogModuleManager: Shutting down and abandoning module Android_ATCTargetPlatform (37)
[2017.02.27-21.54.23:693][367]LogModuleManager: Shutting down and abandoning module Android_ASTCTargetPlatform (36)
[2017.02.27-21.54.23:693][367]LogModuleManager: Shutting down and abandoning module AndroidTargetPlatform (35)
[2017.02.27-21.54.23:693][367]LogModuleManager: Shutting down and abandoning module WindowsTargetPlatform (34)
[2017.02.27-21.54.23:693][367]LogModuleManager: Shutting down and abandoning module WindowsServerTargetPlatform (33)
[2017.02.27-21.54.23:693][367]LogModuleManager: Shutting down and abandoning module WindowsNoEditorTargetPlatform (32)
[2017.02.27-21.54.23:693][367]LogModuleManager: Shutting down and abandoning module WindowsClientTargetPlatform (31)
[2017.02.27-21.54.23:694][367]LogModuleManager: Shutting down and abandoning module MacTargetPlatform (30)
[2017.02.27-21.54.23:694][367]LogModuleManager: Shutting down and abandoning module MacServerTargetPlatform (29)
[2017.02.27-21.54.23:694][367]LogModuleManager: Shutting down and abandoning module MacNoEditorTargetPlatform (28)
[2017.02.27-21.54.23:694][367]LogModuleManager: Shutting down and abandoning module MacClientTargetPlatform (27)
[2017.02.27-21.54.23:694][367]LogModuleManager: Shutting down and abandoning module AllDesktopTargetPlatform (26)
[2017.02.27-21.54.23:694][367]LogModuleManager: Shutting down and abandoning module TargetPlatform (25)
[2017.02.27-21.54.23:694][367]LogModuleManager: Shutting down and abandoning module InputCore (24)
[2017.02.27-21.54.23:694][367]LogModuleManager: Shutting down and abandoning module Settings (23)
[2017.02.27-21.54.23:694][367]LogModuleManager: Shutting down and abandoning module OculusRift (22)
[2017.02.27-21.54.23:694][367]LogModuleManager: Shutting down and abandoning module ExampleDeviceProfileSelector (21)
[2017.02.27-21.54.23:694][367]LogModuleManager: Shutting down and abandoning module OnlineBlueprintSupport (20)
[2017.02.27-21.54.23:694][367]LogModuleManager: Shutting down and abandoning module OnlineSubsystem (18)
[2017.02.27-21.54.23:694][367]LogOnline:Display: Unloading online subsystem: NULL
[2017.02.27-21.54.23:694][367]LogModuleManager: Shutting down and abandoning module SSL (17)
[2017.02.27-21.54.23:697][367]LogModuleManager: Shutting down and abandoning module HTTP (16)
[2017.02.27-21.54.23:697][367]LogModuleManager: Shutting down and abandoning module XMPP (15)
[2017.02.27-21.54.23:697][367]LogModuleManager: Shutting down and abandoning module TextureCompressor (14)
[2017.02.27-21.54.23:698][367]LogModuleManager: Shutting down and abandoning module ShaderCore (13)
[2017.02.27-21.54.23:698][367]LogModuleManager: Shutting down and abandoning module Landscape (12)
[2017.02.27-21.54.23:698][367]LogModuleManager: Shutting down and abandoning module SlateRHIRenderer (11)
[2017.02.27-21.54.23:701][367]LogModuleManager: Shutting down and abandoning module OpenGLDrv (10)
[2017.02.27-21.54.23:701][367]LogModuleManager: Shutting down and abandoning module D3D11RHI (9)
[2017.02.27-21.54.23:701][367]LogModuleManager: Shutting down and abandoning module AnimGraphRuntime (8)
[2017.02.27-21.54.23:701][367]LogModuleManager: Shutting down and abandoning module Renderer (7)
[2017.02.27-21.54.23:701][367]LogModuleManager: Shutting down and abandoning module Engine (6)
[2017.02.27-21.54.23:701][367]LogModuleManager: Shutting down and abandoning module CoreUObject (5)
[2017.02.27-21.54.23:701][367]LogModuleManager: Shutting down and abandoning module NetworkFile (4)
[2017.02.27-21.54.23:701][367]LogModuleManager: Shutting down and abandoning module StreamingFile (3)
[2017.02.27-21.54.23:701][367]LogModuleManager: Shutting down and abandoning module SandboxFile (2)
[2017.02.27-21.54.23:701][367]LogModuleManager: Shutting down and abandoning module PakFile (1)
[2017.02.27-21.54.23:709][367]LogExit: Exiting.
[2017.02.27-21.54.23:733][367]Log file closed, 02/27/17 16:54:23
