Log file open, 02/24/17 06:01:23
LogInit:Display: Running engine for game: Unreal_VR_DSG_01
LogPlatformFile: Not using cached read wrapper
LogInit:Display: RandInit(237045309) SRandInit(237045309).
LogTaskGraph: Started task graph with 5 named threads and 8 total threads with 1 sets of task threads.
LogStats: Stats thread started at 0.076380
LogPluginManager: Loaded Plugin Paper2D, From D:/Program Files/Epic Games/4.14/Engine/Plugins/2D/Paper2D/Paper2D.uplugin
LogPluginManager: Loaded Plugin LightPropagationVolume, From D:/Program Files/Epic Games/4.14/Engine/Plugins/Blendables/LightPropagationVolume/LightPropagationVolume.uplugin
LogPluginManager: Loaded Plugin BlankPlugin, From D:/Program Files/Epic Games/4.14/Engine/Plugins/Developer/BlankPlugin/BlankPlugin.uplugin
LogPluginManager: Loaded Plugin CodeLiteSourceCodeAccess, From D:/Program Files/Epic Games/4.14/Engine/Plugins/Developer/CodeLiteSourceCodeAccess/CodeLiteSourceCodeAccess.uplugin
LogPluginManager: Loaded Plugin GitSourceControl, From D:/Program Files/Epic Games/4.14/Engine/Plugins/Developer/GitSourceControl/GitSourceControl.uplugin
LogPluginManager: Loaded Plugin KDevelopSourceCodeAccess, From D:/Program Files/Epic Games/4.14/Engine/Plugins/Developer/KDevelopSourceCodeAccess/KDevelopSourceCodeAccess.uplugin
LogPluginManager: Loaded Plugin NullSourceCodeAccess, From D:/Program Files/Epic Games/4.14/Engine/Plugins/Developer/NullSourceCodeAccess/NullSourceCodeAccess.uplugin
LogPluginManager: Loaded Plugin OneSkyLocalizationService, From D:/Program Files/Epic Games/4.14/Engine/Plugins/Developer/OneSkyLocalizationService/OneSkyLocalizationService.uplugin
LogPluginManager: Loaded Plugin PerforceSourceControl, From D:/Program Files/Epic Games/4.14/Engine/Plugins/Developer/PerforceSourceControl/PerforceSourceControl.uplugin
LogPluginManager: Loaded Plugin SubversionSourceControl, From D:/Program Files/Epic Games/4.14/Engine/Plugins/Developer/SubversionSourceControl/SubversionSourceControl.uplugin
LogPluginManager: Loaded Plugin UObjectPlugin, From D:/Program Files/Epic Games/4.14/Engine/Plugins/Developer/UObjectPlugin/UObjectPlugin.uplugin
LogPluginManager: Loaded Plugin VisualStudioSourceCodeAccess, From D:/Program Files/Epic Games/4.14/Engine/Plugins/Developer/VisualStudioSourceCodeAccess/VisualStudioSourceCodeAccess.uplugin
LogPluginManager: Loaded Plugin XCodeSourceCodeAccess, From D:/Program Files/Epic Games/4.14/Engine/Plugins/Developer/XCodeSourceCodeAccess/XCodeSourceCodeAccess.uplugin
LogPluginManager: Loaded Plugin AudioCapture, From D:/Program Files/Epic Games/4.14/Engine/Plugins/Editor/AudioCapture/AudioCapture.uplugin
LogPluginManager: Loaded Plugin EpicSurvey, From D:/Program Files/Epic Games/4.14/Engine/Plugins/Editor/EpicSurvey/EpicSurvey.uplugin
LogPluginManager: Loaded Plugin MacGraphicsSwitching, From D:/Program Files/Epic Games/4.14/Engine/Plugins/Editor/MacGraphicsSwitching/MacGraphicsSwitching.uplugin
LogPluginManager: Loaded Plugin MobileLauncherProfileWizard, From D:/Program Files/Epic Games/4.14/Engine/Plugins/Editor/MobileLauncherProfileWizard/MobileLauncherProfileWizard.uplugin
LogPluginManager: Loaded Plugin PluginBrowser, From D:/Program Files/Epic Games/4.14/Engine/Plugins/Editor/PluginBrowser/PluginBrowser.uplugin
LogPluginManager: Loaded Plugin SpeedTreeImporter, From D:/Program Files/Epic Games/4.14/Engine/Plugins/Editor/SpeedTreeImporter/SpeedTreeImporter.uplugin
LogPluginManager: Loaded Plugin SuperSearchEditor, From D:/Program Files/Epic Games/4.14/Engine/Plugins/Editor/SuperSearchEditor/SuperSearchEditor.uplugin
LogPluginManager: Loaded Plugin AlembicImporter, From D:/Program Files/Epic Games/4.14/Engine/Plugins/Experimental/AlembicImporter/AlembicImporter.uplugin
LogPluginManager: Loaded Plugin BlueprintStats, From D:/Program Files/Epic Games/4.14/Engine/Plugins/Experimental/BlueprintStats/BlueprintStats.uplugin
LogPluginManager: Loaded Plugin CharacterAI, From D:/Program Files/Epic Games/4.14/Engine/Plugins/Experimental/CharacterAI/CharacterAI.uplugin
LogPluginManager: Loaded Plugin CodeEditor, From D:/Program Files/Epic Games/4.14/Engine/Plugins/Experimental/CodeEditor/CodeEditor.uplugin
LogPluginManager: Loaded Plugin CodeView, From D:/Program Files/Epic Games/4.14/Engine/Plugins/Experimental/CodeView/CodeView.uplugin
LogPluginManager: Loaded Plugin HTML5Networking, From D:/Program Files/Epic Games/4.14/Engine/Plugins/Experimental/HTML5Networking/HTML5Networking.uplugin
LogPluginManager: Loaded Plugin OSVR, From D:/Program Files/Epic Games/4.14/Engine/Plugins/Experimental/OSVR/OSVR.uplugin
LogPluginManager: Loaded Plugin Phya, From D:/Program Files/Epic Games/4.14/Engine/Plugins/Experimental/Phya/Phya.uplugin
LogPluginManager: Loaded Plugin SignificanceManager, From D:/Program Files/Epic Games/4.14/Engine/Plugins/Experimental/SignificanceManager/SignificanceManager.uplugin
LogPluginManager: Loaded Plugin SimpleHMD, From D:/Program Files/Epic Games/4.14/Engine/Plugins/Experimental/SimpleHMD/SimpleHMD.uplugin
LogPluginManager: Loaded Plugin StereoPanorama, From D:/Program Files/Epic Games/4.14/Engine/Plugins/Experimental/StereoPanorama/StereoPanorama.uplugin
LogPluginManager: Loaded Plugin StructBox, From D:/Program Files/Epic Games/4.14/Engine/Plugins/Experimental/StructBox/StructBox.uplugin
LogPluginManager: Loaded Plugin Substance, From D:/Program Files/Epic Games/4.14/Engine/Plugins/Marketplace/Substance/Substance.uplugin
LogPluginManager: Loaded Plugin AndroidMedia, From D:/Program Files/Epic Games/4.14/Engine/Plugins/Media/AndroidMedia/AndroidMedia.uplugin
LogPluginManager: Loaded Plugin AvfMedia, From D:/Program Files/Epic Games/4.14/Engine/Plugins/Media/AvfMedia/AvfMedia.uplugin
LogPluginManager: Loaded Plugin MediaPlayerEditor, From D:/Program Files/Epic Games/4.14/Engine/Plugins/Media/MediaPlayerEditor/MediaPlayerEditor.uplugin
LogPluginManager: Loaded Plugin WmfMedia, From D:/Program Files/Epic Games/4.14/Engine/Plugins/Media/WmfMedia/WmfMedia.uplugin
LogPluginManager: Loaded Plugin MessagingDebugger, From D:/Program Files/Epic Games/4.14/Engine/Plugins/Messaging/MessagingDebugger/MessagingDebugger.uplugin
LogPluginManager: Loaded Plugin TcpMessaging, From D:/Program Files/Epic Games/4.14/Engine/Plugins/Messaging/TcpMessaging/TcpMessaging.uplugin
LogPluginManager: Loaded Plugin UdpMessaging, From D:/Program Files/Epic Games/4.14/Engine/Plugins/Messaging/UdpMessaging/UdpMessaging.uplugin
LogPluginManager: Loaded Plugin LevelSequenceEditor, From D:/Program Files/Epic Games/4.14/Engine/Plugins/MovieScene/LevelSequenceEditor/LevelSequenceEditor.uplugin
LogPluginManager: Loaded Plugin MatineeToLevelSequence, From D:/Program Files/Epic Games/4.14/Engine/Plugins/MovieScene/MatineeToLevelSequence/MatineeToLevelSequence.uplugin
LogPluginManager: Loaded Plugin NetcodeUnitTest, From D:/Program Files/Epic Games/4.14/Engine/Plugins/NetcodeUnitTest/NetcodeUnitTest/NetcodeUnitTest.uplugin
LogPluginManager: Loaded Plugin NUTUnrealEngine4, From D:/Program Files/Epic Games/4.14/Engine/Plugins/NetcodeUnitTest/NUTUnrealEngine4/NUTUnrealEngine4.uplugin
LogPluginManager: Loaded Plugin OnlineSubsystemGameCircle, From D:/Program Files/Epic Games/4.14/Engine/Plugins/Online/Android/OnlineSubsystemGameCircle/OnlineSubsystemGameCircle.uplugin
LogPluginManager: Loaded Plugin OnlineSubsystemGooglePlay, From D:/Program Files/Epic Games/4.14/Engine/Plugins/Online/Android/OnlineSubsystemGooglePlay/OnlineSubsystemGooglePlay.uplugin
LogPluginManager: Loaded Plugin OnlineSubsystemIOS, From D:/Program Files/Epic Games/4.14/Engine/Plugins/Online/IOS/OnlineSubsystemIOS/OnlineSubsystemIOS.uplugin
LogPluginManager: Loaded Plugin OnlineFramework, From D:/Program Files/Epic Games/4.14/Engine/Plugins/Online/OnlineFramework/OnlineFramework.uplugin
LogPluginManager: Loaded Plugin OnlineSubsystem, From D:/Program Files/Epic Games/4.14/Engine/Plugins/Online/OnlineSubsystem/OnlineSubsystem.uplugin
LogPluginManager: Loaded Plugin OnlineSubsystemAmazon, From D:/Program Files/Epic Games/4.14/Engine/Plugins/Online/OnlineSubsystemAmazon/OnlineSubsystemAmazon.uplugin
LogPluginManager: Loaded Plugin OnlineSubsystemFacebook, From D:/Program Files/Epic Games/4.14/Engine/Plugins/Online/OnlineSubsystemFacebook/OnlineSubsystemFacebook.uplugin
LogPluginManager: Loaded Plugin OnlineSubsystemNull, From D:/Program Files/Epic Games/4.14/Engine/Plugins/Online/OnlineSubsystemNull/OnlineSubsystemNull.uplugin
LogPluginManager: Loaded Plugin OnlineSubsystemOculus, From D:/Program Files/Epic Games/4.14/Engine/Plugins/Online/OnlineSubsystemOculus/OnlineSubsystemOculus.uplugin
LogPluginManager: Loaded Plugin OnlineSubsystemSteam, From D:/Program Files/Epic Games/4.14/Engine/Plugins/Online/OnlineSubsystemSteam/OnlineSubsystemSteam.uplugin
LogPluginManager: Loaded Plugin OnlineSubsystemUtils, From D:/Program Files/Epic Games/4.14/Engine/Plugins/Online/OnlineSubsystemUtils/OnlineSubsystemUtils.uplugin
LogPluginManager: Loaded Plugin IOSTapJoy, From D:/Program Files/Epic Games/4.14/Engine/Plugins/Runtime/Advertising/IOSTapJoy/IOSTapJoy.uplugin
LogPluginManager: Loaded Plugin AnalyticsBlueprintLibrary, From D:/Program Files/Epic Games/4.14/Engine/Plugins/Runtime/Analytics/AnalyticsBlueprintLibrary/AnalyticsBlueprintLibrary.uplugin
LogPluginManager: Loaded Plugin AnalyticsMulticast, From D:/Program Files/Epic Games/4.14/Engine/Plugins/Runtime/Analytics/AnalyticsMulticast/AnalyticsMulticast.uplugin
LogPluginManager: Loaded Plugin Apsalar, From D:/Program Files/Epic Games/4.14/Engine/Plugins/Runtime/Analytics/Apsalar/Apsalar.uplugin
LogPluginManager: Loaded Plugin FileLogging, From D:/Program Files/Epic Games/4.14/Engine/Plugins/Runtime/Analytics/FileLogging/FileLogging.uplugin
LogPluginManager: Loaded Plugin Flurry, From D:/Program Files/Epic Games/4.14/Engine/Plugins/Runtime/Analytics/Flurry/Flurry.uplugin
LogPluginManager: Loaded Plugin AndroidDeviceProfileSelector, From D:/Program Files/Epic Games/4.14/Engine/Plugins/Runtime/AndroidDeviceProfileSelector/AndroidDeviceProfileSelector.uplugin
LogPluginManager: Loaded Plugin AndroidMoviePlayer, From D:/Program Files/Epic Games/4.14/Engine/Plugins/Runtime/AndroidMoviePlayer/AndroidMoviePlayer.uplugin
LogPluginManager: Loaded Plugin AppleMoviePlayer, From D:/Program Files/Epic Games/4.14/Engine/Plugins/Runtime/AppleMoviePlayer/AppleMoviePlayer.uplugin
LogPluginManager: Loaded Plugin ArchVisCharacter, From D:/Program Files/Epic Games/4.14/Engine/Plugins/Runtime/ArchVisCharacter/ArchVisCharacter.uplugin
LogPluginManager: Loaded Plugin CableComponent, From D:/Program Files/Epic Games/4.14/Engine/Plugins/Runtime/CableComponent/CableComponent.uplugin
LogPluginManager: Loaded Plugin CustomMeshComponent, From D:/Program Files/Epic Games/4.14/Engine/Plugins/Runtime/CustomMeshComponent/CustomMeshComponent.uplugin
LogPluginManager: Loaded Plugin ExampleDeviceProfileSelector, From D:/Program Files/Epic Games/4.14/Engine/Plugins/Runtime/ExampleDeviceProfileSelector/ExampleDeviceProfileSelector.uplugin
LogPluginManager: Loaded Plugin GearVR, From D:/Program Files/Epic Games/4.14/Engine/Plugins/Runtime/GearVR/GearVR.uplugin
LogPluginManager: Loaded Plugin GoogleVRController, From D:/Program Files/Epic Games/4.14/Engine/Plugins/Runtime/GoogleVR/GoogleVRController/GoogleVRController.uplugin
LogPluginManager: Loaded Plugin GoogleVRHMD, From D:/Program Files/Epic Games/4.14/Engine/Plugins/Runtime/GoogleVR/GoogleVRHMD/GoogleVRHMD.uplugin
LogPluginManager: Loaded Plugin IOSDeviceProfileSelector, From D:/Program Files/Epic Games/4.14/Engine/Plugins/Runtime/IOSDeviceProfileSelector/IOSDeviceProfileSelector.uplugin
LogPluginManager: Loaded Plugin LeapMotion, From D:/Program Files/Epic Games/4.14/Engine/Plugins/Runtime/LeapMotion/LeapMotion.uplugin
LogPluginManager: Loaded Plugin LinuxDeviceProfileSelector, From D:/Program Files/Epic Games/4.14/Engine/Plugins/Runtime/LinuxDeviceProfileSelector/LinuxDeviceProfileSelector.uplugin
LogPluginManager: Loaded Plugin MIDIDevice, From D:/Program Files/Epic Games/4.14/Engine/Plugins/Runtime/MIDIDevice/MIDIDevice.uplugin
LogPluginManager: Loaded Plugin MobilePatchingUtils, From D:/Program Files/Epic Games/4.14/Engine/Plugins/Runtime/MobilePatchingUtils/MobilePatchingUtils.uplugin
LogPluginManager: Loaded Plugin Ansel, From D:/Program Files/Epic Games/4.14/Engine/Plugins/Runtime/Nvidia/Ansel/Ansel.uplugin
LogPluginManager: Loaded Plugin OculusAudio, From D:/Program Files/Epic Games/4.14/Engine/Plugins/Runtime/OculusAudio/OculusAudio.uplugin
LogPluginManager: Loaded Plugin OculusInput, From D:/Program Files/Epic Games/4.14/Engine/Plugins/Runtime/OculusInput/OculusInput.uplugin
LogPluginManager: Loaded Plugin OculusLibrary, From D:/Program Files/Epic Games/4.14/Engine/Plugins/Runtime/OculusLibrary/OculusLibrary.uplugin
LogPluginManager: Loaded Plugin OculusRift, From D:/Program Files/Epic Games/4.14/Engine/Plugins/Runtime/OculusRift/OculusRift.uplugin
LogPluginManager: Loaded Plugin Oodle, From D:/Program Files/Epic Games/4.14/Engine/Plugins/Runtime/PacketHandlers/CompressionComponents/Oodle/Oodle.uplugin
LogPluginManager: Loaded Plugin ProceduralMeshComponent, From D:/Program Files/Epic Games/4.14/Engine/Plugins/Runtime/ProceduralMeshComponent/ProceduralMeshComponent.uplugin
LogPluginManager: Loaded Plugin SoundMod, From D:/Program Files/Epic Games/4.14/Engine/Plugins/Runtime/SoundMod/SoundMod.uplugin
LogPluginManager: Loaded Plugin SoundVisualizations, From D:/Program Files/Epic Games/4.14/Engine/Plugins/Runtime/SoundVisualizations/SoundVisualizations.uplugin
LogPluginManager: Loaded Plugin SteamController, From D:/Program Files/Epic Games/4.14/Engine/Plugins/Runtime/Steam/SteamController/SteamController.uplugin
LogPluginManager: Loaded Plugin SteamVR, From D:/Program Files/Epic Games/4.14/Engine/Plugins/Runtime/Steam/SteamVR/SteamVR.uplugin
LogPluginManager: Loaded Plugin WebBrowserWidget, From D:/Program Files/Epic Games/4.14/Engine/Plugins/Runtime/WebBrowserWidget/WebBrowserWidget.uplugin
LogPluginManager: Loaded Plugin WindowsDeviceProfileSelector, From D:/Program Files/Epic Games/4.14/Engine/Plugins/Runtime/WindowsDeviceProfileSelector/WindowsDeviceProfileSelector.uplugin
LogPluginManager: Loaded Plugin WindowsMoviePlayer, From D:/Program Files/Epic Games/4.14/Engine/Plugins/Runtime/WindowsMoviePlayer/WindowsMoviePlayer.uplugin
LogPluginManager: Loaded Plugin ScriptPlugin, From D:/Program Files/Epic Games/4.14/Engine/Plugins/ScriptPlugin/ScriptPlugin.uplugin
LogPluginManager: Loaded Plugin SlateRemote, From D:/Program Files/Epic Games/4.14/Engine/Plugins/Slate/SlateRemote/SlateRemote.uplugin
LogPluginManager: Loaded Plugin EditorTests, From D:/Program Files/Epic Games/4.14/Engine/Plugins/Tests/EditorTests/EditorTests.uplugin
LogPluginManager: Loaded Plugin FbxAutomationTestBuilder, From D:/Program Files/Epic Games/4.14/Engine/Plugins/Tests/FbxAutomationTestBuilder/FbxAutomationTestBuilder.uplugin
LogPluginManager: Loaded Plugin FunctionalTestingEditor, From D:/Program Files/Epic Games/4.14/Engine/Plugins/Tests/FunctionalTestingEditor/FunctionalTestingEditor.uplugin
LogPluginManager: Loaded Plugin RuntimeTests, From D:/Program Files/Epic Games/4.14/Engine/Plugins/Tests/RuntimeTests/RuntimeTests.uplugin
LogPluginManager: Loaded Plugin ScreenshotTools, From D:/Program Files/Epic Games/4.14/Engine/Plugins/Tests/ScreenshotTools/ScreenshotTools.uplugin
LogInit: Using libcurl 7.47.1
LogInit:  - built for x86_64-pc-win32
LogInit:  - supports SSL with OpenSSL/1.0.2g
LogInit:  - supports HTTP deflate (compression) using libz 1.2.8
LogInit:  - other features:
LogInit:      CURL_VERSION_SSL
LogInit:      CURL_VERSION_LIBZ
LogInit:      CURL_VERSION_IPV6
LogInit:      CURL_VERSION_ASYNCHDNS
LogInit:      CURL_VERSION_LARGEFILE
LogInit:      CURL_VERSION_IDN
LogInit:  CurlRequestOptions (configurable via config and command line):
LogInit:  - bVerifyPeer = false  - Libcurl will NOT verify peer certificate
LogInit:  - bUseHttpProxy = false  - Libcurl will NOT use HTTP proxy
LogInit:  - bDontReuseConnections = false  - Libcurl will reuse connections
LogInit:  - CertBundlePath = nullptr  - Libcurl will use whatever was configured at build time.
LogInit: Build: ++UE4+Release-4.14-CL-3249277
LogInit: Engine Version: 4.14.3-3249277+++UE4+Release-4.14
LogInit: Compatible Engine Version: 4.14.0-3195953+++UE4+Release-4.14
LogInit: Net CL: 3195953
LogDevObjectVersion: Number of dev versions registered: 13
LogDevObjectVersion:   Dev-Blueprints (B0D832E4-1F89-4F0D-ACCF-7EB736FD4AA2): 7
LogDevObjectVersion:   Dev-Build (E1C64328-A22C-4D53-A36C-8E866417BD8C): 0
LogDevObjectVersion:   Dev-Core (375EC13C-06E4-48FB-B500-84F0262A717E): 1
LogDevObjectVersion:   Dev-Editor (E4B068ED-F494-42E9-A231-DA0B2E46BB41): 8
LogDevObjectVersion:   Dev-Framework (CFFC743F-43B0-4480-9391-14DF171D2073): 17
LogDevObjectVersion:   Dev-Mobile (B02B49B5-BB20-44E9-A304-32B752E40360): 0
LogDevObjectVersion:   Dev-Networking (A4E4105C-59A1-49B5-A7C5-40C4547EDFEE): 0
LogDevObjectVersion:   Dev-Online (39C831C9-5AE6-47DC-9A44-9C173E1C8E7C): 0
LogDevObjectVersion:   Dev-Physics (78F01B33-EBEA-4F98-B9B4-84EACCB95AA2): 0
LogDevObjectVersion:   Dev-Platform (6631380F-2D4D-43E0-8009-CF276956A95A): 0
LogDevObjectVersion:   Dev-Rendering (12F88B9F-8875-4AFC-A67C-D90C383ABD29): 12
LogDevObjectVersion:   Dev-Sequencer (7B5AE74C-D270-4C10-A958-57980B212A5A): 1
LogDevObjectVersion:   Dev-VR (D7296918-1DD6-4BDD-9DE2-64A83CC13884): 0
LogInit: Compiled (64-bit): Jan  6 2017 10:49:43
LogInit: Compiled with Visual C++: 19.00.23026.00
LogInit: Build Configuration: Development
LogInit: Branch Name: ++UE4+Release-4.14
LogInit: Command line: -EpicPortal 
LogInit: Base directory: D:/Program Files/Epic Games/4.14/Engine/Binaries/Win64/
LogInit: Installed Engine Build: 1
LogInit: Presizing for max 8388607 objects, including 0 objects not considered by GC, pre-allocating 0 bytes for permanent pool.
LogInit: Object subsystem initialized
[2017.02.24-11.01.24:278][  0]LogConsoleManager:Display: Setting the console variable 'r.RHICmdBypass' with 'SetByProjectSetting' was ignored as it is lower priority than the previous 'SetBySystemSettingsIni'
[2017.02.24-11.01.24:281][  0]LogInit: Selected Device Profile: [Windows]
[2017.02.24-11.01.24:281][  0]LogInit: Applying CVar settings loaded from the selected device profile: [Windows]
[2017.02.24-11.01.24:310][  0]LogInit: Computer: SCARDINALI7
[2017.02.24-11.01.24:310][  0]LogInit: User: scardinali
[2017.02.24-11.01.24:310][  0]LogInit: CPU Page size=65536, Cores=4
[2017.02.24-11.01.24:310][  0]LogInit: High frequency timer resolution =2.630839 MHz
[2017.02.24-11.01.24:310][  0]LogMemory: Memory total: Physical=31.9GB (32GB approx)
[2017.02.24-11.01.24:310][  0]LogMemory: Platform Memory Stats for Windows
[2017.02.24-11.01.24:310][  0]LogMemory: Process Physical Memory: 266.09 MB used, 266.09 MB peak
[2017.02.24-11.01.24:310][  0]LogMemory: Process Virtual Memory: 265.50 MB used, 265.50 MB peak
[2017.02.24-11.01.24:310][  0]LogMemory: Physical Memory: 8607.70 MB used,  24093.72 MB free, 32701.42 MB total
[2017.02.24-11.01.24:310][  0]LogMemory: Virtual Memory: 663.64 MB used,  24093.72 MB free, 8388608.00 MB total
[2017.02.24-11.01.24:352][  0]LogTextLocalizationManager: No specific translations for ('en-US') exist, so ('en') translations will be used.
[2017.02.24-11.01.25:167][  0]LogD3D11RHI: D3D11 adapters:
[2017.02.24-11.01.25:196][  0]LogD3D11RHI:    0. 'NVIDIA Quadro K3000M' (Feature Level 11_0)
[2017.02.24-11.01.25:196][  0]LogD3D11RHI:       1990/0/16094 MB DedicatedVideo/DedicatedSystem/SharedSystem, Outputs:1, VendorId:0x10de
[2017.02.24-11.01.25:196][  0]LogD3D11RHI: Chosen D3D11 Adapter: 0
[2017.02.24-11.01.25:203][  0]LogD3D11RHI: Creating new Direct3DDevice
[2017.02.24-11.01.25:203][  0]LogD3D11RHI:     GPU DeviceId: 0x11be (for the marketing name, search the web for "GPU Device Id")
[2017.02.24-11.01.25:203][  0]LogWindows: EnumDisplayDevices:
[2017.02.24-11.01.25:203][  0]LogWindows:    0. 'NVIDIA Quadro K3000M' (P:1 D:1)
[2017.02.24-11.01.25:204][  0]LogWindows:    1. 'NVIDIA Quadro K3000M' (P:0 D:0)
[2017.02.24-11.01.25:204][  0]LogWindows:    2. 'NVIDIA Quadro K3000M' (P:0 D:0)
[2017.02.24-11.01.25:204][  0]LogWindows:    3. 'NVIDIA Quadro K3000M' (P:0 D:0)
[2017.02.24-11.01.25:204][  0]LogWindows:    4. 'RDPDD Chained DD' (P:0 D:0)
[2017.02.24-11.01.25:204][  0]LogWindows:    5. 'RDP Encoder Mirror Driver' (P:0 D:0)
[2017.02.24-11.01.25:204][  0]LogWindows:    6. 'RDP Reflector Display Driver' (P:0 D:0)
[2017.02.24-11.01.25:204][  0]LogWindows: DebugString: GetVideoDriverDetailsInvalid PrimaryIsNotTheChoosenAdapter GetVideoDriverDetailsInvalid PrimaryIsNotTheChoosenAdapter GetVideoDriverDetailsInvalid PrimaryIsNotTheChoosenAdapter FoundDriverCount:4 
[2017.02.24-11.01.25:204][  0]LogD3D11RHI:     Adapter Name: NVIDIA Quadro K3000M
[2017.02.24-11.01.25:204][  0]LogD3D11RHI:   Driver Version: 348.07 (internal:9.18.13.4807, unified:348.07)
[2017.02.24-11.01.25:204][  0]LogD3D11RHI:      Driver Date: 4-26-2015
[2017.02.24-11.01.25:204][  0]LogRHI: Texture pool is 1361 MB (70% of 1945 MB)
[2017.02.24-11.01.25:225][  0]LogD3D11RHI:Warning: Timestamp queries are currently disabled on this hardware due to instability. Realtime GPU stats will not be available. You can override this behaviour by setting r.NVIDIATimestampWorkaround to 0
[2017.02.24-11.01.25:225][  0]LogD3D11RHI: Async texture creation enabled
[2017.02.24-11.01.25:241][  0]LogD3D11RHI: GPU Timing Frequency: 1000.000000 (Debug: 2 2)
[2017.02.24-11.01.25:241][  0]LogShaderCompilers: Guid format shader working directory is 11 characters bigger than the processId version (F:/Stephs_Unreal/DSG04/Unreal_VR_DSG_01/Intermediate/Shaders/WorkingDirectory/12228/).
[2017.02.24-11.01.25:242][  0]LogShaderCompilers: Cleaned the shader compiler working directory 'C:/Users/scardinali/AppData/Local/Temp/UnrealShaderWorkingDir/FD4C03CE4CC5322F8D00B4896B1EF500/'.
[2017.02.24-11.01.25:242][  0]LogShaderCompilers:Display: Using Local Shader Compiler.
[2017.02.24-11.01.26:332][  0]LogTemp:Display: Loaded TP AllDesktopTargetPlatform
[2017.02.24-11.01.26:386][  0]LogTemp:Display: Loaded TP MacClientTargetPlatform
[2017.02.24-11.01.26:441][  0]LogTemp:Display: Loaded TP MacNoEditorTargetPlatform
[2017.02.24-11.01.26:496][  0]LogTemp:Display: Loaded TP MacServerTargetPlatform
[2017.02.24-11.01.26:551][  0]LogTemp:Display: Loaded TP MacTargetPlatform
[2017.02.24-11.01.26:606][  0]LogTemp:Display: Loaded TP WindowsClientTargetPlatform
[2017.02.24-11.01.26:661][  0]LogTemp:Display: Loaded TP WindowsNoEditorTargetPlatform
[2017.02.24-11.01.26:715][  0]LogTemp:Display: Loaded TP WindowsServerTargetPlatform
[2017.02.24-11.01.26:761][  0]LogTemp:Display: Loaded TP WindowsTargetPlatform
[2017.02.24-11.01.26:815][  0]LogTemp:Display: Loaded TP AndroidTargetPlatform
[2017.02.24-11.01.26:869][  0]LogTemp:Display: Loaded TP Android_ASTCTargetPlatform
[2017.02.24-11.01.26:922][  0]LogTemp:Display: Loaded TP Android_ATCTargetPlatform
[2017.02.24-11.01.26:977][  0]LogTemp:Display: Loaded TP Android_DXTTargetPlatform
[2017.02.24-11.01.27:030][  0]LogTemp:Display: Loaded TP Android_ETC1TargetPlatform
[2017.02.24-11.01.27:085][  0]LogTemp:Display: Loaded TP Android_ETC2TargetPlatform
[2017.02.24-11.01.27:195][  0]LogTemp:Display: Loaded TP Android_MultiTargetPlatform
[2017.02.24-11.01.27:195][  0]LogTemp:Display: Loaded TP Android_PVRTCTargetPlatform
[2017.02.24-11.01.27:230][  0]LogTemp:Display: Loaded TP HTML5TargetPlatform
[2017.02.24-11.01.27:312][  0]LogTemp:Display: Loaded TP IOSTargetPlatform
[2017.02.24-11.01.27:344][  0]LogTemp:Display: Loaded TP TVOSTargetPlatform
[2017.02.24-11.01.27:400][  0]LogTemp:Display: Loaded TP LinuxClientTargetPlatform
[2017.02.24-11.01.27:454][  0]LogTemp:Display: Loaded TP LinuxNoEditorTargetPlatform
[2017.02.24-11.01.27:508][  0]LogTemp:Display: Loaded TP LinuxServerTargetPlatform
[2017.02.24-11.01.27:563][  0]LogTemp:Display: Loaded TP LinuxTargetPlatform
[2017.02.24-11.01.27:564][  0]LogTargetPlatformManager:Display: Building Assets For Windows
[2017.02.24-11.01.27:881][  0]LogDerivedDataCache:Display: Max Cache Size: 512 MB
[2017.02.24-11.01.27:952][  0]LogDerivedDataCache: Loaded boot cache 0.07s 61MB C:/Users/scardinali/AppData/Local/UnrealEngine/4.14/DerivedDataCache/Boot.ddc.
[2017.02.24-11.01.27:953][  0]LogDerivedDataCache:Display: Loaded Boot cache: C:/Users/scardinali/AppData/Local/UnrealEngine/4.14/DerivedDataCache/Boot.ddc
[2017.02.24-11.01.27:953][  0]LogDerivedDataCache: FDerivedDataBackendGraph:  Pak pak cache file F:/Stephs_Unreal/DSG04/Unreal_VR_DSG_01/DerivedDataCache/DDC.ddp not found, will not use a pak cache.
[2017.02.24-11.01.27:953][  0]LogDerivedDataCache: Unable to find inner node Pak for hierarchical cache Hierarchy.
[2017.02.24-11.01.27:953][  0]LogDerivedDataCache: FDerivedDataBackendGraph:  CompressedPak pak cache file F:/Stephs_Unreal/DSG04/Unreal_VR_DSG_01/DerivedDataCache/Compressed.ddp not found, will not use a pak cache.
[2017.02.24-11.01.27:953][  0]LogDerivedDataCache: Unable to find inner node CompressedPak for hierarchical cache Hierarchy.
[2017.02.24-11.01.27:971][  0]LogDerivedDataCache:Display: Pak cache opened for reading ../../../Engine/DerivedDataCache/Compressed.ddp.
[2017.02.24-11.01.27:983][  0]LogDerivedDataCache: Using Local data cache path C:/Users/scardinali/AppData/Local/UnrealEngine/Common/DerivedDataCache: Writable
[2017.02.24-11.01.28:265][  0]LogInit: Selected Device Profile: [Windows]
[2017.02.24-11.01.28:269][  0]LogContentStreaming: Texture pool size is 0.00 MB
[2017.02.24-11.01.28:479][  0]LogMeshUtilities: Using QuadricMeshReduction for automatic static mesh reduction
[2017.02.24-11.01.28:518][  0]LogSimplygon: Simplygon DLL not present - disabling.
[2017.02.24-11.01.28:561][  0]LogMeshUtilities: Using SimplygonSwarm for distributed automatic mesh merging
[2017.02.24-11.01.28:561][  0]LogMeshUtilities: No automatic skeletal mesh reduction module available
[2017.02.24-11.01.28:561][  0]LogMeshUtilities: No automatic mesh merging module available
[2017.02.24-11.01.29:159][  0]LogNetVersion: GetLocalNetworkVersion: CL: 3195953, ProjectName: unreal_vr_dsg_01, ProjectVersion: , EngineNetworkVersion: 2, GameNetworkVersion: 0, NetworkChecksum: 1507437998
[2017.02.24-11.01.29:210][  0]LogAssetRegistry: FAssetRegistry took 0.0198 seconds to start up
[2017.02.24-11.01.30:215][  0]LogPackageLocalizationCache: Processed 3 localized package path(s) for 2 prioritized culture(s) in 0.990817 seconds
[2017.02.24-11.01.30:230][  0]LogUObjectArray: 31946 objects as part of root set at end of initial load.
[2017.02.24-11.01.30:230][  0]LogUObjectAllocator: 6935840 out of 0 bytes used by permanent object pool.
[2017.02.24-11.01.30:230][  0]LogUObjectArray: CloseDisregardForGC: 0/0 objects in disregard for GC pool
[2017.02.24-11.01.30:298][  0]LogInit: WinSock: version 1.1 (2.2), MaxSocks=32767, MaxUdp=65467
[2017.02.24-11.01.30:980][  0]LogSlate: Using Freetype 2.6.0
[2017.02.24-11.01.30:982][  0]LogSlate: SlateFontCache - WITH_FREETYPE: 1, WITH_HARFBUZZ: 1
[2017.02.24-11.01.30:982][  0]LogSlate: SlateFontCache - WITH_FREETYPE: 1, WITH_HARFBUZZ: 1
[2017.02.24-11.01.32:449][  0]LogSubstanceCoreModule: Substance [CPU] Engine Loaded, Max Texture Size = 2048
[2017.02.24-11.01.32:472][  0]LogTcpMessaging: Initializing TcpMessaging bridge
[2017.02.24-11.01.32:505][  0]LogUdpMessaging: Initializing bridge on interface 0.0.0.0:0 to multicast group 230.0.0.1:6666.
[2017.02.24-11.01.32:911][  0]LogMaterial: Uniform references updated for custom material expression Custom.
[2017.02.24-11.01.33:311][  0]SourceControl: Info Source control is disabled
[2017.02.24-11.01.33:343][  0]SourceControl: Info Source control is disabled
[2017.02.24-11.01.33:386][  0]SourceControl: Info Source control is disabled
[2017.02.24-11.01.33:428][  0]SourceControl: Info Source control is disabled
[2017.02.24-11.01.34:628][  0]LogEngine: Initializing Engine...
[2017.02.24-11.01.34:629][  0]LogHMD: Failed to initialize OpenVR with code 110
[2017.02.24-11.01.34:889][  0]LogAIModule: Creating AISystem for world Untitled
[2017.02.24-11.01.34:900][  0]LogInit: XAudio2 using 'Speakers / HP (IDT High Definition Audio CODEC)' : 2 channels at 48 kHz using 16 bits per sample (channel mask 0x3)
[2017.02.24-11.01.34:926][  0]LogInit: FAudioDevice initialized.
[2017.02.24-11.01.34:964][  0]LogDerivedDataCache: Saved boot cache 0.04s 61MB C:/Users/scardinali/AppData/Local/UnrealEngine/4.14/DerivedDataCache/Boot.ddc.
[2017.02.24-11.01.34:970][  0]LogInit: Texture streaming: Enabled
[2017.02.24-11.01.35:131][  0]LogInit: Transaction tracking system initialized
[2017.02.24-11.01.35:451][  0]BlueprintLog: New page: Editor Load
[2017.02.24-11.01.36:261][  0]LocalizationService: Info Localization service is disabled
[2017.02.24-11.01.36:865][  0]LogConsoleResponse:Display: 
[2017.02.24-11.01.37:059][  0]LogCook:Display: Max memory allowance for cook 16384mb min free memory 0mb
[2017.02.24-11.01.37:059][  0]LogCook:Display: Mobile HDR setting 1
[2017.02.24-11.01.37:891][  0]LogFileCache: Scanning file cache for directory 'F:/Stephs_Unreal/DSG04/Unreal_VR_DSG_01/Content/' took 0.02s
[2017.02.24-11.01.37:934][  0]SourceControl: Info Source control is disabled
[2017.02.24-11.01.37:934][  0]Cmd: MAP LOAD FILE="F:/Stephs_Unreal/DSG04/Unreal_VR_DSG_01/Content/VirtualRealityBP/Maps/StartupMap.umap" TEMPLATE=0 SHOWPROGRESS=1 FEATURELEVEL=3
[2017.02.24-11.01.38:025][  0]LightingResults: New page: Lighting Build
[2017.02.24-11.01.38:113][  0]MapCheck: New page: Map Check
[2017.02.24-11.01.38:113][  0]LightingResults: New page: Lighting Build
[2017.02.24-11.01.40:404][  0]LogLinker:Warning: Can't find file '/Game/DSG/Meshes/Conveyor/ZiP-Line-Logo_3'
[2017.02.24-11.01.40:404][  0]LogLinker:Warning: Can't find file for asset '/Game/DSG/Meshes/Conveyor/ZiP-Line-Logo_3' while loading F:/Stephs_Unreal/DSG04/Unreal_VR_DSG_01/Content/DSG/Meshes/Conveyor/M_Zipline_Logo.uasset.
[2017.02.24-11.01.40:408][  0]LoadErrors:Error: Error /Game/DSG/Meshes/Conveyor/M_Zipline_Logo : Can't find file for asset. /Game/DSG/Meshes/Conveyor/ZiP-Line-Logo_3
[2017.02.24-11.01.40:408][  0]LogLinker:Warning: Can't find file '/Game/DSG/Meshes/Conveyor/ZiP-Line-Logo_3'
[2017.02.24-11.01.40:408][  0]LogLinker:Warning: Can't find file for asset '/Game/DSG/Meshes/Conveyor/ZiP-Line-Logo_3' while loading F:/Stephs_Unreal/DSG04/Unreal_VR_DSG_01/Content/DSG/Meshes/Conveyor/M_Zipline_Logo.uasset.
[2017.02.24-11.01.40:408][  0]LoadErrors:Error: Error /Game/DSG/Meshes/Conveyor/M_Zipline_Logo : Can't find file for asset. /Game/DSG/Meshes/Conveyor/ZiP-Line-Logo_3
[2017.02.24-11.01.40:676][  0]LogLinker:Warning: Can't find file '/Game/DSG/Meshes/Conveyor/ZiP-Line-Logo_3'
[2017.02.24-11.01.40:677][  0]LoadErrors: Info Failed to load /Game/DSG/Meshes/Conveyor/ZiP-Line-Logo_3.ZiP-Line-Logo_3 Referenced by MaterialExpressionTextureSample_0
[2017.02.24-11.01.40:677][  0]LogLinker:Warning: Can't find file for asset '/Game/DSG/Meshes/Conveyor/ZiP-Line-Logo_3' while loading NULL.
[2017.02.24-11.01.40:677][  0]LoadErrors: Info Failed to load /Game/DSG/Meshes/Conveyor/ZiP-Line-Logo_3.ZiP-Line-Logo_3 Referenced by MaterialExpressionTextureSample_0
[2017.02.24-11.01.41:177][  0]LogMaterial: Missing cached shader map for material M_Zipline_Logo, compiling. 
[2017.02.24-11.01.41:178][  0]LogMaterial:Warning: Failed to compile Material /Game/DSG/Meshes/Conveyor/M_Zipline_Logo.M_Zipline_Logo for platform PCD3D_SM5, Default Material will be used in game.
[2017.02.24-11.01.41:178][  0]LogMaterial:Warning: 	(Node TextureSample) TextureSample> Missing input texture
[2017.02.24-11.01.41:204][  0]LogMaterial: Missing cached shader map for material Material__3241, compiling. 
[2017.02.24-11.01.41:204][  0]LogMaterial:Warning: Failed to compile Material /Game/DSG/Material__3241.Material__3241 for platform PCD3D_SM5, Default Material will be used in game.
[2017.02.24-11.01.41:204][  0]LogMaterial:Warning: 	(Node TextureSample) TextureSample> Sampler type is Normal, should be Color for /Game/DSG/GRYCON3.GRYCON3
[2017.02.24-11.01.41:211][  0]LogMaterial: Missing cached shader map for material Concrete_Cement2, compiling. 
[2017.02.24-11.01.41:211][  0]LogMaterial:Warning: Failed to compile Material /Game/DSG/Concrete_Cement2.Concrete_Cement2 for platform PCD3D_SM5, Default Material will be used in game.
[2017.02.24-11.01.41:211][  0]LogMaterial:Warning: 	(Node TextureSample) TextureSample> Sampler type is Normal, should be Color for /Game/DSG/GRYCON3.GRYCON3
[2017.02.24-11.01.41:218][  0]LogMaterial: Missing cached shader map for material Asphalt, compiling. 
[2017.02.24-11.01.41:219][  0]LogMaterial:Warning: Failed to compile Material /Game/DSG/Asphalt.Asphalt for platform PCD3D_SM5, Default Material will be used in game.
[2017.02.24-11.01.41:219][  0]LogMaterial:Warning: 	(Node TextureSample) TextureSample> Sampler type is Normal, should be Color for /Game/DSG/Asphalt3.Asphalt3
[2017.02.24-11.01.41:886][  0]LogAIModule: Creating AISystem for world StartupMap
[2017.02.24-11.01.41:902][  0]LogEditorServer: Finished looking for orphan Actors (0.000 secs)
[2017.02.24-11.01.41:902][  0]Cmd: MAP CHECKDEP NOCLEARLOG
[2017.02.24-11.01.42:000][  0]MapCheck: Info Map check complete: 0 Error(s), 0 Warning(s), took 97.982ms to complete.
[2017.02.24-11.01.42:000][  0]LogFileHelpers: Loading map 'StartupMap' took 4.066
[2017.02.24-11.01.42:145][  0]LogCollectionManager: Loaded 0 collections in 0.001508 seconds
[2017.02.24-11.01.42:234][  0]LogFileCache: Scanning file cache for directory 'F:/Stephs_Unreal/DSG04/Unreal_VR_DSG_01/Saved/Collections/' took 0.01s
[2017.02.24-11.01.42:234][  0]LogFileCache: Scanning file cache for directory 'F:/Stephs_Unreal/DSG04/Unreal_VR_DSG_01/Content/Developers/scardinali/Collections/' took 0.01s
[2017.02.24-11.01.42:234][  0]LogFileCache: Scanning file cache for directory 'F:/Stephs_Unreal/DSG04/Unreal_VR_DSG_01/Content/Collections/' took 0.01s
[2017.02.24-11.01.42:234][  0]LogCollectionManager: Rebuilt the GUID cache for 0 collections in 0.000004 seconds
[2017.02.24-11.01.42:247][  0]LogContentBrowser: Native class hierarchy populated in 0.0104 seconds. Added 2204 classes and 434 folders.
[2017.02.24-11.01.42:288][  0]LogStats: UGameplayTagsManager::ConstructGameplayTagTree: Construct from data asset -  0.000 s
[2017.02.24-11.01.42:288][  0]LogStats: UGameplayTagsManager::ConstructGameplayTagTree: GameplayTagTreeChangedEvent.Broadcast -  0.000 s
[2017.02.24-11.01.42:289][  0]LogContentBrowser: Native class hierarchy updated for 'GameplayTags' in 0.0006 seconds. Added 13 classes and 0 folders.
[2017.02.24-11.01.42:345][  0]LogContentBrowser: Native class hierarchy updated for 'WidgetCarousel' in 0.0005 seconds. Added 0 classes and 0 folders.
[2017.02.24-11.01.42:499][  0]LogContentBrowser: Native class hierarchy updated for 'AddContentDialog' in 0.0005 seconds. Added 0 classes and 0 folders.
[2017.02.24-11.01.42:547][  0]LogContentBrowser: Native class hierarchy updated for 'SceneOutliner' in 0.0006 seconds. Added 1 classes and 2 folders.
[2017.02.24-11.01.42:686][  0]LogCrashTracker: Crashtracker disabled due to settings.
[2017.02.24-11.01.42:695][  0]LogUObjectGlobals:Warning: Failed to find object 'Class None.'
[2017.02.24-11.01.42:769][  0]LogContentBrowser: Native class hierarchy updated for 'HierarchicalLODOutliner' in 0.0007 seconds. Added 1 classes and 2 folders.
[2017.02.24-11.01.42:769][  0]LogLoad: (Engine Initialization) Total time: 20.86 seconds
[2017.02.24-11.01.42:769][  0]LogLoad: (Engine Initialization) Total Blueprint compile time: 0.04 seconds
[2017.02.24-11.01.42:769][  0]LogExternalProfiler: Found external profiler: VSPerf
[2017.02.24-11.01.42:769][  0]LogExternalProfiler: Using external profiler: VSPerf
[2017.02.24-11.01.42:787][  0]LogOcInput: OculusInput pre-init called
[2017.02.24-11.01.42:811][  0]LogContentStreaming: Texture pool size now 1000 MB
[2017.02.24-11.01.42:945][  0]LogContentBrowser:Verbose: The majority of assets in the view are of type: Material
[2017.02.24-11.01.42:996][  0]LogRenderer: Reallocating scene render targets to support 1208x348 NumSamples 1 (Frame:2).
[2017.02.24-11.01.43:105][  2]LogAssetRegistry: Asset discovery search completed in 13.9153 seconds
[2017.02.24-11.01.43:105][  2]LogCollectionManager: Rebuilt the object cache for 0 collections in 0.000001 seconds (found 0 objects)
[2017.02.24-11.01.43:105][  2]LogCollectionManager: Fixed up redirectors for 0 collections in 0.000019 seconds (updated 0 objects)
[2017.02.24-11.10.15:305][285]LogContentBrowser:Verbose: The majority of assets in the view are of type: Texture2D
[2017.02.24-11.10.23:698][769]LogTexture:Display: Building textures: ZiP-Line-Logo_3 (BGRA8)
[2017.02.24-11.10.30:028][143]LogMaterial: Missing cached shader map for material M_Zipline_Logo, compiling. 
[2017.02.24-11.10.30:161][143]Cmd: OBJ SAVEPACKAGE PACKAGE="/Game/DSG/Textures/T_ZiP-Line-Logo_3" FILE="F:/Stephs_Unreal/DSG04/Unreal_VR_DSG_01/Content/DSG/Textures/T_ZiP-Line-Logo_3.uasset" SILENT=true
[2017.02.24-11.10.30:169][143]LogSavePackage: Save=5.14ms
[2017.02.24-11.10.30:169][143]LogSavePackage: Moving 'F:/Stephs_Unreal/DSG04/Unreal_VR_DSG_01/Saved/T_ZiP-Line-Logo_3F8AE0CF8436969DEB6719182A32227DA.tmp' to 'F:/Stephs_Unreal/DSG04/Unreal_VR_DSG_01/Content/DSG/Textures/T_ZiP-Line-Logo_3.uasset'
[2017.02.24-11.10.30:171][143]LogSavePackage:Display: Finished SavePackage F:/Stephs_Unreal/DSG04/Unreal_VR_DSG_01/Content/DSG/Textures/T_ZiP-Line-Logo_3.uasset
[2017.02.24-11.10.33:154][143]Cmd: OBJ SAVEPACKAGE PACKAGE="/Game/DSG/Materials/M_Zipline_Logo" FILE="F:/Stephs_Unreal/DSG04/Unreal_VR_DSG_01/Content/DSG/Materials/M_Zipline_Logo.uasset" SILENT=true
[2017.02.24-11.10.33:753][143]LogSavePackage: Save=18.15ms
[2017.02.24-11.10.33:753][143]LogSavePackage: Moving 'F:/Stephs_Unreal/DSG04/Unreal_VR_DSG_01/Saved/M_Zipline_Logo5F2716A04EE87BD62212E18A5545A14E.tmp' to 'F:/Stephs_Unreal/DSG04/Unreal_VR_DSG_01/Content/DSG/Materials/M_Zipline_Logo.uasset'
[2017.02.24-11.10.33:754][143]LogSavePackage:Display: Finished SavePackage F:/Stephs_Unreal/DSG04/Unreal_VR_DSG_01/Content/DSG/Materials/M_Zipline_Logo.uasset
[2017.02.24-11.10.40:201][528]LogEditorViewport: Clicking on Actor (LMB): StaticMeshActor (DSG_BP_LOWER)
[2017.02.24-11.10.46:504][895]LogMaterial: Missing cached shader map for material M_Zipline_Logo, compiling. 
[2017.02.24-11.10.46:504][895]LogMaterial:Warning: Failed to compile Material /Engine/Transient.M_Zipline_Logo for platform PCD3D_SM5, Default Material will be used in game.
[2017.02.24-11.10.46:504][895]LogMaterial:Warning: 	(Node TextureSample) TextureSample> Missing input texture
[2017.02.24-11.10.46:618][895]LogMaterial: Missing cached shader map for material M_Zipline_Logo, compiling. 
[2017.02.24-11.10.46:619][895]LogMaterial:Warning: Failed to compile Material /Engine/Transient.M_Zipline_Logo for platform PCD3D_SM5, Default Material will be used in game.
[2017.02.24-11.10.46:619][895]LogMaterial:Warning: 	(Node TextureSample) TextureSample> Missing input texture
[2017.02.24-11.10.46:619][895]LogMaterial: 0.00 seconds spent updating 1 materials, 1 interfaces, 0 instances, 0 with static permutations.
[2017.02.24-11.10.46:643][895]LogMaterial: Missing cached shader map for material FMatExpressionPreview MaterialExpressionVectorParameter_0, compiling. 
[2017.02.24-11.10.46:648][895]LogMaterial: Missing cached shader map for material FMatExpressionPreview MaterialExpressionTextureSample_0, compiling. 
[2017.02.24-11.10.46:649][895]MaterialEditorStats:Error: Error [SM5] (Node TextureSample) TextureSample> Missing input texture
[2017.02.24-11.11.01:117][683]LogMaterial: Missing cached shader map for material M_Zipline_Logo, compiling. 
[2017.02.24-11.11.01:132][683]LogMaterial: 0.00 seconds spent updating 1 materials, 1 interfaces, 0 instances, 0 with static permutations.
[2017.02.24-11.11.01:159][683]LogMaterial: Missing cached shader map for material FMatExpressionPreview MaterialExpressionTextureSample_0, compiling. 
[2017.02.24-11.11.03:680][768]MaterialEditorStats: Info Base pass shader with only dynamic lighting: 67 instructions
[2017.02.24-11.11.03:680][768]MaterialEditorStats: Info Base pass shader for self shadowed translucency: 104 instructions
[2017.02.24-11.11.03:680][768]MaterialEditorStats: Info Vertex shader: 124 instructions
[2017.02.24-11.11.03:681][768]MaterialEditorStats: Info Texture samplers: 5/16
[2017.02.24-11.11.14:285][351]LogMaterialEditor: Applying material M_Zipline_Logo
[2017.02.24-11.11.14:806][351]LogMaterial: Missing cached shader map for material M_Zipline_Logo, compiling. 
[2017.02.24-11.11.14:837][351]LogMaterial: 0.00 seconds spent updating 1 materials, 1 interfaces, 0 instances, 0 with static permutations.
[2017.02.24-11.11.14:864][351]LogMaterial: Missing cached shader map for material M_Zipline_Logo, compiling. 
[2017.02.24-11.11.14:909][351]LogMaterial: Missing cached shader map for material M_Zipline_Logo, compiling. 
[2017.02.24-11.11.14:943][351]LogMaterial: 0.00 seconds spent updating 1 materials, 1 interfaces, 0 instances, 0 with static permutations.
[2017.02.24-11.11.17:113][421]LogMaterialEditor: Saving and Compiling material M_Zipline_Logo
[2017.02.24-11.11.19:912][421]Cmd: OBJ SAVEPACKAGE PACKAGE="/Game/DSG/Meshes/Conveyor/M_Zipline_Logo" FILE="F:/Stephs_Unreal/DSG04/Unreal_VR_DSG_01/Content/DSG/Meshes/Conveyor/M_Zipline_Logo.uasset" SILENT=true
[2017.02.24-11.11.19:947][421]LogSavePackage: Save=11.18ms
[2017.02.24-11.11.19:947][421]LogSavePackage: Moving 'F:/Stephs_Unreal/DSG04/Unreal_VR_DSG_01/Saved/M_Zipline_Logo6CC2331A48FE246F5FDB6B977DAF0D51.tmp' to 'F:/Stephs_Unreal/DSG04/Unreal_VR_DSG_01/Content/DSG/Meshes/Conveyor/M_Zipline_Logo.uasset'
[2017.02.24-11.11.19:950][421]LogSavePackage:Display: Finished SavePackage F:/Stephs_Unreal/DSG04/Unreal_VR_DSG_01/Content/DSG/Meshes/Conveyor/M_Zipline_Logo.uasset
[2017.02.24-11.11.19:955][421]MaterialEditorStats: Info Base pass shader with only dynamic lighting: 91 instructions
[2017.02.24-11.11.19:955][421]MaterialEditorStats: Info Base pass shader for self shadowed translucency: 127 instructions
[2017.02.24-11.11.19:955][421]MaterialEditorStats: Info Vertex shader: 124 instructions
[2017.02.24-11.11.19:955][421]MaterialEditorStats: Info Texture samplers: 5/16
[2017.02.24-11.11.36:768][423]LogEditorActor: Deleted Actor: StaticMeshActor
[2017.02.24-11.11.36:777][423]LogEditorActor: Deleted 1 Actors (0.013 secs)
[2017.02.24-11.11.39:098][562]LogContentBrowser:Verbose: The majority of assets in the view are of type: Material
[2017.02.24-11.11.48:999][859]LogMaterial: Missing cached shader map for material Asphalt, compiling. 
[2017.02.24-11.11.49:000][859]LogMaterial:Warning: Failed to compile Material /Game/DSG/Asphalt.Asphalt for platform PCD3D_SM5, Default Material will be used in game.
[2017.02.24-11.11.49:000][859]LogMaterial:Warning: 	(Node TextureSample) TextureSample> Missing input texture
[2017.02.24-11.11.49:002][859]LogMaterial: Missing cached shader map for material Concrete, compiling. 
[2017.02.24-11.11.49:003][859]LogMaterial:Warning: Failed to compile Material /Game/DSG/Concrete.Concrete for platform PCD3D_SM5, Default Material will be used in game.
[2017.02.24-11.11.49:003][859]LogMaterial:Warning: 	(Node TextureSample) TextureSample> Missing input texture
[2017.02.24-11.11.49:005][859]LogMaterial: Missing cached shader map for material Concrete, compiling. 
[2017.02.24-11.11.49:005][859]LogMaterial:Warning: Failed to compile Material /Game/DSG/Concrete.Concrete for platform PCD3D_SM5, Default Material will be used in game.
[2017.02.24-11.11.49:005][859]LogMaterial:Warning: 	(Node TextureSample) TextureSample> Missing input texture
[2017.02.24-11.11.49:008][859]LogMaterial: Missing cached shader map for material Concrete_Cement2, compiling. 
[2017.02.24-11.11.49:008][859]LogMaterial:Warning: Failed to compile Material /Game/DSG/Concrete_Cement2.Concrete_Cement2 for platform PCD3D_SM5, Default Material will be used in game.
[2017.02.24-11.11.49:008][859]LogMaterial:Warning: 	(Node TextureSample) TextureSample> Missing input texture
[2017.02.24-11.11.49:041][859]LogMaterial: Missing cached shader map for material Grass, compiling. 
[2017.02.24-11.11.49:042][859]LogMaterial:Warning: Failed to compile Material /Game/DSG/Grass.Grass for platform PCD3D_SM5, Default Material will be used in game.
[2017.02.24-11.11.49:042][859]LogMaterial:Warning: 	(Node TextureSample) TextureSample> Missing input texture
[2017.02.24-11.11.49:048][859]LogMaterial: Missing cached shader map for material Material__3241, compiling. 
[2017.02.24-11.11.49:049][859]LogMaterial:Warning: Failed to compile Material /Game/DSG/Material__3241.Material__3241 for platform PCD3D_SM5, Default Material will be used in game.
[2017.02.24-11.11.49:049][859]LogMaterial:Warning: 	(Node TextureSample) TextureSample> Missing input texture
[2017.02.24-11.12.24:588][241]LogSavePackage: Save=64.19ms
[2017.02.24-11.12.24:588][241]LogSavePackage: Moving 'F:/Stephs_Unreal/DSG04/Unreal_VR_DSG_01/Saved/StartupMap_Auto177E558EB4E9A10A9F49520AAECF55847.tmp' to 'F:/Stephs_Unreal/DSG04/Unreal_VR_DSG_01/Saved/Autosaves/Game/VirtualRealityBP/Maps/StartupMap_Auto1.umap'
[2017.02.24-11.12.24:589][241]LogSavePackage:Display: Finished SavePackage F:/Stephs_Unreal/DSG04/Unreal_VR_DSG_01/Saved/Autosaves/Game/VirtualRealityBP/Maps/StartupMap_Auto1.umap
[2017.02.24-11.12.24:595][241]LogFileHelpers: Editor autosave (incl. sublevels) for '/Game/VirtualRealityBP/Maps/StartupMap' took 0.180
[2017.02.24-11.12.24:595][241]LogFileHelpers: Editor autosave (incl. sublevels) for all levels took 0.180
[2017.02.24-11.13.43:531][588]LogFactory: FactoryCreateFile: StaticMesh with FbxFactory (0 0 F:/3D/DSG_Max_Project/export/FBX in cm/Building/DSG_Building.FBX)
[2017.02.24-11.13.43:552][588]LogFbx: ItemName: GlobalSettings, ItemCount : 1
[2017.02.24-11.13.43:552][588]LogFbx: ItemName: AnimationStack, ItemCount : 1
[2017.02.24-11.13.43:552][588]LogFbx: ItemName: AnimationLayer, ItemCount : 1
[2017.02.24-11.13.43:552][588]LogFbx: ItemName: Model, ItemCount : 56
[2017.02.24-11.13.43:552][588]LogFbx: ItemName: Geometry, ItemCount : 56
[2017.02.24-11.13.43:552][588]LogFbx: ItemName: Material, ItemCount : 7
[2017.02.24-11.13.43:552][588]LogFbx: ItemName: Texture, ItemCount : 10
[2017.02.24-11.13.43:552][588]LogFbx: ItemName: CollectionExclusive, ItemCount : 19
[2017.02.24-11.13.43:552][588]LogFbx: ItemName: Video, ItemCount : 8
[2017.02.24-11.13.43:560][588]LogFbx: Loading FBX Scene from F:/3D/DSG_Max_Project/export/FBX in cm/Building/DSG_Building.FBX
[2017.02.24-11.13.43:887][588]LogFbx: FBX Scene Loaded Succesfully
[2017.02.24-11.13.50:335][588]LogFbx: Loading FBX Scene from F:/3D/DSG_Max_Project/export/FBX in cm/Building/DSG_Building.FBX
[2017.02.24-11.13.50:378][588]LogFbx: FBX Scene Loaded Succesfully
[2017.02.24-11.13.50:386][588]LogLinker: Can't find file '/Game/DSG/Concrete'
[2017.02.24-11.13.50:386][588]LogLinker: Can't find file '/Game/DSG/Concrete'
[2017.02.24-11.13.50:386][588]LogLinker: Can't find file '/Game/DSG/concrete01'
[2017.02.24-11.13.50:386][588]LogLinker: Can't find file '/Game/DSG/concrete01'
[2017.02.24-11.13.51:984][588]LogTexture:Display: Building textures: concrete01 (AutoDXT)
[2017.02.24-11.13.52:445][588]LogLinker: Can't find file '/Game/DSG/concreteln'
[2017.02.24-11.13.52:446][588]LogLinker: Can't find file '/Game/DSG/concreteln'
[2017.02.24-11.13.53:849][588]LogTexture:Display: Building textures: concreteln (BC5)
[2017.02.24-11.13.53:940][588]LogMaterial: Missing cached shader map for material Concrete, compiling. 
[2017.02.24-11.13.53:967][588]LogLinker: Can't find file '/Game/DSG/Asphalt'
[2017.02.24-11.13.53:967][588]LogLinker: Can't find file '/Game/DSG/Asphalt'
[2017.02.24-11.13.53:967][588]LogLinker: Can't find file '/Game/DSG/Asphalt3'
[2017.02.24-11.13.53:967][588]LogLinker: Can't find file '/Game/DSG/Asphalt3'
[2017.02.24-11.13.54:018][588]LogTexture:Display: Building textures: Asphalt3 (AutoDXT)
[2017.02.24-11.13.54:738][588]LogTexture:Display: Building textures: Asphalt3 (AutoDXT)
[2017.02.24-11.13.55:445][588]LogFbxMaterialImport:Warning: Manual texture reimport and recompression may be needed for Asphalt3
[2017.02.24-11.13.55:475][588]LogTexture:Display: Building textures: Asphalt3 (AutoDXT)
[2017.02.24-11.13.56:116][588]LogMaterial: Missing cached shader map for material Asphalt, compiling. 
[2017.02.24-11.13.56:116][588]LogMaterial:Warning: Failed to compile Material /Game/DSG/Asphalt.Asphalt for platform PCD3D_SM5, Default Material will be used in game.
[2017.02.24-11.13.56:116][588]LogMaterial:Warning: 	(Node TextureSample) TextureSample> Sampler type is Normal, should be Color for /Game/DSG/Asphalt3.Asphalt3
[2017.02.24-11.13.56:118][588]LogLinker: Can't find file '/Game/DSG/Concrete_Cement2'
[2017.02.24-11.13.56:118][588]LogLinker: Can't find file '/Game/DSG/Concrete_Cement2'
[2017.02.24-11.13.56:118][588]LogLinker: Can't find file '/Game/DSG/GRYCON3'
[2017.02.24-11.13.56:118][588]LogLinker: Can't find file '/Game/DSG/GRYCON3'
[2017.02.24-11.13.56:609][588]LogTexture:Display: Building textures: GRYCON3 (AutoDXT)
[2017.02.24-11.13.57:204][588]LogTexture:Display: Building textures: GRYCON3 (AutoDXT)
[2017.02.24-11.13.57:775][588]LogFbxMaterialImport:Warning: Manual texture reimport and recompression may be needed for GRYCON3
[2017.02.24-11.13.57:799][588]LogTexture:Display: Building textures: GRYCON3 (AutoDXT)
[2017.02.24-11.13.58:373][588]LogMaterial: Missing cached shader map for material Concrete_Cement2, compiling. 
[2017.02.24-11.13.58:373][588]LogMaterial:Warning: Failed to compile Material /Game/DSG/Concrete_Cement2.Concrete_Cement2 for platform PCD3D_SM5, Default Material will be used in game.
[2017.02.24-11.13.58:373][588]LogMaterial:Warning: 	(Node TextureSample) TextureSample> Sampler type is Normal, should be Color for /Game/DSG/GRYCON3.GRYCON3
[2017.02.24-11.13.58:376][588]LogLinker: Can't find file '/Game/DSG/Grass'
[2017.02.24-11.13.58:376][588]LogLinker: Can't find file '/Game/DSG/Grass'
[2017.02.24-11.13.58:421][588]LogTexture:Display: Building textures: Grass2 (AutoDXT)
[2017.02.24-11.13.58:930][588]LogMaterial: Missing cached shader map for material Grass, compiling. 
[2017.02.24-11.13.58:946][588]LogLinker: Can't find file '/Game/DSG/Material__3241'
[2017.02.24-11.13.58:946][588]LogLinker: Can't find file '/Game/DSG/Material__3241'
[2017.02.24-11.13.58:975][588]LogTexture:Display: Building textures: GRYCON3 (AutoDXT)
[2017.02.24-11.13.59:720][588]LogTexture:Display: Building textures: GRYCON3 (AutoDXT)
[2017.02.24-11.14.00:410][588]LogFbxMaterialImport:Warning: Manual texture reimport and recompression may be needed for GRYCON3
[2017.02.24-11.14.00:440][588]LogTexture:Display: Building textures: GRYCON3 (AutoDXT)
[2017.02.24-11.14.01:046][588]LogMaterial: Missing cached shader map for material Material__3241, compiling. 
[2017.02.24-11.14.01:046][588]LogMaterial:Warning: Failed to compile Material /Game/DSG/Material__3241.Material__3241 for platform PCD3D_SM5, Default Material will be used in game.
[2017.02.24-11.14.01:046][588]LogMaterial:Warning: 	(Node TextureSample) TextureSample> Sampler type is Normal, should be Color for /Game/DSG/GRYCON3.GRYCON3
[2017.02.24-11.14.01:048][588]LogLinker: Can't find file '/Game/DSG/Wall_-_Beige'
[2017.02.24-11.14.01:048][588]LogLinker: Can't find file '/Game/DSG/Wall_-_Beige'
[2017.02.24-11.14.01:052][588]LogMaterial: Missing cached shader map for material Wall_-_Beige, compiling. 
[2017.02.24-11.14.01:069][588]LogLinker: Can't find file '/Game/DSG/Wall_Exterior'
[2017.02.24-11.14.01:069][588]LogLinker: Can't find file '/Game/DSG/Wall_Exterior'
[2017.02.24-11.14.01:069][588]LogPackageName:Error: DoesPackageExist: DoesPackageExist FAILED: '/Game/DSG/' is not a standard unreal filename or a long path name. Reason: Path may not end with a '/'
[2017.02.24-11.14.01:069][588]LogLinker: Can't find file '/Game/DSG/'
[2017.02.24-11.14.01:069][588]LogPackageName:Error: DoesPackageExist: DoesPackageExist FAILED: '/Game/DSG/' is not a standard unreal filename or a long path name. Reason: Path may not end with a '/'
[2017.02.24-11.14.01:069][588]LogLinker: Can't find file '/Game/DSG/'
[2017.02.24-11.14.01:069][588]LogStreaming:Warning: Failed to read file '' error.
[2017.02.24-11.14.01:069][588]LogStreaming:Warning: Failed to read file 'F:/3D/DSG_Max_Project/export/FBX in cm/Building/' error.
[2017.02.24-11.14.01:069][588]LogStreaming:Warning: Failed to read file 'F:/3D/DSG_Max_Project/export/FBX in cm/Building/' error.
[2017.02.24-11.14.01:069][588]LogFbxMaterialImport:Warning: Unable to find TEXTure file . Tried:
 - 
 - F:/3D/DSG_Max_Project/export/FBX in cm/Building/
 - F:/3D/DSG_Max_Project/export/FBX in cm/Building/
[2017.02.24-11.14.01:074][588]LogMaterial: Missing cached shader map for material Wall_Exterior, compiling. 
[2017.02.24-11.14.01:107][588]LogStaticMesh: Building static mesh DSG_Building...
[2017.02.24-11.14.01:216][588]LogStaticMesh: Built static mesh [0.11s] /Game/DSG/DSG_Building.DSG_Building
[2017.02.24-11.14.01:227][588]LogStaticMesh:Warning: DSG_Building has degenerate tangent bases which will result in incorrect shading.  MikkTSpace relies on tangent bases and may result in mesh corruption, consider disabling this option.
[2017.02.24-11.14.01:238][588]FBXImport:Warning: Warning No smoothing group information was found in this FBX scene.  Please make sure to enable the 'Export Smoothing Groups' option in the FBX Exporter plug-in before exporting the file.  Even for tools that don't support smoothing groups, the FBX Exporter will generate appropriate smoothing data at export-time so that correct vertex normals can be inferred while importing. 
[2017.02.24-11.14.01:238][588]FBXImport:Warning: Warning DSG_Building has degenerate tangent bases which will result in incorrect shading.  MikkTSpace relies on tangent bases and may result in mesh corruption, consider disabling this option. 
[2017.02.24-11.14.09:004][971]LogActorFactory: Actor Factory created DSG_Building
[2017.02.24-11.14.09:374][993]LogActorFactory: Actor Factory created DSG_Building
[2017.02.24-11.14.38:954][685]LogMaterial: Missing cached shader map for material M_Basic_Wall, compiling. 
[2017.02.24-11.15.05:140][ 83]LogTexture:Display: Building textures: T_Ceramic_Tile_N (BC5)
[2017.02.24-11.15.05:662][ 83]LogTexture:Display: Building textures: T_Rock_Marble_Polished_D (AutoDXT)
[2017.02.24-11.15.07:234][ 83]LogTexture:Display: Building textures: T_Ceramic_Tile_M (DXT1)
[2017.02.24-11.15.07:837][ 83]LogMaterial: Missing cached shader map for material M_Ceramic_Tile_Checker, compiling. 
[2017.02.24-11.20.11:947][353]LogTexture:Display: Building textures: T_Concrete_Panels_D (AutoDXT)
[2017.02.24-11.20.14:436][353]LogTexture:Display: Building textures: T_Concrete_Panels_N (BC5)
[2017.02.24-11.20.14:793][353]LogMaterial: Missing cached shader map for material M_Concrete_Panels, compiling. 
[2017.02.24-11.20.31:015][110]LogTexture:Display: Building textures: T_Concrete_Tiles_D (AutoDXT)
[2017.02.24-11.20.32:924][110]LogTexture:Display: Building textures: T_Concrete_Tiles_N (BC5)
[2017.02.24-11.20.33:457][110]LogTexture:Display: Building textures: T_Concrete_Tiles_M (AutoDXT)
[2017.02.24-11.20.35:549][110]LogTexture:Display: Building textures: T_Concrete_Tiles_Variation_M (AutoDXT)
[2017.02.24-11.20.35:601][110]LogMaterial: Missing cached shader map for material M_Concrete_Tiles, compiling. 
[2017.02.24-11.22.32:261][190]LogSavePackage: Save=51.98ms
[2017.02.24-11.22.32:261][190]LogSavePackage: Moving 'F:/Stephs_Unreal/DSG04/Unreal_VR_DSG_01/Saved/StartupMap_Auto229DB8C5D431F93340BE451961CE1C8F8.tmp' to 'F:/Stephs_Unreal/DSG04/Unreal_VR_DSG_01/Saved/Autosaves/Game/VirtualRealityBP/Maps/StartupMap_Auto2.umap'
[2017.02.24-11.22.32:263][190]LogSavePackage:Display: Finished SavePackage F:/Stephs_Unreal/DSG04/Unreal_VR_DSG_01/Saved/Autosaves/Game/VirtualRealityBP/Maps/StartupMap_Auto2.umap
[2017.02.24-11.22.32:266][190]LogFileHelpers: Editor autosave (incl. sublevels) for '/Game/VirtualRealityBP/Maps/StartupMap' took 0.095
[2017.02.24-11.22.32:266][190]LogFileHelpers: Editor autosave (incl. sublevels) for all levels took 0.095
[2017.02.24-11.22.32:275][190]OBJ SavePackage: Generating thumbnails for [1] asset(s) in package [/Game/DSG/Wall_Exterior] ([1] browsable assets)...
[2017.02.24-11.22.32:293][190]OBJ SavePackage:     Rendered thumbnail for [Material /Game/DSG/Wall_Exterior.Wall_Exterior]
[2017.02.24-11.22.32:293][190]OBJ SavePackage: Finished generating thumbnails for package [/Game/DSG/Wall_Exterior]
[2017.02.24-11.22.32:293][190]Cmd: OBJ SAVEPACKAGE PACKAGE="/Game/DSG/Wall_Exterior" FILE="F:/Stephs_Unreal/DSG04/Unreal_VR_DSG_01/Saved/Autosaves/Game/DSG/Wall_Exterior_Auto2.uasset" SILENT=false AUTOSAVING=true
[2017.02.24-11.22.32:307][190]LogSavePackage: Save=11.77ms
[2017.02.24-11.22.32:307][190]LogSavePackage: Moving 'F:/Stephs_Unreal/DSG04/Unreal_VR_DSG_01/Saved/Wall_Exterior_Auto228B7422A4044205481355A949ABBF00D.tmp' to 'F:/Stephs_Unreal/DSG04/Unreal_VR_DSG_01/Saved/Autosaves/Game/DSG/Wall_Exterior_Auto2.uasset'
[2017.02.24-11.22.32:355][190]LogSavePackage:Display: Finished SavePackage F:/Stephs_Unreal/DSG04/Unreal_VR_DSG_01/Saved/Autosaves/Game/DSG/Wall_Exterior_Auto2.uasset
[2017.02.24-11.22.32:355][190]OBJ SavePackage: Generating thumbnails for [1] asset(s) in package [/Game/DSG/Wall_-_Beige] ([1] browsable assets)...
[2017.02.24-11.22.32:375][190]OBJ SavePackage:     Rendered thumbnail for [Material /Game/DSG/Wall_-_Beige.Wall_-_Beige]
[2017.02.24-11.22.32:375][190]OBJ SavePackage: Finished generating thumbnails for package [/Game/DSG/Wall_-_Beige]
[2017.02.24-11.22.32:375][190]Cmd: OBJ SAVEPACKAGE PACKAGE="/Game/DSG/Wall_-_Beige" FILE="F:/Stephs_Unreal/DSG04/Unreal_VR_DSG_01/Saved/Autosaves/Game/DSG/Wall_-_Beige_Auto2.uasset" SILENT=false AUTOSAVING=true
[2017.02.24-11.22.32:392][190]LogSavePackage: Save=11.59ms
[2017.02.24-11.22.32:392][190]LogSavePackage: Moving 'F:/Stephs_Unreal/DSG04/Unreal_VR_DSG_01/Saved/Wall_-_Beige_Auto2A769D6CA4E566556E8625E85D85DD810.tmp' to 'F:/Stephs_Unreal/DSG04/Unreal_VR_DSG_01/Saved/Autosaves/Game/DSG/Wall_-_Beige_Auto2.uasset'
[2017.02.24-11.22.32:393][190]LogSavePackage:Display: Finished SavePackage F:/Stephs_Unreal/DSG04/Unreal_VR_DSG_01/Saved/Autosaves/Game/DSG/Wall_-_Beige_Auto2.uasset
[2017.02.24-11.22.32:393][190]OBJ SavePackage: Generating thumbnails for [1] asset(s) in package [/Game/DSG/Material__3241] ([1] browsable assets)...
[2017.02.24-11.22.32:409][190]OBJ SavePackage:     Rendered thumbnail for [Material /Game/DSG/Material__3241.Material__3241]
[2017.02.24-11.22.32:409][190]OBJ SavePackage: Finished generating thumbnails for package [/Game/DSG/Material__3241]
[2017.02.24-11.22.32:409][190]Cmd: OBJ SAVEPACKAGE PACKAGE="/Game/DSG/Material__3241" FILE="F:/Stephs_Unreal/DSG04/Unreal_VR_DSG_01/Saved/Autosaves/Game/DSG/Material__3241_Auto2.uasset" SILENT=false AUTOSAVING=true
[2017.02.24-11.22.32:425][190]LogSavePackage: Save=13.61ms
[2017.02.24-11.22.32:425][190]LogSavePackage: Moving 'F:/Stephs_Unreal/DSG04/Unreal_VR_DSG_01/Saved/Material__3241_Auto2BA079D8242F4FF36B6180B9395F0083D.tmp' to 'F:/Stephs_Unreal/DSG04/Unreal_VR_DSG_01/Saved/Autosaves/Game/DSG/Material__3241_Auto2.uasset'
[2017.02.24-11.22.32:427][190]LogSavePackage:Display: Finished SavePackage F:/Stephs_Unreal/DSG04/Unreal_VR_DSG_01/Saved/Autosaves/Game/DSG/Material__3241_Auto2.uasset
[2017.02.24-11.22.32:428][190]OBJ SavePackage: Generating thumbnails for [1] asset(s) in package [/Game/DSG/Grass2] ([1] browsable assets)...
[2017.02.24-11.22.32:437][190]OBJ SavePackage:     Rendered thumbnail for [Texture2D /Game/DSG/Grass2.Grass2]
[2017.02.24-11.22.32:437][190]OBJ SavePackage: Finished generating thumbnails for package [/Game/DSG/Grass2]
[2017.02.24-11.22.32:437][190]Cmd: OBJ SAVEPACKAGE PACKAGE="/Game/DSG/Grass2" FILE="F:/Stephs_Unreal/DSG04/Unreal_VR_DSG_01/Saved/Autosaves/Game/DSG/Grass2_Auto2.uasset" SILENT=false AUTOSAVING=true
[2017.02.24-11.22.32:459][190]LogSavePackage: Save=19.80ms
[2017.02.24-11.22.32:459][190]LogSavePackage: Moving 'F:/Stephs_Unreal/DSG04/Unreal_VR_DSG_01/Saved/Grass2_Auto296E1C4AB4801DD7C72A9F7AAB621BE65.tmp' to 'F:/Stephs_Unreal/DSG04/Unreal_VR_DSG_01/Saved/Autosaves/Game/DSG/Grass2_Auto2.uasset'
[2017.02.24-11.22.32:515][190]LogSavePackage:Display: Finished SavePackage F:/Stephs_Unreal/DSG04/Unreal_VR_DSG_01/Saved/Autosaves/Game/DSG/Grass2_Auto2.uasset
[2017.02.24-11.22.32:515][190]OBJ SavePackage: Generating thumbnails for [1] asset(s) in package [/Game/DSG/Grass] ([1] browsable assets)...
[2017.02.24-11.22.32:531][190]OBJ SavePackage:     Rendered thumbnail for [Material /Game/DSG/Grass.Grass]
[2017.02.24-11.22.32:531][190]OBJ SavePackage: Finished generating thumbnails for package [/Game/DSG/Grass]
[2017.02.24-11.22.32:531][190]Cmd: OBJ SAVEPACKAGE PACKAGE="/Game/DSG/Grass" FILE="F:/Stephs_Unreal/DSG04/Unreal_VR_DSG_01/Saved/Autosaves/Game/DSG/Grass_Auto2.uasset" SILENT=false AUTOSAVING=true
[2017.02.24-11.22.32:549][190]LogSavePackage: Save=15.46ms
[2017.02.24-11.22.32:549][190]LogSavePackage: Moving 'F:/Stephs_Unreal/DSG04/Unreal_VR_DSG_01/Saved/Grass_Auto2891D675F4231B155012837B9C602B03C.tmp' to 'F:/Stephs_Unreal/DSG04/Unreal_VR_DSG_01/Saved/Autosaves/Game/DSG/Grass_Auto2.uasset'
[2017.02.24-11.22.32:551][190]LogSavePackage:Display: Finished SavePackage F:/Stephs_Unreal/DSG04/Unreal_VR_DSG_01/Saved/Autosaves/Game/DSG/Grass_Auto2.uasset
[2017.02.24-11.22.32:551][190]OBJ SavePackage: Generating thumbnails for [1] asset(s) in package [/Game/DSG/GRYCON3] ([1] browsable assets)...
[2017.02.24-11.22.32:558][190]OBJ SavePackage:     Rendered thumbnail for [Texture2D /Game/DSG/GRYCON3.GRYCON3]
[2017.02.24-11.22.32:559][190]OBJ SavePackage: Finished generating thumbnails for package [/Game/DSG/GRYCON3]
[2017.02.24-11.22.32:559][190]Cmd: OBJ SAVEPACKAGE PACKAGE="/Game/DSG/GRYCON3" FILE="F:/Stephs_Unreal/DSG04/Unreal_VR_DSG_01/Saved/Autosaves/Game/DSG/GRYCON3_Auto2.uasset" SILENT=false AUTOSAVING=true
[2017.02.24-11.22.32:581][190]LogSavePackage: Save=19.71ms
[2017.02.24-11.22.32:581][190]LogSavePackage: Moving 'F:/Stephs_Unreal/DSG04/Unreal_VR_DSG_01/Saved/GRYCON3_Auto2E36996414B601EE91FFAEE9700E15C3C.tmp' to 'F:/Stephs_Unreal/DSG04/Unreal_VR_DSG_01/Saved/Autosaves/Game/DSG/GRYCON3_Auto2.uasset'
[2017.02.24-11.22.32:582][190]LogSavePackage:Display: Finished SavePackage F:/Stephs_Unreal/DSG04/Unreal_VR_DSG_01/Saved/Autosaves/Game/DSG/GRYCON3_Auto2.uasset
[2017.02.24-11.22.32:582][190]OBJ SavePackage: Generating thumbnails for [1] asset(s) in package [/Game/DSG/Concrete_Cement2] ([1] browsable assets)...
[2017.02.24-11.22.32:597][190]OBJ SavePackage:     Rendered thumbnail for [Material /Game/DSG/Concrete_Cement2.Concrete_Cement2]
[2017.02.24-11.22.32:597][190]OBJ SavePackage: Finished generating thumbnails for package [/Game/DSG/Concrete_Cement2]
[2017.02.24-11.22.32:597][190]Cmd: OBJ SAVEPACKAGE PACKAGE="/Game/DSG/Concrete_Cement2" FILE="F:/Stephs_Unreal/DSG04/Unreal_VR_DSG_01/Saved/Autosaves/Game/DSG/Concrete_Cement2_Auto2.uasset" SILENT=false AUTOSAVING=true
[2017.02.24-11.22.32:613][190]LogSavePackage: Save=13.16ms
[2017.02.24-11.22.32:613][190]LogSavePackage: Moving 'F:/Stephs_Unreal/DSG04/Unreal_VR_DSG_01/Saved/Concrete_Cement2_Auto2BC26AD2748379A6DFEA1DCA75C56B38F.tmp' to 'F:/Stephs_Unreal/DSG04/Unreal_VR_DSG_01/Saved/Autosaves/Game/DSG/Concrete_Cement2_Auto2.uasset'
[2017.02.24-11.22.32:615][190]LogSavePackage:Display: Finished SavePackage F:/Stephs_Unreal/DSG04/Unreal_VR_DSG_01/Saved/Autosaves/Game/DSG/Concrete_Cement2_Auto2.uasset
[2017.02.24-11.22.32:616][190]OBJ SavePackage: Generating thumbnails for [1] asset(s) in package [/Game/DSG/Asphalt3] ([1] browsable assets)...
[2017.02.24-11.22.32:624][190]OBJ SavePackage:     Rendered thumbnail for [Texture2D /Game/DSG/Asphalt3.Asphalt3]
[2017.02.24-11.22.32:624][190]OBJ SavePackage: Finished generating thumbnails for package [/Game/DSG/Asphalt3]
[2017.02.24-11.22.32:624][190]Cmd: OBJ SAVEPACKAGE PACKAGE="/Game/DSG/Asphalt3" FILE="F:/Stephs_Unreal/DSG04/Unreal_VR_DSG_01/Saved/Autosaves/Game/DSG/Asphalt3_Auto2.uasset" SILENT=false AUTOSAVING=true
[2017.02.24-11.22.32:648][190]LogSavePackage: Save=20.50ms
[2017.02.24-11.22.32:648][190]LogSavePackage: Moving 'F:/Stephs_Unreal/DSG04/Unreal_VR_DSG_01/Saved/Asphalt3_Auto2BE85C1644BFFECD2327C04AB2AAD660E.tmp' to 'F:/Stephs_Unreal/DSG04/Unreal_VR_DSG_01/Saved/Autosaves/Game/DSG/Asphalt3_Auto2.uasset'
[2017.02.24-11.22.32:674][190]LogSavePackage:Display: Finished SavePackage F:/Stephs_Unreal/DSG04/Unreal_VR_DSG_01/Saved/Autosaves/Game/DSG/Asphalt3_Auto2.uasset
[2017.02.24-11.22.32:674][190]OBJ SavePackage: Generating thumbnails for [1] asset(s) in package [/Game/DSG/Asphalt] ([1] browsable assets)...
[2017.02.24-11.22.32:690][190]OBJ SavePackage:     Rendered thumbnail for [Material /Game/DSG/Asphalt.Asphalt]
[2017.02.24-11.22.32:690][190]OBJ SavePackage: Finished generating thumbnails for package [/Game/DSG/Asphalt]
[2017.02.24-11.22.32:690][190]Cmd: OBJ SAVEPACKAGE PACKAGE="/Game/DSG/Asphalt" FILE="F:/Stephs_Unreal/DSG04/Unreal_VR_DSG_01/Saved/Autosaves/Game/DSG/Asphalt_Auto2.uasset" SILENT=false AUTOSAVING=true
[2017.02.24-11.22.32:706][190]LogSavePackage: Save=13.71ms
[2017.02.24-11.22.32:706][190]LogSavePackage: Moving 'F:/Stephs_Unreal/DSG04/Unreal_VR_DSG_01/Saved/Asphalt_Auto24685346E45EC0CF9D6785EB6C4EEF5D0.tmp' to 'F:/Stephs_Unreal/DSG04/Unreal_VR_DSG_01/Saved/Autosaves/Game/DSG/Asphalt_Auto2.uasset'
[2017.02.24-11.22.32:707][190]LogSavePackage:Display: Finished SavePackage F:/Stephs_Unreal/DSG04/Unreal_VR_DSG_01/Saved/Autosaves/Game/DSG/Asphalt_Auto2.uasset
[2017.02.24-11.22.32:708][190]OBJ SavePackage: Generating thumbnails for [1] asset(s) in package [/Game/DSG/concreteln] ([1] browsable assets)...
[2017.02.24-11.22.32:715][190]OBJ SavePackage:     Rendered thumbnail for [Texture2D /Game/DSG/concreteln.concreteln]
[2017.02.24-11.22.32:715][190]OBJ SavePackage: Finished generating thumbnails for package [/Game/DSG/concreteln]
[2017.02.24-11.22.32:716][190]Cmd: OBJ SAVEPACKAGE PACKAGE="/Game/DSG/concreteln" FILE="F:/Stephs_Unreal/DSG04/Unreal_VR_DSG_01/Saved/Autosaves/Game/DSG/concreteln_Auto2.uasset" SILENT=false AUTOSAVING=true
[2017.02.24-11.22.32:732][190]LogSavePackage: Save=12.32ms
[2017.02.24-11.22.32:732][190]LogSavePackage: Moving 'F:/Stephs_Unreal/DSG04/Unreal_VR_DSG_01/Saved/concreteln_Auto2928A8F204ABED7A36938C7AF4A9FA5D5.tmp' to 'F:/Stephs_Unreal/DSG04/Unreal_VR_DSG_01/Saved/Autosaves/Game/DSG/concreteln_Auto2.uasset'
[2017.02.24-11.22.32:734][190]LogSavePackage:Display: Finished SavePackage F:/Stephs_Unreal/DSG04/Unreal_VR_DSG_01/Saved/Autosaves/Game/DSG/concreteln_Auto2.uasset
[2017.02.24-11.22.32:735][190]OBJ SavePackage: Generating thumbnails for [1] asset(s) in package [/Game/DSG/concrete01] ([1] browsable assets)...
[2017.02.24-11.22.32:741][190]OBJ SavePackage:     Rendered thumbnail for [Texture2D /Game/DSG/concrete01.concrete01]
[2017.02.24-11.22.32:741][190]OBJ SavePackage: Finished generating thumbnails for package [/Game/DSG/concrete01]
[2017.02.24-11.22.32:741][190]Cmd: OBJ SAVEPACKAGE PACKAGE="/Game/DSG/concrete01" FILE="F:/Stephs_Unreal/DSG04/Unreal_VR_DSG_01/Saved/Autosaves/Game/DSG/concrete01_Auto2.uasset" SILENT=false AUTOSAVING=true
[2017.02.24-11.22.32:764][190]LogSavePackage: Save=19.50ms
[2017.02.24-11.22.32:764][190]LogSavePackage: Moving 'F:/Stephs_Unreal/DSG04/Unreal_VR_DSG_01/Saved/concrete01_Auto2303CD03D47314AABDF9FF19EC8F3A975.tmp' to 'F:/Stephs_Unreal/DSG04/Unreal_VR_DSG_01/Saved/Autosaves/Game/DSG/concrete01_Auto2.uasset'
[2017.02.24-11.22.32:766][190]LogSavePackage:Display: Finished SavePackage F:/Stephs_Unreal/DSG04/Unreal_VR_DSG_01/Saved/Autosaves/Game/DSG/concrete01_Auto2.uasset
[2017.02.24-11.22.32:766][190]OBJ SavePackage: Generating thumbnails for [1] asset(s) in package [/Game/DSG/Concrete] ([1] browsable assets)...
[2017.02.24-11.22.32:781][190]OBJ SavePackage:     Rendered thumbnail for [Material /Game/DSG/Concrete.Concrete]
[2017.02.24-11.22.32:781][190]OBJ SavePackage: Finished generating thumbnails for package [/Game/DSG/Concrete]
[2017.02.24-11.22.32:781][190]Cmd: OBJ SAVEPACKAGE PACKAGE="/Game/DSG/Concrete" FILE="F:/Stephs_Unreal/DSG04/Unreal_VR_DSG_01/Saved/Autosaves/Game/DSG/Concrete_Auto2.uasset" SILENT=false AUTOSAVING=true
[2017.02.24-11.22.32:798][190]LogSavePackage: Save=14.24ms
[2017.02.24-11.22.32:798][190]LogSavePackage: Moving 'F:/Stephs_Unreal/DSG04/Unreal_VR_DSG_01/Saved/Concrete_Auto268F0E3854FFC757F4B160FA157AE4635.tmp' to 'F:/Stephs_Unreal/DSG04/Unreal_VR_DSG_01/Saved/Autosaves/Game/DSG/Concrete_Auto2.uasset'
[2017.02.24-11.22.32:799][190]LogSavePackage:Display: Finished SavePackage F:/Stephs_Unreal/DSG04/Unreal_VR_DSG_01/Saved/Autosaves/Game/DSG/Concrete_Auto2.uasset
[2017.02.24-11.22.32:799][190]OBJ SavePackage: Generating thumbnails for [1] asset(s) in package [/Game/DSG/DSG_Building] ([1] browsable assets)...
[2017.02.24-11.22.32:812][190]OBJ SavePackage:     Rendered thumbnail for [StaticMesh /Game/DSG/DSG_Building.DSG_Building]
[2017.02.24-11.22.32:812][190]OBJ SavePackage: Finished generating thumbnails for package [/Game/DSG/DSG_Building]
[2017.02.24-11.22.32:813][190]Cmd: OBJ SAVEPACKAGE PACKAGE="/Game/DSG/DSG_Building" FILE="F:/Stephs_Unreal/DSG04/Unreal_VR_DSG_01/Saved/Autosaves/Game/DSG/DSG_Building_Auto2.uasset" SILENT=false AUTOSAVING=true
[2017.02.24-11.22.32:830][190]LogSavePackage: Save=14.79ms
[2017.02.24-11.22.32:830][190]LogSavePackage: Moving 'F:/Stephs_Unreal/DSG04/Unreal_VR_DSG_01/Saved/DSG_Building_Auto25EBC03954BDDA85CB1706F82749E7993.tmp' to 'F:/Stephs_Unreal/DSG04/Unreal_VR_DSG_01/Saved/Autosaves/Game/DSG/DSG_Building_Auto2.uasset'
[2017.02.24-11.22.32:831][190]LogSavePackage:Display: Finished SavePackage F:/Stephs_Unreal/DSG04/Unreal_VR_DSG_01/Saved/Autosaves/Game/DSG/DSG_Building_Auto2.uasset
[2017.02.24-11.22.32:831][190]LogFileHelpers: Auto-saving content packages took 0.557
[2017.02.24-11.26.10:511][788]LogEditorActor: Deleted Actor: StaticMeshActor
[2017.02.24-11.26.10:520][788]LogEditorActor: Deleted 1 Actors (0.009 secs)
[2017.02.24-11.26.30:096][436]LogFactory: FactoryCreateFile: StaticMesh with FbxFactory (0 0 F:/3D/DSG_Max_Project/export/FBX in cm/Building/DSG_Building.FBX)
[2017.02.24-11.26.30:103][436]LogFbx: ItemName: GlobalSettings, ItemCount : 1
[2017.02.24-11.26.30:103][436]LogFbx: ItemName: AnimationStack, ItemCount : 1
[2017.02.24-11.26.30:103][436]LogFbx: ItemName: AnimationLayer, ItemCount : 1
[2017.02.24-11.26.30:103][436]LogFbx: ItemName: Model, ItemCount : 56
[2017.02.24-11.26.30:103][436]LogFbx: ItemName: Geometry, ItemCount : 56
[2017.02.24-11.26.30:103][436]LogFbx: ItemName: Material, ItemCount : 7
[2017.02.24-11.26.30:103][436]LogFbx: ItemName: Texture, ItemCount : 10
[2017.02.24-11.26.30:103][436]LogFbx: ItemName: CollectionExclusive, ItemCount : 19
[2017.02.24-11.26.30:103][436]LogFbx: ItemName: Video, ItemCount : 8
[2017.02.24-11.26.30:108][436]LogFbx: Loading FBX Scene from F:/3D/DSG_Max_Project/export/FBX in cm/Building/DSG_Building.FBX
[2017.02.24-11.26.30:368][436]LogFbx: FBX Scene Loaded Succesfully
[2017.02.24-11.26.33:976][436]LogFbx: Loading FBX Scene from F:/3D/DSG_Max_Project/export/FBX in cm/Building/DSG_Building.FBX
[2017.02.24-11.26.34:014][436]LogFbx: FBX Scene Loaded Succesfully
[2017.02.24-11.26.34:018][436]LogLinker: Can't find file '/Game/DSG/Concrete'
[2017.02.24-11.26.34:018][436]LogLinker: Can't find file '/Game/DSG/Concrete'
[2017.02.24-11.26.34:018][436]LogLinker: Can't find file '/Game/DSG/concrete01'
[2017.02.24-11.26.34:018][436]LogLinker: Can't find file '/Game/DSG/concrete01'
[2017.02.24-11.26.34:803][436]LogTexture:Display: Building textures: concrete01 (AutoDXT)
[2017.02.24-11.26.35:279][436]LogLinker: Can't find file '/Game/DSG/concreteln'
[2017.02.24-11.26.35:279][436]LogLinker: Can't find file '/Game/DSG/concreteln'
[2017.02.24-11.26.36:047][436]LogTexture:Display: Building textures: concreteln (BC5)
[2017.02.24-11.26.36:113][436]LogMaterial: Missing cached shader map for material Concrete, compiling. 
[2017.02.24-11.26.36:134][436]LogLinker: Can't find file '/Game/DSG/Asphalt'
[2017.02.24-11.26.36:134][436]LogLinker: Can't find file '/Game/DSG/Asphalt'
[2017.02.24-11.26.36:134][436]LogLinker: Can't find file '/Game/DSG/Asphalt3'
[2017.02.24-11.26.36:134][436]LogLinker: Can't find file '/Game/DSG/Asphalt3'
[2017.02.24-11.26.36:163][436]LogTexture:Display: Building textures: Asphalt3 (AutoDXT)
[2017.02.24-11.26.36:841][436]LogTexture:Display: Building textures: Asphalt3 (AutoDXT)
[2017.02.24-11.26.37:546][436]LogFbxMaterialImport:Warning: Manual texture reimport and recompression may be needed for Asphalt3
[2017.02.24-11.26.37:573][436]LogTexture:Display: Building textures: Asphalt3 (AutoDXT)
[2017.02.24-11.26.38:191][436]LogMaterial: Missing cached shader map for material Asphalt, compiling. 
[2017.02.24-11.26.38:191][436]LogMaterial:Warning: Failed to compile Material /Game/DSG/Asphalt.Asphalt for platform PCD3D_SM5, Default Material will be used in game.
[2017.02.24-11.26.38:191][436]LogMaterial:Warning: 	(Node TextureSample) TextureSample> Sampler type is Normal, should be Color for /Game/DSG/Asphalt3.Asphalt3
[2017.02.24-11.26.38:193][436]LogLinker: Can't find file '/Game/DSG/Concrete_Cement2'
[2017.02.24-11.26.38:193][436]LogLinker: Can't find file '/Game/DSG/Concrete_Cement2'
[2017.02.24-11.26.38:193][436]LogLinker: Can't find file '/Game/DSG/GRYCON3'
[2017.02.24-11.26.38:193][436]LogLinker: Can't find file '/Game/DSG/GRYCON3'
[2017.02.24-11.26.38:635][436]LogTexture:Display: Building textures: GRYCON3 (AutoDXT)
[2017.02.24-11.26.39:228][436]LogTexture:Display: Building textures: GRYCON3 (AutoDXT)
[2017.02.24-11.26.39:794][436]LogFbxMaterialImport:Warning: Manual texture reimport and recompression may be needed for GRYCON3
[2017.02.24-11.26.39:818][436]LogTexture:Display: Building textures: GRYCON3 (AutoDXT)
[2017.02.24-11.26.40:385][436]LogMaterial: Missing cached shader map for material Concrete_Cement2, compiling. 
[2017.02.24-11.26.40:386][436]LogMaterial:Warning: Failed to compile Material /Game/DSG/Concrete_Cement2.Concrete_Cement2 for platform PCD3D_SM5, Default Material will be used in game.
[2017.02.24-11.26.40:386][436]LogMaterial:Warning: 	(Node TextureSample) TextureSample> Sampler type is Normal, should be Color for /Game/DSG/GRYCON3.GRYCON3
[2017.02.24-11.26.40:388][436]LogLinker: Can't find file '/Game/DSG/Grass'
[2017.02.24-11.26.40:388][436]LogLinker: Can't find file '/Game/DSG/Grass'
[2017.02.24-11.26.40:402][436]LogTexture:Display: Building textures: Grass2 (AutoDXT)
[2017.02.24-11.26.40:908][436]LogMaterial: Missing cached shader map for material Grass, compiling. 
[2017.02.24-11.26.40:924][436]LogLinker: Can't find file '/Game/DSG/Material__3241'
[2017.02.24-11.26.40:924][436]LogLinker: Can't find file '/Game/DSG/Material__3241'
[2017.02.24-11.26.40:957][436]LogTexture:Display: Building textures: GRYCON3 (AutoDXT)
[2017.02.24-11.26.41:658][436]LogTexture:Display: Building textures: GRYCON3 (AutoDXT)
[2017.02.24-11.26.42:343][436]LogFbxMaterialImport:Warning: Manual texture reimport and recompression may be needed for GRYCON3
[2017.02.24-11.26.42:371][436]LogTexture:Display: Building textures: GRYCON3 (AutoDXT)
[2017.02.24-11.26.42:952][436]LogMaterial: Missing cached shader map for material Material__3241, compiling. 
[2017.02.24-11.26.42:953][436]LogMaterial:Warning: Failed to compile Material /Game/DSG/Material__3241.Material__3241 for platform PCD3D_SM5, Default Material will be used in game.
[2017.02.24-11.26.42:953][436]LogMaterial:Warning: 	(Node TextureSample) TextureSample> Sampler type is Normal, should be Color for /Game/DSG/GRYCON3.GRYCON3
[2017.02.24-11.26.42:954][436]LogLinker: Can't find file '/Game/DSG/Wall_-_Beige'
[2017.02.24-11.26.42:954][436]LogLinker: Can't find file '/Game/DSG/Wall_-_Beige'
[2017.02.24-11.26.42:959][436]LogMaterial: Missing cached shader map for material Wall_-_Beige, compiling. 
[2017.02.24-11.26.42:975][436]LogLinker: Can't find file '/Game/DSG/Wall_Exterior'
[2017.02.24-11.26.42:975][436]LogLinker: Can't find file '/Game/DSG/Wall_Exterior'
[2017.02.24-11.26.42:975][436]LogPackageName:Error: DoesPackageExist: DoesPackageExist FAILED: '/Game/DSG/' is not a standard unreal filename or a long path name. Reason: Path may not end with a '/'
[2017.02.24-11.26.42:975][436]LogLinker: Can't find file '/Game/DSG/'
[2017.02.24-11.26.42:975][436]LogPackageName:Error: DoesPackageExist: DoesPackageExist FAILED: '/Game/DSG/' is not a standard unreal filename or a long path name. Reason: Path may not end with a '/'
[2017.02.24-11.26.42:975][436]LogLinker: Can't find file '/Game/DSG/'
[2017.02.24-11.26.42:975][436]LogStreaming:Warning: Failed to read file '' error.
[2017.02.24-11.26.42:976][436]LogStreaming:Warning: Failed to read file 'F:/3D/DSG_Max_Project/export/FBX in cm/Building/' error.
[2017.02.24-11.26.42:976][436]LogStreaming:Warning: Failed to read file 'F:/3D/DSG_Max_Project/export/FBX in cm/Building/' error.
[2017.02.24-11.26.42:976][436]LogFbxMaterialImport:Warning: Unable to find TEXTure file . Tried:
 - 
 - F:/3D/DSG_Max_Project/export/FBX in cm/Building/
 - F:/3D/DSG_Max_Project/export/FBX in cm/Building/
[2017.02.24-11.26.42:980][436]LogMaterial: Missing cached shader map for material Wall_Exterior, compiling. 
[2017.02.24-11.26.43:004][436]LogStaticMesh: Building static mesh DSG_Building...
[2017.02.24-11.26.43:104][436]LogStaticMesh: Built static mesh [0.10s] /Game/DSG/DSG_Building.DSG_Building
[2017.02.24-11.26.43:115][436]LogStaticMesh:Warning: DSG_Building has degenerate tangent bases which will result in incorrect shading.  MikkTSpace relies on tangent bases and may result in mesh corruption, consider disabling this option.
[2017.02.24-11.26.43:121][436]FBXImport:Warning: Warning No smoothing group information was found in this FBX scene.  Please make sure to enable the 'Export Smoothing Groups' option in the FBX Exporter plug-in before exporting the file.  Even for tools that don't support smoothing groups, the FBX Exporter will generate appropriate smoothing data at export-time so that correct vertex normals can be inferred while importing. 
[2017.02.24-11.26.43:121][436]FBXImport:Warning: Warning DSG_Building has degenerate tangent bases which will result in incorrect shading.  MikkTSpace relies on tangent bases and may result in mesh corruption, consider disabling this option. 
[2017.02.24-11.27.05:133][801]LogActorFactory: Actor Factory created DSG_Building
[2017.02.24-11.27.05:469][821]LogActorFactory: Actor Factory created DSG_Building
[2017.02.24-11.28.05:156][327]LogTexture:Display: Building textures: T_CobbleStone_Pebble_D (AutoDXT)
[2017.02.24-11.28.07:649][327]LogTexture:Display: Building textures: T_CobbleStone_Pebble_N (BC5)
[2017.02.24-11.28.08:129][327]LogTexture:Display: Building textures: T_CobbleStone_Pebble_M (AutoDXT)
[2017.02.24-11.28.08:852][327]LogMaterial: Missing cached shader map for material M_CobbleStone_Pebble, compiling. 
[2017.02.24-11.32.33:631][502]LogSavePackage: Save=48.88ms
[2017.02.24-11.32.33:631][502]LogSavePackage: Moving 'F:/Stephs_Unreal/DSG04/Unreal_VR_DSG_01/Saved/StartupMap_Auto374456AE049F1EDE89A0044804C45C650.tmp' to 'F:/Stephs_Unreal/DSG04/Unreal_VR_DSG_01/Saved/Autosaves/Game/VirtualRealityBP/Maps/StartupMap_Auto3.umap'
[2017.02.24-11.32.33:632][502]LogSavePackage:Display: Finished SavePackage F:/Stephs_Unreal/DSG04/Unreal_VR_DSG_01/Saved/Autosaves/Game/VirtualRealityBP/Maps/StartupMap_Auto3.umap
[2017.02.24-11.32.33:634][502]LogFileHelpers: Editor autosave (incl. sublevels) for '/Game/VirtualRealityBP/Maps/StartupMap' took 0.099
[2017.02.24-11.32.33:634][502]LogFileHelpers: Editor autosave (incl. sublevels) for all levels took 0.099
[2017.02.24-11.32.33:637][502]OBJ SavePackage: Generating thumbnails for [1] asset(s) in package [/Game/DSG/Asphalt] ([1] browsable assets)...
[2017.02.24-11.32.33:653][502]OBJ SavePackage:     Rendered thumbnail for [Material /Game/DSG/Asphalt.Asphalt]
[2017.02.24-11.32.33:653][502]OBJ SavePackage: Finished generating thumbnails for package [/Game/DSG/Asphalt]
[2017.02.24-11.32.33:653][502]Cmd: OBJ SAVEPACKAGE PACKAGE="/Game/DSG/Asphalt" FILE="F:/Stephs_Unreal/DSG04/Unreal_VR_DSG_01/Saved/Autosaves/Game/DSG/Asphalt_Auto3.uasset" SILENT=false AUTOSAVING=true
[2017.02.24-11.32.33:671][502]LogSavePackage: Save=13.27ms
[2017.02.24-11.32.33:671][502]LogSavePackage: Moving 'F:/Stephs_Unreal/DSG04/Unreal_VR_DSG_01/Saved/Asphalt_Auto3537C8348402C512625E5D1987B800C72.tmp' to 'F:/Stephs_Unreal/DSG04/Unreal_VR_DSG_01/Saved/Autosaves/Game/DSG/Asphalt_Auto3.uasset'
[2017.02.24-11.32.33:687][502]LogSavePackage:Display: Finished SavePackage F:/Stephs_Unreal/DSG04/Unreal_VR_DSG_01/Saved/Autosaves/Game/DSG/Asphalt_Auto3.uasset
[2017.02.24-11.32.33:688][502]OBJ SavePackage: Generating thumbnails for [1] asset(s) in package [/Game/DSG/concreteln] ([1] browsable assets)...
[2017.02.24-11.32.33:695][502]OBJ SavePackage:     Rendered thumbnail for [Texture2D /Game/DSG/concreteln.concreteln]
[2017.02.24-11.32.33:695][502]OBJ SavePackage: Finished generating thumbnails for package [/Game/DSG/concreteln]
[2017.02.24-11.32.33:695][502]Cmd: OBJ SAVEPACKAGE PACKAGE="/Game/DSG/concreteln" FILE="F:/Stephs_Unreal/DSG04/Unreal_VR_DSG_01/Saved/Autosaves/Game/DSG/concreteln_Auto3.uasset" SILENT=false AUTOSAVING=true
[2017.02.24-11.32.33:712][502]LogSavePackage: Save=14.24ms
[2017.02.24-11.32.33:712][502]LogSavePackage: Moving 'F:/Stephs_Unreal/DSG04/Unreal_VR_DSG_01/Saved/concreteln_Auto32C80C6664C0F50178905AB805251E318.tmp' to 'F:/Stephs_Unreal/DSG04/Unreal_VR_DSG_01/Saved/Autosaves/Game/DSG/concreteln_Auto3.uasset'
[2017.02.24-11.32.33:713][502]LogSavePackage:Display: Finished SavePackage F:/Stephs_Unreal/DSG04/Unreal_VR_DSG_01/Saved/Autosaves/Game/DSG/concreteln_Auto3.uasset
[2017.02.24-11.32.33:714][502]OBJ SavePackage: Generating thumbnails for [1] asset(s) in package [/Game/DSG/concrete01] ([1] browsable assets)...
[2017.02.24-11.32.33:721][502]OBJ SavePackage:     Rendered thumbnail for [Texture2D /Game/DSG/concrete01.concrete01]
[2017.02.24-11.32.33:721][502]OBJ SavePackage: Finished generating thumbnails for package [/Game/DSG/concrete01]
[2017.02.24-11.32.33:721][502]Cmd: OBJ SAVEPACKAGE PACKAGE="/Game/DSG/concrete01" FILE="F:/Stephs_Unreal/DSG04/Unreal_VR_DSG_01/Saved/Autosaves/Game/DSG/concrete01_Auto3.uasset" SILENT=false AUTOSAVING=true
[2017.02.24-11.32.33:746][502]LogSavePackage: Save=22.05ms
[2017.02.24-11.32.33:746][502]LogSavePackage: Moving 'F:/Stephs_Unreal/DSG04/Unreal_VR_DSG_01/Saved/concrete01_Auto35C68A7A142B77C93A4BD97AF6ECEDB54.tmp' to 'F:/Stephs_Unreal/DSG04/Unreal_VR_DSG_01/Saved/Autosaves/Game/DSG/concrete01_Auto3.uasset'
[2017.02.24-11.32.33:748][502]LogSavePackage:Display: Finished SavePackage F:/Stephs_Unreal/DSG04/Unreal_VR_DSG_01/Saved/Autosaves/Game/DSG/concrete01_Auto3.uasset
[2017.02.24-11.32.33:748][502]OBJ SavePackage: Generating thumbnails for [1] asset(s) in package [/Game/DSG/Concrete] ([1] browsable assets)...
[2017.02.24-11.32.33:763][502]OBJ SavePackage:     Rendered thumbnail for [Material /Game/DSG/Concrete.Concrete]
[2017.02.24-11.32.33:763][502]OBJ SavePackage: Finished generating thumbnails for package [/Game/DSG/Concrete]
[2017.02.24-11.32.33:763][502]Cmd: OBJ SAVEPACKAGE PACKAGE="/Game/DSG/Concrete" FILE="F:/Stephs_Unreal/DSG04/Unreal_VR_DSG_01/Saved/Autosaves/Game/DSG/Concrete_Auto3.uasset" SILENT=false AUTOSAVING=true
[2017.02.24-11.32.33:780][502]LogSavePackage: Save=14.83ms
[2017.02.24-11.32.33:780][502]LogSavePackage: Moving 'F:/Stephs_Unreal/DSG04/Unreal_VR_DSG_01/Saved/Concrete_Auto3E1D7301E44FC99A8E624BDA55839F203.tmp' to 'F:/Stephs_Unreal/DSG04/Unreal_VR_DSG_01/Saved/Autosaves/Game/DSG/Concrete_Auto3.uasset'
[2017.02.24-11.32.33:782][502]LogSavePackage:Display: Finished SavePackage F:/Stephs_Unreal/DSG04/Unreal_VR_DSG_01/Saved/Autosaves/Game/DSG/Concrete_Auto3.uasset
[2017.02.24-11.32.33:782][502]OBJ SavePackage: Generating thumbnails for [1] asset(s) in package [/Game/DSG/DSG_Building] ([1] browsable assets)...
[2017.02.24-11.32.33:796][502]OBJ SavePackage:     Rendered thumbnail for [StaticMesh /Game/DSG/DSG_Building.DSG_Building]
[2017.02.24-11.32.33:796][502]OBJ SavePackage: Finished generating thumbnails for package [/Game/DSG/DSG_Building]
[2017.02.24-11.32.33:796][502]Cmd: OBJ SAVEPACKAGE PACKAGE="/Game/DSG/DSG_Building" FILE="F:/Stephs_Unreal/DSG04/Unreal_VR_DSG_01/Saved/Autosaves/Game/DSG/DSG_Building_Auto3.uasset" SILENT=false AUTOSAVING=true
[2017.02.24-11.32.33:816][502]LogSavePackage: Save=13.85ms
[2017.02.24-11.32.33:816][502]LogSavePackage: Moving 'F:/Stephs_Unreal/DSG04/Unreal_VR_DSG_01/Saved/DSG_Building_Auto322B07EB04C43F2203434288C2247CF94.tmp' to 'F:/Stephs_Unreal/DSG04/Unreal_VR_DSG_01/Saved/Autosaves/Game/DSG/DSG_Building_Auto3.uasset'
[2017.02.24-11.32.33:817][502]LogSavePackage:Display: Finished SavePackage F:/Stephs_Unreal/DSG04/Unreal_VR_DSG_01/Saved/Autosaves/Game/DSG/DSG_Building_Auto3.uasset
[2017.02.24-11.32.33:817][502]OBJ SavePackage: Generating thumbnails for [1] asset(s) in package [/Game/DSG/Wall_Exterior] ([1] browsable assets)...
[2017.02.24-11.32.33:832][502]OBJ SavePackage:     Rendered thumbnail for [Material /Game/DSG/Wall_Exterior.Wall_Exterior]
[2017.02.24-11.32.33:832][502]OBJ SavePackage: Finished generating thumbnails for package [/Game/DSG/Wall_Exterior]
[2017.02.24-11.32.33:832][502]Cmd: OBJ SAVEPACKAGE PACKAGE="/Game/DSG/Wall_Exterior" FILE="F:/Stephs_Unreal/DSG04/Unreal_VR_DSG_01/Saved/Autosaves/Game/DSG/Wall_Exterior_Auto3.uasset" SILENT=false AUTOSAVING=true
[2017.02.24-11.32.33:847][502]LogSavePackage: Save=11.81ms
[2017.02.24-11.32.33:847][502]LogSavePackage: Moving 'F:/Stephs_Unreal/DSG04/Unreal_VR_DSG_01/Saved/Wall_Exterior_Auto39000F3194CB0E9EC186E95AA3FA2888D.tmp' to 'F:/Stephs_Unreal/DSG04/Unreal_VR_DSG_01/Saved/Autosaves/Game/DSG/Wall_Exterior_Auto3.uasset'
[2017.02.24-11.32.33:848][502]LogSavePackage:Display: Finished SavePackage F:/Stephs_Unreal/DSG04/Unreal_VR_DSG_01/Saved/Autosaves/Game/DSG/Wall_Exterior_Auto3.uasset
[2017.02.24-11.32.33:849][502]OBJ SavePackage: Generating thumbnails for [1] asset(s) in package [/Game/DSG/Wall_-_Beige] ([1] browsable assets)...
[2017.02.24-11.32.33:863][502]OBJ SavePackage:     Rendered thumbnail for [Material /Game/DSG/Wall_-_Beige.Wall_-_Beige]
[2017.02.24-11.32.33:863][502]OBJ SavePackage: Finished generating thumbnails for package [/Game/DSG/Wall_-_Beige]
[2017.02.24-11.32.33:863][502]Cmd: OBJ SAVEPACKAGE PACKAGE="/Game/DSG/Wall_-_Beige" FILE="F:/Stephs_Unreal/DSG04/Unreal_VR_DSG_01/Saved/Autosaves/Game/DSG/Wall_-_Beige_Auto3.uasset" SILENT=false AUTOSAVING=true
[2017.02.24-11.32.33:878][502]LogSavePackage: Save=11.34ms
[2017.02.24-11.32.33:878][502]LogSavePackage: Moving 'F:/Stephs_Unreal/DSG04/Unreal_VR_DSG_01/Saved/Wall_-_Beige_Auto359C72CF44F8A33B6A8F5559D28AD3DCA.tmp' to 'F:/Stephs_Unreal/DSG04/Unreal_VR_DSG_01/Saved/Autosaves/Game/DSG/Wall_-_Beige_Auto3.uasset'
[2017.02.24-11.32.33:879][502]LogSavePackage:Display: Finished SavePackage F:/Stephs_Unreal/DSG04/Unreal_VR_DSG_01/Saved/Autosaves/Game/DSG/Wall_-_Beige_Auto3.uasset
[2017.02.24-11.32.33:879][502]OBJ SavePackage: Generating thumbnails for [1] asset(s) in package [/Game/DSG/Material__3241] ([1] browsable assets)...
[2017.02.24-11.32.33:894][502]OBJ SavePackage:     Rendered thumbnail for [Material /Game/DSG/Material__3241.Material__3241]
[2017.02.24-11.32.33:894][502]OBJ SavePackage: Finished generating thumbnails for package [/Game/DSG/Material__3241]
[2017.02.24-11.32.33:894][502]Cmd: OBJ SAVEPACKAGE PACKAGE="/Game/DSG/Material__3241" FILE="F:/Stephs_Unreal/DSG04/Unreal_VR_DSG_01/Saved/Autosaves/Game/DSG/Material__3241_Auto3.uasset" SILENT=false AUTOSAVING=true
[2017.02.24-11.32.33:910][502]LogSavePackage: Save=13.43ms
[2017.02.24-11.32.33:910][502]LogSavePackage: Moving 'F:/Stephs_Unreal/DSG04/Unreal_VR_DSG_01/Saved/Material__3241_Auto35C1687CF456AC9D9FAA55E9AF3AE7B24.tmp' to 'F:/Stephs_Unreal/DSG04/Unreal_VR_DSG_01/Saved/Autosaves/Game/DSG/Material__3241_Auto3.uasset'
[2017.02.24-11.32.33:931][502]LogSavePackage:Display: Finished SavePackage F:/Stephs_Unreal/DSG04/Unreal_VR_DSG_01/Saved/Autosaves/Game/DSG/Material__3241_Auto3.uasset
[2017.02.24-11.32.33:932][502]OBJ SavePackage: Generating thumbnails for [1] asset(s) in package [/Game/DSG/Grass2] ([1] browsable assets)...
[2017.02.24-11.32.33:939][502]OBJ SavePackage:     Rendered thumbnail for [Texture2D /Game/DSG/Grass2.Grass2]
[2017.02.24-11.32.33:939][502]OBJ SavePackage: Finished generating thumbnails for package [/Game/DSG/Grass2]
[2017.02.24-11.32.33:939][502]Cmd: OBJ SAVEPACKAGE PACKAGE="/Game/DSG/Grass2" FILE="F:/Stephs_Unreal/DSG04/Unreal_VR_DSG_01/Saved/Autosaves/Game/DSG/Grass2_Auto3.uasset" SILENT=false AUTOSAVING=true
[2017.02.24-11.32.33:963][502]LogSavePackage: Save=20.54ms
[2017.02.24-11.32.33:963][502]LogSavePackage: Moving 'F:/Stephs_Unreal/DSG04/Unreal_VR_DSG_01/Saved/Grass2_Auto321F07935456D6428CD62D4BA89B943AB.tmp' to 'F:/Stephs_Unreal/DSG04/Unreal_VR_DSG_01/Saved/Autosaves/Game/DSG/Grass2_Auto3.uasset'
[2017.02.24-11.32.33:964][502]LogSavePackage:Display: Finished SavePackage F:/Stephs_Unreal/DSG04/Unreal_VR_DSG_01/Saved/Autosaves/Game/DSG/Grass2_Auto3.uasset
[2017.02.24-11.32.33:965][502]OBJ SavePackage: Generating thumbnails for [1] asset(s) in package [/Game/DSG/Grass] ([1] browsable assets)...
[2017.02.24-11.32.33:979][502]OBJ SavePackage:     Rendered thumbnail for [Material /Game/DSG/Grass.Grass]
[2017.02.24-11.32.33:979][502]OBJ SavePackage: Finished generating thumbnails for package [/Game/DSG/Grass]
[2017.02.24-11.32.33:979][502]Cmd: OBJ SAVEPACKAGE PACKAGE="/Game/DSG/Grass" FILE="F:/Stephs_Unreal/DSG04/Unreal_VR_DSG_01/Saved/Autosaves/Game/DSG/Grass_Auto3.uasset" SILENT=false AUTOSAVING=true
[2017.02.24-11.32.33:998][502]LogSavePackage: Save=15.92ms
[2017.02.24-11.32.33:998][502]LogSavePackage: Moving 'F:/Stephs_Unreal/DSG04/Unreal_VR_DSG_01/Saved/Grass_Auto3FCADAD024DDDA598E1AAC6B82323E5AB.tmp' to 'F:/Stephs_Unreal/DSG04/Unreal_VR_DSG_01/Saved/Autosaves/Game/DSG/Grass_Auto3.uasset'
[2017.02.24-11.32.34:000][502]LogSavePackage:Display: Finished SavePackage F:/Stephs_Unreal/DSG04/Unreal_VR_DSG_01/Saved/Autosaves/Game/DSG/Grass_Auto3.uasset
[2017.02.24-11.32.34:000][502]OBJ SavePackage: Generating thumbnails for [1] asset(s) in package [/Game/DSG/GRYCON3] ([1] browsable assets)...
[2017.02.24-11.32.34:007][502]OBJ SavePackage:     Rendered thumbnail for [Texture2D /Game/DSG/GRYCON3.GRYCON3]
[2017.02.24-11.32.34:007][502]OBJ SavePackage: Finished generating thumbnails for package [/Game/DSG/GRYCON3]
[2017.02.24-11.32.34:007][502]Cmd: OBJ SAVEPACKAGE PACKAGE="/Game/DSG/GRYCON3" FILE="F:/Stephs_Unreal/DSG04/Unreal_VR_DSG_01/Saved/Autosaves/Game/DSG/GRYCON3_Auto3.uasset" SILENT=false AUTOSAVING=true
[2017.02.24-11.32.34:030][502]LogSavePackage: Save=20.44ms
[2017.02.24-11.32.34:030][502]LogSavePackage: Moving 'F:/Stephs_Unreal/DSG04/Unreal_VR_DSG_01/Saved/GRYCON3_Auto3AA4513BE4571EA45F94E42BD9D2E575F.tmp' to 'F:/Stephs_Unreal/DSG04/Unreal_VR_DSG_01/Saved/Autosaves/Game/DSG/GRYCON3_Auto3.uasset'
[2017.02.24-11.32.34:032][502]LogSavePackage:Display: Finished SavePackage F:/Stephs_Unreal/DSG04/Unreal_VR_DSG_01/Saved/Autosaves/Game/DSG/GRYCON3_Auto3.uasset
[2017.02.24-11.32.34:032][502]OBJ SavePackage: Generating thumbnails for [1] asset(s) in package [/Game/DSG/Concrete_Cement2] ([1] browsable assets)...
[2017.02.24-11.32.34:047][502]OBJ SavePackage:     Rendered thumbnail for [Material /Game/DSG/Concrete_Cement2.Concrete_Cement2]
[2017.02.24-11.32.34:047][502]OBJ SavePackage: Finished generating thumbnails for package [/Game/DSG/Concrete_Cement2]
[2017.02.24-11.32.34:047][502]Cmd: OBJ SAVEPACKAGE PACKAGE="/Game/DSG/Concrete_Cement2" FILE="F:/Stephs_Unreal/DSG04/Unreal_VR_DSG_01/Saved/Autosaves/Game/DSG/Concrete_Cement2_Auto3.uasset" SILENT=false AUTOSAVING=true
