Log file open, 02/23/17 16:13:29
LogInit:Display: Running engine for game: Unreal_VR_DSG_01
LogPlatformFile: Not using cached read wrapper
LogInit:Display: RandInit(1582213547) SRandInit(1582213547).
LogTaskGraph: Started task graph with 5 named threads and 8 total threads with 1 sets of task threads.
LogStats: Stats thread started at 0.075738
LogPluginManager: Loaded Plugin Paper2D, From D:/Program Files/Epic Games/4.14/Engine/Plugins/2D/Paper2D/Paper2D.uplugin
LogPluginManager: Loaded Plugin LightPropagationVolume, From D:/Program Files/Epic Games/4.14/Engine/Plugins/Blendables/LightPropagationVolume/LightPropagationVolume.uplugin
LogPluginManager: Loaded Plugin BlankPlugin, From D:/Program Files/Epic Games/4.14/Engine/Plugins/Developer/BlankPlugin/BlankPlugin.uplugin
LogPluginManager: Loaded Plugin CodeLiteSourceCodeAccess, From D:/Program Files/Epic Games/4.14/Engine/Plugins/Developer/CodeLiteSourceCodeAccess/CodeLiteSourceCodeAccess.uplugin
LogPluginManager: Loaded Plugin GitSourceControl, From D:/Program Files/Epic Games/4.14/Engine/Plugins/Developer/GitSourceControl/GitSourceControl.uplugin
LogPluginManager: Loaded Plugin KDevelopSourceCodeAccess, From D:/Program Files/Epic Games/4.14/Engine/Plugins/Developer/KDevelopSourceCodeAccess/KDevelopSourceCodeAccess.uplugin
LogPluginManager: Loaded Plugin NullSourceCodeAccess, From D:/Program Files/Epic Games/4.14/Engine/Plugins/Developer/NullSourceCodeAccess/NullSourceCodeAccess.uplugin
LogPluginManager: Loaded Plugin OneSkyLocalizationService, From D:/Program Files/Epic Games/4.14/Engine/Plugins/Developer/OneSkyLocalizationService/OneSkyLocalizationService.uplugin
LogPluginManager: Loaded Plugin PerforceSourceControl, From D:/Program Files/Epic Games/4.14/Engine/Plugins/Developer/PerforceSourceControl/PerforceSourceControl.uplugin
LogPluginManager: Loaded Plugin SubversionSourceControl, From D:/Program Files/Epic Games/4.14/Engine/Plugins/Developer/SubversionSourceControl/SubversionSourceControl.uplugin
LogPluginManager: Loaded Plugin UObjectPlugin, From D:/Program Files/Epic Games/4.14/Engine/Plugins/Developer/UObjectPlugin/UObjectPlugin.uplugin
LogPluginManager: Loaded Plugin VisualStudioSourceCodeAccess, From D:/Program Files/Epic Games/4.14/Engine/Plugins/Developer/VisualStudioSourceCodeAccess/VisualStudioSourceCodeAccess.uplugin
LogPluginManager: Loaded Plugin XCodeSourceCodeAccess, From D:/Program Files/Epic Games/4.14/Engine/Plugins/Developer/XCodeSourceCodeAccess/XCodeSourceCodeAccess.uplugin
LogPluginManager: Loaded Plugin AudioCapture, From D:/Program Files/Epic Games/4.14/Engine/Plugins/Editor/AudioCapture/AudioCapture.uplugin
LogPluginManager: Loaded Plugin EpicSurvey, From D:/Program Files/Epic Games/4.14/Engine/Plugins/Editor/EpicSurvey/EpicSurvey.uplugin
LogPluginManager: Loaded Plugin MacGraphicsSwitching, From D:/Program Files/Epic Games/4.14/Engine/Plugins/Editor/MacGraphicsSwitching/MacGraphicsSwitching.uplugin
LogPluginManager: Loaded Plugin MobileLauncherProfileWizard, From D:/Program Files/Epic Games/4.14/Engine/Plugins/Editor/MobileLauncherProfileWizard/MobileLauncherProfileWizard.uplugin
LogPluginManager: Loaded Plugin PluginBrowser, From D:/Program Files/Epic Games/4.14/Engine/Plugins/Editor/PluginBrowser/PluginBrowser.uplugin
LogPluginManager: Loaded Plugin SpeedTreeImporter, From D:/Program Files/Epic Games/4.14/Engine/Plugins/Editor/SpeedTreeImporter/SpeedTreeImporter.uplugin
LogPluginManager: Loaded Plugin SuperSearchEditor, From D:/Program Files/Epic Games/4.14/Engine/Plugins/Editor/SuperSearchEditor/SuperSearchEditor.uplugin
LogPluginManager: Loaded Plugin AlembicImporter, From D:/Program Files/Epic Games/4.14/Engine/Plugins/Experimental/AlembicImporter/AlembicImporter.uplugin
LogPluginManager: Loaded Plugin BlueprintStats, From D:/Program Files/Epic Games/4.14/Engine/Plugins/Experimental/BlueprintStats/BlueprintStats.uplugin
LogPluginManager: Loaded Plugin CharacterAI, From D:/Program Files/Epic Games/4.14/Engine/Plugins/Experimental/CharacterAI/CharacterAI.uplugin
LogPluginManager: Loaded Plugin CodeEditor, From D:/Program Files/Epic Games/4.14/Engine/Plugins/Experimental/CodeEditor/CodeEditor.uplugin
LogPluginManager: Loaded Plugin CodeView, From D:/Program Files/Epic Games/4.14/Engine/Plugins/Experimental/CodeView/CodeView.uplugin
LogPluginManager: Loaded Plugin HTML5Networking, From D:/Program Files/Epic Games/4.14/Engine/Plugins/Experimental/HTML5Networking/HTML5Networking.uplugin
LogPluginManager: Loaded Plugin OSVR, From D:/Program Files/Epic Games/4.14/Engine/Plugins/Experimental/OSVR/OSVR.uplugin
LogPluginManager: Loaded Plugin Phya, From D:/Program Files/Epic Games/4.14/Engine/Plugins/Experimental/Phya/Phya.uplugin
LogPluginManager: Loaded Plugin SignificanceManager, From D:/Program Files/Epic Games/4.14/Engine/Plugins/Experimental/SignificanceManager/SignificanceManager.uplugin
LogPluginManager: Loaded Plugin SimpleHMD, From D:/Program Files/Epic Games/4.14/Engine/Plugins/Experimental/SimpleHMD/SimpleHMD.uplugin
LogPluginManager: Loaded Plugin StereoPanorama, From D:/Program Files/Epic Games/4.14/Engine/Plugins/Experimental/StereoPanorama/StereoPanorama.uplugin
LogPluginManager: Loaded Plugin StructBox, From D:/Program Files/Epic Games/4.14/Engine/Plugins/Experimental/StructBox/StructBox.uplugin
LogPluginManager: Loaded Plugin Substance, From D:/Program Files/Epic Games/4.14/Engine/Plugins/Marketplace/Substance/Substance.uplugin
LogPluginManager: Loaded Plugin AndroidMedia, From D:/Program Files/Epic Games/4.14/Engine/Plugins/Media/AndroidMedia/AndroidMedia.uplugin
LogPluginManager: Loaded Plugin AvfMedia, From D:/Program Files/Epic Games/4.14/Engine/Plugins/Media/AvfMedia/AvfMedia.uplugin
LogPluginManager: Loaded Plugin MediaPlayerEditor, From D:/Program Files/Epic Games/4.14/Engine/Plugins/Media/MediaPlayerEditor/MediaPlayerEditor.uplugin
LogPluginManager: Loaded Plugin WmfMedia, From D:/Program Files/Epic Games/4.14/Engine/Plugins/Media/WmfMedia/WmfMedia.uplugin
LogPluginManager: Loaded Plugin MessagingDebugger, From D:/Program Files/Epic Games/4.14/Engine/Plugins/Messaging/MessagingDebugger/MessagingDebugger.uplugin
LogPluginManager: Loaded Plugin TcpMessaging, From D:/Program Files/Epic Games/4.14/Engine/Plugins/Messaging/TcpMessaging/TcpMessaging.uplugin
LogPluginManager: Loaded Plugin UdpMessaging, From D:/Program Files/Epic Games/4.14/Engine/Plugins/Messaging/UdpMessaging/UdpMessaging.uplugin
LogPluginManager: Loaded Plugin LevelSequenceEditor, From D:/Program Files/Epic Games/4.14/Engine/Plugins/MovieScene/LevelSequenceEditor/LevelSequenceEditor.uplugin
LogPluginManager: Loaded Plugin MatineeToLevelSequence, From D:/Program Files/Epic Games/4.14/Engine/Plugins/MovieScene/MatineeToLevelSequence/MatineeToLevelSequence.uplugin
LogPluginManager: Loaded Plugin NetcodeUnitTest, From D:/Program Files/Epic Games/4.14/Engine/Plugins/NetcodeUnitTest/NetcodeUnitTest/NetcodeUnitTest.uplugin
LogPluginManager: Loaded Plugin NUTUnrealEngine4, From D:/Program Files/Epic Games/4.14/Engine/Plugins/NetcodeUnitTest/NUTUnrealEngine4/NUTUnrealEngine4.uplugin
LogPluginManager: Loaded Plugin OnlineSubsystemGameCircle, From D:/Program Files/Epic Games/4.14/Engine/Plugins/Online/Android/OnlineSubsystemGameCircle/OnlineSubsystemGameCircle.uplugin
LogPluginManager: Loaded Plugin OnlineSubsystemGooglePlay, From D:/Program Files/Epic Games/4.14/Engine/Plugins/Online/Android/OnlineSubsystemGooglePlay/OnlineSubsystemGooglePlay.uplugin
LogPluginManager: Loaded Plugin OnlineSubsystemIOS, From D:/Program Files/Epic Games/4.14/Engine/Plugins/Online/IOS/OnlineSubsystemIOS/OnlineSubsystemIOS.uplugin
LogPluginManager: Loaded Plugin OnlineFramework, From D:/Program Files/Epic Games/4.14/Engine/Plugins/Online/OnlineFramework/OnlineFramework.uplugin
LogPluginManager: Loaded Plugin OnlineSubsystem, From D:/Program Files/Epic Games/4.14/Engine/Plugins/Online/OnlineSubsystem/OnlineSubsystem.uplugin
LogPluginManager: Loaded Plugin OnlineSubsystemAmazon, From D:/Program Files/Epic Games/4.14/Engine/Plugins/Online/OnlineSubsystemAmazon/OnlineSubsystemAmazon.uplugin
LogPluginManager: Loaded Plugin OnlineSubsystemFacebook, From D:/Program Files/Epic Games/4.14/Engine/Plugins/Online/OnlineSubsystemFacebook/OnlineSubsystemFacebook.uplugin
LogPluginManager: Loaded Plugin OnlineSubsystemNull, From D:/Program Files/Epic Games/4.14/Engine/Plugins/Online/OnlineSubsystemNull/OnlineSubsystemNull.uplugin
LogPluginManager: Loaded Plugin OnlineSubsystemOculus, From D:/Program Files/Epic Games/4.14/Engine/Plugins/Online/OnlineSubsystemOculus/OnlineSubsystemOculus.uplugin
LogPluginManager: Loaded Plugin OnlineSubsystemSteam, From D:/Program Files/Epic Games/4.14/Engine/Plugins/Online/OnlineSubsystemSteam/OnlineSubsystemSteam.uplugin
LogPluginManager: Loaded Plugin OnlineSubsystemUtils, From D:/Program Files/Epic Games/4.14/Engine/Plugins/Online/OnlineSubsystemUtils/OnlineSubsystemUtils.uplugin
LogPluginManager: Loaded Plugin IOSTapJoy, From D:/Program Files/Epic Games/4.14/Engine/Plugins/Runtime/Advertising/IOSTapJoy/IOSTapJoy.uplugin
LogPluginManager: Loaded Plugin AnalyticsBlueprintLibrary, From D:/Program Files/Epic Games/4.14/Engine/Plugins/Runtime/Analytics/AnalyticsBlueprintLibrary/AnalyticsBlueprintLibrary.uplugin
LogPluginManager: Loaded Plugin AnalyticsMulticast, From D:/Program Files/Epic Games/4.14/Engine/Plugins/Runtime/Analytics/AnalyticsMulticast/AnalyticsMulticast.uplugin
LogPluginManager: Loaded Plugin Apsalar, From D:/Program Files/Epic Games/4.14/Engine/Plugins/Runtime/Analytics/Apsalar/Apsalar.uplugin
LogPluginManager: Loaded Plugin FileLogging, From D:/Program Files/Epic Games/4.14/Engine/Plugins/Runtime/Analytics/FileLogging/FileLogging.uplugin
LogPluginManager: Loaded Plugin Flurry, From D:/Program Files/Epic Games/4.14/Engine/Plugins/Runtime/Analytics/Flurry/Flurry.uplugin
LogPluginManager: Loaded Plugin AndroidDeviceProfileSelector, From D:/Program Files/Epic Games/4.14/Engine/Plugins/Runtime/AndroidDeviceProfileSelector/AndroidDeviceProfileSelector.uplugin
LogPluginManager: Loaded Plugin AndroidMoviePlayer, From D:/Program Files/Epic Games/4.14/Engine/Plugins/Runtime/AndroidMoviePlayer/AndroidMoviePlayer.uplugin
LogPluginManager: Loaded Plugin AppleMoviePlayer, From D:/Program Files/Epic Games/4.14/Engine/Plugins/Runtime/AppleMoviePlayer/AppleMoviePlayer.uplugin
LogPluginManager: Loaded Plugin ArchVisCharacter, From D:/Program Files/Epic Games/4.14/Engine/Plugins/Runtime/ArchVisCharacter/ArchVisCharacter.uplugin
LogPluginManager: Loaded Plugin CableComponent, From D:/Program Files/Epic Games/4.14/Engine/Plugins/Runtime/CableComponent/CableComponent.uplugin
LogPluginManager: Loaded Plugin CustomMeshComponent, From D:/Program Files/Epic Games/4.14/Engine/Plugins/Runtime/CustomMeshComponent/CustomMeshComponent.uplugin
LogPluginManager: Loaded Plugin ExampleDeviceProfileSelector, From D:/Program Files/Epic Games/4.14/Engine/Plugins/Runtime/ExampleDeviceProfileSelector/ExampleDeviceProfileSelector.uplugin
LogPluginManager: Loaded Plugin GearVR, From D:/Program Files/Epic Games/4.14/Engine/Plugins/Runtime/GearVR/GearVR.uplugin
LogPluginManager: Loaded Plugin GoogleVRController, From D:/Program Files/Epic Games/4.14/Engine/Plugins/Runtime/GoogleVR/GoogleVRController/GoogleVRController.uplugin
LogPluginManager: Loaded Plugin GoogleVRHMD, From D:/Program Files/Epic Games/4.14/Engine/Plugins/Runtime/GoogleVR/GoogleVRHMD/GoogleVRHMD.uplugin
LogPluginManager: Loaded Plugin IOSDeviceProfileSelector, From D:/Program Files/Epic Games/4.14/Engine/Plugins/Runtime/IOSDeviceProfileSelector/IOSDeviceProfileSelector.uplugin
LogPluginManager: Loaded Plugin LeapMotion, From D:/Program Files/Epic Games/4.14/Engine/Plugins/Runtime/LeapMotion/LeapMotion.uplugin
LogPluginManager: Loaded Plugin LinuxDeviceProfileSelector, From D:/Program Files/Epic Games/4.14/Engine/Plugins/Runtime/LinuxDeviceProfileSelector/LinuxDeviceProfileSelector.uplugin
LogPluginManager: Loaded Plugin MIDIDevice, From D:/Program Files/Epic Games/4.14/Engine/Plugins/Runtime/MIDIDevice/MIDIDevice.uplugin
LogPluginManager: Loaded Plugin MobilePatchingUtils, From D:/Program Files/Epic Games/4.14/Engine/Plugins/Runtime/MobilePatchingUtils/MobilePatchingUtils.uplugin
LogPluginManager: Loaded Plugin Ansel, From D:/Program Files/Epic Games/4.14/Engine/Plugins/Runtime/Nvidia/Ansel/Ansel.uplugin
LogPluginManager: Loaded Plugin OculusAudio, From D:/Program Files/Epic Games/4.14/Engine/Plugins/Runtime/OculusAudio/OculusAudio.uplugin
LogPluginManager: Loaded Plugin OculusInput, From D:/Program Files/Epic Games/4.14/Engine/Plugins/Runtime/OculusInput/OculusInput.uplugin
LogPluginManager: Loaded Plugin OculusLibrary, From D:/Program Files/Epic Games/4.14/Engine/Plugins/Runtime/OculusLibrary/OculusLibrary.uplugin
LogPluginManager: Loaded Plugin OculusRift, From D:/Program Files/Epic Games/4.14/Engine/Plugins/Runtime/OculusRift/OculusRift.uplugin
LogPluginManager: Loaded Plugin Oodle, From D:/Program Files/Epic Games/4.14/Engine/Plugins/Runtime/PacketHandlers/CompressionComponents/Oodle/Oodle.uplugin
LogPluginManager: Loaded Plugin ProceduralMeshComponent, From D:/Program Files/Epic Games/4.14/Engine/Plugins/Runtime/ProceduralMeshComponent/ProceduralMeshComponent.uplugin
LogPluginManager: Loaded Plugin SoundMod, From D:/Program Files/Epic Games/4.14/Engine/Plugins/Runtime/SoundMod/SoundMod.uplugin
LogPluginManager: Loaded Plugin SoundVisualizations, From D:/Program Files/Epic Games/4.14/Engine/Plugins/Runtime/SoundVisualizations/SoundVisualizations.uplugin
LogPluginManager: Loaded Plugin SteamController, From D:/Program Files/Epic Games/4.14/Engine/Plugins/Runtime/Steam/SteamController/SteamController.uplugin
LogPluginManager: Loaded Plugin SteamVR, From D:/Program Files/Epic Games/4.14/Engine/Plugins/Runtime/Steam/SteamVR/SteamVR.uplugin
LogPluginManager: Loaded Plugin WebBrowserWidget, From D:/Program Files/Epic Games/4.14/Engine/Plugins/Runtime/WebBrowserWidget/WebBrowserWidget.uplugin
LogPluginManager: Loaded Plugin WindowsDeviceProfileSelector, From D:/Program Files/Epic Games/4.14/Engine/Plugins/Runtime/WindowsDeviceProfileSelector/WindowsDeviceProfileSelector.uplugin
LogPluginManager: Loaded Plugin WindowsMoviePlayer, From D:/Program Files/Epic Games/4.14/Engine/Plugins/Runtime/WindowsMoviePlayer/WindowsMoviePlayer.uplugin
LogPluginManager: Loaded Plugin ScriptPlugin, From D:/Program Files/Epic Games/4.14/Engine/Plugins/ScriptPlugin/ScriptPlugin.uplugin
LogPluginManager: Loaded Plugin SlateRemote, From D:/Program Files/Epic Games/4.14/Engine/Plugins/Slate/SlateRemote/SlateRemote.uplugin
LogPluginManager: Loaded Plugin EditorTests, From D:/Program Files/Epic Games/4.14/Engine/Plugins/Tests/EditorTests/EditorTests.uplugin
LogPluginManager: Loaded Plugin FbxAutomationTestBuilder, From D:/Program Files/Epic Games/4.14/Engine/Plugins/Tests/FbxAutomationTestBuilder/FbxAutomationTestBuilder.uplugin
LogPluginManager: Loaded Plugin FunctionalTestingEditor, From D:/Program Files/Epic Games/4.14/Engine/Plugins/Tests/FunctionalTestingEditor/FunctionalTestingEditor.uplugin
LogPluginManager: Loaded Plugin RuntimeTests, From D:/Program Files/Epic Games/4.14/Engine/Plugins/Tests/RuntimeTests/RuntimeTests.uplugin
LogPluginManager: Loaded Plugin ScreenshotTools, From D:/Program Files/Epic Games/4.14/Engine/Plugins/Tests/ScreenshotTools/ScreenshotTools.uplugin
LogInit: Using libcurl 7.47.1
LogInit:  - built for x86_64-pc-win32
LogInit:  - supports SSL with OpenSSL/1.0.2g
LogInit:  - supports HTTP deflate (compression) using libz 1.2.8
LogInit:  - other features:
LogInit:      CURL_VERSION_SSL
LogInit:      CURL_VERSION_LIBZ
LogInit:      CURL_VERSION_IPV6
LogInit:      CURL_VERSION_ASYNCHDNS
LogInit:      CURL_VERSION_LARGEFILE
LogInit:      CURL_VERSION_IDN
LogInit:  CurlRequestOptions (configurable via config and command line):
LogInit:  - bVerifyPeer = false  - Libcurl will NOT verify peer certificate
LogInit:  - bUseHttpProxy = false  - Libcurl will NOT use HTTP proxy
LogInit:  - bDontReuseConnections = false  - Libcurl will reuse connections
LogInit:  - CertBundlePath = nullptr  - Libcurl will use whatever was configured at build time.
LogInit: Build: ++UE4+Release-4.14-CL-3249277
LogInit: Engine Version: 4.14.3-3249277+++UE4+Release-4.14
LogInit: Compatible Engine Version: 4.14.0-3195953+++UE4+Release-4.14
LogInit: Net CL: 3195953
LogDevObjectVersion: Number of dev versions registered: 13
LogDevObjectVersion:   Dev-Blueprints (B0D832E4-1F89-4F0D-ACCF-7EB736FD4AA2): 7
LogDevObjectVersion:   Dev-Build (E1C64328-A22C-4D53-A36C-8E866417BD8C): 0
LogDevObjectVersion:   Dev-Core (375EC13C-06E4-48FB-B500-84F0262A717E): 1
LogDevObjectVersion:   Dev-Editor (E4B068ED-F494-42E9-A231-DA0B2E46BB41): 8
LogDevObjectVersion:   Dev-Framework (CFFC743F-43B0-4480-9391-14DF171D2073): 17
LogDevObjectVersion:   Dev-Mobile (B02B49B5-BB20-44E9-A304-32B752E40360): 0
LogDevObjectVersion:   Dev-Networking (A4E4105C-59A1-49B5-A7C5-40C4547EDFEE): 0
LogDevObjectVersion:   Dev-Online (39C831C9-5AE6-47DC-9A44-9C173E1C8E7C): 0
LogDevObjectVersion:   Dev-Physics (78F01B33-EBEA-4F98-B9B4-84EACCB95AA2): 0
LogDevObjectVersion:   Dev-Platform (6631380F-2D4D-43E0-8009-CF276956A95A): 0
LogDevObjectVersion:   Dev-Rendering (12F88B9F-8875-4AFC-A67C-D90C383ABD29): 12
LogDevObjectVersion:   Dev-Sequencer (7B5AE74C-D270-4C10-A958-57980B212A5A): 1
LogDevObjectVersion:   Dev-VR (D7296918-1DD6-4BDD-9DE2-64A83CC13884): 0
LogInit: Compiled (64-bit): Jan  6 2017 10:49:43
LogInit: Compiled with Visual C++: 19.00.23026.00
LogInit: Build Configuration: Development
LogInit: Branch Name: ++UE4+Release-4.14
LogInit: Command line: -EpicPortal 
LogInit: Base directory: D:/Program Files/Epic Games/4.14/Engine/Binaries/Win64/
LogInit: Installed Engine Build: 1
LogInit: Presizing for max 8388607 objects, including 0 objects not considered by GC, pre-allocating 0 bytes for permanent pool.
LogInit: Object subsystem initialized
[2017.02.23-21.13.30:158][  0]LogConsoleManager:Display: Setting the console variable 'r.RHICmdBypass' with 'SetByProjectSetting' was ignored as it is lower priority than the previous 'SetBySystemSettingsIni'
[2017.02.23-21.13.30:161][  0]LogInit: Selected Device Profile: [Windows]
[2017.02.23-21.13.30:161][  0]LogInit: Applying CVar settings loaded from the selected device profile: [Windows]
[2017.02.23-21.13.30:178][  0]LogInit: Computer: SCARDINALI7
[2017.02.23-21.13.30:178][  0]LogInit: User: scardinali
[2017.02.23-21.13.30:178][  0]LogInit: CPU Page size=65536, Cores=4
[2017.02.23-21.13.30:178][  0]LogInit: High frequency timer resolution =2.630781 MHz
[2017.02.23-21.13.30:178][  0]LogMemory: Memory total: Physical=31.9GB (32GB approx)
[2017.02.23-21.13.30:178][  0]LogMemory: Platform Memory Stats for Windows
[2017.02.23-21.13.30:178][  0]LogMemory: Process Physical Memory: 265.87 MB used, 265.87 MB peak
[2017.02.23-21.13.30:178][  0]LogMemory: Process Virtual Memory: 265.29 MB used, 265.29 MB peak
[2017.02.23-21.13.30:178][  0]LogMemory: Physical Memory: 6319.28 MB used,  26382.14 MB free, 32701.42 MB total
[2017.02.23-21.13.30:178][  0]LogMemory: Virtual Memory: 663.64 MB used,  26382.14 MB free, 8388608.00 MB total
[2017.02.23-21.13.30:219][  0]LogTextLocalizationManager: No specific translations for ('en-US') exist, so ('en') translations will be used.
[2017.02.23-21.13.31:075][  0]LogD3D11RHI: D3D11 adapters:
[2017.02.23-21.13.31:106][  0]LogD3D11RHI:    0. 'NVIDIA Quadro K3000M' (Feature Level 11_0)
[2017.02.23-21.13.31:106][  0]LogD3D11RHI:       1990/0/16094 MB DedicatedVideo/DedicatedSystem/SharedSystem, Outputs:1, VendorId:0x10de
[2017.02.23-21.13.31:106][  0]LogD3D11RHI: Chosen D3D11 Adapter: 0
[2017.02.23-21.13.31:111][  0]LogD3D11RHI: Creating new Direct3DDevice
[2017.02.23-21.13.31:111][  0]LogD3D11RHI:     GPU DeviceId: 0x11be (for the marketing name, search the web for "GPU Device Id")
[2017.02.23-21.13.31:111][  0]LogWindows: EnumDisplayDevices:
[2017.02.23-21.13.31:111][  0]LogWindows:    0. 'NVIDIA Quadro K3000M' (P:1 D:1)
[2017.02.23-21.13.31:111][  0]LogWindows:    1. 'NVIDIA Quadro K3000M' (P:0 D:0)
[2017.02.23-21.13.31:111][  0]LogWindows:    2. 'NVIDIA Quadro K3000M' (P:0 D:0)
[2017.02.23-21.13.31:111][  0]LogWindows:    3. 'NVIDIA Quadro K3000M' (P:0 D:0)
[2017.02.23-21.13.31:111][  0]LogWindows:    4. 'RDPDD Chained DD' (P:0 D:0)
[2017.02.23-21.13.31:112][  0]LogWindows:    5. 'RDP Encoder Mirror Driver' (P:0 D:0)
[2017.02.23-21.13.31:112][  0]LogWindows:    6. 'RDP Reflector Display Driver' (P:0 D:0)
[2017.02.23-21.13.31:112][  0]LogWindows: DebugString: GetVideoDriverDetailsInvalid PrimaryIsNotTheChoosenAdapter GetVideoDriverDetailsInvalid PrimaryIsNotTheChoosenAdapter GetVideoDriverDetailsInvalid PrimaryIsNotTheChoosenAdapter FoundDriverCount:4 
[2017.02.23-21.13.31:112][  0]LogD3D11RHI:     Adapter Name: NVIDIA Quadro K3000M
[2017.02.23-21.13.31:112][  0]LogD3D11RHI:   Driver Version: 348.07 (internal:9.18.13.4807, unified:348.07)
[2017.02.23-21.13.31:112][  0]LogD3D11RHI:      Driver Date: 4-26-2015
[2017.02.23-21.13.31:112][  0]LogRHI: Texture pool is 1361 MB (70% of 1945 MB)
[2017.02.23-21.13.31:130][  0]LogD3D11RHI:Warning: Timestamp queries are currently disabled on this hardware due to instability. Realtime GPU stats will not be available. You can override this behaviour by setting r.NVIDIATimestampWorkaround to 0
[2017.02.23-21.13.31:130][  0]LogD3D11RHI: Async texture creation enabled
[2017.02.23-21.13.31:145][  0]LogD3D11RHI: GPU Timing Frequency: 1000.000000 (Debug: 2 2)
[2017.02.23-21.13.31:145][  0]LogShaderCompilers: Guid format shader working directory is 11 characters bigger than the processId version (F:/Stephs_Unreal/DSG04/Unreal_VR_DSG_01/Intermediate/Shaders/WorkingDirectory/11116/).
[2017.02.23-21.13.31:146][  0]LogShaderCompilers: Cleaned the shader compiler working directory 'C:/Users/scardinali/AppData/Local/Temp/UnrealShaderWorkingDir/82EEB5554153D2AF63CA228C74E44CA0/'.
[2017.02.23-21.13.31:146][  0]LogShaderCompilers:Display: Using Local Shader Compiler.
[2017.02.23-21.13.32:221][  0]LogTemp:Display: Loaded TP AllDesktopTargetPlatform
[2017.02.23-21.13.32:279][  0]LogTemp:Display: Loaded TP MacClientTargetPlatform
[2017.02.23-21.13.32:332][  0]LogTemp:Display: Loaded TP MacNoEditorTargetPlatform
[2017.02.23-21.13.32:385][  0]LogTemp:Display: Loaded TP MacServerTargetPlatform
[2017.02.23-21.13.32:439][  0]LogTemp:Display: Loaded TP MacTargetPlatform
[2017.02.23-21.13.32:492][  0]LogTemp:Display: Loaded TP WindowsClientTargetPlatform
[2017.02.23-21.13.32:545][  0]LogTemp:Display: Loaded TP WindowsNoEditorTargetPlatform
[2017.02.23-21.13.32:597][  0]LogTemp:Display: Loaded TP WindowsServerTargetPlatform
[2017.02.23-21.13.32:639][  0]LogTemp:Display: Loaded TP WindowsTargetPlatform
[2017.02.23-21.13.32:691][  0]LogTemp:Display: Loaded TP AndroidTargetPlatform
[2017.02.23-21.13.32:742][  0]LogTemp:Display: Loaded TP Android_ASTCTargetPlatform
[2017.02.23-21.13.32:794][  0]LogTemp:Display: Loaded TP Android_ATCTargetPlatform
[2017.02.23-21.13.32:846][  0]LogTemp:Display: Loaded TP Android_DXTTargetPlatform
[2017.02.23-21.13.32:903][  0]LogTemp:Display: Loaded TP Android_ETC1TargetPlatform
[2017.02.23-21.13.32:960][  0]LogTemp:Display: Loaded TP Android_ETC2TargetPlatform
[2017.02.23-21.13.33:064][  0]LogTemp:Display: Loaded TP Android_MultiTargetPlatform
[2017.02.23-21.13.33:064][  0]LogTemp:Display: Loaded TP Android_PVRTCTargetPlatform
[2017.02.23-21.13.33:098][  0]LogTemp:Display: Loaded TP HTML5TargetPlatform
[2017.02.23-21.13.33:177][  0]LogTemp:Display: Loaded TP IOSTargetPlatform
[2017.02.23-21.13.33:208][  0]LogTemp:Display: Loaded TP TVOSTargetPlatform
[2017.02.23-21.13.33:261][  0]LogTemp:Display: Loaded TP LinuxClientTargetPlatform
[2017.02.23-21.13.33:314][  0]LogTemp:Display: Loaded TP LinuxNoEditorTargetPlatform
[2017.02.23-21.13.33:366][  0]LogTemp:Display: Loaded TP LinuxServerTargetPlatform
[2017.02.23-21.13.33:420][  0]LogTemp:Display: Loaded TP LinuxTargetPlatform
[2017.02.23-21.13.33:420][  0]LogTargetPlatformManager:Display: Building Assets For Windows
[2017.02.23-21.13.33:725][  0]LogDerivedDataCache:Display: Max Cache Size: 512 MB
[2017.02.23-21.13.33:777][  0]LogDerivedDataCache: Loaded boot cache 0.05s 55MB C:/Users/scardinali/AppData/Local/UnrealEngine/4.14/DerivedDataCache/Boot.ddc.
[2017.02.23-21.13.33:777][  0]LogDerivedDataCache:Display: Loaded Boot cache: C:/Users/scardinali/AppData/Local/UnrealEngine/4.14/DerivedDataCache/Boot.ddc
[2017.02.23-21.13.33:777][  0]LogDerivedDataCache: FDerivedDataBackendGraph:  Pak pak cache file F:/Stephs_Unreal/DSG04/Unreal_VR_DSG_01/DerivedDataCache/DDC.ddp not found, will not use a pak cache.
[2017.02.23-21.13.33:777][  0]LogDerivedDataCache: Unable to find inner node Pak for hierarchical cache Hierarchy.
[2017.02.23-21.13.33:777][  0]LogDerivedDataCache: FDerivedDataBackendGraph:  CompressedPak pak cache file F:/Stephs_Unreal/DSG04/Unreal_VR_DSG_01/DerivedDataCache/Compressed.ddp not found, will not use a pak cache.
[2017.02.23-21.13.33:777][  0]LogDerivedDataCache: Unable to find inner node CompressedPak for hierarchical cache Hierarchy.
[2017.02.23-21.13.33:794][  0]LogDerivedDataCache:Display: Pak cache opened for reading ../../../Engine/DerivedDataCache/Compressed.ddp.
[2017.02.23-21.13.33:806][  0]LogDerivedDataCache: Using Local data cache path C:/Users/scardinali/AppData/Local/UnrealEngine/Common/DerivedDataCache: Writable
[2017.02.23-21.13.34:056][  0]LogInit: Selected Device Profile: [Windows]
[2017.02.23-21.13.34:060][  0]LogContentStreaming: Texture pool size is 0.00 MB
[2017.02.23-21.13.34:261][  0]LogMeshUtilities: Using QuadricMeshReduction for automatic static mesh reduction
[2017.02.23-21.13.34:298][  0]LogSimplygon: Simplygon DLL not present - disabling.
[2017.02.23-21.13.34:338][  0]LogMeshUtilities: Using SimplygonSwarm for distributed automatic mesh merging
[2017.02.23-21.13.34:338][  0]LogMeshUtilities: No automatic skeletal mesh reduction module available
[2017.02.23-21.13.34:338][  0]LogMeshUtilities: No automatic mesh merging module available
[2017.02.23-21.13.34:874][  0]LogNetVersion: GetLocalNetworkVersion: CL: 3195953, ProjectName: unreal_vr_dsg_01, ProjectVersion: , EngineNetworkVersion: 2, GameNetworkVersion: 0, NetworkChecksum: 1507437998
[2017.02.23-21.13.34:923][  0]LogAssetRegistry: FAssetRegistry took 0.0201 seconds to start up
[2017.02.23-21.13.34:964][  0]LogPackageLocalizationCache: Processed 3 localized package path(s) for 2 prioritized culture(s) in 0.027284 seconds
[2017.02.23-21.13.34:970][  0]LogUObjectArray: 31946 objects as part of root set at end of initial load.
[2017.02.23-21.13.34:970][  0]LogUObjectAllocator: 6935848 out of 0 bytes used by permanent object pool.
[2017.02.23-21.13.34:970][  0]LogUObjectArray: CloseDisregardForGC: 0/0 objects in disregard for GC pool
[2017.02.23-21.13.35:012][  0]LogInit: WinSock: version 1.1 (2.2), MaxSocks=32767, MaxUdp=65467
[2017.02.23-21.13.35:640][  0]LogSlate: Using Freetype 2.6.0
[2017.02.23-21.13.35:641][  0]LogSlate: SlateFontCache - WITH_FREETYPE: 1, WITH_HARFBUZZ: 1
[2017.02.23-21.13.35:641][  0]LogSlate: SlateFontCache - WITH_FREETYPE: 1, WITH_HARFBUZZ: 1
[2017.02.23-21.13.37:090][  0]LogSubstanceCoreModule: Substance [CPU] Engine Loaded, Max Texture Size = 2048
[2017.02.23-21.13.37:112][  0]LogTcpMessaging: Initializing TcpMessaging bridge
[2017.02.23-21.13.37:144][  0]LogUdpMessaging: Initializing bridge on interface 0.0.0.0:0 to multicast group 230.0.0.1:6666.
[2017.02.23-21.13.37:466][  0]LogMaterial: Uniform references updated for custom material expression Custom.
[2017.02.23-21.13.37:844][  0]SourceControl: Info Source control is disabled
[2017.02.23-21.13.37:871][  0]SourceControl: Info Source control is disabled
[2017.02.23-21.13.37:911][  0]SourceControl: Info Source control is disabled
[2017.02.23-21.13.37:951][  0]SourceControl: Info Source control is disabled
[2017.02.23-21.13.39:103][  0]LogEngine: Initializing Engine...
[2017.02.23-21.13.39:104][  0]LogHMD: Failed to initialize OpenVR with code 110
[2017.02.23-21.13.39:389][  0]LogAIModule: Creating AISystem for world Untitled
[2017.02.23-21.13.39:402][  0]LogInit: XAudio2 using 'Speakers (Andrea PureAudio USB-SA Headset)' : 2 channels at 44.1 kHz using 16 bits per sample (channel mask 0x3)
[2017.02.23-21.13.39:421][  0]LogInit: FAudioDevice initialized.
[2017.02.23-21.13.39:449][  0]LogDerivedDataCache: Saved boot cache 0.03s 61MB C:/Users/scardinali/AppData/Local/UnrealEngine/4.14/DerivedDataCache/Boot.ddc.
[2017.02.23-21.13.39:456][  0]LogInit: Texture streaming: Enabled
[2017.02.23-21.13.39:606][  0]LogInit: Transaction tracking system initialized
[2017.02.23-21.13.39:903][  0]BlueprintLog: New page: Editor Load
[2017.02.23-21.13.40:654][  0]LocalizationService: Info Localization service is disabled
[2017.02.23-21.13.41:216][  0]LogConsoleResponse:Display: 
[2017.02.23-21.13.41:372][  0]LogCook:Display: Max memory allowance for cook 16384mb min free memory 0mb
[2017.02.23-21.13.41:372][  0]LogCook:Display: Mobile HDR setting 1
[2017.02.23-21.13.42:140][  0]LogFileCache: Scanning file cache for directory 'F:/Stephs_Unreal/DSG04/Unreal_VR_DSG_01/Content/' took 0.02s
[2017.02.23-21.13.42:180][  0]SourceControl: Info Source control is disabled
[2017.02.23-21.13.42:180][  0]Cmd: MAP LOAD FILE="F:/Stephs_Unreal/DSG04/Unreal_VR_DSG_01/Content/VirtualRealityBP/Maps/StartupMap.umap" TEMPLATE=0 SHOWPROGRESS=1 FEATURELEVEL=3
[2017.02.23-21.13.42:180][  0]LightingResults: New page: Lighting Build
[2017.02.23-21.13.42:216][  0]MapCheck: New page: Map Check
[2017.02.23-21.13.42:216][  0]LightingResults: New page: Lighting Build
[2017.02.23-21.13.42:294][  0]LogLinker:Warning: Can't find file '/Game/DSG/Meshes/Conveyor/ZiP-Line-Logo_3'
[2017.02.23-21.13.42:294][  0]LogLinker:Warning: Can't find file for asset '/Game/DSG/Meshes/Conveyor/ZiP-Line-Logo_3' while loading F:/Stephs_Unreal/DSG04/Unreal_VR_DSG_01/Content/DSG/Meshes/Conveyor/M_Zipline_Logo.uasset.
[2017.02.23-21.13.42:298][  0]LoadErrors:Error: Error /Game/DSG/Meshes/Conveyor/M_Zipline_Logo : Can't find file for asset. /Game/DSG/Meshes/Conveyor/ZiP-Line-Logo_3
[2017.02.23-21.13.42:298][  0]LogLinker:Warning: Can't find file '/Game/DSG/Meshes/Conveyor/ZiP-Line-Logo_3'
[2017.02.23-21.13.42:298][  0]LogLinker:Warning: Can't find file for asset '/Game/DSG/Meshes/Conveyor/ZiP-Line-Logo_3' while loading F:/Stephs_Unreal/DSG04/Unreal_VR_DSG_01/Content/DSG/Meshes/Conveyor/M_Zipline_Logo.uasset.
[2017.02.23-21.13.42:298][  0]LoadErrors:Error: Error /Game/DSG/Meshes/Conveyor/M_Zipline_Logo : Can't find file for asset. /Game/DSG/Meshes/Conveyor/ZiP-Line-Logo_3
[2017.02.23-21.13.42:329][  0]LogLinker:Warning: Can't find file '/Game/DSG/Meshes/Conveyor/ZiP-Line-Logo_3'
[2017.02.23-21.13.42:329][  0]LoadErrors: Info Failed to load /Game/DSG/Meshes/Conveyor/ZiP-Line-Logo_3.ZiP-Line-Logo_3 Referenced by MaterialExpressionTextureSample_0
[2017.02.23-21.13.42:330][  0]LogLinker:Warning: Can't find file for asset '/Game/DSG/Meshes/Conveyor/ZiP-Line-Logo_3' while loading NULL.
[2017.02.23-21.13.42:330][  0]LoadErrors: Info Failed to load /Game/DSG/Meshes/Conveyor/ZiP-Line-Logo_3.ZiP-Line-Logo_3 Referenced by MaterialExpressionTextureSample_0
[2017.02.23-21.13.42:350][  0]LogTexture:Display: Building textures: Asphalt3 (AutoDXT)
[2017.02.23-21.13.42:956][  0]LogMaterial: Missing cached shader map for material Asphalt, compiling. 
[2017.02.23-21.13.42:959][  0]LogMaterial:Warning: Failed to compile Material /Game/DSG/Asphalt.Asphalt for platform PCD3D_SM5, Default Material will be used in game.
[2017.02.23-21.13.42:959][  0]LogMaterial:Warning: 	(Node TextureSample) TextureSample> Sampler type is Normal, should be Color for /Game/DSG/Asphalt3.Asphalt3
[2017.02.23-21.13.42:960][  0]LogStaticMesh: Building static mesh DSG_Building...
[2017.02.23-21.13.43:043][  0]LogStaticMesh: Built static mesh [0.08s] /Game/DSG/DSG_Building.DSG_Building
[2017.02.23-21.13.43:143][  0]LogMaterial: Missing cached shader map for material Concrete_083_MAT_0, compiling. 
[2017.02.23-21.13.43:221][  0]LogTexture:Display: Building textures: T_Asphalt_Normal (BC5)
[2017.02.23-21.13.43:303][  0]LogTexture:Display: Building textures: T_ASPHALT3 (AutoDXT)
[2017.02.23-21.13.44:008][  0]LogTexture:Display: Building textures: T_Grass_Diff (AutoDXT)
[2017.02.23-21.13.44:635][  0]LogTexture:Display: Building textures: T_Grass_Normal (BC5)
[2017.02.23-21.13.44:701][  0]LogMaterial: Missing cached shader map for material M_Build_Grass, compiling. 
[2017.02.23-21.13.44:751][  0]LogMaterial: Missing cached shader map for material M_Zipline_Logo, compiling. 
[2017.02.23-21.13.44:752][  0]LogMaterial:Warning: Failed to compile Material /Game/DSG/Meshes/Conveyor/M_Zipline_Logo.M_Zipline_Logo for platform PCD3D_SM5, Default Material will be used in game.
[2017.02.23-21.13.44:752][  0]LogMaterial:Warning: 	(Node TextureSample) TextureSample> Missing input texture
[2017.02.23-21.13.44:979][  0]LogMaterial: Missing cached shader map for material Wall_Exterior, compiling. 
[2017.02.23-21.13.44:999][  0]LogMaterial: Missing cached shader map for material Wall_-_Beige, compiling. 
[2017.02.23-21.13.45:042][  0]LogTexture:Display: Building textures: GRYCON3 (AutoDXT)
[2017.02.23-21.13.45:844][  0]LogMaterial: Missing cached shader map for material Material__3241, compiling. 
[2017.02.23-21.13.45:844][  0]LogMaterial:Warning: Failed to compile Material /Game/DSG/Material__3241.Material__3241 for platform PCD3D_SM5, Default Material will be used in game.
[2017.02.23-21.13.45:844][  0]LogMaterial:Warning: 	(Node TextureSample) TextureSample> Sampler type is Normal, should be Color for /Game/DSG/GRYCON3.GRYCON3
[2017.02.23-21.13.45:863][  0]LogTexture:Display: Building textures: Grass2 (AutoDXT)
[2017.02.23-21.13.46:576][  0]LogMaterial: Missing cached shader map for material Grass, compiling. 
[2017.02.23-21.13.46:610][  0]LogMaterial: Missing cached shader map for material Concrete_Cement2, compiling. 
[2017.02.23-21.13.46:610][  0]LogMaterial:Warning: Failed to compile Material /Game/DSG/Concrete_Cement2.Concrete_Cement2 for platform PCD3D_SM5, Default Material will be used in game.
[2017.02.23-21.13.46:610][  0]LogMaterial:Warning: 	(Node TextureSample) TextureSample> Sampler type is Normal, should be Color for /Game/DSG/GRYCON3.GRYCON3
[2017.02.23-21.13.46:614][  0]LogTexture:Display: Building textures: concreteln (BC5)
[2017.02.23-21.13.46:676][  0]LogTexture:Display: Building textures: concrete01 (AutoDXT)
[2017.02.23-21.13.47:306][  0]LogMaterial: Missing cached shader map for material Concrete, compiling. 
[2017.02.23-21.13.47:337][  0]LogMaterial: Missing cached shader map for material M_Build_Asphalt, compiling. 
[2017.02.23-21.13.47:382][  0]LogAIModule: Creating AISystem for world StartupMap
[2017.02.23-21.13.47:422][  0]LogEditorServer: Finished looking for orphan Actors (0.000 secs)
[2017.02.23-21.13.47:423][  0]Cmd: MAP CHECKDEP NOCLEARLOG
[2017.02.23-21.13.47:584][  0]MapCheck: Info Map check complete: 0 Error(s), 0 Warning(s), took 160.349ms to complete.
[2017.02.23-21.13.47:584][  0]LogFileHelpers: Loading map 'StartupMap' took 5.403
[2017.02.23-21.13.47:780][  0]LogCollectionManager: Loaded 0 collections in 0.003032 seconds
[2017.02.23-21.13.47:906][  0]LogFileCache: Scanning file cache for directory 'F:/Stephs_Unreal/DSG04/Unreal_VR_DSG_01/Saved/Collections/' took 0.01s
[2017.02.23-21.13.47:906][  0]LogFileCache: Scanning file cache for directory 'F:/Stephs_Unreal/DSG04/Unreal_VR_DSG_01/Content/Developers/scardinali/Collections/' took 0.01s
[2017.02.23-21.13.47:906][  0]LogFileCache: Scanning file cache for directory 'F:/Stephs_Unreal/DSG04/Unreal_VR_DSG_01/Content/Collections/' took 0.01s
[2017.02.23-21.13.47:906][  0]LogCollectionManager: Rebuilt the GUID cache for 0 collections in 0.000002 seconds
[2017.02.23-21.13.47:924][  0]LogContentBrowser: Native class hierarchy populated in 0.0159 seconds. Added 2204 classes and 434 folders.
[2017.02.23-21.13.47:992][  0]LogStats: UGameplayTagsManager::ConstructGameplayTagTree: Construct from data asset -  0.000 s
[2017.02.23-21.13.47:992][  0]LogStats: UGameplayTagsManager::ConstructGameplayTagTree: GameplayTagTreeChangedEvent.Broadcast -  0.000 s
[2017.02.23-21.13.47:996][  0]LogContentBrowser: Native class hierarchy updated for 'GameplayTags' in 0.0009 seconds. Added 13 classes and 0 folders.
[2017.02.23-21.13.48:095][  0]LogContentBrowser: Native class hierarchy updated for 'WidgetCarousel' in 0.0006 seconds. Added 0 classes and 0 folders.
[2017.02.23-21.13.48:288][  0]LogContentBrowser: Native class hierarchy updated for 'AddContentDialog' in 0.0008 seconds. Added 0 classes and 0 folders.
[2017.02.23-21.13.48:361][  0]LogContentBrowser: Native class hierarchy updated for 'SceneOutliner' in 0.0013 seconds. Added 1 classes and 2 folders.
[2017.02.23-21.13.48:450][  0]LogCrashTracker: Crashtracker disabled due to settings.
[2017.02.23-21.13.48:461][  0]LogUObjectGlobals:Warning: Failed to find object 'Class None.'
[2017.02.23-21.13.48:555][  0]LogContentBrowser: Native class hierarchy updated for 'HierarchicalLODOutliner' in 0.0008 seconds. Added 1 classes and 2 folders.
[2017.02.23-21.13.48:556][  0]LogLoad: (Engine Initialization) Total time: 20.36 seconds
[2017.02.23-21.13.48:556][  0]LogLoad: (Engine Initialization) Total Blueprint compile time: 0.04 seconds
[2017.02.23-21.13.48:556][  0]LogExternalProfiler: Found external profiler: VSPerf
[2017.02.23-21.13.48:556][  0]LogExternalProfiler: Using external profiler: VSPerf
[2017.02.23-21.13.48:573][  0]LogOcInput: OculusInput pre-init called
[2017.02.23-21.13.48:599][  0]LogContentStreaming: Texture pool size now 1000 MB
[2017.02.23-21.13.48:827][  0]LogContentBrowser:Verbose: The majority of assets in the view are of type: Material
[2017.02.23-21.13.48:916][  0]LogRenderer: Reallocating scene render targets to support 1208x572 NumSamples 1 (Frame:2).
[2017.02.23-21.13.49:122][  2]LogCollectionManager: Rebuilt the object cache for 0 collections in 0.000002 seconds (found 0 objects)
[2017.02.23-21.13.49:164][  3]LogAssetRegistry: Asset discovery search completed in 14.2613 seconds
[2017.02.23-21.13.49:165][  3]LogCollectionManager: Fixed up redirectors for 0 collections in 0.000001 seconds (updated 0 objects)
[2017.02.23-21.14.52:227][769]LogEditorViewport: Clicking on Actor (LMB): StaticMeshActor (DSG_Building)
[2017.02.23-21.14.58:837][152]LogContentBrowser:Verbose: The majority of assets in the view are of type: World
[2017.02.23-21.15.00:991][280]LogContentBrowser:Verbose: The majority of assets in the view are of type: SubstanceTexture2D
[2017.02.23-21.15.20:257][432]LogMaterial: Missing cached shader map for material Concrete_030_MAT_0, compiling. 
[2017.02.23-21.17.33:733][296]LogMaterial: Missing cached shader map for material Concrete_083_MAT_0, compiling. 
[2017.02.23-21.17.33:855][296]LogMaterial: Missing cached shader map for material Concrete_083_MAT_0, compiling. 
[2017.02.23-21.17.33:867][296]LogMaterial: 0.00 seconds spent updating 1 materials, 1 interfaces, 0 instances, 0 with static permutations.
[2017.02.23-21.17.33:890][296]LogMaterial: Missing cached shader map for material FMatExpressionPreview MaterialExpressionTextureSampleParameter2D_70, compiling. 
[2017.02.23-21.17.33:896][296]LogMaterial: Missing cached shader map for material FMatExpressionPreview MaterialExpressionTextureSampleParameter2D_73, compiling. 
[2017.02.23-21.17.33:900][296]LogMaterial: Missing cached shader map for material FMatExpressionPreview MaterialExpressionTextureSampleParameter2D_72, compiling. 
[2017.02.23-21.17.33:905][296]LogMaterial: Missing cached shader map for material FMatExpressionPreview MaterialExpressionTextureSampleParameter2D_71, compiling. 
[2017.02.23-21.17.33:910][296]LogMaterial: Missing cached shader map for material FMatExpressionPreview MaterialExpressionTextureSampleParameter2D_74, compiling. 
[2017.02.23-21.17.35:391][349]MaterialEditorStats: Info Base pass shader with only dynamic lighting: 43 instructions
[2017.02.23-21.17.35:391][349]MaterialEditorStats: Info Vertex shader: 87 instructions
[2017.02.23-21.17.35:391][349]MaterialEditorStats: Info Texture samplers: 5/16
[2017.02.23-21.17.41:740][720]LogMaterial: Missing cached shader map for material Concrete_083_MAT_0, compiling. 
[2017.02.23-21.17.41:752][720]LogMaterial: 0.00 seconds spent updating 1 materials, 1 interfaces, 0 instances, 0 with static permutations.
[2017.02.23-21.17.42:583][755]MaterialEditorStats: Info Base pass shader with only dynamic lighting: 43 instructions
[2017.02.23-21.17.42:583][755]MaterialEditorStats: Info Vertex shader: 87 instructions
[2017.02.23-21.17.42:583][755]MaterialEditorStats: Info Texture samplers: 5/16
[2017.02.23-21.17.47:330][ 37]LogMaterial: Missing cached shader map for material Concrete_083_MAT_0, compiling. 
[2017.02.23-21.17.47:342][ 37]LogMaterial: 0.00 seconds spent updating 1 materials, 1 interfaces, 0 instances, 0 with static permutations.
[2017.02.23-21.17.48:493][ 92]MaterialEditorStats: Info Base pass shader with only dynamic lighting: 43 instructions
[2017.02.23-21.17.48:493][ 92]MaterialEditorStats: Info Vertex shader: 87 instructions
[2017.02.23-21.17.48:493][ 92]MaterialEditorStats: Info Texture samplers: 5/16
[2017.02.23-21.17.55:576][479]LogMaterial: Missing cached shader map for material Concrete_083_MAT_0, compiling. 
[2017.02.23-21.17.55:587][479]LogMaterial: 0.00 seconds spent updating 1 materials, 1 interfaces, 0 instances, 0 with static permutations.
[2017.02.23-21.17.56:438][520]MaterialEditorStats: Info Base pass shader with only dynamic lighting: 43 instructions
[2017.02.23-21.17.56:438][520]MaterialEditorStats: Info Vertex shader: 87 instructions
[2017.02.23-21.17.56:438][520]MaterialEditorStats: Info Texture samplers: 5/16
[2017.02.23-21.17.56:691][535]LogMaterial: Missing cached shader map for material Concrete_083_MAT_0, compiling. 
[2017.02.23-21.17.56:702][535]LogMaterial: 0.00 seconds spent updating 1 materials, 1 interfaces, 0 instances, 0 with static permutations.
[2017.02.23-21.17.57:556][575]MaterialEditorStats: Info Base pass shader with only dynamic lighting: 43 instructions
[2017.02.23-21.17.57:557][575]MaterialEditorStats: Info Vertex shader: 87 instructions
[2017.02.23-21.17.57:557][575]MaterialEditorStats: Info Texture samplers: 5/16
[2017.02.23-21.17.57:823][591]LogMaterialEditor: Applying material Concrete_083_MAT_0
[2017.02.23-21.17.58:312][591]LogMaterial: Missing cached shader map for material Concrete_083_MAT_0, compiling. 
[2017.02.23-21.17.58:335][591]LogMaterial: 0.00 seconds spent updating 1 materials, 1 interfaces, 0 instances, 0 with static permutations.
[2017.02.23-21.17.58:393][591]LogMaterial: Missing cached shader map for material Concrete_083_MAT_0, compiling. 
[2017.02.23-21.17.58:442][591]LogMaterial: Missing cached shader map for material Concrete_083_MAT_0, compiling. 
[2017.02.23-21.17.58:472][591]LogMaterial: 0.00 seconds spent updating 1 materials, 1 interfaces, 0 instances, 0 with static permutations.
[2017.02.23-21.18.00:896][716]MaterialEditorStats: Info Base pass shader with only dynamic lighting: 114 instructions
[2017.02.23-21.18.00:897][716]MaterialEditorStats: Info Vertex shader: 87 instructions
[2017.02.23-21.18.00:897][716]MaterialEditorStats: Info Texture samplers: 8/16
[2017.02.23-21.18.22:416][993]LogMaterial: Missing cached shader map for material Concrete_030_MAT_0, compiling. 
[2017.02.23-21.18.22:487][993]LogMaterial: Missing cached shader map for material Concrete_030_MAT_0, compiling. 
[2017.02.23-21.18.22:500][993]LogMaterial: 0.00 seconds spent updating 1 materials, 1 interfaces, 0 instances, 0 with static permutations.
[2017.02.23-21.18.22:523][993]LogMaterial: Missing cached shader map for material FMatExpressionPreview MaterialExpressionTextureSampleParameter2D_49, compiling. 
[2017.02.23-21.18.22:530][993]LogMaterial: Missing cached shader map for material FMatExpressionPreview MaterialExpressionTextureSampleParameter2D_45, compiling. 
[2017.02.23-21.18.22:535][993]LogMaterial: Missing cached shader map for material FMatExpressionPreview MaterialExpressionTextureSampleParameter2D_46, compiling. 
[2017.02.23-21.18.22:539][993]LogMaterial: Missing cached shader map for material FMatExpressionPreview MaterialExpressionTextureSampleParameter2D_48, compiling. 
[2017.02.23-21.18.22:544][993]LogMaterial: Missing cached shader map for material FMatExpressionPreview MaterialExpressionTextureSampleParameter2D_47, compiling. 
[2017.02.23-21.18.23:770][ 39]MaterialEditorStats: Info Base pass shader with static lighting: 73 instructions
[2017.02.23-21.18.23:770][ 39]MaterialEditorStats: Info Base pass shader with only dynamic lighting: 42 instructions
[2017.02.23-21.18.23:770][ 39]MaterialEditorStats: Info Vertex shader: 87 instructions
[2017.02.23-21.18.23:770][ 39]MaterialEditorStats: Info Texture samplers: 7/16
[2017.02.23-21.18.35:373][684]LogMaterial: Missing cached shader map for material Concrete_030_MAT_0, compiling. 
[2017.02.23-21.18.35:386][684]LogMaterial: 0.00 seconds spent updating 1 materials, 1 interfaces, 0 instances, 0 with static permutations.
[2017.02.23-21.18.36:677][748]MaterialEditorStats: Info Base pass shader with static lighting: 73 instructions
[2017.02.23-21.18.36:677][748]MaterialEditorStats: Info Base pass shader with only dynamic lighting: 42 instructions
[2017.02.23-21.18.36:677][748]MaterialEditorStats: Info Vertex shader: 87 instructions
[2017.02.23-21.18.36:677][748]MaterialEditorStats: Info Texture samplers: 7/16
[2017.02.23-21.18.59:518][112]LogMaterial: Missing cached shader map for material Concrete_030_MAT_0, compiling. 
[2017.02.23-21.18.59:531][112]LogMaterial: 0.00 seconds spent updating 1 materials, 1 interfaces, 0 instances, 0 with static permutations.
[2017.02.23-21.18.59:559][112]LogMaterial: Missing cached shader map for material FMatExpressionPreview MaterialExpressionTextureSampleParameter2D_49, compiling. 
[2017.02.23-21.19.00:898][165]MaterialEditorStats: Info Base pass shader with static lighting: 73 instructions
[2017.02.23-21.19.00:898][165]MaterialEditorStats: Info Base pass shader with only dynamic lighting: 42 instructions
[2017.02.23-21.19.00:898][165]MaterialEditorStats: Info Vertex shader: 87 instructions
[2017.02.23-21.19.00:898][165]MaterialEditorStats: Info Texture samplers: 7/16
[2017.02.23-21.19.02:150][238]LogMaterial: Missing cached shader map for material Concrete_030_MAT_0, compiling. 
[2017.02.23-21.19.02:163][238]LogMaterial: 0.00 seconds spent updating 1 materials, 1 interfaces, 0 instances, 0 with static permutations.
[2017.02.23-21.19.02:190][238]LogMaterial: Missing cached shader map for material FMatExpressionPreview MaterialExpressionTextureSampleParameter2D_46, compiling. 
[2017.02.23-21.19.03:296][278]MaterialEditorStats: Info Base pass shader with static lighting: 73 instructions
[2017.02.23-21.19.03:296][278]MaterialEditorStats: Info Base pass shader with only dynamic lighting: 42 instructions
[2017.02.23-21.19.03:296][278]MaterialEditorStats: Info Vertex shader: 87 instructions
[2017.02.23-21.19.03:296][278]MaterialEditorStats: Info Texture samplers: 7/16
[2017.02.23-21.19.06:519][469]LogMaterial: Missing cached shader map for material Concrete_030_MAT_0, compiling. 
[2017.02.23-21.19.06:532][469]LogMaterial: 0.00 seconds spent updating 1 materials, 1 interfaces, 0 instances, 0 with static permutations.
[2017.02.23-21.19.06:556][469]LogMaterial: Missing cached shader map for material FMatExpressionPreview MaterialExpressionTextureSampleParameter2D_48, compiling. 
[2017.02.23-21.19.07:515][509]MaterialEditorStats: Info Base pass shader with static lighting: 73 instructions
[2017.02.23-21.19.07:515][509]MaterialEditorStats: Info Base pass shader with only dynamic lighting: 42 instructions
[2017.02.23-21.19.07:515][509]MaterialEditorStats: Info Vertex shader: 87 instructions
[2017.02.23-21.19.07:515][509]MaterialEditorStats: Info Texture samplers: 7/16
[2017.02.23-21.19.08:960][595]LogMaterial: Missing cached shader map for material Concrete_030_MAT_0, compiling. 
[2017.02.23-21.19.08:973][595]LogMaterial: 0.00 seconds spent updating 1 materials, 1 interfaces, 0 instances, 0 with static permutations.
[2017.02.23-21.19.09:002][595]LogMaterial: Missing cached shader map for material FMatExpressionPreview MaterialExpressionTextureSampleParameter2D_46, compiling. 
[2017.02.23-21.19.09:988][637]MaterialEditorStats: Info Base pass shader with static lighting: 73 instructions
[2017.02.23-21.19.09:988][637]MaterialEditorStats: Info Base pass shader with only dynamic lighting: 42 instructions
[2017.02.23-21.19.09:988][637]MaterialEditorStats: Info Vertex shader: 87 instructions
[2017.02.23-21.19.09:988][637]MaterialEditorStats: Info Texture samplers: 7/16
[2017.02.23-21.19.12:338][777]LogMaterial: Missing cached shader map for material Concrete_030_MAT_0, compiling. 
[2017.02.23-21.19.12:351][777]LogMaterial: 0.00 seconds spent updating 1 materials, 1 interfaces, 0 instances, 0 with static permutations.
[2017.02.23-21.19.12:376][777]LogMaterial: Missing cached shader map for material FMatExpressionPreview MaterialExpressionTextureSampleParameter2D_46, compiling. 
[2017.02.23-21.19.13:385][819]MaterialEditorStats: Info Base pass shader with static lighting: 73 instructions
[2017.02.23-21.19.13:385][819]MaterialEditorStats: Info Base pass shader with only dynamic lighting: 42 instructions
[2017.02.23-21.19.13:385][819]MaterialEditorStats: Info Vertex shader: 87 instructions
[2017.02.23-21.19.13:385][819]MaterialEditorStats: Info Texture samplers: 7/16
[2017.02.23-21.19.19:784][198]LogMaterial: Missing cached shader map for material Concrete_030_MAT_0, compiling. 
[2017.02.23-21.19.19:798][198]LogMaterial: 0.00 seconds spent updating 1 materials, 1 interfaces, 0 instances, 0 with static permutations.
[2017.02.23-21.19.19:835][198]LogMaterial: Missing cached shader map for material FMatExpressionPreview MaterialExpressionTextureSampleParameter2D_47, compiling. 
[2017.02.23-21.19.20:791][236]MaterialEditorStats: Info Base pass shader with static lighting: 73 instructions
[2017.02.23-21.19.20:791][236]MaterialEditorStats: Info Base pass shader with only dynamic lighting: 42 instructions
[2017.02.23-21.19.20:791][236]MaterialEditorStats: Info Vertex shader: 87 instructions
[2017.02.23-21.19.20:791][236]MaterialEditorStats: Info Texture samplers: 7/16
[2017.02.23-21.19.23:671][407]LogMaterial: Missing cached shader map for material Concrete_030_MAT_0, compiling. 
[2017.02.23-21.19.23:684][407]LogMaterial: 0.00 seconds spent updating 1 materials, 1 interfaces, 0 instances, 0 with static permutations.
[2017.02.23-21.19.24:667][450]MaterialEditorStats: Info Base pass shader with static lighting: 74 instructions
[2017.02.23-21.19.24:667][450]MaterialEditorStats: Info Base pass shader with only dynamic lighting: 43 instructions
[2017.02.23-21.19.24:667][450]MaterialEditorStats: Info Vertex shader: 87 instructions
[2017.02.23-21.19.24:667][450]MaterialEditorStats: Info Texture samplers: 7/16
[2017.02.23-21.19.25:040][472]LogMaterial: Missing cached shader map for material Concrete_030_MAT_0, compiling. 
[2017.02.23-21.19.25:053][472]LogMaterial: 0.00 seconds spent updating 1 materials, 1 interfaces, 0 instances, 0 with static permutations.
[2017.02.23-21.19.25:127][476]LogMaterialEditor: Applying material Concrete_030_MAT_0
[2017.02.23-21.19.25:838][476]LogMaterial: Missing cached shader map for material Concrete_030_MAT_0, compiling. 
[2017.02.23-21.19.25:876][476]LogMaterial: 0.00 seconds spent updating 1 materials, 1 interfaces, 0 instances, 0 with static permutations.
[2017.02.23-21.19.25:915][476]LogMaterial: Missing cached shader map for material Concrete_030_MAT_0, compiling. 
[2017.02.23-21.19.25:973][476]LogMaterial: Missing cached shader map for material Concrete_030_MAT_0, compiling. 
[2017.02.23-21.19.26:001][476]LogMaterial: 0.00 seconds spent updating 1 materials, 1 interfaces, 0 instances, 0 with static permutations.
[2017.02.23-21.19.29:416][639]MaterialEditorStats: Info Base pass shader with static lighting: 142 instructions
[2017.02.23-21.19.29:416][639]MaterialEditorStats: Info Base pass shader with only dynamic lighting: 114 instructions
[2017.02.23-21.19.29:416][639]MaterialEditorStats: Info Vertex shader: 87 instructions
[2017.02.23-21.19.29:416][639]MaterialEditorStats: Info Texture samplers: 8/16
[2017.02.23-21.19.49:607][662]LogMaterial: Missing cached shader map for material Concrete_030_MAT_0, compiling. 
[2017.02.23-21.19.49:620][662]LogMaterial: 0.00 seconds spent updating 1 materials, 1 interfaces, 0 instances, 0 with static permutations.
[2017.02.23-21.19.50:854][717]MaterialEditorStats: Info Base pass shader with static lighting: 74 instructions
[2017.02.23-21.19.50:854][717]MaterialEditorStats: Info Base pass shader with only dynamic lighting: 43 instructions
[2017.02.23-21.19.50:854][717]MaterialEditorStats: Info Vertex shader: 87 instructions
[2017.02.23-21.19.50:854][717]MaterialEditorStats: Info Texture samplers: 7/16
[2017.02.23-21.19.51:057][729]LogMaterial: Missing cached shader map for material Concrete_030_MAT_0, compiling. 
[2017.02.23-21.19.51:070][729]LogMaterial: 0.00 seconds spent updating 1 materials, 1 interfaces, 0 instances, 0 with static permutations.
[2017.02.23-21.19.51:169][734]LogMaterialEditor: Applying material Concrete_030_MAT_0
[2017.02.23-21.19.51:858][734]LogMaterial: Missing cached shader map for material Concrete_030_MAT_0, compiling. 
[2017.02.23-21.19.51:904][734]LogMaterial: 0.00 seconds spent updating 1 materials, 1 interfaces, 0 instances, 0 with static permutations.
[2017.02.23-21.19.51:933][734]LogMaterial: Missing cached shader map for material Concrete_030_MAT_0, compiling. 
[2017.02.23-21.19.51:987][734]LogMaterial: Missing cached shader map for material Concrete_030_MAT_0, compiling. 
[2017.02.23-21.19.52:022][734]LogMaterial: 0.00 seconds spent updating 1 materials, 1 interfaces, 0 instances, 0 with static permutations.
[2017.02.23-21.19.55:318][868]MaterialEditorStats: Info Base pass shader with static lighting: 142 instructions
[2017.02.23-21.19.55:318][868]MaterialEditorStats: Info Base pass shader with only dynamic lighting: 114 instructions
[2017.02.23-21.19.55:318][868]MaterialEditorStats: Info Vertex shader: 87 instructions
[2017.02.23-21.19.55:318][868]MaterialEditorStats: Info Texture samplers: 8/16
[2017.02.23-21.20.21:888][312]Cmd: OBJ SAVEPACKAGE PACKAGE="/Game/PBRSubstance/Concrete/Concrete_030_INST_0" FILE="F:/Stephs_Unreal/DSG04/Unreal_VR_DSG_01/Content/PBRSubstance/Concrete/Concrete_030_INST_0.uasset" SILENT=true
[2017.02.23-21.20.21:910][312]LogSavePackage: Save=3.11ms
[2017.02.23-21.20.21:910][312]LogSavePackage: Moving 'F:/Stephs_Unreal/DSG04/Unreal_VR_DSG_01/Saved/Concrete_030_INST_06C6946D64E5FE331D30BACB32674994A.tmp' to 'F:/Stephs_Unreal/DSG04/Unreal_VR_DSG_01/Content/PBRSubstance/Concrete/Concrete_030_INST_0.uasset'
[2017.02.23-21.20.21:913][312]LogSavePackage:Display: Finished SavePackage F:/Stephs_Unreal/DSG04/Unreal_VR_DSG_01/Content/PBRSubstance/Concrete/Concrete_030_INST_0.uasset
[2017.02.23-21.20.31:314][874]Cmd: OBJ SAVEPACKAGE PACKAGE="/Game/PBRSubstance/Concrete/Concrete_030_INST_0" FILE="F:/Stephs_Unreal/DSG04/Unreal_VR_DSG_01/Content/PBRSubstance/Concrete/Concrete_030_INST_0.uasset" SILENT=true
[2017.02.23-21.20.31:334][874]LogSavePackage: Save=2.66ms
[2017.02.23-21.20.31:334][874]LogSavePackage: Moving 'F:/Stephs_Unreal/DSG04/Unreal_VR_DSG_01/Saved/Concrete_030_INST_0ED45215245A86C6A6BB59A8F63DF6F1A.tmp' to 'F:/Stephs_Unreal/DSG04/Unreal_VR_DSG_01/Content/PBRSubstance/Concrete/Concrete_030_INST_0.uasset'
[2017.02.23-21.20.31:337][874]LogSavePackage:Display: Finished SavePackage F:/Stephs_Unreal/DSG04/Unreal_VR_DSG_01/Content/PBRSubstance/Concrete/Concrete_030_INST_0.uasset
[2017.02.23-21.20.34:214][ 45]Cmd: OBJ SAVEPACKAGE PACKAGE="/Game/PBRSubstance/Concrete/Concrete_030_INST_0" FILE="F:/Stephs_Unreal/DSG04/Unreal_VR_DSG_01/Content/PBRSubstance/Concrete/Concrete_030_INST_0.uasset" SILENT=true
[2017.02.23-21.20.34:234][ 45]LogSavePackage: Save=2.41ms
[2017.02.23-21.20.34:234][ 45]LogSavePackage: Moving 'F:/Stephs_Unreal/DSG04/Unreal_VR_DSG_01/Saved/Concrete_030_INST_06125BD3E4456EF0BF8D08CAC6E2F0B2F.tmp' to 'F:/Stephs_Unreal/DSG04/Unreal_VR_DSG_01/Content/PBRSubstance/Concrete/Concrete_030_INST_0.uasset'
[2017.02.23-21.20.34:239][ 45]LogSavePackage:Display: Finished SavePackage F:/Stephs_Unreal/DSG04/Unreal_VR_DSG_01/Content/PBRSubstance/Concrete/Concrete_030_INST_0.uasset
[2017.02.23-21.20.38:793][317]Cmd: OBJ SAVEPACKAGE PACKAGE="/Game/PBRSubstance/Concrete/Concrete_030_INST_0" FILE="F:/Stephs_Unreal/DSG04/Unreal_VR_DSG_01/Content/PBRSubstance/Concrete/Concrete_030_INST_0.uasset" SILENT=true
[2017.02.23-21.20.38:813][317]LogSavePackage: Save=2.43ms
[2017.02.23-21.20.38:813][317]LogSavePackage: Moving 'F:/Stephs_Unreal/DSG04/Unreal_VR_DSG_01/Saved/Concrete_030_INST_0B202F8AA44BFD9E4215D43AAB770FFEE.tmp' to 'F:/Stephs_Unreal/DSG04/Unreal_VR_DSG_01/Content/PBRSubstance/Concrete/Concrete_030_INST_0.uasset'
[2017.02.23-21.20.38:815][317]LogSavePackage:Display: Finished SavePackage F:/Stephs_Unreal/DSG04/Unreal_VR_DSG_01/Content/PBRSubstance/Concrete/Concrete_030_INST_0.uasset
[2017.02.23-21.21.12:895][165]LogMaterial: Missing cached shader map for material PreviewMaterial_0, compiling. 
[2017.02.23-21.21.12:978][165]LogMaterial: Missing cached shader map for material PreviewMaterial_0, compiling. 
[2017.02.23-21.21.12:991][165]LogMaterial: 0.00 seconds spent updating 1 materials, 1 interfaces, 0 instances, 0 with static permutations.
[2017.02.23-21.21.13:017][165]LogMaterial: Missing cached shader map for material FMatExpressionPreview MaterialExpressionTextureSampleParameter2D_49, compiling. 
[2017.02.23-21.21.13:022][165]LogMaterial: Missing cached shader map for material FMatExpressionPreview MaterialExpressionTextureSampleParameter2D_45, compiling. 
[2017.02.23-21.21.13:026][165]LogMaterial: Missing cached shader map for material FMatExpressionPreview MaterialExpressionTextureSampleParameter2D_46, compiling. 
[2017.02.23-21.21.13:031][165]LogMaterial: Missing cached shader map for material FMatExpressionPreview MaterialExpressionTextureSampleParameter2D_48, compiling. 
[2017.02.23-21.21.13:037][165]LogMaterial: Missing cached shader map for material FMatExpressionPreview MaterialExpressionTextureSampleParameter2D_47, compiling. 
[2017.02.23-21.21.14:582][230]MaterialEditorStats: Info Base pass shader with static lighting: 74 instructions
[2017.02.23-21.21.14:582][230]MaterialEditorStats: Info Base pass shader with only dynamic lighting: 43 instructions
[2017.02.23-21.21.14:582][230]MaterialEditorStats: Info Vertex shader: 87 instructions
[2017.02.23-21.21.14:582][230]MaterialEditorStats: Info Texture samplers: 7/16
[2017.02.23-21.21.19:512][521]LogMaterial: Missing cached shader map for material PreviewMaterial_0, compiling. 
[2017.02.23-21.21.19:525][521]LogMaterial: 0.00 seconds spent updating 1 materials, 1 interfaces, 0 instances, 0 with static permutations.
[2017.02.23-21.21.20:497][564]MaterialEditorStats: Info Base pass shader with static lighting: 74 instructions
[2017.02.23-21.21.20:497][564]MaterialEditorStats: Info Base pass shader with only dynamic lighting: 43 instructions
[2017.02.23-21.21.20:497][564]MaterialEditorStats: Info Vertex shader: 87 instructions
[2017.02.23-21.21.20:497][564]MaterialEditorStats: Info Texture samplers: 7/16
[2017.02.23-21.21.20:783][581]LogMaterial: Missing cached shader map for material PreviewMaterial_0, compiling. 
[2017.02.23-21.21.20:796][581]LogMaterial: 0.00 seconds spent updating 1 materials, 1 interfaces, 0 instances, 0 with static permutations.
[2017.02.23-21.21.20:855][584]LogMaterialEditor: Applying material Concrete_030_MAT_0
[2017.02.23-21.21.21:537][584]LogMaterial: Missing cached shader map for material PreviewMaterial_0, compiling. 
[2017.02.23-21.21.21:572][584]LogMaterial: 0.00 seconds spent updating 1 materials, 1 interfaces, 0 instances, 0 with static permutations.
[2017.02.23-21.21.21:594][584]LogMaterial: Missing cached shader map for material Concrete_030_MAT_0, compiling. 
[2017.02.23-21.21.21:652][584]LogMaterial: Missing cached shader map for material Concrete_030_MAT_0, compiling. 
[2017.02.23-21.21.21:688][584]LogMaterial: 0.00 seconds spent updating 1 materials, 1 interfaces, 0 instances, 0 with static permutations.
[2017.02.23-21.21.25:147][757]MaterialEditorStats: Info Base pass shader with static lighting: 142 instructions
[2017.02.23-21.21.25:147][757]MaterialEditorStats: Info Base pass shader with only dynamic lighting: 114 instructions
[2017.02.23-21.21.25:147][757]MaterialEditorStats: Info Vertex shader: 87 instructions
[2017.02.23-21.21.25:147][757]MaterialEditorStats: Info Texture samplers: 8/16
[2017.02.23-21.21.36:415][415]LogSavePackage: Save=49.01ms
[2017.02.23-21.21.36:415][415]LogSavePackage: Moving 'F:/Stephs_Unreal/DSG04/Unreal_VR_DSG_01/Saved/StartupMapF876555241863EF4E63213BAD8154545.tmp' to 'F:/Stephs_Unreal/DSG04/Unreal_VR_DSG_01/Content/VirtualRealityBP/Maps/StartupMap.umap'
[2017.02.23-21.21.36:418][415]LogSavePackage:Display: Finished SavePackage F:/Stephs_Unreal/DSG04/Unreal_VR_DSG_01/Content/VirtualRealityBP/Maps/StartupMap.umap
[2017.02.23-21.21.36:451][415]LogFileHelpers: Saving map 'StartupMap' took 0.210
[2017.02.23-21.21.36:473][415]Cmd: OBJ SAVEPACKAGE PACKAGE="/Game/PBRSubstance/Concrete/Concrete_083_MAT_0" FILE="F:/Stephs_Unreal/DSG04/Unreal_VR_DSG_01/Content/PBRSubstance/Concrete/Concrete_083_MAT_0.uasset" SILENT=true
[2017.02.23-21.21.36:511][415]LogSavePackage: Save=16.96ms
[2017.02.23-21.21.36:511][415]LogSavePackage: Moving 'F:/Stephs_Unreal/DSG04/Unreal_VR_DSG_01/Saved/Concrete_083_MAT_040B43AFE4DABC92ABF63DF85461D70D6.tmp' to 'F:/Stephs_Unreal/DSG04/Unreal_VR_DSG_01/Content/PBRSubstance/Concrete/Concrete_083_MAT_0.uasset'
[2017.02.23-21.21.36:514][415]LogSavePackage:Display: Finished SavePackage F:/Stephs_Unreal/DSG04/Unreal_VR_DSG_01/Content/PBRSubstance/Concrete/Concrete_083_MAT_0.uasset
[2017.02.23-21.21.36:533][415]Cmd: OBJ SAVEPACKAGE PACKAGE="/Game/PBRSubstance/Concrete/Concrete_030_MAT_0" FILE="F:/Stephs_Unreal/DSG04/Unreal_VR_DSG_01/Content/PBRSubstance/Concrete/Concrete_030_MAT_0.uasset" SILENT=true
[2017.02.23-21.21.36:567][415]LogSavePackage: Save=14.96ms
[2017.02.23-21.21.36:567][415]LogSavePackage: Moving 'F:/Stephs_Unreal/DSG04/Unreal_VR_DSG_01/Saved/Concrete_030_MAT_040818CBA47DBC69DB753018910961C6D.tmp' to 'F:/Stephs_Unreal/DSG04/Unreal_VR_DSG_01/Content/PBRSubstance/Concrete/Concrete_030_MAT_0.uasset'
[2017.02.23-21.21.36:570][415]LogSavePackage:Display: Finished SavePackage F:/Stephs_Unreal/DSG04/Unreal_VR_DSG_01/Content/PBRSubstance/Concrete/Concrete_030_MAT_0.uasset
[2017.02.23-21.21.36:618][415]LogSavePackage: Save=12.01ms
[2017.02.23-21.21.36:618][415]LogSavePackage: Moving 'F:/Stephs_Unreal/DSG04/Unreal_VR_DSG_01/Saved/Concrete_030_INST_0_ambient_occlusion_0121848844C4053289355D69A420E1B2F.tmp' to 'F:/Stephs_Unreal/DSG04/Unreal_VR_DSG_01/Content/PBRSubstance/Concrete/Concrete_030_INST_0_ambient_occlusion_0.uasset'
[2017.02.23-21.21.36:621][415]LogSavePackage:Display: Finished SavePackage F:/Stephs_Unreal/DSG04/Unreal_VR_DSG_01/Content/PBRSubstance/Concrete/Concrete_030_INST_0_ambient_occlusion_0.uasset
[2017.02.23-21.21.36:625][415]Cmd: OBJ SAVEPACKAGE PACKAGE="/Game/PBRSubstance/Concrete/Concrete_030_INST_0" FILE="F:/Stephs_Unreal/DSG04/Unreal_VR_DSG_01/Content/PBRSubstance/Concrete/Concrete_030_INST_0.uasset" SILENT=true
[2017.02.23-21.21.36:645][415]LogSavePackage: Save=3.36ms
[2017.02.23-21.21.36:645][415]LogSavePackage: Moving 'F:/Stephs_Unreal/DSG04/Unreal_VR_DSG_01/Saved/Concrete_030_INST_057473FC445E6888038FE2D8FA2DADAEC.tmp' to 'F:/Stephs_Unreal/DSG04/Unreal_VR_DSG_01/Content/PBRSubstance/Concrete/Concrete_030_INST_0.uasset'
[2017.02.23-21.21.36:648][415]LogSavePackage:Display: Finished SavePackage F:/Stephs_Unreal/DSG04/Unreal_VR_DSG_01/Content/PBRSubstance/Concrete/Concrete_030_INST_0.uasset
[2017.02.23-21.21.36:696][415]LogSavePackage: Save=12.85ms
[2017.02.23-21.21.36:696][415]LogSavePackage: Moving 'F:/Stephs_Unreal/DSG04/Unreal_VR_DSG_01/Saved/Concrete_030_INST_0_basecolor_020CCAD7B45DF4A372C760F95F43AE7A5.tmp' to 'F:/Stephs_Unreal/DSG04/Unreal_VR_DSG_01/Content/PBRSubstance/Concrete/Concrete_030_INST_0_basecolor_0.uasset'
[2017.02.23-21.21.36:698][415]LogSavePackage:Display: Finished SavePackage F:/Stephs_Unreal/DSG04/Unreal_VR_DSG_01/Content/PBRSubstance/Concrete/Concrete_030_INST_0_basecolor_0.uasset
[2017.02.23-21.21.36:744][415]LogSavePackage: Save=12.96ms
[2017.02.23-21.21.36:744][415]LogSavePackage: Moving 'F:/Stephs_Unreal/DSG04/Unreal_VR_DSG_01/Saved/Concrete_030_INST_0_normal_0982D457345C09AD07B0664A63E0F77E1.tmp' to 'F:/Stephs_Unreal/DSG04/Unreal_VR_DSG_01/Content/PBRSubstance/Concrete/Concrete_030_INST_0_normal_0.uasset'
[2017.02.23-21.21.36:746][415]LogSavePackage:Display: Finished SavePackage F:/Stephs_Unreal/DSG04/Unreal_VR_DSG_01/Content/PBRSubstance/Concrete/Concrete_030_INST_0_normal_0.uasset
[2017.02.23-21.21.36:798][415]LogSavePackage: Save=11.38ms
[2017.02.23-21.21.36:798][415]LogSavePackage: Moving 'F:/Stephs_Unreal/DSG04/Unreal_VR_DSG_01/Saved/Concrete_030_INST_0_roughness_03D8C001547FC3A927A17B1B8B8DCEA06.tmp' to 'F:/Stephs_Unreal/DSG04/Unreal_VR_DSG_01/Content/PBRSubstance/Concrete/Concrete_030_INST_0_roughness_0.uasset'
[2017.02.23-21.21.36:801][415]LogSavePackage:Display: Finished SavePackage F:/Stephs_Unreal/DSG04/Unreal_VR_DSG_01/Content/PBRSubstance/Concrete/Concrete_030_INST_0_roughness_0.uasset
[2017.02.23-21.21.36:836][415]LogSavePackage: Save=12.73ms
[2017.02.23-21.21.36:836][415]LogSavePackage: Moving 'F:/Stephs_Unreal/DSG04/Unreal_VR_DSG_01/Saved/M_Build_Concrete_Dock_Wall7CD7928447EF80906428DA80BDC68730.tmp' to 'F:/Stephs_Unreal/DSG04/Unreal_VR_DSG_01/Content/PBRSubstance/Concrete/M_Build_Concrete_Dock_Wall.uasset'
[2017.02.23-21.21.36:838][415]LogSavePackage:Display: Finished SavePackage F:/Stephs_Unreal/DSG04/Unreal_VR_DSG_01/Content/PBRSubstance/Concrete/M_Build_Concrete_Dock_Wall.uasset
[2017.02.23-21.21.50:613][210]LogContentBrowser:Verbose: The majority of assets in the view are of type: None
[2017.02.23-21.21.52:590][328]LogContentBrowser:Verbose: The majority of assets in the view are of type: SubstanceTexture2D
[2017.02.23-21.22.12:111][471]LogMaterial: Missing cached shader map for material Tiles_002_MAT_0, compiling. 
[2017.02.23-21.22.18:414][839]LogMaterial: Missing cached shader map for material Vintage_Ceramic_Tiles_MAT_0, compiling. 
[2017.02.23-21.22.21:822][ 29]LogMaterial: Missing cached shader map for material Tiles_008_MAT_0, compiling. 
[2017.02.23-21.22.24:933][202]LogMaterial: Missing cached shader map for material Tiles_025_MAT_0, compiling. 
[2017.02.23-21.22.28:119][376]LogMaterial: Missing cached shader map for material Tiles_003_MAT_0, compiling. 
[2017.02.23-21.22.36:624][869]LogMaterial: Missing cached shader map for material Tiles_011_MAT_0, compiling. 
[2017.02.23-21.23.23:581][661]LogMaterial: Missing cached shader map for material Bricks_005_MAT_0, compiling. 
[2017.02.23-21.23.28:221][925]LogMaterial: Missing cached shader map for material Bricks_001_MAT_0, compiling. 
[2017.02.23-21.23.31:473][108]LogMaterial: Missing cached shader map for material Bricks_008_MAT_0, compiling. 
[2017.02.23-21.26.57:633][454]LogContentBrowser:Verbose: The majority of assets in the view are of type: Material
[2017.02.23-21.30.07:278][107]LogContentBrowser:Verbose: The majority of assets in the view are of type: SubstanceTexture2D
[2017.02.23-21.30.09:759][252]LogMaterial: Missing cached shader map for material Stonework_001_MAT_0, compiling. 
[2017.02.23-21.30.15:661][595]LogMaterial: Missing cached shader map for material Stones_015_MAT_0, compiling. 
[2017.02.23-21.30.34:306][695]LogMaterial: Missing cached shader map for material Roofing_002_MAT_0, compiling. 
[2017.02.23-21.30.38:319][930]LogMaterial: Missing cached shader map for material Roofing_005_MAT_0, compiling. 
[2017.02.23-21.31.01:831][328]LogMaterial: Missing cached shader map for material Metal_Floor_002_MAT_0, compiling. 
[2017.02.23-21.31.09:478][780]LogMaterial: Missing cached shader map for material Metal_roll_up_MAT_0, compiling. 
[2017.02.23-21.31.23:398][602]LogMaterial: Missing cached shader map for material Painted_Concrete_MAT_0, compiling. 
[2017.02.23-21.31.36:194][363]LogContentBrowser:Verbose: The majority of assets in the view are of type: None
[2017.02.23-21.31.37:076][415]LogContentBrowser:Verbose: The majority of assets in the view are of type: SubstanceTexture2D
[2017.02.23-21.32.04:616][612]LogContentBrowser:Verbose: The majority of assets in the view are of type: None
[2017.02.23-21.32.06:224][708]LogContentBrowser:Verbose: The majority of assets in the view are of type: SubstanceTexture2D
[2017.02.23-21.32.06:618][730]LogContentBrowser:Verbose: The majority of assets in the view are of type: None
[2017.02.23-21.32.13:141][120]LogContentBrowser:Verbose: The majority of assets in the view are of type: Material
[2017.02.23-21.32.24:411][783]LogTexture:Display: Building textures: T_MacroVariation (AutoDXT)
[2017.02.23-21.32.26:852][783]LogTexture:Display: Building textures: T_Perlin_Noise_M (AutoDXT)
[2017.02.23-21.32.29:015][783]LogTexture:Display: Building textures: T_Brick_Cut_Stone_N (BC5)
[2017.02.23-21.32.29:527][783]LogTexture:Display: Building textures: T_Brick_Cut_Stone_D (AutoDXT)
[2017.02.23-21.32.31:705][783]LogMaterial: Missing cached shader map for material M_Brick_Cut_Stone, compiling. 
[2017.02.23-21.32.40:874][313]LogSavePackage: Save=48.66ms
[2017.02.23-21.32.40:874][313]LogSavePackage: Moving 'F:/Stephs_Unreal/DSG04/Unreal_VR_DSG_01/Saved/StartupMap1FA98B4F4DB27060BC9F03AF9ABA414B.tmp' to 'F:/Stephs_Unreal/DSG04/Unreal_VR_DSG_01/Content/VirtualRealityBP/Maps/StartupMap.umap'
[2017.02.23-21.32.40:879][313]LogSavePackage:Display: Finished SavePackage F:/Stephs_Unreal/DSG04/Unreal_VR_DSG_01/Content/VirtualRealityBP/Maps/StartupMap.umap
[2017.02.23-21.32.40:902][313]Cmd: OBJ SAVEPACKAGE PACKAGE="/Game/VirtualRealityBP/Maps/StartupMap_BuiltData" FILE="F:/Stephs_Unreal/DSG04/Unreal_VR_DSG_01/Content/VirtualRealityBP/Maps/StartupMap_BuiltData.uasset" SILENT=true
[2017.02.23-21.32.40:957][313]LogSavePackage: Save=31.74ms
[2017.02.23-21.32.40:957][313]LogSavePackage: Moving 'F:/Stephs_Unreal/DSG04/Unreal_VR_DSG_01/Saved/StartupMap_BuiltData28B6B8F84E2C5A9EA85A62B3E7E28509.tmp' to 'F:/Stephs_Unreal/DSG04/Unreal_VR_DSG_01/Content/VirtualRealityBP/Maps/StartupMap_BuiltData.uasset'
[2017.02.23-21.32.40:959][313]LogSavePackage:Display: Finished SavePackage F:/Stephs_Unreal/DSG04/Unreal_VR_DSG_01/Content/VirtualRealityBP/Maps/StartupMap_BuiltData.uasset
[2017.02.23-21.32.46:528][632]Cmd: QUIT_EDITOR
[2017.02.23-21.32.46:656][632]LogExit: Preparing to exit.
[2017.02.23-21.32.47:438][632]LogExit: Editor shut down
[2017.02.23-21.32.47:439][632]LogExit: Transaction tracking system shut down
[2017.02.23-21.32.47:499][632]LogObj: Freed 0b from 0 cluster array pools.
[2017.02.23-21.32.47:499][632]LogExit: Object subsystem successfully closed.
[2017.02.23-21.32.47:516][632]LogD3D11RHI: Shutdown
[2017.02.23-21.32.47:517][632]LogD3D11RHI: CleanupD3DDevice
[2017.02.23-21.32.47:557][632]LogD3D11RHI: ~FD3D11DynamicRHI
[2017.02.23-21.32.47:564][632]LogHttp:Display: Http module shutting down, but needs to wait on 1 outstanding Http requests:
[2017.02.23-21.32.47:564][632]LogHttp:Display: 	verb=[POST] url=[https://datarouter.ol.epicgames.com/datarouter/api/v1/public/data?SessionID=%7BF39CA2E6-440B-1A96-4261-0FB48E95A587%7D&AppID=UEEditor.Rocket.Release&AppVersion=4.14.3-3249277%2B%2B%2BUE4%2BRelease-4.14&UserID=21adea6e4c96ed7118b2f49355abe32d%7C76150b38110b4a01b7f74a1f412bbf48%7Ca141bad5-a446-4129-a986-a2dc871da81e&AppEnvironment=datacollector-binary&UploadType=eteventstream] status=Processing
[2017.02.23-21.32.47:583][632]LogModuleManager: Shutting down and abandoning module MaterialEditor (244)
[2017.02.23-21.32.47:583][632]LogModuleManager: Shutting down and abandoning module HierarchicalLODOutliner (243)
[2017.02.23-21.32.47:583][632]LogModuleManager: Shutting down and abandoning module CrashTracker (242)
[2017.02.23-21.32.47:583][632]LogModuleManager: Shutting down and abandoning module SceneOutliner (241)
[2017.02.23-21.32.47:583][632]LogModuleManager: Shutting down and abandoning module WidgetCarousel (240)
[2017.02.23-21.32.47:583][632]LogModuleManager: Shutting down and abandoning module AddContentDialog (239)
[2017.02.23-21.32.47:583][632]LogDirectoryWatcher: A directory notification for 'D:/Program Files/Epic Games/4.14/FeaturePacks/' was aborted.
[2017.02.23-21.32.47:584][632]LogModuleManager: Shutting down and abandoning module GameplayTags (238)
[2017.02.23-21.32.47:584][632]LogModuleManager: Shutting down and abandoning module EditorWidgets (237)
[2017.02.23-21.32.47:584][632]LogModuleManager: Shutting down and abandoning module CollectionManager (236)
[2017.02.23-21.32.47:584][632]LogDirectoryWatcher: A directory notification for 'F:/Stephs_Unreal/DSG04/Unreal_VR_DSG_01/Content/Collections/' was aborted.
[2017.02.23-21.32.47:584][632]LogDirectoryWatcher: A directory notification for 'F:/Stephs_Unreal/DSG04/Unreal_VR_DSG_01/Content/Developers/scardinali/Collections/' was aborted.
[2017.02.23-21.32.47:584][632]LogDirectoryWatcher: A directory notification for 'F:/Stephs_Unreal/DSG04/Unreal_VR_DSG_01/Saved/Collections/' was aborted.
[2017.02.23-21.32.47:584][632]LogModuleManager: Shutting down and abandoning module StatsViewer (235)
[2017.02.23-21.32.47:584][632]LogModuleManager: Shutting down and abandoning module FoliageEdit (234)
[2017.02.23-21.32.47:584][632]LogModuleManager: Shutting down and abandoning module LandscapeEditor (233)
[2017.02.23-21.32.47:584][632]LogModuleManager: Shutting down and abandoning module SceneDepthPickerMode (232)
[2017.02.23-21.32.47:584][632]LogModuleManager: Shutting down and abandoning module ActorPickerMode (231)
[2017.02.23-21.32.47:584][632]LogModuleManager: Shutting down and abandoning module GeometryMode (230)
[2017.02.23-21.32.47:584][632]LogModuleManager: Shutting down and abandoning module TextureAlignMode (229)
[2017.02.23-21.32.47:584][632]LogModuleManager: Shutting down and abandoning module BspMode (228)
[2017.02.23-21.32.47:584][632]LogModuleManager: Shutting down and abandoning module HardwareSurvey (227)
[2017.02.23-21.32.47:584][632]LogModuleManager: Shutting down and abandoning module SequenceRecorderSections (226)
[2017.02.23-21.32.47:584][632]LogModuleManager: Shutting down and abandoning module AutomationWorker (225)
[2017.02.23-21.32.47:584][632]LogModuleManager: Shutting down and abandoning module MatineeToLevelSequence (224)
[2017.02.23-21.32.47:584][632]LogModuleManager: Shutting down and abandoning module PlacementMode (223)
[2017.02.23-21.32.47:584][632]LogModuleManager: Shutting down and abandoning module LevelSequenceEditor (222)
[2017.02.23-21.32.47:584][632]LogModuleManager: Shutting down and abandoning module WmfMediaFactory (221)
[2017.02.23-21.32.47:584][632]LogModuleManager: Shutting down and abandoning module WmfMediaEditor (220)
[2017.02.23-21.32.47:584][632]LogModuleManager: Shutting down and abandoning module AvfMediaFactory (219)
[2017.02.23-21.32.47:584][632]LogModuleManager: Shutting down and abandoning module AvfMediaEditor (218)
[2017.02.23-21.32.47:584][632]LogModuleManager: Shutting down and abandoning module Media (217)
[2017.02.23-21.32.47:584][632]LogModuleManager: Shutting down and abandoning module AndroidMediaFactory (216)
[2017.02.23-21.32.47:584][632]LogModuleManager: Shutting down and abandoning module AndroidMediaEditor (215)
[2017.02.23-21.32.47:584][632]LogModuleManager: Shutting down and abandoning module CharacterAI (214)
[2017.02.23-21.32.47:584][632]LogModuleManager: Shutting down and abandoning module SequenceRecorder (213)
[2017.02.23-21.32.47:584][632]LogModuleManager: Shutting down and abandoning module AudioCapture (212)
[2017.02.23-21.32.47:584][632]LogModuleManager: Shutting down and abandoning module SmartSnapping (211)
[2017.02.23-21.32.47:584][632]LogModuleManager: Shutting down and abandoning module SessionServices (210)
[2017.02.23-21.32.47:584][632]LogModuleManager: Shutting down and abandoning module ViewportSnapping (209)
[2017.02.23-21.32.47:584][632]LogModuleManager: Shutting down and abandoning module ViewportInteraction (208)
[2017.02.23-21.32.47:584][632]LogModuleManager: Shutting down and abandoning module LogVisualizer (207)
[2017.02.23-21.32.47:584][632]LogModuleManager: Shutting down and abandoning module GameProjectGeneration (206)
[2017.02.23-21.32.47:584][632]LogModuleManager: Shutting down and abandoning module IntroTutorials (205)
[2017.02.23-21.32.47:585][632]LogModuleManager: Shutting down and abandoning module EditorLiveStreaming (204)
[2017.02.23-21.32.47:585][632]LogModuleManager: Shutting down and abandoning module IOSPlatformEditor (203)
[2017.02.23-21.32.47:585][632]LogModuleManager: Shutting down and abandoning module HTML5PlatformEditor (202)
[2017.02.23-21.32.47:585][632]LogModuleManager: Shutting down and abandoning module AndroidDeviceDetection (201)
[2017.02.23-21.32.48:092][632]LogModuleManager: Shutting down and abandoning module AndroidPlatformEditor (200)
[2017.02.23-21.32.48:093][632]LogModuleManager: Shutting down and abandoning module IOSRuntimeSettings (199)
[2017.02.23-21.32.48:093][632]LogModuleManager: Shutting down and abandoning module AndroidRuntimeSettings (198)
[2017.02.23-21.32.48:093][632]LogModuleManager: Shutting down and abandoning module InputBindingEditor (197)
[2017.02.23-21.32.48:093][632]LogModuleManager: Shutting down and abandoning module NiagaraEditor (196)
[2017.02.23-21.32.48:093][632]LogModuleManager: Shutting down and abandoning module MergeActors (195)
[2017.02.23-21.32.48:093][632]LogModuleManager: Shutting down and abandoning module SizeMap (194)
[2017.02.23-21.32.48:093][632]LogModuleManager: Shutting down and abandoning module TreeMap (193)
[2017.02.23-21.32.48:093][632]LogModuleManager: Shutting down and abandoning module ReferenceViewer (192)
[2017.02.23-21.32.48:093][632]LogModuleManager: Shutting down and abandoning module LocalizationService (191)
[2017.02.23-21.32.48:093][632]LogModuleManager: Shutting down and abandoning module LocalizationDashboard (190)
[2017.02.23-21.32.48:093][632]LogModuleManager: Shutting down and abandoning module HardwareTargeting (189)
[2017.02.23-21.32.48:093][632]LogModuleManager: Shutting down and abandoning module DeviceProfileEditor (188)
[2017.02.23-21.32.48:093][632]LogModuleManager: Shutting down and abandoning module UndoHistory (187)
[2017.02.23-21.32.48:093][632]LogModuleManager: Shutting down and abandoning module UserFeedback (186)
[2017.02.23-21.32.48:093][632]LogModuleManager: Shutting down and abandoning module XmlParser (185)
[2017.02.23-21.32.48:093][632]LogModuleManager: Shutting down and abandoning module Blutility (184)
[2017.02.23-21.32.48:093][632]LogModuleManager: Shutting down and abandoning module ProjectTargetPlatformEditor (183)
[2017.02.23-21.32.48:094][632]LogModuleManager: Shutting down and abandoning module ProjectSettingsViewer (182)
[2017.02.23-21.32.48:094][632]LogModuleManager: Shutting down and abandoning module EditorSettingsViewer (181)
[2017.02.23-21.32.48:094][632]LogModuleManager: Shutting down and abandoning module SettingsEditor (180)
[2017.02.23-21.32.48:094][632]LogModuleManager: Shutting down and abandoning module ProjectLauncher (179)
[2017.02.23-21.32.48:094][632]LogModuleManager: Shutting down and abandoning module SessionFrontend (178)
[2017.02.23-21.32.48:094][632]LogModuleManager: Shutting down and abandoning module ProfilerClient (177)
[2017.02.23-21.32.48:094][632]LogModuleManager: Shutting down and abandoning module TargetDeviceServices (176)
[2017.02.23-21.32.48:094][632]LogModuleManager: Shutting down and abandoning module DeviceManager (175)
[2017.02.23-21.32.48:144][632]LogModuleManager: Shutting down and abandoning module AutomationController (174)
[2017.02.23-21.32.48:144][632]LogModuleManager: Shutting down and abandoning module AutomationWindow (173)
[2017.02.23-21.32.48:144][632]LogModuleManager: Shutting down and abandoning module Layers (172)
[2017.02.23-21.32.48:144][632]LogModuleManager: Shutting down and abandoning module ComponentVisualizers (171)
[2017.02.23-21.32.48:144][632]LogModuleManager: Shutting down and abandoning module DetailCustomizations (170)
[2017.02.23-21.32.48:144][632]LogModuleManager: Shutting down and abandoning module PackagesDialog (169)
[2017.02.23-21.32.48:144][632]LogModuleManager: Shutting down and abandoning module AnimGraph (168)
[2017.02.23-21.32.48:144][632]LogModuleManager: Shutting down and abandoning module Persona (167)
[2017.02.23-21.32.48:144][632]LogModuleManager: Shutting down and abandoning module Kismet (166)
[2017.02.23-21.32.48:144][632]LogModuleManager: Shutting down and abandoning module GraphEditor (165)
[2017.02.23-21.32.48:145][632]LogModuleManager: Shutting down and abandoning module ClassViewer (164)
[2017.02.23-21.32.48:145][632]LogModuleManager: Shutting down and abandoning module Toolbox (163)
[2017.02.23-21.32.48:145][632]LogModuleManager: Shutting down and abandoning module ModuleUI (162)
[2017.02.23-21.32.48:145][632]LogModuleManager: Shutting down and abandoning module MovieSceneTools (161)
[2017.02.23-21.32.48:145][632]LogModuleManager: Shutting down and abandoning module OutputLog (160)
[2017.02.23-21.32.48:145][632]LogModuleManager: Shutting down and abandoning module GammaUI (159)
[2017.02.23-21.32.48:145][632]LogModuleManager: Shutting down and abandoning module Documentation (158)
[2017.02.23-21.32.48:145][632]LogModuleManager: Shutting down and abandoning module Niagara (157)
[2017.02.23-21.32.48:145][632]LogModuleManager: Shutting down and abandoning module StreamingPauseRendering (156)
[2017.02.23-21.32.48:145][632]LogModuleManager: Shutting down and abandoning module AnalyticsET (155)
[2017.02.23-21.32.48:145][632]LogModuleManager: Shutting down and abandoning module PortalServices (154)
[2017.02.23-21.32.48:145][632]LogModuleManager: Shutting down and abandoning module PortalRpc (153)
[2017.02.23-21.32.48:145][632]LogModuleManager: Shutting down and abandoning module MessagingRpc (152)
[2017.02.23-21.32.48:145][632]LogModuleManager: Shutting down and abandoning module GameplayDebugger (151)
[2017.02.23-21.32.48:145][632]LogModuleManager: Shutting down and abandoning module AITestSuite (150)
[2017.02.23-21.32.48:145][632]LogModuleManager: Shutting down and abandoning module AIModule (149)
[2017.02.23-21.32.48:145][632]LogModuleManager: Shutting down and abandoning module ProfilerService (148)
[2017.02.23-21.32.48:283][632]LogModuleManager: Shutting down and abandoning module TaskGraph (147)
[2017.02.23-21.32.48:283][632]LogModuleManager: Shutting down and abandoning module SubstanceEditor (146)
[2017.02.23-21.32.48:283][632]LogModuleManager: Shutting down and abandoning module SlateRemote (145)
[2017.02.23-21.32.48:283][632]LogModuleManager: Shutting down and abandoning module SteamVRController (144)
[2017.02.23-21.32.48:283][632]LogModuleManager: Shutting down and abandoning module SteamVR (143)
[2017.02.23-21.32.48:283][632]LogModuleManager: Shutting down and abandoning module ProceduralMeshComponentEditor (142)
[2017.02.23-21.32.48:283][632]LogModuleManager: Shutting down and abandoning module ProceduralMeshComponent (141)
[2017.02.23-21.32.48:283][632]LogModuleManager: Shutting down and abandoning module OculusLibrary (140)
[2017.02.23-21.32.48:283][632]LogModuleManager: Shutting down and abandoning module OculusInput (139)
[2017.02.23-21.32.48:283][632]LogModuleManager: Shutting down and abandoning module MobilePatchingUtils (138)
[2017.02.23-21.32.48:283][632]LogModuleManager: Shutting down and abandoning module CustomMeshComponent (137)
[2017.02.23-21.32.48:283][632]LogModuleManager: Shutting down and abandoning module CableComponent (136)
[2017.02.23-21.32.48:283][632]LogModuleManager: Shutting down and abandoning module ArchVisCharacter (135)
[2017.02.23-21.32.48:283][632]LogModuleManager: Shutting down and abandoning module MediaPlayerEditor (133)
[2017.02.23-21.32.48:283][632]LogModuleManager: Shutting down and abandoning module HTML5Networking (132)
[2017.02.23-21.32.48:283][632]LogModuleManager: Shutting down and abandoning module GeometryCacheEd (131)
[2017.02.23-21.32.48:283][632]LogModuleManager: Shutting down and abandoning module GeometryCache (130)
[2017.02.23-21.32.48:283][632]LogModuleManager: Shutting down and abandoning module AlembicLibrary (129)
[2017.02.23-21.32.48:283][632]LogModuleManager: Shutting down and abandoning module AlembicImporter (128)
[2017.02.23-21.32.48:283][632]LogModuleManager: Shutting down and abandoning module SuperSearch (127)
[2017.02.23-21.32.48:283][632]LogModuleManager: Shutting down and abandoning module SuperSearchEditor (126)
[2017.02.23-21.32.48:283][632]LogModuleManager: Shutting down and abandoning module SpeedTreeImporter (125)
[2017.02.23-21.32.48:283][632]LogModuleManager: Shutting down and abandoning module PluginBrowser (124)
[2017.02.23-21.32.48:284][632]LogModuleManager: Shutting down and abandoning module MobileLauncherProfileWizard (123)
[2017.02.23-21.32.48:284][632]LogModuleManager: Shutting down and abandoning module EpicSurvey (122)
[2017.02.23-21.32.48:284][632]LogModuleManager: Shutting down and abandoning module DesktopPlatform (121)
[2017.02.23-21.32.48:284][632]LogModuleManager: Shutting down and abandoning module VisualStudioSourceCodeAccess (120)
[2017.02.23-21.32.48:284][632]LogModuleManager: Shutting down and abandoning module UObjectPlugin (119)
[2017.02.23-21.32.48:284][632]LogModuleManager: Shutting down and abandoning module SubversionSourceControl (118)
[2017.02.23-21.32.48:284][632]LogModuleManager: Shutting down and abandoning module PerforceSourceControl (117)
[2017.02.23-21.32.48:284][632]LogModuleManager: Shutting down and abandoning module SourceControl (116)
[2017.02.23-21.32.48:284][632]LogModuleManager: Shutting down and abandoning module GitSourceControl (115)
[2017.02.23-21.32.48:284][632]LogModuleManager: Shutting down and abandoning module LightPropagationVolumeEditor (114)
[2017.02.23-21.32.48:284][632]LogModuleManager: Shutting down and abandoning module PaperTiledImporter (113)
[2017.02.23-21.32.48:284][632]LogModuleManager: Shutting down and abandoning module PaperSpriteSheetImporter (112)
[2017.02.23-21.32.48:284][632]LogModuleManager: Shutting down and abandoning module MeshPaint (111)
[2017.02.23-21.32.48:284][632]LogModuleManager: Shutting down and abandoning module PixelInspectorModule (110)
[2017.02.23-21.32.48:284][632]LogModuleManager: Shutting down and abandoning module HotReload (109)
[2017.02.23-21.32.48:285][632]LogModuleManager: Shutting down and abandoning module MainFrame (108)
[2017.02.23-21.32.48:286][632]LogModuleManager: Shutting down and abandoning module LevelEditor (107)
[2017.02.23-21.32.48:287][632]LogModuleManager: Shutting down and abandoning module ContentBrowser (106)
[2017.02.23-21.32.48:289][632]LogModuleManager: Shutting down and abandoning module Paper2DEditor (105)
[2017.02.23-21.32.48:289][632]LogModuleManager: Shutting down and abandoning module UdpMessaging (104)
[2017.02.23-21.32.48:389][632]LogModuleManager: Shutting down and abandoning module TcpMessaging (103)
[2017.02.23-21.32.48:489][632]LogModuleManager: Shutting down and abandoning module SubstanceCore (102)
[2017.02.23-21.32.48:493][632]LogModuleManager: Shutting down and abandoning module LightPropagationVolumeRuntime (101)
[2017.02.23-21.32.48:493][632]LogModuleManager: Shutting down and abandoning module Paper2D (100)
[2017.02.23-21.32.48:493][632]LogModuleManager: Shutting down and abandoning module WindowsMoviePlayer (99)
[2017.02.23-21.32.48:493][632]LogModuleManager: Shutting down and abandoning module WmfMedia (98)
[2017.02.23-21.32.48:493][632]LogModuleManager: Shutting down and abandoning module MediaAssets (97)
[2017.02.23-21.32.48:494][632]LogModuleManager: Shutting down and abandoning module GameLiveStreaming (96)
[2017.02.23-21.32.48:494][632]LogModuleManager: Shutting down and abandoning module GameplayTagsEditor (95)
[2017.02.23-21.32.48:494][632]LogModuleManager: Shutting down and abandoning module VREditor (94)
[2017.02.23-21.32.48:494][632]LogModuleManager: Shutting down and abandoning module GameplayTasksEditor (93)
[2017.02.23-21.32.48:494][632]LogModuleManager: Shutting down and abandoning module BehaviorTreeEditor (92)
[2017.02.23-21.32.48:494][632]LogModuleManager: Shutting down and abandoning module FunctionalTesting (91)
[2017.02.23-21.32.48:494][632]LogModuleManager: Shutting down and abandoning module CollisionAnalyzer (90)
[2017.02.23-21.32.48:494][632]LogModuleManager: Shutting down and abandoning module Sequencer (89)
[2017.02.23-21.32.48:494][632]LogModuleManager: Shutting down and abandoning module WorkspaceMenuStructure (88)
[2017.02.23-21.32.48:494][632]LogModuleManager: Shutting down and abandoning module MessageLog (87)
[2017.02.23-21.32.48:494][632]LogModuleManager: Shutting down and abandoning module AssetTools (86)
[2017.02.23-21.32.48:494][632]LogModuleManager: Shutting down and abandoning module UMGEditor (85)
[2017.02.23-21.32.48:494][632]LogModuleManager: Shutting down and abandoning module UMG (84)
[2017.02.23-21.32.48:495][632]LogModuleManager: Shutting down and abandoning module SlateReflector (83)
[2017.02.23-21.32.48:495][632]LogModuleManager: Shutting down and abandoning module Slate (82)
[2017.02.23-21.32.48:495][632]LogModuleManager: Shutting down and abandoning module EditorStyle (81)
[2017.02.23-21.32.48:499][632]LogModuleManager: Shutting down and abandoning module SourceCodeAccess (80)
[2017.02.23-21.32.48:499][632]LogModuleManager: Shutting down and abandoning module HeadMountedDisplay (79)
[2017.02.23-21.32.48:499][632]LogModuleManager: Shutting down and abandoning module XAudio2 (78)
[2017.02.23-21.32.48:499][632]LogModuleManager: Shutting down and abandoning module Networking (76)
[2017.02.23-21.32.48:499][632]LogModuleManager: Shutting down and abandoning module Core (75)
[2017.02.23-21.32.48:499][632]LogModuleManager: Shutting down and abandoning module DirectoryWatcher (74)
[2017.02.23-21.32.48:499][632]LogDirectoryWatcher: A directory notification for '../../../Engine/Content/' was aborted.
[2017.02.23-21.32.48:500][632]LogDirectoryWatcher: A directory notification for 'F:/Stephs_Unreal/DSG04/Unreal_VR_DSG_01/Content/' was aborted.
[2017.02.23-21.32.48:500][632]LogDirectoryWatcher: A directory notification for '../../../Engine/Plugins/2D/Paper2D/Content/' was aborted.
[2017.02.23-21.32.48:500][632]LogModuleManager: Shutting down and abandoning module AssetRegistry (73)
[2017.02.23-21.32.48:811][632]LogModuleManager: Shutting down and abandoning module KismetCompiler (72)
[2017.02.23-21.32.48:811][632]LogModuleManager: Shutting down and abandoning module PhysXFormats (71)
[2017.02.23-21.32.48:811][632]LogModuleManager: Shutting down and abandoning module SimplygonSwarm (70)
[2017.02.23-21.32.48:811][632]LogModuleManager: Shutting down and abandoning module SimplygonMeshReduction (69)
[2017.02.23-21.32.48:811][632]LogModuleManager: Shutting down and abandoning module QuadricMeshReduction (68)
[2017.02.23-21.32.48:811][632]LogModuleManager: Shutting down and abandoning module PropertyEditor (67)
[2017.02.23-21.32.48:811][632]LogModuleManager: Shutting down and abandoning module MeshUtilities (66)
[2017.02.23-21.32.48:811][632]LogModuleManager: Shutting down and abandoning module DerivedDataCache (65)
[2017.02.23-21.32.48:864][632]LogDerivedDataCache: Shutdown
[2017.02.23-21.32.48:864][632]LogModuleManager: Shutting down and abandoning module VulkanShaderFormat (64)
[2017.02.23-21.32.48:864][632]LogModuleManager: Shutting down and abandoning module ShaderFormatOpenGL (63)
[2017.02.23-21.32.48:864][632]LogModuleManager: Shutting down and abandoning module ShaderFormatD3D (62)
[2017.02.23-21.32.48:864][632]LogModuleManager: Shutting down and abandoning module MetalShaderFormat (61)
[2017.02.23-21.32.48:864][632]LogModuleManager: Shutting down and abandoning module TextureFormatUncompressed (60)
[2017.02.23-21.32.48:864][632]LogModuleManager: Shutting down and abandoning module TextureFormatPVR (59)
[2017.02.23-21.32.48:864][632]LogModuleManager: Shutting down and abandoning module TextureFormatDXT (58)
[2017.02.23-21.32.48:864][632]LogModuleManager: Shutting down and abandoning module TextureFormatIntelISPCTexComp (57)
[2017.02.23-21.32.48:864][632]LogModuleManager: Shutting down and abandoning module ImageWrapper (56)
[2017.02.23-21.32.48:864][632]LogModuleManager: Shutting down and abandoning module TextureFormatASTC (55)
[2017.02.23-21.32.48:864][632]LogModuleManager: Shutting down and abandoning module TextureFormatAndroid (54)
[2017.02.23-21.32.48:864][632]LogModuleManager: Shutting down and abandoning module AudioFormatOpus (53)
[2017.02.23-21.32.48:864][632]LogModuleManager: Shutting down and abandoning module AudioFormatOgg (52)
[2017.02.23-21.32.48:864][632]LogModuleManager: Shutting down and abandoning module AudioFormatADPCM (51)
[2017.02.23-21.32.48:864][632]LogModuleManager: Shutting down and abandoning module LinuxTargetPlatform (50)
[2017.02.23-21.32.48:864][632]LogModuleManager: Shutting down and abandoning module LinuxServerTargetPlatform (49)
[2017.02.23-21.32.48:864][632]LogModuleManager: Shutting down and abandoning module LinuxNoEditorTargetPlatform (48)
[2017.02.23-21.32.48:864][632]LogModuleManager: Shutting down and abandoning module LinuxClientTargetPlatform (47)
[2017.02.23-21.32.48:864][632]LogModuleManager: Shutting down and abandoning module TVOSTargetPlatform (46)
[2017.02.23-21.32.48:864][632]LogModuleManager: Shutting down and abandoning module Messaging (45)
[2017.02.23-21.32.48:864][632]LogModuleManager: Shutting down and abandoning module IOSTargetPlatform (44)
[2017.02.23-21.32.48:864][632]LogModuleManager: Shutting down and abandoning module HTML5TargetPlatform (43)
[2017.02.23-21.32.48:865][632]LogModuleManager: Shutting down and abandoning module Android_PVRTCTargetPlatform (42)
[2017.02.23-21.32.48:865][632]LogModuleManager: Shutting down and abandoning module Android_MultiTargetPlatform (41)
[2017.02.23-21.32.48:865][632]LogModuleManager: Shutting down and abandoning module Android_ETC2TargetPlatform (40)
[2017.02.23-21.32.48:865][632]LogModuleManager: Shutting down and abandoning module Android_ETC1TargetPlatform (39)
[2017.02.23-21.32.48:865][632]LogModuleManager: Shutting down and abandoning module Android_DXTTargetPlatform (38)
[2017.02.23-21.32.48:865][632]LogModuleManager: Shutting down and abandoning module Android_ATCTargetPlatform (37)
[2017.02.23-21.32.48:865][632]LogModuleManager: Shutting down and abandoning module Android_ASTCTargetPlatform (36)
[2017.02.23-21.32.48:865][632]LogModuleManager: Shutting down and abandoning module AndroidTargetPlatform (35)
[2017.02.23-21.32.48:865][632]LogModuleManager: Shutting down and abandoning module WindowsTargetPlatform (34)
[2017.02.23-21.32.48:865][632]LogModuleManager: Shutting down and abandoning module WindowsServerTargetPlatform (33)
[2017.02.23-21.32.48:865][632]LogModuleManager: Shutting down and abandoning module WindowsNoEditorTargetPlatform (32)
[2017.02.23-21.32.48:865][632]LogModuleManager: Shutting down and abandoning module WindowsClientTargetPlatform (31)
[2017.02.23-21.32.48:865][632]LogModuleManager: Shutting down and abandoning module MacTargetPlatform (30)
[2017.02.23-21.32.48:865][632]LogModuleManager: Shutting down and abandoning module MacServerTargetPlatform (29)
[2017.02.23-21.32.48:865][632]LogModuleManager: Shutting down and abandoning module MacNoEditorTargetPlatform (28)
[2017.02.23-21.32.48:865][632]LogModuleManager: Shutting down and abandoning module MacClientTargetPlatform (27)
[2017.02.23-21.32.48:865][632]LogModuleManager: Shutting down and abandoning module AllDesktopTargetPlatform (26)
[2017.02.23-21.32.48:865][632]LogModuleManager: Shutting down and abandoning module TargetPlatform (25)
[2017.02.23-21.32.48:865][632]LogModuleManager: Shutting down and abandoning module InputCore (24)
[2017.02.23-21.32.48:865][632]LogModuleManager: Shutting down and abandoning module Settings (23)
[2017.02.23-21.32.48:865][632]LogModuleManager: Shutting down and abandoning module OculusRift (22)
[2017.02.23-21.32.48:865][632]LogModuleManager: Shutting down and abandoning module ExampleDeviceProfileSelector (21)
[2017.02.23-21.32.48:865][632]LogModuleManager: Shutting down and abandoning module OnlineBlueprintSupport (20)
[2017.02.23-21.32.48:865][632]LogModuleManager: Shutting down and abandoning module OnlineSubsystem (18)
[2017.02.23-21.32.48:865][632]LogOnline:Display: Unloading online subsystem: NULL
[2017.02.23-21.32.48:865][632]LogModuleManager: Shutting down and abandoning module SSL (17)
[2017.02.23-21.32.48:869][632]LogModuleManager: Shutting down and abandoning module HTTP (16)
[2017.02.23-21.32.48:869][632]LogModuleManager: Shutting down and abandoning module XMPP (15)
[2017.02.23-21.32.48:869][632]LogModuleManager: Shutting down and abandoning module TextureCompressor (14)
[2017.02.23-21.32.48:869][632]LogModuleManager: Shutting down and abandoning module ShaderCore (13)
[2017.02.23-21.32.48:869][632]LogModuleManager: Shutting down and abandoning module Landscape (12)
[2017.02.23-21.32.48:869][632]LogModuleManager: Shutting down and abandoning module SlateRHIRenderer (11)
[2017.02.23-21.32.48:871][632]LogModuleManager: Shutting down and abandoning module OpenGLDrv (10)
[2017.02.23-21.32.48:871][632]LogModuleManager: Shutting down and abandoning module D3D11RHI (9)
[2017.02.23-21.32.48:871][632]LogModuleManager: Shutting down and abandoning module AnimGraphRuntime (8)
[2017.02.23-21.32.48:871][632]LogModuleManager: Shutting down and abandoning module Renderer (7)
[2017.02.23-21.32.48:871][632]LogModuleManager: Shutting down and abandoning module Engine (6)
[2017.02.23-21.32.48:871][632]LogModuleManager: Shutting down and abandoning module CoreUObject (5)
[2017.02.23-21.32.48:871][632]LogModuleManager: Shutting down and abandoning module NetworkFile (4)
[2017.02.23-21.32.48:871][632]LogModuleManager: Shutting down and abandoning module StreamingFile (3)
[2017.02.23-21.32.48:871][632]LogModuleManager: Shutting down and abandoning module SandboxFile (2)
[2017.02.23-21.32.48:871][632]LogModuleManager: Shutting down and abandoning module PakFile (1)
[2017.02.23-21.32.48:875][632]LogExit: Exiting.
[2017.02.23-21.32.48:894][632]Log file closed, 02/23/17 16:32:48
