Log file open, 03/09/17 13:15:25
LogInit:Display: Running engine for game: Unreal_VR_DSG_01
LogPlatformFile: Not using cached read wrapper
LogInit:Display: RandInit(-616172135) SRandInit(-616172135).
LogTaskGraph: Started task graph with 5 named threads and 16 total threads with 1 sets of task threads.
LogStats: Stats thread started at 0.181190
LogPluginManager: Loaded Plugin Paper2D, From D:/Program Files/Epic Games/4.14/Engine/Plugins/2D/Paper2D/Paper2D.uplugin
LogPluginManager: Loaded Plugin LightPropagationVolume, From D:/Program Files/Epic Games/4.14/Engine/Plugins/Blendables/LightPropagationVolume/LightPropagationVolume.uplugin
LogPluginManager: Loaded Plugin BlankPlugin, From D:/Program Files/Epic Games/4.14/Engine/Plugins/Developer/BlankPlugin/BlankPlugin.uplugin
LogPluginManager: Loaded Plugin CodeLiteSourceCodeAccess, From D:/Program Files/Epic Games/4.14/Engine/Plugins/Developer/CodeLiteSourceCodeAccess/CodeLiteSourceCodeAccess.uplugin
LogPluginManager: Loaded Plugin GitSourceControl, From D:/Program Files/Epic Games/4.14/Engine/Plugins/Developer/GitSourceControl/GitSourceControl.uplugin
LogPluginManager: Loaded Plugin KDevelopSourceCodeAccess, From D:/Program Files/Epic Games/4.14/Engine/Plugins/Developer/KDevelopSourceCodeAccess/KDevelopSourceCodeAccess.uplugin
LogPluginManager: Loaded Plugin NullSourceCodeAccess, From D:/Program Files/Epic Games/4.14/Engine/Plugins/Developer/NullSourceCodeAccess/NullSourceCodeAccess.uplugin
LogPluginManager: Loaded Plugin OneSkyLocalizationService, From D:/Program Files/Epic Games/4.14/Engine/Plugins/Developer/OneSkyLocalizationService/OneSkyLocalizationService.uplugin
LogPluginManager: Loaded Plugin PerforceSourceControl, From D:/Program Files/Epic Games/4.14/Engine/Plugins/Developer/PerforceSourceControl/PerforceSourceControl.uplugin
LogPluginManager: Loaded Plugin SubversionSourceControl, From D:/Program Files/Epic Games/4.14/Engine/Plugins/Developer/SubversionSourceControl/SubversionSourceControl.uplugin
LogPluginManager: Loaded Plugin UObjectPlugin, From D:/Program Files/Epic Games/4.14/Engine/Plugins/Developer/UObjectPlugin/UObjectPlugin.uplugin
LogPluginManager: Loaded Plugin VisualStudioSourceCodeAccess, From D:/Program Files/Epic Games/4.14/Engine/Plugins/Developer/VisualStudioSourceCodeAccess/VisualStudioSourceCodeAccess.uplugin
LogPluginManager: Loaded Plugin XCodeSourceCodeAccess, From D:/Program Files/Epic Games/4.14/Engine/Plugins/Developer/XCodeSourceCodeAccess/XCodeSourceCodeAccess.uplugin
LogPluginManager: Loaded Plugin AudioCapture, From D:/Program Files/Epic Games/4.14/Engine/Plugins/Editor/AudioCapture/AudioCapture.uplugin
LogPluginManager: Loaded Plugin EpicSurvey, From D:/Program Files/Epic Games/4.14/Engine/Plugins/Editor/EpicSurvey/EpicSurvey.uplugin
LogPluginManager: Loaded Plugin MacGraphicsSwitching, From D:/Program Files/Epic Games/4.14/Engine/Plugins/Editor/MacGraphicsSwitching/MacGraphicsSwitching.uplugin
LogPluginManager: Loaded Plugin MobileLauncherProfileWizard, From D:/Program Files/Epic Games/4.14/Engine/Plugins/Editor/MobileLauncherProfileWizard/MobileLauncherProfileWizard.uplugin
LogPluginManager: Loaded Plugin PluginBrowser, From D:/Program Files/Epic Games/4.14/Engine/Plugins/Editor/PluginBrowser/PluginBrowser.uplugin
LogPluginManager: Loaded Plugin SpeedTreeImporter, From D:/Program Files/Epic Games/4.14/Engine/Plugins/Editor/SpeedTreeImporter/SpeedTreeImporter.uplugin
LogPluginManager: Loaded Plugin SuperSearchEditor, From D:/Program Files/Epic Games/4.14/Engine/Plugins/Editor/SuperSearchEditor/SuperSearchEditor.uplugin
LogPluginManager: Loaded Plugin AlembicImporter, From D:/Program Files/Epic Games/4.14/Engine/Plugins/Experimental/AlembicImporter/AlembicImporter.uplugin
LogPluginManager: Loaded Plugin BlueprintStats, From D:/Program Files/Epic Games/4.14/Engine/Plugins/Experimental/BlueprintStats/BlueprintStats.uplugin
LogPluginManager: Loaded Plugin CharacterAI, From D:/Program Files/Epic Games/4.14/Engine/Plugins/Experimental/CharacterAI/CharacterAI.uplugin
LogPluginManager: Loaded Plugin CodeEditor, From D:/Program Files/Epic Games/4.14/Engine/Plugins/Experimental/CodeEditor/CodeEditor.uplugin
LogPluginManager: Loaded Plugin CodeView, From D:/Program Files/Epic Games/4.14/Engine/Plugins/Experimental/CodeView/CodeView.uplugin
LogPluginManager: Loaded Plugin HTML5Networking, From D:/Program Files/Epic Games/4.14/Engine/Plugins/Experimental/HTML5Networking/HTML5Networking.uplugin
LogPluginManager: Loaded Plugin OSVR, From D:/Program Files/Epic Games/4.14/Engine/Plugins/Experimental/OSVR/OSVR.uplugin
LogPluginManager: Loaded Plugin Phya, From D:/Program Files/Epic Games/4.14/Engine/Plugins/Experimental/Phya/Phya.uplugin
LogPluginManager: Loaded Plugin SignificanceManager, From D:/Program Files/Epic Games/4.14/Engine/Plugins/Experimental/SignificanceManager/SignificanceManager.uplugin
LogPluginManager: Loaded Plugin SimpleHMD, From D:/Program Files/Epic Games/4.14/Engine/Plugins/Experimental/SimpleHMD/SimpleHMD.uplugin
LogPluginManager: Loaded Plugin StereoPanorama, From D:/Program Files/Epic Games/4.14/Engine/Plugins/Experimental/StereoPanorama/StereoPanorama.uplugin
LogPluginManager: Loaded Plugin StructBox, From D:/Program Files/Epic Games/4.14/Engine/Plugins/Experimental/StructBox/StructBox.uplugin
LogPluginManager: Loaded Plugin Substance, From D:/Program Files/Epic Games/4.14/Engine/Plugins/Marketplace/Substance/Substance.uplugin
LogPluginManager: Loaded Plugin AndroidMedia, From D:/Program Files/Epic Games/4.14/Engine/Plugins/Media/AndroidMedia/AndroidMedia.uplugin
LogPluginManager: Loaded Plugin AvfMedia, From D:/Program Files/Epic Games/4.14/Engine/Plugins/Media/AvfMedia/AvfMedia.uplugin
LogPluginManager: Loaded Plugin MediaPlayerEditor, From D:/Program Files/Epic Games/4.14/Engine/Plugins/Media/MediaPlayerEditor/MediaPlayerEditor.uplugin
LogPluginManager: Loaded Plugin WmfMedia, From D:/Program Files/Epic Games/4.14/Engine/Plugins/Media/WmfMedia/WmfMedia.uplugin
LogPluginManager: Loaded Plugin MessagingDebugger, From D:/Program Files/Epic Games/4.14/Engine/Plugins/Messaging/MessagingDebugger/MessagingDebugger.uplugin
LogPluginManager: Loaded Plugin TcpMessaging, From D:/Program Files/Epic Games/4.14/Engine/Plugins/Messaging/TcpMessaging/TcpMessaging.uplugin
LogPluginManager: Loaded Plugin UdpMessaging, From D:/Program Files/Epic Games/4.14/Engine/Plugins/Messaging/UdpMessaging/UdpMessaging.uplugin
LogPluginManager: Loaded Plugin LevelSequenceEditor, From D:/Program Files/Epic Games/4.14/Engine/Plugins/MovieScene/LevelSequenceEditor/LevelSequenceEditor.uplugin
LogPluginManager: Loaded Plugin MatineeToLevelSequence, From D:/Program Files/Epic Games/4.14/Engine/Plugins/MovieScene/MatineeToLevelSequence/MatineeToLevelSequence.uplugin
LogPluginManager: Loaded Plugin NetcodeUnitTest, From D:/Program Files/Epic Games/4.14/Engine/Plugins/NetcodeUnitTest/NetcodeUnitTest/NetcodeUnitTest.uplugin
LogPluginManager: Loaded Plugin NUTUnrealEngine4, From D:/Program Files/Epic Games/4.14/Engine/Plugins/NetcodeUnitTest/NUTUnrealEngine4/NUTUnrealEngine4.uplugin
LogPluginManager: Loaded Plugin OnlineSubsystemGameCircle, From D:/Program Files/Epic Games/4.14/Engine/Plugins/Online/Android/OnlineSubsystemGameCircle/OnlineSubsystemGameCircle.uplugin
LogPluginManager: Loaded Plugin OnlineSubsystemGooglePlay, From D:/Program Files/Epic Games/4.14/Engine/Plugins/Online/Android/OnlineSubsystemGooglePlay/OnlineSubsystemGooglePlay.uplugin
LogPluginManager: Loaded Plugin OnlineSubsystemIOS, From D:/Program Files/Epic Games/4.14/Engine/Plugins/Online/IOS/OnlineSubsystemIOS/OnlineSubsystemIOS.uplugin
LogPluginManager: Loaded Plugin OnlineFramework, From D:/Program Files/Epic Games/4.14/Engine/Plugins/Online/OnlineFramework/OnlineFramework.uplugin
LogPluginManager: Loaded Plugin OnlineSubsystem, From D:/Program Files/Epic Games/4.14/Engine/Plugins/Online/OnlineSubsystem/OnlineSubsystem.uplugin
LogPluginManager: Loaded Plugin OnlineSubsystemAmazon, From D:/Program Files/Epic Games/4.14/Engine/Plugins/Online/OnlineSubsystemAmazon/OnlineSubsystemAmazon.uplugin
LogPluginManager: Loaded Plugin OnlineSubsystemFacebook, From D:/Program Files/Epic Games/4.14/Engine/Plugins/Online/OnlineSubsystemFacebook/OnlineSubsystemFacebook.uplugin
LogPluginManager: Loaded Plugin OnlineSubsystemNull, From D:/Program Files/Epic Games/4.14/Engine/Plugins/Online/OnlineSubsystemNull/OnlineSubsystemNull.uplugin
LogPluginManager: Loaded Plugin OnlineSubsystemOculus, From D:/Program Files/Epic Games/4.14/Engine/Plugins/Online/OnlineSubsystemOculus/OnlineSubsystemOculus.uplugin
LogPluginManager: Loaded Plugin OnlineSubsystemSteam, From D:/Program Files/Epic Games/4.14/Engine/Plugins/Online/OnlineSubsystemSteam/OnlineSubsystemSteam.uplugin
LogPluginManager: Loaded Plugin OnlineSubsystemUtils, From D:/Program Files/Epic Games/4.14/Engine/Plugins/Online/OnlineSubsystemUtils/OnlineSubsystemUtils.uplugin
LogPluginManager: Loaded Plugin IOSTapJoy, From D:/Program Files/Epic Games/4.14/Engine/Plugins/Runtime/Advertising/IOSTapJoy/IOSTapJoy.uplugin
LogPluginManager: Loaded Plugin AnalyticsBlueprintLibrary, From D:/Program Files/Epic Games/4.14/Engine/Plugins/Runtime/Analytics/AnalyticsBlueprintLibrary/AnalyticsBlueprintLibrary.uplugin
LogPluginManager: Loaded Plugin AnalyticsMulticast, From D:/Program Files/Epic Games/4.14/Engine/Plugins/Runtime/Analytics/AnalyticsMulticast/AnalyticsMulticast.uplugin
LogPluginManager: Loaded Plugin Apsalar, From D:/Program Files/Epic Games/4.14/Engine/Plugins/Runtime/Analytics/Apsalar/Apsalar.uplugin
LogPluginManager: Loaded Plugin FileLogging, From D:/Program Files/Epic Games/4.14/Engine/Plugins/Runtime/Analytics/FileLogging/FileLogging.uplugin
LogPluginManager: Loaded Plugin Flurry, From D:/Program Files/Epic Games/4.14/Engine/Plugins/Runtime/Analytics/Flurry/Flurry.uplugin
LogPluginManager: Loaded Plugin AndroidDeviceProfileSelector, From D:/Program Files/Epic Games/4.14/Engine/Plugins/Runtime/AndroidDeviceProfileSelector/AndroidDeviceProfileSelector.uplugin
LogPluginManager: Loaded Plugin AndroidMoviePlayer, From D:/Program Files/Epic Games/4.14/Engine/Plugins/Runtime/AndroidMoviePlayer/AndroidMoviePlayer.uplugin
LogPluginManager: Loaded Plugin AppleMoviePlayer, From D:/Program Files/Epic Games/4.14/Engine/Plugins/Runtime/AppleMoviePlayer/AppleMoviePlayer.uplugin
LogPluginManager: Loaded Plugin ArchVisCharacter, From D:/Program Files/Epic Games/4.14/Engine/Plugins/Runtime/ArchVisCharacter/ArchVisCharacter.uplugin
LogPluginManager: Loaded Plugin CableComponent, From D:/Program Files/Epic Games/4.14/Engine/Plugins/Runtime/CableComponent/CableComponent.uplugin
LogPluginManager: Loaded Plugin CustomMeshComponent, From D:/Program Files/Epic Games/4.14/Engine/Plugins/Runtime/CustomMeshComponent/CustomMeshComponent.uplugin
LogPluginManager: Loaded Plugin ExampleDeviceProfileSelector, From D:/Program Files/Epic Games/4.14/Engine/Plugins/Runtime/ExampleDeviceProfileSelector/ExampleDeviceProfileSelector.uplugin
LogPluginManager: Loaded Plugin GearVR, From D:/Program Files/Epic Games/4.14/Engine/Plugins/Runtime/GearVR/GearVR.uplugin
LogPluginManager: Loaded Plugin GoogleVRController, From D:/Program Files/Epic Games/4.14/Engine/Plugins/Runtime/GoogleVR/GoogleVRController/GoogleVRController.uplugin
LogPluginManager: Loaded Plugin GoogleVRHMD, From D:/Program Files/Epic Games/4.14/Engine/Plugins/Runtime/GoogleVR/GoogleVRHMD/GoogleVRHMD.uplugin
LogPluginManager: Loaded Plugin IOSDeviceProfileSelector, From D:/Program Files/Epic Games/4.14/Engine/Plugins/Runtime/IOSDeviceProfileSelector/IOSDeviceProfileSelector.uplugin
LogPluginManager: Loaded Plugin LeapMotion, From D:/Program Files/Epic Games/4.14/Engine/Plugins/Runtime/LeapMotion/LeapMotion.uplugin
LogPluginManager: Loaded Plugin LinuxDeviceProfileSelector, From D:/Program Files/Epic Games/4.14/Engine/Plugins/Runtime/LinuxDeviceProfileSelector/LinuxDeviceProfileSelector.uplugin
LogPluginManager: Loaded Plugin MIDIDevice, From D:/Program Files/Epic Games/4.14/Engine/Plugins/Runtime/MIDIDevice/MIDIDevice.uplugin
LogPluginManager: Loaded Plugin MobilePatchingUtils, From D:/Program Files/Epic Games/4.14/Engine/Plugins/Runtime/MobilePatchingUtils/MobilePatchingUtils.uplugin
LogPluginManager: Loaded Plugin Ansel, From D:/Program Files/Epic Games/4.14/Engine/Plugins/Runtime/Nvidia/Ansel/Ansel.uplugin
LogPluginManager: Loaded Plugin OculusAudio, From D:/Program Files/Epic Games/4.14/Engine/Plugins/Runtime/OculusAudio/OculusAudio.uplugin
LogPluginManager: Loaded Plugin OculusInput, From D:/Program Files/Epic Games/4.14/Engine/Plugins/Runtime/OculusInput/OculusInput.uplugin
LogPluginManager: Loaded Plugin OculusLibrary, From D:/Program Files/Epic Games/4.14/Engine/Plugins/Runtime/OculusLibrary/OculusLibrary.uplugin
LogPluginManager: Loaded Plugin OculusRift, From D:/Program Files/Epic Games/4.14/Engine/Plugins/Runtime/OculusRift/OculusRift.uplugin
LogPluginManager: Loaded Plugin Oodle, From D:/Program Files/Epic Games/4.14/Engine/Plugins/Runtime/PacketHandlers/CompressionComponents/Oodle/Oodle.uplugin
LogPluginManager: Loaded Plugin ProceduralMeshComponent, From D:/Program Files/Epic Games/4.14/Engine/Plugins/Runtime/ProceduralMeshComponent/ProceduralMeshComponent.uplugin
LogPluginManager: Loaded Plugin SoundMod, From D:/Program Files/Epic Games/4.14/Engine/Plugins/Runtime/SoundMod/SoundMod.uplugin
LogPluginManager: Loaded Plugin SoundVisualizations, From D:/Program Files/Epic Games/4.14/Engine/Plugins/Runtime/SoundVisualizations/SoundVisualizations.uplugin
LogPluginManager: Loaded Plugin SteamController, From D:/Program Files/Epic Games/4.14/Engine/Plugins/Runtime/Steam/SteamController/SteamController.uplugin
LogPluginManager: Loaded Plugin SteamVR, From D:/Program Files/Epic Games/4.14/Engine/Plugins/Runtime/Steam/SteamVR/SteamVR.uplugin
LogPluginManager: Loaded Plugin WebBrowserWidget, From D:/Program Files/Epic Games/4.14/Engine/Plugins/Runtime/WebBrowserWidget/WebBrowserWidget.uplugin
LogPluginManager: Loaded Plugin WindowsDeviceProfileSelector, From D:/Program Files/Epic Games/4.14/Engine/Plugins/Runtime/WindowsDeviceProfileSelector/WindowsDeviceProfileSelector.uplugin
LogPluginManager: Loaded Plugin WindowsMoviePlayer, From D:/Program Files/Epic Games/4.14/Engine/Plugins/Runtime/WindowsMoviePlayer/WindowsMoviePlayer.uplugin
LogPluginManager: Loaded Plugin ScriptPlugin, From D:/Program Files/Epic Games/4.14/Engine/Plugins/ScriptPlugin/ScriptPlugin.uplugin
LogPluginManager: Loaded Plugin SlateRemote, From D:/Program Files/Epic Games/4.14/Engine/Plugins/Slate/SlateRemote/SlateRemote.uplugin
LogPluginManager: Loaded Plugin EditorTests, From D:/Program Files/Epic Games/4.14/Engine/Plugins/Tests/EditorTests/EditorTests.uplugin
LogPluginManager: Loaded Plugin FbxAutomationTestBuilder, From D:/Program Files/Epic Games/4.14/Engine/Plugins/Tests/FbxAutomationTestBuilder/FbxAutomationTestBuilder.uplugin
LogPluginManager: Loaded Plugin FunctionalTestingEditor, From D:/Program Files/Epic Games/4.14/Engine/Plugins/Tests/FunctionalTestingEditor/FunctionalTestingEditor.uplugin
LogPluginManager: Loaded Plugin RuntimeTests, From D:/Program Files/Epic Games/4.14/Engine/Plugins/Tests/RuntimeTests/RuntimeTests.uplugin
LogPluginManager: Loaded Plugin ScreenshotTools, From D:/Program Files/Epic Games/4.14/Engine/Plugins/Tests/ScreenshotTools/ScreenshotTools.uplugin
LogInit: Using libcurl 7.47.1
LogInit:  - built for x86_64-pc-win32
LogInit:  - supports SSL with OpenSSL/1.0.2g
LogInit:  - supports HTTP deflate (compression) using libz 1.2.8
LogInit:  - other features:
LogInit:      CURL_VERSION_SSL
LogInit:      CURL_VERSION_LIBZ
LogInit:      CURL_VERSION_IPV6
LogInit:      CURL_VERSION_ASYNCHDNS
LogInit:      CURL_VERSION_LARGEFILE
LogInit:      CURL_VERSION_IDN
LogInit:  CurlRequestOptions (configurable via config and command line):
LogInit:  - bVerifyPeer = false  - Libcurl will NOT verify peer certificate
LogInit:  - bUseHttpProxy = false  - Libcurl will NOT use HTTP proxy
LogInit:  - bDontReuseConnections = false  - Libcurl will reuse connections
LogInit:  - CertBundlePath = nullptr  - Libcurl will use whatever was configured at build time.
LogInit: Build: ++UE4+Release-4.14-CL-3249277
LogInit: Engine Version: 4.14.3-3249277+++UE4+Release-4.14
LogInit: Compatible Engine Version: 4.14.0-3195953+++UE4+Release-4.14
LogInit: Net CL: 3195953
LogDevObjectVersion: Number of dev versions registered: 13
LogDevObjectVersion:   Dev-Blueprints (B0D832E4-1F89-4F0D-ACCF-7EB736FD4AA2): 7
LogDevObjectVersion:   Dev-Build (E1C64328-A22C-4D53-A36C-8E866417BD8C): 0
LogDevObjectVersion:   Dev-Core (375EC13C-06E4-48FB-B500-84F0262A717E): 1
LogDevObjectVersion:   Dev-Editor (E4B068ED-F494-42E9-A231-DA0B2E46BB41): 8
LogDevObjectVersion:   Dev-Framework (CFFC743F-43B0-4480-9391-14DF171D2073): 17
LogDevObjectVersion:   Dev-Mobile (B02B49B5-BB20-44E9-A304-32B752E40360): 0
LogDevObjectVersion:   Dev-Networking (A4E4105C-59A1-49B5-A7C5-40C4547EDFEE): 0
LogDevObjectVersion:   Dev-Online (39C831C9-5AE6-47DC-9A44-9C173E1C8E7C): 0
LogDevObjectVersion:   Dev-Physics (78F01B33-EBEA-4F98-B9B4-84EACCB95AA2): 0
LogDevObjectVersion:   Dev-Platform (6631380F-2D4D-43E0-8009-CF276956A95A): 0
LogDevObjectVersion:   Dev-Rendering (12F88B9F-8875-4AFC-A67C-D90C383ABD29): 12
LogDevObjectVersion:   Dev-Sequencer (7B5AE74C-D270-4C10-A958-57980B212A5A): 1
LogDevObjectVersion:   Dev-VR (D7296918-1DD6-4BDD-9DE2-64A83CC13884): 0
LogInit: Compiled (64-bit): Jan  6 2017 10:49:43
LogInit: Compiled with Visual C++: 19.00.23026.00
LogInit: Build Configuration: Development
LogInit: Branch Name: ++UE4+Release-4.14
LogInit: Command line: -EpicPortal 
LogInit: Base directory: D:/Program Files/Epic Games/4.14/Engine/Binaries/Win64/
LogInit: Installed Engine Build: 1
LogInit: Presizing for max 8388607 objects, including 0 objects not considered by GC, pre-allocating 0 bytes for permanent pool.
LogInit: Object subsystem initialized
[2017.03.09-18.15.26:524][  0]LogConsoleManager:Display: Setting the console variable 'r.RHICmdBypass' with 'SetByProjectSetting' was ignored as it is lower priority than the previous 'SetBySystemSettingsIni'
[2017.03.09-18.15.26:535][  0]LogInit: Selected Device Profile: [Windows]
[2017.03.09-18.15.26:535][  0]LogInit: Applying CVar settings loaded from the selected device profile: [Windows]
[2017.03.09-18.15.26:592][  0]LogInit: Computer: SCARDINALI7BR
[2017.03.09-18.15.26:592][  0]LogInit: User: scardinali
[2017.03.09-18.15.26:592][  0]LogInit: CPU Page size=65536, Cores=12
[2017.03.09-18.15.26:592][  0]LogInit: High frequency timer resolution =2.050781 MHz
[2017.03.09-18.15.26:593][  0]LogMemory: Memory total: Physical=63.9GB (64GB approx)
[2017.03.09-18.15.26:593][  0]LogMemory: Platform Memory Stats for Windows
[2017.03.09-18.15.26:593][  0]LogMemory: Process Physical Memory: 272.81 MB used, 272.81 MB peak
[2017.03.09-18.15.26:593][  0]LogMemory: Process Virtual Memory: 278.47 MB used, 278.47 MB peak
[2017.03.09-18.15.26:593][  0]LogMemory: Physical Memory: 10956.21 MB used,  54528.25 MB free, 65484.46 MB total
[2017.03.09-18.15.26:593][  0]LogMemory: Virtual Memory: 682.36 MB used,  54528.25 MB free, 8388608.00 MB total
[2017.03.09-18.15.26:670][  0]LogTextLocalizationManager: No specific translations for ('en-US') exist, so ('en') translations will be used.
[2017.03.09-18.15.28:314][  0]LogD3D11RHI: D3D11 adapters:
[2017.03.09-18.15.28:359][  0]LogD3D11RHI:    0. 'NVIDIA GeForce GTX 770' (Feature Level 11_0)
[2017.03.09-18.15.28:359][  0]LogD3D11RHI:       1989/0/2048 MB DedicatedVideo/DedicatedSystem/SharedSystem, Outputs:2, VendorId:0x10de
[2017.03.09-18.15.28:359][  0]LogD3D11RHI: Chosen D3D11 Adapter: 0
[2017.03.09-18.15.28:372][  0]LogD3D11RHI: Creating new Direct3DDevice
[2017.03.09-18.15.28:372][  0]LogD3D11RHI:     GPU DeviceId: 0x1184 (for the marketing name, search the web for "GPU Device Id")
[2017.03.09-18.15.28:372][  0]LogWindows: EnumDisplayDevices:
[2017.03.09-18.15.28:372][  0]LogWindows:    0. 'NVIDIA GeForce GTX 770' (P:1 D:1)
[2017.03.09-18.15.28:373][  0]LogWindows:    1. 'NVIDIA GeForce GTX 770' (P:0 D:1)
[2017.03.09-18.15.28:373][  0]LogWindows:    2. 'NVIDIA GeForce GTX 770' (P:0 D:0)
[2017.03.09-18.15.28:373][  0]LogWindows:    3. 'NVIDIA GeForce GTX 770' (P:0 D:0)
[2017.03.09-18.15.28:373][  0]LogWindows:    4. 'RDPDD Chained DD' (P:0 D:0)
[2017.03.09-18.15.28:374][  0]LogWindows:    5. 'RDP Encoder Mirror Driver' (P:0 D:0)
[2017.03.09-18.15.28:374][  0]LogWindows:    6. 'RDP Reflector Display Driver' (P:0 D:0)
[2017.03.09-18.15.28:374][  0]LogWindows: DebugString: GetVideoDriverDetailsInvalid PrimaryIsNotTheChoosenAdapter GetVideoDriverDetailsInvalid PrimaryIsNotTheChoosenAdapter GetVideoDriverDetailsInvalid PrimaryIsNotTheChoosenAdapter FoundDriverCount:4 
[2017.03.09-18.15.28:374][  0]LogD3D11RHI:     Adapter Name: NVIDIA GeForce GTX 770
[2017.03.09-18.15.28:374][  0]LogD3D11RHI:   Driver Version: 368.81 (internal:10.18.13.6881, unified:368.81)
[2017.03.09-18.15.28:374][  0]LogD3D11RHI:      Driver Date: 7-10-2016
[2017.03.09-18.15.28:374][  0]LogRHI: Texture pool is 1361 MB (70% of 1945 MB)
[2017.03.09-18.15.28:394][  0]LogD3D11RHI:Warning: Timestamp queries are currently disabled on this hardware due to instability. Realtime GPU stats will not be available. You can override this behaviour by setting r.NVIDIATimestampWorkaround to 0
[2017.03.09-18.15.28:394][  0]LogD3D11RHI: Async texture creation enabled
[2017.03.09-18.15.28:414][  0]LogD3D11RHI: GPU Timing Frequency: 1000.000000 (Debug: 2 2)
[2017.03.09-18.15.28:415][  0]LogShaderCompilers: Guid format shader working directory is 16 characters bigger than the processId version (G:/Steph_Unreal_2/DSG04/Unreal_VR_DSG_01/Intermediate/Shaders/WorkingDirectory/7064/).
[2017.03.09-18.15.28:416][  0]LogShaderCompilers: Cleaned the shader compiler working directory 'C:/Users/scardinali.HALO/AppData/Local/Temp/UnrealShaderWorkingDir/5F5E679E44A6613C96C23C8D7B87C73B/'.
[2017.03.09-18.15.28:416][  0]LogShaderCompilers:Display: Using Local Shader Compiler.
[2017.03.09-18.15.30:391][  0]LogTemp:Display: Loaded TP AllDesktopTargetPlatform
[2017.03.09-18.15.30:523][  0]LogTemp:Display: Loaded TP MacClientTargetPlatform
[2017.03.09-18.15.30:619][  0]LogTemp:Display: Loaded TP MacNoEditorTargetPlatform
[2017.03.09-18.15.30:730][  0]LogTemp:Display: Loaded TP MacServerTargetPlatform
[2017.03.09-18.15.30:857][  0]LogTemp:Display: Loaded TP MacTargetPlatform
[2017.03.09-18.15.31:000][  0]LogTemp:Display: Loaded TP WindowsClientTargetPlatform
[2017.03.09-18.15.31:129][  0]LogTemp:Display: Loaded TP WindowsNoEditorTargetPlatform
[2017.03.09-18.15.31:247][  0]LogTemp:Display: Loaded TP WindowsServerTargetPlatform
[2017.03.09-18.15.31:320][  0]LogTemp:Display: Loaded TP WindowsTargetPlatform
[2017.03.09-18.15.31:428][  0]LogTemp:Display: Loaded TP AndroidTargetPlatform
[2017.03.09-18.15.31:553][  0]LogTemp:Display: Loaded TP Android_ASTCTargetPlatform
[2017.03.09-18.15.31:669][  0]LogTemp:Display: Loaded TP Android_ATCTargetPlatform
[2017.03.09-18.15.31:767][  0]LogTemp:Display: Loaded TP Android_DXTTargetPlatform
[2017.03.09-18.15.31:874][  0]LogTemp:Display: Loaded TP Android_ETC1TargetPlatform
[2017.03.09-18.15.31:963][  0]LogTemp:Display: Loaded TP Android_ETC2TargetPlatform
[2017.03.09-18.15.32:166][  0]LogTemp:Display: Loaded TP Android_MultiTargetPlatform
[2017.03.09-18.15.32:166][  0]LogTemp:Display: Loaded TP Android_PVRTCTargetPlatform
[2017.03.09-18.15.32:245][  0]LogTemp:Display: Loaded TP HTML5TargetPlatform
[2017.03.09-18.15.32:385][  0]LogTemp:Display: Loaded TP IOSTargetPlatform
[2017.03.09-18.15.32:438][  0]LogTemp:Display: Loaded TP TVOSTargetPlatform
[2017.03.09-18.15.32:532][  0]LogTemp:Display: Loaded TP LinuxClientTargetPlatform
[2017.03.09-18.15.32:627][  0]LogTemp:Display: Loaded TP LinuxNoEditorTargetPlatform
[2017.03.09-18.15.32:729][  0]LogTemp:Display: Loaded TP LinuxServerTargetPlatform
[2017.03.09-18.15.32:848][  0]LogTemp:Display: Loaded TP LinuxTargetPlatform
[2017.03.09-18.15.32:848][  0]LogTargetPlatformManager:Display: Building Assets For Windows
[2017.03.09-18.15.33:477][  0]LogDerivedDataCache:Display: Max Cache Size: 512 MB
[2017.03.09-18.15.33:601][  0]LogDerivedDataCache: Loaded boot cache 0.12s 61MB C:/Users/scardinali.HALO/AppData/Local/UnrealEngine/4.14/DerivedDataCache/Boot.ddc.
[2017.03.09-18.15.33:601][  0]LogDerivedDataCache:Display: Loaded Boot cache: C:/Users/scardinali.HALO/AppData/Local/UnrealEngine/4.14/DerivedDataCache/Boot.ddc
[2017.03.09-18.15.33:601][  0]LogDerivedDataCache: FDerivedDataBackendGraph:  Pak pak cache file G:/Steph_Unreal_2/DSG04/Unreal_VR_DSG_01/DerivedDataCache/DDC.ddp not found, will not use a pak cache.
[2017.03.09-18.15.33:601][  0]LogDerivedDataCache: Unable to find inner node Pak for hierarchical cache Hierarchy.
[2017.03.09-18.15.33:601][  0]LogDerivedDataCache: FDerivedDataBackendGraph:  CompressedPak pak cache file G:/Steph_Unreal_2/DSG04/Unreal_VR_DSG_01/DerivedDataCache/Compressed.ddp not found, will not use a pak cache.
[2017.03.09-18.15.33:601][  0]LogDerivedDataCache: Unable to find inner node CompressedPak for hierarchical cache Hierarchy.
[2017.03.09-18.15.33:632][  0]LogDerivedDataCache:Display: Pak cache opened for reading ../../../Engine/DerivedDataCache/Compressed.ddp.
[2017.03.09-18.15.33:645][  0]LogDerivedDataCache: Using Local data cache path C:/Users/scardinali.HALO/AppData/Local/UnrealEngine/Common/DerivedDataCache: Writable
[2017.03.09-18.15.34:168][  0]LogInit: Selected Device Profile: [Windows]
[2017.03.09-18.15.34:176][  0]LogContentStreaming: Texture pool size is 0.00 MB
[2017.03.09-18.15.34:575][  0]LogMeshUtilities: Using QuadricMeshReduction for automatic static mesh reduction
[2017.03.09-18.15.34:660][  0]LogSimplygon: Simplygon DLL not present - disabling.
[2017.03.09-18.15.34:771][  0]LogMeshUtilities: Using SimplygonSwarm for distributed automatic mesh merging
[2017.03.09-18.15.34:771][  0]LogMeshUtilities: No automatic skeletal mesh reduction module available
[2017.03.09-18.15.34:771][  0]LogMeshUtilities: No automatic mesh merging module available
[2017.03.09-18.15.35:923][  0]LogNetVersion: GetLocalNetworkVersion: CL: 3195953, ProjectName: unreal_vr_dsg_01, ProjectVersion: , EngineNetworkVersion: 2, GameNetworkVersion: 0, NetworkChecksum: 1507437998
[2017.03.09-18.15.36:000][  0]LogAssetRegistry: FAssetRegistry took 0.0206 seconds to start up
[2017.03.09-18.15.36:431][  0]LogPackageLocalizationCache: Processed 3 localized package path(s) for 2 prioritized culture(s) in 0.407030 seconds
[2017.03.09-18.15.36:444][  0]LogUObjectArray: 31946 objects as part of root set at end of initial load.
[2017.03.09-18.15.36:444][  0]LogUObjectAllocator: 6935848 out of 0 bytes used by permanent object pool.
[2017.03.09-18.15.36:444][  0]LogUObjectArray: CloseDisregardForGC: 0/0 objects in disregard for GC pool
[2017.03.09-18.15.36:517][  0]LogInit: WinSock: version 1.1 (2.2), MaxSocks=32767, MaxUdp=65467
[2017.03.09-18.15.37:834][  0]LogSlate: Using Freetype 2.6.0
[2017.03.09-18.15.37:838][  0]LogSlate: SlateFontCache - WITH_FREETYPE: 1, WITH_HARFBUZZ: 1
[2017.03.09-18.15.37:839][  0]LogSlate: SlateFontCache - WITH_FREETYPE: 1, WITH_HARFBUZZ: 1
[2017.03.09-18.15.41:269][  0]LogSubstanceCoreModule: Substance [CPU] Engine Loaded, Max Texture Size = 2048
[2017.03.09-18.15.41:325][  0]LogTcpMessaging: Initializing TcpMessaging bridge
[2017.03.09-18.15.41:387][  0]LogUdpMessaging: Initializing bridge on interface 0.0.0.0:0 to multicast group 230.0.0.1:6666.
[2017.03.09-18.15.42:023][  0]LogMaterial: Uniform references updated for custom material expression Custom.
[2017.03.09-18.15.42:854][  0]SourceControl: Info Source control is disabled
[2017.03.09-18.15.42:929][  0]SourceControl: Info Source control is disabled
[2017.03.09-18.15.43:015][  0]SourceControl: Info Source control is disabled
[2017.03.09-18.15.43:125][  0]SourceControl: Info Source control is disabled
[2017.03.09-18.15.45:633][  0]LogEngine: Initializing Engine...
[2017.03.09-18.15.45:634][  0]LogHMD: Failed to initialize OpenVR with code 110
[2017.03.09-18.15.46:184][  0]LogAIModule: Creating AISystem for world Untitled
[2017.03.09-18.15.46:220][  0]LogInit: XAudio2 using 'Speakers (Andrea PureAudio USB-SA Headset)' : 2 channels at 44.1 kHz using 16 bits per sample (channel mask 0x3)
[2017.03.09-18.15.46:280][  0]LogInit: FAudioDevice initialized.
[2017.03.09-18.15.46:343][  0]LogDerivedDataCache: Saved boot cache 0.06s 61MB C:/Users/scardinali.HALO/AppData/Local/UnrealEngine/4.14/DerivedDataCache/Boot.ddc.
[2017.03.09-18.15.46:364][  0]LogInit: Texture streaming: Enabled
[2017.03.09-18.15.46:664][  0]LogInit: Transaction tracking system initialized
[2017.03.09-18.15.47:289][  0]BlueprintLog: New page: Editor Load
[2017.03.09-18.15.48:718][  0]LocalizationService: Info Localization service is disabled
[2017.03.09-18.15.49:916][  0]LogConsoleResponse:Display: 
[2017.03.09-18.15.50:220][  0]LogCook:Display: Max memory allowance for cook 16384mb min free memory 0mb
[2017.03.09-18.15.50:220][  0]LogCook:Display: Mobile HDR setting 1
[2017.03.09-18.15.51:117][  0]LogFileCache: Scanning file cache for directory 'G:/Steph_Unreal_2/DSG04/Unreal_VR_DSG_01/Content/' took 0.04s
[2017.03.09-18.15.51:979][  0]SourceControl: Info Source control is disabled
[2017.03.09-18.15.51:979][  0]Cmd: MAP LOAD FILE="G:/Steph_Unreal_2/DSG04/Unreal_VR_DSG_01/Content/VirtualRealityBP/Maps/StartupMap.umap" TEMPLATE=0 SHOWPROGRESS=1 FEATURELEVEL=3
[2017.03.09-18.15.51:981][  0]LightingResults: New page: Lighting Build
[2017.03.09-18.15.52:050][  0]MapCheck: New page: Map Check
[2017.03.09-18.15.52:050][  0]LightingResults: New page: Lighting Build
[2017.03.09-18.15.57:185][  0]LogAIModule: Creating AISystem for world StartupMap
[2017.03.09-18.15.57:202][  0]LogEditorServer: Finished looking for orphan Actors (0.000 secs)
[2017.03.09-18.15.57:204][  0]Cmd: MAP CHECKDEP NOCLEARLOG
[2017.03.09-18.15.57:415][  0]MapCheck: Info Map check complete: 0 Error(s), 0 Warning(s), took 211.32ms to complete.
[2017.03.09-18.15.57:416][  0]LogFileHelpers: Loading map 'StartupMap' took 5.437
[2017.03.09-18.15.57:661][  0]LogCollectionManager: Loaded 0 collections in 0.029586 seconds
[2017.03.09-18.15.57:787][  0]LogFileCache: Scanning file cache for directory 'G:/Steph_Unreal_2/DSG04/Unreal_VR_DSG_01/Saved/Collections/' took 0.01s
[2017.03.09-18.15.57:787][  0]LogFileCache: Scanning file cache for directory 'G:/Steph_Unreal_2/DSG04/Unreal_VR_DSG_01/Content/Developers/scardinali/Collections/' took 0.01s
[2017.03.09-18.15.57:787][  0]LogFileCache: Scanning file cache for directory 'G:/Steph_Unreal_2/DSG04/Unreal_VR_DSG_01/Content/Collections/' took 0.01s
[2017.03.09-18.15.57:787][  0]LogCollectionManager: Rebuilt the GUID cache for 0 collections in 0.000003 seconds
[2017.03.09-18.15.57:803][  0]LogContentBrowser: Native class hierarchy populated in 0.0154 seconds. Added 2204 classes and 434 folders.
[2017.03.09-18.15.57:890][  0]LogStats: UGameplayTagsManager::ConstructGameplayTagTree: Construct from data asset -  0.000 s
[2017.03.09-18.15.57:890][  0]LogStats: UGameplayTagsManager::ConstructGameplayTagTree: GameplayTagTreeChangedEvent.Broadcast -  0.000 s
[2017.03.09-18.15.57:892][  0]LogContentBrowser: Native class hierarchy updated for 'GameplayTags' in 0.0011 seconds. Added 13 classes and 0 folders.
[2017.03.09-18.15.58:022][  0]LogContentBrowser: Native class hierarchy updated for 'WidgetCarousel' in 0.0013 seconds. Added 0 classes and 0 folders.
[2017.03.09-18.15.58:191][  0]LogContentBrowser: Native class hierarchy updated for 'AddContentDialog' in 0.0012 seconds. Added 0 classes and 0 folders.
[2017.03.09-18.15.58:275][  0]LogContentBrowser: Native class hierarchy updated for 'SceneOutliner' in 0.0010 seconds. Added 1 classes and 2 folders.
[2017.03.09-18.15.58:393][  0]LogCrashTracker: Crashtracker disabled due to settings.
[2017.03.09-18.15.58:403][  0]LogUObjectGlobals:Warning: Failed to find object 'Class None.'
[2017.03.09-18.15.58:520][  0]LogContentBrowser: Native class hierarchy updated for 'HierarchicalLODOutliner' in 0.0009 seconds. Added 1 classes and 2 folders.
[2017.03.09-18.15.58:520][  0]LogLoad: (Engine Initialization) Total time: 36.60 seconds
[2017.03.09-18.15.58:520][  0]LogLoad: (Engine Initialization) Total Blueprint compile time: 0.08 seconds
[2017.03.09-18.15.58:520][  0]LogExternalProfiler: No external profilers were discovered.  External profiling features will not be available.
[2017.03.09-18.15.58:530][  0]LogOcInput: OculusInput pre-init called
[2017.03.09-18.15.58:555][  0]LogContentStreaming: Texture pool size now 1000 MB
[2017.03.09-18.15.58:825][  0]LogRenderer: Reallocating scene render targets to support 1208x392 NumSamples 1 (Frame:2).
[2017.03.09-18.15.59:109][  4]LogAssetRegistry: Asset discovery search completed in 23.1291 seconds
[2017.03.09-18.15.59:109][  4]LogCollectionManager: Rebuilt the object cache for 0 collections in 0.000001 seconds (found 0 objects)
[2017.03.09-18.15.59:109][  4]LogCollectionManager: Fixed up redirectors for 0 collections in 0.000030 seconds (updated 0 objects)
[2017.03.09-18.16.24:781][933]LogEditorActor: Deleted Actor: StaticMeshActor
[2017.03.09-18.16.24:804][933]LogEditorActor: Deleted 1 Actors (0.060 secs)
[2017.03.09-18.16.27:430][222]LogContentBrowser:Verbose: The majority of assets in the view are of type: Material
[2017.03.09-18.16.40:226][804]LogContentBrowser:Verbose: The majority of assets in the view are of type: Texture2D
[2017.03.09-18.16.52:133][716]LogContentBrowser:Verbose: The majority of assets in the view are of type: None
[2017.03.09-18.16.55:036][ 37]LogContentBrowser:Verbose: The majority of assets in the view are of type: StaticMesh
[2017.03.09-18.17.10:893][467]LogFactory: FactoryCreateFile: StaticMesh with FbxFactory (0 0 G:/3D/DSG_Max_Project/export/FBX in cm/Misc/DSG_Teleport_Locations.FBX)
[2017.03.09-18.17.10:913][467]LogFbx: ItemName: GlobalSettings, ItemCount : 1
[2017.03.09-18.17.10:913][467]LogFbx: ItemName: AnimationStack, ItemCount : 1
[2017.03.09-18.17.10:913][467]LogFbx: ItemName: AnimationLayer, ItemCount : 1
[2017.03.09-18.17.10:913][467]LogFbx: ItemName: Model, ItemCount : 7
[2017.03.09-18.17.10:913][467]LogFbx: ItemName: Geometry, ItemCount : 7
[2017.03.09-18.17.10:913][467]LogFbx: ItemName: Material, ItemCount : 7
[2017.03.09-18.17.10:913][467]LogFbx: ItemName: Texture, ItemCount : 7
[2017.03.09-18.17.10:913][467]LogFbx: ItemName: CollectionExclusive, ItemCount : 1
[2017.03.09-18.17.10:913][467]LogFbx: ItemName: Video, ItemCount : 7
[2017.03.09-18.17.10:924][467]LogFbx: Loading FBX Scene from G:/3D/DSG_Max_Project/export/FBX in cm/Misc/DSG_Teleport_Locations.FBX
[2017.03.09-18.17.10:969][467]LogFbx: FBX Scene Loaded Succesfully
[2017.03.09-18.17.15:040][467]LogFbx: Loading FBX Scene from G:/3D/DSG_Max_Project/export/FBX in cm/Misc/DSG_Teleport_Locations.FBX
[2017.03.09-18.17.15:081][467]LogFbx: FBX Scene Loaded Succesfully
[2017.03.09-18.17.15:111][467]LogTexture:Display: Building textures: Teleport_Receiving (AutoDXT)
[2017.03.09-18.17.15:172][467]LogMaterial: Missing cached shader map for material M_Teleport_Receiving, compiling. 
[2017.03.09-18.17.15:286][467]LogTexture:Display: Building textures: Teleport_Receiving_Sorter (AutoDXT)
[2017.03.09-18.17.15:332][467]LogMaterial: Missing cached shader map for material M_Teleport_Receiving_Sorter, compiling. 
[2017.03.09-18.17.15:382][467]LogTexture:Display: Building textures: Teleport_Breakpack (AutoDXT)
[2017.03.09-18.17.15:425][467]LogMaterial: Missing cached shader map for material M_Teleport_Breakpack, compiling. 
[2017.03.09-18.17.15:484][467]LogTexture:Display: Building textures: Teleport_QA (AutoDXT)
[2017.03.09-18.17.15:530][467]LogMaterial: Missing cached shader map for material M_Teleport_QA, compiling. 
[2017.03.09-18.17.15:582][467]LogTexture:Display: Building textures: Teleport_SemiBulk (AutoDXT)
[2017.03.09-18.17.15:624][467]LogMaterial: Missing cached shader map for material M_Teleport_SemiBulk, compiling. 
[2017.03.09-18.17.15:679][467]LogTexture:Display: Building textures: Teleport_Shipping_Sorter (AutoDXT)
[2017.03.09-18.17.15:722][467]LogMaterial: Missing cached shader map for material M_Teleport_Shipping_Sorter, compiling. 
[2017.03.09-18.17.15:778][467]LogTexture:Display: Building textures: Teleport_Shipping (AutoDXT)
[2017.03.09-18.17.15:821][467]LogMaterial: Missing cached shader map for material M_Teleport_Shipping, compiling. 
[2017.03.09-18.17.15:855][467]LogStaticMesh: Building static mesh DSG_Teleport_Locations...
[2017.03.09-18.17.15:898][467]LogStaticMesh: Built static mesh [0.04s] /Game/DSG/Meshes/Misc/DSG_Teleport_Locations.DSG_Teleport_Locations
[2017.03.09-18.17.15:917][467]FBXImport:Warning: Warning No smoothing group information was found in this FBX scene.  Please make sure to enable the 'Export Smoothing Groups' option in the FBX Exporter plug-in before exporting the file.  Even for tools that don't support smoothing groups, the FBX Exporter will generate appropriate smoothing data at export-time so that correct vertex normals can be inferred while importing. 
[2017.03.09-18.17.15:979][467]LogContentBrowser:Verbose: The majority of assets in the view are of type: Texture2D
[2017.03.09-18.17.27:853][222]LogActorFactory: Actor Factory created DSG_Teleport_Locations
[2017.03.09-18.17.28:121][241]LogActorFactory: Actor Factory created DSG_Teleport_Locations
[2017.03.09-18.18.00:289][239]LogSavePackage: Save=25.21ms
[2017.03.09-18.18.00:289][239]LogSavePackage: Moving 'G:/Steph_Unreal_2/DSG04/Unreal_VR_DSG_01/Saved/Teleport_Breakpack580BCDDF4B47D76523CF038B119761B4.tmp' to 'G:/Steph_Unreal_2/DSG04/Unreal_VR_DSG_01/Content/DSG/Textures/Teleport_Locations/Teleport_Breakpack.uasset'
[2017.03.09-18.18.00:293][239]LogSavePackage:Display: Finished SavePackage G:/Steph_Unreal_2/DSG04/Unreal_VR_DSG_01/Content/DSG/Textures/Teleport_Locations/Teleport_Breakpack.uasset
[2017.03.09-18.18.00:320][239]Cmd: OBJ SAVEPACKAGE PACKAGE="/Game/DSG/Textures/Teleport_Locations/Teleport_QA" FILE="G:/Steph_Unreal_2/DSG04/Unreal_VR_DSG_01/Content/DSG/Textures/Teleport_Locations/Teleport_QA.uasset" SILENT=true
[2017.03.09-18.18.00:346][239]LogSavePackage: Save=21.63ms
[2017.03.09-18.18.00:346][239]LogSavePackage: Moving 'G:/Steph_Unreal_2/DSG04/Unreal_VR_DSG_01/Saved/Teleport_QA61900F6B40C1D30001CB9AB7320CD1C6.tmp' to 'G:/Steph_Unreal_2/DSG04/Unreal_VR_DSG_01/Content/DSG/Textures/Teleport_Locations/Teleport_QA.uasset'
[2017.03.09-18.18.00:350][239]LogSavePackage:Display: Finished SavePackage G:/Steph_Unreal_2/DSG04/Unreal_VR_DSG_01/Content/DSG/Textures/Teleport_Locations/Teleport_QA.uasset
[2017.03.09-18.18.00:403][239]LogSavePackage: Save=23.32ms
[2017.03.09-18.18.00:403][239]LogSavePackage: Moving 'G:/Steph_Unreal_2/DSG04/Unreal_VR_DSG_01/Saved/Teleport_ReceivingC3801F6142D9200D097CEEB11C7403D6.tmp' to 'G:/Steph_Unreal_2/DSG04/Unreal_VR_DSG_01/Content/DSG/Textures/Teleport_Locations/Teleport_Receiving.uasset'
[2017.03.09-18.18.00:406][239]LogSavePackage:Display: Finished SavePackage G:/Steph_Unreal_2/DSG04/Unreal_VR_DSG_01/Content/DSG/Textures/Teleport_Locations/Teleport_Receiving.uasset
[2017.03.09-18.18.00:466][239]LogSavePackage: Save=29.12ms
[2017.03.09-18.18.00:466][239]LogSavePackage: Moving 'G:/Steph_Unreal_2/DSG04/Unreal_VR_DSG_01/Saved/Teleport_Receiving_SorterB64F86B5404D767AE209E3BF28773F37.tmp' to 'G:/Steph_Unreal_2/DSG04/Unreal_VR_DSG_01/Content/DSG/Textures/Teleport_Locations/Teleport_Receiving_Sorter.uasset'
[2017.03.09-18.18.00:469][239]LogSavePackage:Display: Finished SavePackage G:/Steph_Unreal_2/DSG04/Unreal_VR_DSG_01/Content/DSG/Textures/Teleport_Locations/Teleport_Receiving_Sorter.uasset
[2017.03.09-18.18.00:519][239]LogSavePackage: Save=23.62ms
[2017.03.09-18.18.00:519][239]LogSavePackage: Moving 'G:/Steph_Unreal_2/DSG04/Unreal_VR_DSG_01/Saved/Teleport_SemiBulkF9C5F5DA4D308EF569EB3881B0BFF264.tmp' to 'G:/Steph_Unreal_2/DSG04/Unreal_VR_DSG_01/Content/DSG/Textures/Teleport_Locations/Teleport_SemiBulk.uasset'
[2017.03.09-18.18.00:522][239]LogSavePackage:Display: Finished SavePackage G:/Steph_Unreal_2/DSG04/Unreal_VR_DSG_01/Content/DSG/Textures/Teleport_Locations/Teleport_SemiBulk.uasset
[2017.03.09-18.18.00:582][239]LogSavePackage: Save=28.26ms
[2017.03.09-18.18.00:582][239]LogSavePackage: Moving 'G:/Steph_Unreal_2/DSG04/Unreal_VR_DSG_01/Saved/Teleport_Shipping80BE5BCC461C97CAF66A7B857F369CAA.tmp' to 'G:/Steph_Unreal_2/DSG04/Unreal_VR_DSG_01/Content/DSG/Textures/Teleport_Locations/Teleport_Shipping.uasset'
[2017.03.09-18.18.00:585][239]LogSavePackage:Display: Finished SavePackage G:/Steph_Unreal_2/DSG04/Unreal_VR_DSG_01/Content/DSG/Textures/Teleport_Locations/Teleport_Shipping.uasset
[2017.03.09-18.18.00:645][239]LogSavePackage: Save=30.80ms
[2017.03.09-18.18.00:645][239]LogSavePackage: Moving 'G:/Steph_Unreal_2/DSG04/Unreal_VR_DSG_01/Saved/Teleport_Shipping_SorterDA9A013C4AB36A0038408098C8D1FD64.tmp' to 'G:/Steph_Unreal_2/DSG04/Unreal_VR_DSG_01/Content/DSG/Textures/Teleport_Locations/Teleport_Shipping_Sorter.uasset'
[2017.03.09-18.18.00:648][239]LogSavePackage:Display: Finished SavePackage G:/Steph_Unreal_2/DSG04/Unreal_VR_DSG_01/Content/DSG/Textures/Teleport_Locations/Teleport_Shipping_Sorter.uasset
[2017.03.09-18.18.10:549][932]LogSavePackage: Save=28.56ms
[2017.03.09-18.18.10:549][932]LogSavePackage: Moving 'G:/Steph_Unreal_2/DSG04/Unreal_VR_DSG_01/Saved/M_Teleport_Breakpack26F9AB9248EF3C3A5FE2099B841B5FFD.tmp' to 'G:/Steph_Unreal_2/DSG04/Unreal_VR_DSG_01/Content/DSG/Materials/Teleport_Locations/M_Teleport_Breakpack.uasset'
[2017.03.09-18.18.10:552][932]LogSavePackage:Display: Finished SavePackage G:/Steph_Unreal_2/DSG04/Unreal_VR_DSG_01/Content/DSG/Materials/Teleport_Locations/M_Teleport_Breakpack.uasset
[2017.03.09-18.18.10:618][932]LogSavePackage: Save=28.87ms
[2017.03.09-18.18.10:618][932]LogSavePackage: Moving 'G:/Steph_Unreal_2/DSG04/Unreal_VR_DSG_01/Saved/M_Teleport_QA1C80D5FB471E9C9BD91B36960502B401.tmp' to 'G:/Steph_Unreal_2/DSG04/Unreal_VR_DSG_01/Content/DSG/Materials/Teleport_Locations/M_Teleport_QA.uasset'
[2017.03.09-18.18.10:622][932]LogSavePackage:Display: Finished SavePackage G:/Steph_Unreal_2/DSG04/Unreal_VR_DSG_01/Content/DSG/Materials/Teleport_Locations/M_Teleport_QA.uasset
[2017.03.09-18.18.10:683][932]LogSavePackage: Save=24.93ms
[2017.03.09-18.18.10:683][932]LogSavePackage: Moving 'G:/Steph_Unreal_2/DSG04/Unreal_VR_DSG_01/Saved/M_Teleport_ReceivingECAD5AE84AC50F819981FFBDC82DACF4.tmp' to 'G:/Steph_Unreal_2/DSG04/Unreal_VR_DSG_01/Content/DSG/Materials/Teleport_Locations/M_Teleport_Receiving.uasset'
[2017.03.09-18.18.10:687][932]LogSavePackage:Display: Finished SavePackage G:/Steph_Unreal_2/DSG04/Unreal_VR_DSG_01/Content/DSG/Materials/Teleport_Locations/M_Teleport_Receiving.uasset
[2017.03.09-18.18.10:753][932]LogSavePackage: Save=30.87ms
[2017.03.09-18.18.10:753][932]LogSavePackage: Moving 'G:/Steph_Unreal_2/DSG04/Unreal_VR_DSG_01/Saved/M_Teleport_Receiving_SorterF925CE1D4D41F80626A823930819DE5F.tmp' to 'G:/Steph_Unreal_2/DSG04/Unreal_VR_DSG_01/Content/DSG/Materials/Teleport_Locations/M_Teleport_Receiving_Sorter.uasset'
[2017.03.09-18.18.10:756][932]LogSavePackage:Display: Finished SavePackage G:/Steph_Unreal_2/DSG04/Unreal_VR_DSG_01/Content/DSG/Materials/Teleport_Locations/M_Teleport_Receiving_Sorter.uasset
[2017.03.09-18.18.10:815][932]LogSavePackage: Save=21.17ms
[2017.03.09-18.18.10:815][932]LogSavePackage: Moving 'G:/Steph_Unreal_2/DSG04/Unreal_VR_DSG_01/Saved/M_Teleport_SemiBulk28F0EB1A4068043964249691DBF0F7BB.tmp' to 'G:/Steph_Unreal_2/DSG04/Unreal_VR_DSG_01/Content/DSG/Materials/Teleport_Locations/M_Teleport_SemiBulk.uasset'
[2017.03.09-18.18.10:818][932]LogSavePackage:Display: Finished SavePackage G:/Steph_Unreal_2/DSG04/Unreal_VR_DSG_01/Content/DSG/Materials/Teleport_Locations/M_Teleport_SemiBulk.uasset
[2017.03.09-18.18.10:875][932]LogSavePackage: Save=22.60ms
[2017.03.09-18.18.10:875][932]LogSavePackage: Moving 'G:/Steph_Unreal_2/DSG04/Unreal_VR_DSG_01/Saved/M_Teleport_Shipping3054F0B74F0780920F7C77B48827BB34.tmp' to 'G:/Steph_Unreal_2/DSG04/Unreal_VR_DSG_01/Content/DSG/Materials/Teleport_Locations/M_Teleport_Shipping.uasset'
[2017.03.09-18.18.10:879][932]LogSavePackage:Display: Finished SavePackage G:/Steph_Unreal_2/DSG04/Unreal_VR_DSG_01/Content/DSG/Materials/Teleport_Locations/M_Teleport_Shipping.uasset
[2017.03.09-18.18.10:953][932]LogSavePackage: Save=35.97ms
[2017.03.09-18.18.10:953][932]LogSavePackage: Moving 'G:/Steph_Unreal_2/DSG04/Unreal_VR_DSG_01/Saved/M_Teleport_Shipping_Sorter44556BA24908A9D9B30D8EB6BFBD3C1C.tmp' to 'G:/Steph_Unreal_2/DSG04/Unreal_VR_DSG_01/Content/DSG/Materials/Teleport_Locations/M_Teleport_Shipping_Sorter.uasset'
[2017.03.09-18.18.10:957][932]LogSavePackage:Display: Finished SavePackage G:/Steph_Unreal_2/DSG04/Unreal_VR_DSG_01/Content/DSG/Materials/Teleport_Locations/M_Teleport_Shipping_Sorter.uasset
[2017.03.09-18.18.16:512][224]LogSavePackage: Save=106.35ms
[2017.03.09-18.18.16:512][224]LogSavePackage: Moving 'G:/Steph_Unreal_2/DSG04/Unreal_VR_DSG_01/Saved/StartupMap7B15E57940C896DB4F41F392FE5697FD.tmp' to 'G:/Steph_Unreal_2/DSG04/Unreal_VR_DSG_01/Content/VirtualRealityBP/Maps/StartupMap.umap'
