Log file open, 03/01/17 05:25:46
LogInit:Display: Running engine for game: Unreal_VR_DSG_01
LogPlatformFile: Not using cached read wrapper
LogInit:Display: RandInit(-313994655) SRandInit(-313994655).
LogTaskGraph: Started task graph with 5 named threads and 8 total threads with 1 sets of task threads.
LogStats: Stats thread started at 0.076180
LogPluginManager: Loaded Plugin Paper2D, From D:/Program Files/Epic Games/4.14/Engine/Plugins/2D/Paper2D/Paper2D.uplugin
LogPluginManager: Loaded Plugin LightPropagationVolume, From D:/Program Files/Epic Games/4.14/Engine/Plugins/Blendables/LightPropagationVolume/LightPropagationVolume.uplugin
LogPluginManager: Loaded Plugin BlankPlugin, From D:/Program Files/Epic Games/4.14/Engine/Plugins/Developer/BlankPlugin/BlankPlugin.uplugin
LogPluginManager: Loaded Plugin CodeLiteSourceCodeAccess, From D:/Program Files/Epic Games/4.14/Engine/Plugins/Developer/CodeLiteSourceCodeAccess/CodeLiteSourceCodeAccess.uplugin
LogPluginManager: Loaded Plugin GitSourceControl, From D:/Program Files/Epic Games/4.14/Engine/Plugins/Developer/GitSourceControl/GitSourceControl.uplugin
LogPluginManager: Loaded Plugin KDevelopSourceCodeAccess, From D:/Program Files/Epic Games/4.14/Engine/Plugins/Developer/KDevelopSourceCodeAccess/KDevelopSourceCodeAccess.uplugin
LogPluginManager: Loaded Plugin NullSourceCodeAccess, From D:/Program Files/Epic Games/4.14/Engine/Plugins/Developer/NullSourceCodeAccess/NullSourceCodeAccess.uplugin
LogPluginManager: Loaded Plugin OneSkyLocalizationService, From D:/Program Files/Epic Games/4.14/Engine/Plugins/Developer/OneSkyLocalizationService/OneSkyLocalizationService.uplugin
LogPluginManager: Loaded Plugin PerforceSourceControl, From D:/Program Files/Epic Games/4.14/Engine/Plugins/Developer/PerforceSourceControl/PerforceSourceControl.uplugin
LogPluginManager: Loaded Plugin SubversionSourceControl, From D:/Program Files/Epic Games/4.14/Engine/Plugins/Developer/SubversionSourceControl/SubversionSourceControl.uplugin
LogPluginManager: Loaded Plugin UObjectPlugin, From D:/Program Files/Epic Games/4.14/Engine/Plugins/Developer/UObjectPlugin/UObjectPlugin.uplugin
LogPluginManager: Loaded Plugin VisualStudioSourceCodeAccess, From D:/Program Files/Epic Games/4.14/Engine/Plugins/Developer/VisualStudioSourceCodeAccess/VisualStudioSourceCodeAccess.uplugin
LogPluginManager: Loaded Plugin XCodeSourceCodeAccess, From D:/Program Files/Epic Games/4.14/Engine/Plugins/Developer/XCodeSourceCodeAccess/XCodeSourceCodeAccess.uplugin
LogPluginManager: Loaded Plugin AudioCapture, From D:/Program Files/Epic Games/4.14/Engine/Plugins/Editor/AudioCapture/AudioCapture.uplugin
LogPluginManager: Loaded Plugin EpicSurvey, From D:/Program Files/Epic Games/4.14/Engine/Plugins/Editor/EpicSurvey/EpicSurvey.uplugin
LogPluginManager: Loaded Plugin MacGraphicsSwitching, From D:/Program Files/Epic Games/4.14/Engine/Plugins/Editor/MacGraphicsSwitching/MacGraphicsSwitching.uplugin
LogPluginManager: Loaded Plugin MobileLauncherProfileWizard, From D:/Program Files/Epic Games/4.14/Engine/Plugins/Editor/MobileLauncherProfileWizard/MobileLauncherProfileWizard.uplugin
LogPluginManager: Loaded Plugin PluginBrowser, From D:/Program Files/Epic Games/4.14/Engine/Plugins/Editor/PluginBrowser/PluginBrowser.uplugin
LogPluginManager: Loaded Plugin SpeedTreeImporter, From D:/Program Files/Epic Games/4.14/Engine/Plugins/Editor/SpeedTreeImporter/SpeedTreeImporter.uplugin
LogPluginManager: Loaded Plugin SuperSearchEditor, From D:/Program Files/Epic Games/4.14/Engine/Plugins/Editor/SuperSearchEditor/SuperSearchEditor.uplugin
LogPluginManager: Loaded Plugin AlembicImporter, From D:/Program Files/Epic Games/4.14/Engine/Plugins/Experimental/AlembicImporter/AlembicImporter.uplugin
LogPluginManager: Loaded Plugin BlueprintStats, From D:/Program Files/Epic Games/4.14/Engine/Plugins/Experimental/BlueprintStats/BlueprintStats.uplugin
LogPluginManager: Loaded Plugin CharacterAI, From D:/Program Files/Epic Games/4.14/Engine/Plugins/Experimental/CharacterAI/CharacterAI.uplugin
LogPluginManager: Loaded Plugin CodeEditor, From D:/Program Files/Epic Games/4.14/Engine/Plugins/Experimental/CodeEditor/CodeEditor.uplugin
LogPluginManager: Loaded Plugin CodeView, From D:/Program Files/Epic Games/4.14/Engine/Plugins/Experimental/CodeView/CodeView.uplugin
LogPluginManager: Loaded Plugin HTML5Networking, From D:/Program Files/Epic Games/4.14/Engine/Plugins/Experimental/HTML5Networking/HTML5Networking.uplugin
LogPluginManager: Loaded Plugin OSVR, From D:/Program Files/Epic Games/4.14/Engine/Plugins/Experimental/OSVR/OSVR.uplugin
LogPluginManager: Loaded Plugin Phya, From D:/Program Files/Epic Games/4.14/Engine/Plugins/Experimental/Phya/Phya.uplugin
LogPluginManager: Loaded Plugin SignificanceManager, From D:/Program Files/Epic Games/4.14/Engine/Plugins/Experimental/SignificanceManager/SignificanceManager.uplugin
LogPluginManager: Loaded Plugin SimpleHMD, From D:/Program Files/Epic Games/4.14/Engine/Plugins/Experimental/SimpleHMD/SimpleHMD.uplugin
LogPluginManager: Loaded Plugin StereoPanorama, From D:/Program Files/Epic Games/4.14/Engine/Plugins/Experimental/StereoPanorama/StereoPanorama.uplugin
LogPluginManager: Loaded Plugin StructBox, From D:/Program Files/Epic Games/4.14/Engine/Plugins/Experimental/StructBox/StructBox.uplugin
LogPluginManager: Loaded Plugin Substance, From D:/Program Files/Epic Games/4.14/Engine/Plugins/Marketplace/Substance/Substance.uplugin
LogPluginManager: Loaded Plugin AndroidMedia, From D:/Program Files/Epic Games/4.14/Engine/Plugins/Media/AndroidMedia/AndroidMedia.uplugin
LogPluginManager: Loaded Plugin AvfMedia, From D:/Program Files/Epic Games/4.14/Engine/Plugins/Media/AvfMedia/AvfMedia.uplugin
LogPluginManager: Loaded Plugin MediaPlayerEditor, From D:/Program Files/Epic Games/4.14/Engine/Plugins/Media/MediaPlayerEditor/MediaPlayerEditor.uplugin
LogPluginManager: Loaded Plugin WmfMedia, From D:/Program Files/Epic Games/4.14/Engine/Plugins/Media/WmfMedia/WmfMedia.uplugin
LogPluginManager: Loaded Plugin MessagingDebugger, From D:/Program Files/Epic Games/4.14/Engine/Plugins/Messaging/MessagingDebugger/MessagingDebugger.uplugin
LogPluginManager: Loaded Plugin TcpMessaging, From D:/Program Files/Epic Games/4.14/Engine/Plugins/Messaging/TcpMessaging/TcpMessaging.uplugin
LogPluginManager: Loaded Plugin UdpMessaging, From D:/Program Files/Epic Games/4.14/Engine/Plugins/Messaging/UdpMessaging/UdpMessaging.uplugin
LogPluginManager: Loaded Plugin LevelSequenceEditor, From D:/Program Files/Epic Games/4.14/Engine/Plugins/MovieScene/LevelSequenceEditor/LevelSequenceEditor.uplugin
LogPluginManager: Loaded Plugin MatineeToLevelSequence, From D:/Program Files/Epic Games/4.14/Engine/Plugins/MovieScene/MatineeToLevelSequence/MatineeToLevelSequence.uplugin
LogPluginManager: Loaded Plugin NetcodeUnitTest, From D:/Program Files/Epic Games/4.14/Engine/Plugins/NetcodeUnitTest/NetcodeUnitTest/NetcodeUnitTest.uplugin
LogPluginManager: Loaded Plugin NUTUnrealEngine4, From D:/Program Files/Epic Games/4.14/Engine/Plugins/NetcodeUnitTest/NUTUnrealEngine4/NUTUnrealEngine4.uplugin
LogPluginManager: Loaded Plugin OnlineSubsystemGameCircle, From D:/Program Files/Epic Games/4.14/Engine/Plugins/Online/Android/OnlineSubsystemGameCircle/OnlineSubsystemGameCircle.uplugin
LogPluginManager: Loaded Plugin OnlineSubsystemGooglePlay, From D:/Program Files/Epic Games/4.14/Engine/Plugins/Online/Android/OnlineSubsystemGooglePlay/OnlineSubsystemGooglePlay.uplugin
LogPluginManager: Loaded Plugin OnlineSubsystemIOS, From D:/Program Files/Epic Games/4.14/Engine/Plugins/Online/IOS/OnlineSubsystemIOS/OnlineSubsystemIOS.uplugin
LogPluginManager: Loaded Plugin OnlineFramework, From D:/Program Files/Epic Games/4.14/Engine/Plugins/Online/OnlineFramework/OnlineFramework.uplugin
LogPluginManager: Loaded Plugin OnlineSubsystem, From D:/Program Files/Epic Games/4.14/Engine/Plugins/Online/OnlineSubsystem/OnlineSubsystem.uplugin
LogPluginManager: Loaded Plugin OnlineSubsystemAmazon, From D:/Program Files/Epic Games/4.14/Engine/Plugins/Online/OnlineSubsystemAmazon/OnlineSubsystemAmazon.uplugin
LogPluginManager: Loaded Plugin OnlineSubsystemFacebook, From D:/Program Files/Epic Games/4.14/Engine/Plugins/Online/OnlineSubsystemFacebook/OnlineSubsystemFacebook.uplugin
LogPluginManager: Loaded Plugin OnlineSubsystemNull, From D:/Program Files/Epic Games/4.14/Engine/Plugins/Online/OnlineSubsystemNull/OnlineSubsystemNull.uplugin
LogPluginManager: Loaded Plugin OnlineSubsystemOculus, From D:/Program Files/Epic Games/4.14/Engine/Plugins/Online/OnlineSubsystemOculus/OnlineSubsystemOculus.uplugin
LogPluginManager: Loaded Plugin OnlineSubsystemSteam, From D:/Program Files/Epic Games/4.14/Engine/Plugins/Online/OnlineSubsystemSteam/OnlineSubsystemSteam.uplugin
LogPluginManager: Loaded Plugin OnlineSubsystemUtils, From D:/Program Files/Epic Games/4.14/Engine/Plugins/Online/OnlineSubsystemUtils/OnlineSubsystemUtils.uplugin
LogPluginManager: Loaded Plugin IOSTapJoy, From D:/Program Files/Epic Games/4.14/Engine/Plugins/Runtime/Advertising/IOSTapJoy/IOSTapJoy.uplugin
LogPluginManager: Loaded Plugin AnalyticsBlueprintLibrary, From D:/Program Files/Epic Games/4.14/Engine/Plugins/Runtime/Analytics/AnalyticsBlueprintLibrary/AnalyticsBlueprintLibrary.uplugin
LogPluginManager: Loaded Plugin AnalyticsMulticast, From D:/Program Files/Epic Games/4.14/Engine/Plugins/Runtime/Analytics/AnalyticsMulticast/AnalyticsMulticast.uplugin
LogPluginManager: Loaded Plugin Apsalar, From D:/Program Files/Epic Games/4.14/Engine/Plugins/Runtime/Analytics/Apsalar/Apsalar.uplugin
LogPluginManager: Loaded Plugin FileLogging, From D:/Program Files/Epic Games/4.14/Engine/Plugins/Runtime/Analytics/FileLogging/FileLogging.uplugin
LogPluginManager: Loaded Plugin Flurry, From D:/Program Files/Epic Games/4.14/Engine/Plugins/Runtime/Analytics/Flurry/Flurry.uplugin
LogPluginManager: Loaded Plugin AndroidDeviceProfileSelector, From D:/Program Files/Epic Games/4.14/Engine/Plugins/Runtime/AndroidDeviceProfileSelector/AndroidDeviceProfileSelector.uplugin
LogPluginManager: Loaded Plugin AndroidMoviePlayer, From D:/Program Files/Epic Games/4.14/Engine/Plugins/Runtime/AndroidMoviePlayer/AndroidMoviePlayer.uplugin
LogPluginManager: Loaded Plugin AppleMoviePlayer, From D:/Program Files/Epic Games/4.14/Engine/Plugins/Runtime/AppleMoviePlayer/AppleMoviePlayer.uplugin
LogPluginManager: Loaded Plugin ArchVisCharacter, From D:/Program Files/Epic Games/4.14/Engine/Plugins/Runtime/ArchVisCharacter/ArchVisCharacter.uplugin
LogPluginManager: Loaded Plugin CableComponent, From D:/Program Files/Epic Games/4.14/Engine/Plugins/Runtime/CableComponent/CableComponent.uplugin
LogPluginManager: Loaded Plugin CustomMeshComponent, From D:/Program Files/Epic Games/4.14/Engine/Plugins/Runtime/CustomMeshComponent/CustomMeshComponent.uplugin
LogPluginManager: Loaded Plugin ExampleDeviceProfileSelector, From D:/Program Files/Epic Games/4.14/Engine/Plugins/Runtime/ExampleDeviceProfileSelector/ExampleDeviceProfileSelector.uplugin
LogPluginManager: Loaded Plugin GearVR, From D:/Program Files/Epic Games/4.14/Engine/Plugins/Runtime/GearVR/GearVR.uplugin
LogPluginManager: Loaded Plugin GoogleVRController, From D:/Program Files/Epic Games/4.14/Engine/Plugins/Runtime/GoogleVR/GoogleVRController/GoogleVRController.uplugin
LogPluginManager: Loaded Plugin GoogleVRHMD, From D:/Program Files/Epic Games/4.14/Engine/Plugins/Runtime/GoogleVR/GoogleVRHMD/GoogleVRHMD.uplugin
LogPluginManager: Loaded Plugin IOSDeviceProfileSelector, From D:/Program Files/Epic Games/4.14/Engine/Plugins/Runtime/IOSDeviceProfileSelector/IOSDeviceProfileSelector.uplugin
LogPluginManager: Loaded Plugin LeapMotion, From D:/Program Files/Epic Games/4.14/Engine/Plugins/Runtime/LeapMotion/LeapMotion.uplugin
LogPluginManager: Loaded Plugin LinuxDeviceProfileSelector, From D:/Program Files/Epic Games/4.14/Engine/Plugins/Runtime/LinuxDeviceProfileSelector/LinuxDeviceProfileSelector.uplugin
LogPluginManager: Loaded Plugin MIDIDevice, From D:/Program Files/Epic Games/4.14/Engine/Plugins/Runtime/MIDIDevice/MIDIDevice.uplugin
LogPluginManager: Loaded Plugin MobilePatchingUtils, From D:/Program Files/Epic Games/4.14/Engine/Plugins/Runtime/MobilePatchingUtils/MobilePatchingUtils.uplugin
LogPluginManager: Loaded Plugin Ansel, From D:/Program Files/Epic Games/4.14/Engine/Plugins/Runtime/Nvidia/Ansel/Ansel.uplugin
LogPluginManager: Loaded Plugin OculusAudio, From D:/Program Files/Epic Games/4.14/Engine/Plugins/Runtime/OculusAudio/OculusAudio.uplugin
LogPluginManager: Loaded Plugin OculusInput, From D:/Program Files/Epic Games/4.14/Engine/Plugins/Runtime/OculusInput/OculusInput.uplugin
LogPluginManager: Loaded Plugin OculusLibrary, From D:/Program Files/Epic Games/4.14/Engine/Plugins/Runtime/OculusLibrary/OculusLibrary.uplugin
LogPluginManager: Loaded Plugin OculusRift, From D:/Program Files/Epic Games/4.14/Engine/Plugins/Runtime/OculusRift/OculusRift.uplugin
LogPluginManager: Loaded Plugin Oodle, From D:/Program Files/Epic Games/4.14/Engine/Plugins/Runtime/PacketHandlers/CompressionComponents/Oodle/Oodle.uplugin
LogPluginManager: Loaded Plugin ProceduralMeshComponent, From D:/Program Files/Epic Games/4.14/Engine/Plugins/Runtime/ProceduralMeshComponent/ProceduralMeshComponent.uplugin
LogPluginManager: Loaded Plugin SoundMod, From D:/Program Files/Epic Games/4.14/Engine/Plugins/Runtime/SoundMod/SoundMod.uplugin
LogPluginManager: Loaded Plugin SoundVisualizations, From D:/Program Files/Epic Games/4.14/Engine/Plugins/Runtime/SoundVisualizations/SoundVisualizations.uplugin
LogPluginManager: Loaded Plugin SteamController, From D:/Program Files/Epic Games/4.14/Engine/Plugins/Runtime/Steam/SteamController/SteamController.uplugin
LogPluginManager: Loaded Plugin SteamVR, From D:/Program Files/Epic Games/4.14/Engine/Plugins/Runtime/Steam/SteamVR/SteamVR.uplugin
LogPluginManager: Loaded Plugin WebBrowserWidget, From D:/Program Files/Epic Games/4.14/Engine/Plugins/Runtime/WebBrowserWidget/WebBrowserWidget.uplugin
LogPluginManager: Loaded Plugin WindowsDeviceProfileSelector, From D:/Program Files/Epic Games/4.14/Engine/Plugins/Runtime/WindowsDeviceProfileSelector/WindowsDeviceProfileSelector.uplugin
LogPluginManager: Loaded Plugin WindowsMoviePlayer, From D:/Program Files/Epic Games/4.14/Engine/Plugins/Runtime/WindowsMoviePlayer/WindowsMoviePlayer.uplugin
LogPluginManager: Loaded Plugin ScriptPlugin, From D:/Program Files/Epic Games/4.14/Engine/Plugins/ScriptPlugin/ScriptPlugin.uplugin
LogPluginManager: Loaded Plugin SlateRemote, From D:/Program Files/Epic Games/4.14/Engine/Plugins/Slate/SlateRemote/SlateRemote.uplugin
LogPluginManager: Loaded Plugin EditorTests, From D:/Program Files/Epic Games/4.14/Engine/Plugins/Tests/EditorTests/EditorTests.uplugin
LogPluginManager: Loaded Plugin FbxAutomationTestBuilder, From D:/Program Files/Epic Games/4.14/Engine/Plugins/Tests/FbxAutomationTestBuilder/FbxAutomationTestBuilder.uplugin
LogPluginManager: Loaded Plugin FunctionalTestingEditor, From D:/Program Files/Epic Games/4.14/Engine/Plugins/Tests/FunctionalTestingEditor/FunctionalTestingEditor.uplugin
LogPluginManager: Loaded Plugin RuntimeTests, From D:/Program Files/Epic Games/4.14/Engine/Plugins/Tests/RuntimeTests/RuntimeTests.uplugin
LogPluginManager: Loaded Plugin ScreenshotTools, From D:/Program Files/Epic Games/4.14/Engine/Plugins/Tests/ScreenshotTools/ScreenshotTools.uplugin
LogInit: Using libcurl 7.47.1
LogInit:  - built for x86_64-pc-win32
LogInit:  - supports SSL with OpenSSL/1.0.2g
LogInit:  - supports HTTP deflate (compression) using libz 1.2.8
LogInit:  - other features:
LogInit:      CURL_VERSION_SSL
LogInit:      CURL_VERSION_LIBZ
LogInit:      CURL_VERSION_IPV6
LogInit:      CURL_VERSION_ASYNCHDNS
LogInit:      CURL_VERSION_LARGEFILE
LogInit:      CURL_VERSION_IDN
LogInit:  CurlRequestOptions (configurable via config and command line):
LogInit:  - bVerifyPeer = false  - Libcurl will NOT verify peer certificate
LogInit:  - bUseHttpProxy = false  - Libcurl will NOT use HTTP proxy
LogInit:  - bDontReuseConnections = false  - Libcurl will reuse connections
LogInit:  - CertBundlePath = nullptr  - Libcurl will use whatever was configured at build time.
LogInit: Build: ++UE4+Release-4.14-CL-3249277
LogInit: Engine Version: 4.14.3-3249277+++UE4+Release-4.14
LogInit: Compatible Engine Version: 4.14.0-3195953+++UE4+Release-4.14
LogInit: Net CL: 3195953
LogDevObjectVersion: Number of dev versions registered: 13
LogDevObjectVersion:   Dev-Blueprints (B0D832E4-1F89-4F0D-ACCF-7EB736FD4AA2): 7
LogDevObjectVersion:   Dev-Build (E1C64328-A22C-4D53-A36C-8E866417BD8C): 0
LogDevObjectVersion:   Dev-Core (375EC13C-06E4-48FB-B500-84F0262A717E): 1
LogDevObjectVersion:   Dev-Editor (E4B068ED-F494-42E9-A231-DA0B2E46BB41): 8
LogDevObjectVersion:   Dev-Framework (CFFC743F-43B0-4480-9391-14DF171D2073): 17
LogDevObjectVersion:   Dev-Mobile (B02B49B5-BB20-44E9-A304-32B752E40360): 0
LogDevObjectVersion:   Dev-Networking (A4E4105C-59A1-49B5-A7C5-40C4547EDFEE): 0
LogDevObjectVersion:   Dev-Online (39C831C9-5AE6-47DC-9A44-9C173E1C8E7C): 0
LogDevObjectVersion:   Dev-Physics (78F01B33-EBEA-4F98-B9B4-84EACCB95AA2): 0
LogDevObjectVersion:   Dev-Platform (6631380F-2D4D-43E0-8009-CF276956A95A): 0
LogDevObjectVersion:   Dev-Rendering (12F88B9F-8875-4AFC-A67C-D90C383ABD29): 12
LogDevObjectVersion:   Dev-Sequencer (7B5AE74C-D270-4C10-A958-57980B212A5A): 1
LogDevObjectVersion:   Dev-VR (D7296918-1DD6-4BDD-9DE2-64A83CC13884): 0
LogInit: Compiled (64-bit): Jan  6 2017 10:49:43
LogInit: Compiled with Visual C++: 19.00.23026.00
LogInit: Build Configuration: Development
LogInit: Branch Name: ++UE4+Release-4.14
LogInit: Command line: -EpicPortal 
LogInit: Base directory: D:/Program Files/Epic Games/4.14/Engine/Binaries/Win64/
LogInit: Installed Engine Build: 1
LogInit: Presizing for max 8388607 objects, including 0 objects not considered by GC, pre-allocating 0 bytes for permanent pool.
LogInit: Object subsystem initialized
[2017.03.01-10.25.46:896][  0]LogConsoleManager:Display: Setting the console variable 'r.RHICmdBypass' with 'SetByProjectSetting' was ignored as it is lower priority than the previous 'SetBySystemSettingsIni'
[2017.03.01-10.25.46:899][  0]LogInit: Selected Device Profile: [Windows]
[2017.03.01-10.25.46:899][  0]LogInit: Applying CVar settings loaded from the selected device profile: [Windows]
[2017.03.01-10.25.46:972][  0]LogInit: Computer: SCARDINALI7
[2017.03.01-10.25.46:972][  0]LogInit: User: scardinali
[2017.03.01-10.25.46:972][  0]LogInit: CPU Page size=65536, Cores=4
[2017.03.01-10.25.46:972][  0]LogInit: High frequency timer resolution =2.630791 MHz
[2017.03.01-10.25.46:972][  0]LogMemory: Memory total: Physical=31.9GB (32GB approx)
[2017.03.01-10.25.46:972][  0]LogMemory: Platform Memory Stats for Windows
[2017.03.01-10.25.46:972][  0]LogMemory: Process Physical Memory: 266.96 MB used, 266.96 MB peak
[2017.03.01-10.25.46:972][  0]LogMemory: Process Virtual Memory: 265.47 MB used, 265.47 MB peak
[2017.03.01-10.25.46:973][  0]LogMemory: Physical Memory: 6913.35 MB used,  25788.07 MB free, 32701.42 MB total
[2017.03.01-10.25.46:973][  0]LogMemory: Virtual Memory: 663.64 MB used,  25788.07 MB free, 8388608.00 MB total
[2017.03.01-10.25.47:032][  0]LogTextLocalizationManager: No specific translations for ('en-US') exist, so ('en') translations will be used.
[2017.03.01-10.25.47:873][  0]LogD3D11RHI: D3D11 adapters:
[2017.03.01-10.25.47:900][  0]LogD3D11RHI:    0. 'NVIDIA Quadro K3000M' (Feature Level 11_0)
[2017.03.01-10.25.47:900][  0]LogD3D11RHI:       1990/0/16094 MB DedicatedVideo/DedicatedSystem/SharedSystem, Outputs:1, VendorId:0x10de
[2017.03.01-10.25.47:900][  0]LogD3D11RHI: Chosen D3D11 Adapter: 0
[2017.03.01-10.25.47:906][  0]LogD3D11RHI: Creating new Direct3DDevice
[2017.03.01-10.25.47:906][  0]LogD3D11RHI:     GPU DeviceId: 0x11be (for the marketing name, search the web for "GPU Device Id")
[2017.03.01-10.25.47:906][  0]LogWindows: EnumDisplayDevices:
[2017.03.01-10.25.47:906][  0]LogWindows:    0. 'NVIDIA Quadro K3000M' (P:1 D:1)
[2017.03.01-10.25.47:906][  0]LogWindows:    1. 'NVIDIA Quadro K3000M' (P:0 D:0)
[2017.03.01-10.25.47:906][  0]LogWindows:    2. 'NVIDIA Quadro K3000M' (P:0 D:0)
[2017.03.01-10.25.47:906][  0]LogWindows:    3. 'NVIDIA Quadro K3000M' (P:0 D:0)
[2017.03.01-10.25.47:906][  0]LogWindows:    4. 'RDPDD Chained DD' (P:0 D:0)
[2017.03.01-10.25.47:906][  0]LogWindows:    5. 'RDP Encoder Mirror Driver' (P:0 D:0)
[2017.03.01-10.25.47:906][  0]LogWindows:    6. 'RDP Reflector Display Driver' (P:0 D:0)
[2017.03.01-10.25.47:906][  0]LogWindows: DebugString: GetVideoDriverDetailsInvalid PrimaryIsNotTheChoosenAdapter GetVideoDriverDetailsInvalid PrimaryIsNotTheChoosenAdapter GetVideoDriverDetailsInvalid PrimaryIsNotTheChoosenAdapter FoundDriverCount:4 
[2017.03.01-10.25.47:907][  0]LogD3D11RHI:     Adapter Name: NVIDIA Quadro K3000M
[2017.03.01-10.25.47:907][  0]LogD3D11RHI:   Driver Version: 348.07 (internal:9.18.13.4807, unified:348.07)
[2017.03.01-10.25.47:907][  0]LogD3D11RHI:      Driver Date: 4-26-2015
[2017.03.01-10.25.47:907][  0]LogRHI: Texture pool is 1361 MB (70% of 1945 MB)
[2017.03.01-10.25.47:926][  0]LogD3D11RHI:Warning: Timestamp queries are currently disabled on this hardware due to instability. Realtime GPU stats will not be available. You can override this behaviour by setting r.NVIDIATimestampWorkaround to 0
[2017.03.01-10.25.47:926][  0]LogD3D11RHI: Async texture creation enabled
[2017.03.01-10.25.47:941][  0]LogD3D11RHI: GPU Timing Frequency: 1000.000000 (Debug: 2 2)
[2017.03.01-10.25.47:942][  0]LogShaderCompilers: Guid format shader working directory is 11 characters bigger than the processId version (F:/Steph_Unreal_2/DSG04/Unreal_VR_DSG_01/Intermediate/Shaders/WorkingDirectory/8392/).
[2017.03.01-10.25.47:942][  0]LogShaderCompilers: Cleaned the shader compiler working directory 'C:/Users/scardinali/AppData/Local/Temp/UnrealShaderWorkingDir/14A2B69647EF1BAEAD20AD86E344AD92/'.
[2017.03.01-10.25.47:942][  0]LogShaderCompilers:Display: Using Local Shader Compiler.
[2017.03.01-10.25.49:046][  0]LogTemp:Display: Loaded TP AllDesktopTargetPlatform
[2017.03.01-10.25.49:100][  0]LogTemp:Display: Loaded TP MacClientTargetPlatform
[2017.03.01-10.25.49:153][  0]LogTemp:Display: Loaded TP MacNoEditorTargetPlatform
[2017.03.01-10.25.49:207][  0]LogTemp:Display: Loaded TP MacServerTargetPlatform
[2017.03.01-10.25.49:261][  0]LogTemp:Display: Loaded TP MacTargetPlatform
[2017.03.01-10.25.49:323][  0]LogTemp:Display: Loaded TP WindowsClientTargetPlatform
[2017.03.01-10.25.49:378][  0]LogTemp:Display: Loaded TP WindowsNoEditorTargetPlatform
[2017.03.01-10.25.49:432][  0]LogTemp:Display: Loaded TP WindowsServerTargetPlatform
[2017.03.01-10.25.49:474][  0]LogTemp:Display: Loaded TP WindowsTargetPlatform
[2017.03.01-10.25.49:527][  0]LogTemp:Display: Loaded TP AndroidTargetPlatform
[2017.03.01-10.25.49:579][  0]LogTemp:Display: Loaded TP Android_ASTCTargetPlatform
[2017.03.01-10.25.49:631][  0]LogTemp:Display: Loaded TP Android_ATCTargetPlatform
[2017.03.01-10.25.49:685][  0]LogTemp:Display: Loaded TP Android_DXTTargetPlatform
[2017.03.01-10.25.49:738][  0]LogTemp:Display: Loaded TP Android_ETC1TargetPlatform
[2017.03.01-10.25.49:792][  0]LogTemp:Display: Loaded TP Android_ETC2TargetPlatform
[2017.03.01-10.25.49:898][  0]LogTemp:Display: Loaded TP Android_MultiTargetPlatform
[2017.03.01-10.25.49:898][  0]LogTemp:Display: Loaded TP Android_PVRTCTargetPlatform
[2017.03.01-10.25.49:933][  0]LogTemp:Display: Loaded TP HTML5TargetPlatform
[2017.03.01-10.25.50:017][  0]LogTemp:Display: Loaded TP IOSTargetPlatform
[2017.03.01-10.25.50:048][  0]LogTemp:Display: Loaded TP TVOSTargetPlatform
[2017.03.01-10.25.50:102][  0]LogTemp:Display: Loaded TP LinuxClientTargetPlatform
[2017.03.01-10.25.50:156][  0]LogTemp:Display: Loaded TP LinuxNoEditorTargetPlatform
[2017.03.01-10.25.50:209][  0]LogTemp:Display: Loaded TP LinuxServerTargetPlatform
[2017.03.01-10.25.50:263][  0]LogTemp:Display: Loaded TP LinuxTargetPlatform
[2017.03.01-10.25.50:263][  0]LogTargetPlatformManager:Display: Building Assets For Windows
[2017.03.01-10.25.50:578][  0]LogDerivedDataCache:Display: Max Cache Size: 512 MB
[2017.03.01-10.25.50:630][  0]LogDerivedDataCache: Loaded boot cache 0.05s 61MB C:/Users/scardinali/AppData/Local/UnrealEngine/4.14/DerivedDataCache/Boot.ddc.
[2017.03.01-10.25.50:630][  0]LogDerivedDataCache:Display: Loaded Boot cache: C:/Users/scardinali/AppData/Local/UnrealEngine/4.14/DerivedDataCache/Boot.ddc
[2017.03.01-10.25.50:630][  0]LogDerivedDataCache: FDerivedDataBackendGraph:  Pak pak cache file F:/Steph_Unreal_2/DSG04/Unreal_VR_DSG_01/DerivedDataCache/DDC.ddp not found, will not use a pak cache.
[2017.03.01-10.25.50:630][  0]LogDerivedDataCache: Unable to find inner node Pak for hierarchical cache Hierarchy.
[2017.03.01-10.25.50:630][  0]LogDerivedDataCache: FDerivedDataBackendGraph:  CompressedPak pak cache file F:/Steph_Unreal_2/DSG04/Unreal_VR_DSG_01/DerivedDataCache/Compressed.ddp not found, will not use a pak cache.
[2017.03.01-10.25.50:630][  0]LogDerivedDataCache: Unable to find inner node CompressedPak for hierarchical cache Hierarchy.
[2017.03.01-10.25.50:648][  0]LogDerivedDataCache:Display: Pak cache opened for reading ../../../Engine/DerivedDataCache/Compressed.ddp.
[2017.03.01-10.25.50:660][  0]LogDerivedDataCache: Using Local data cache path C:/Users/scardinali/AppData/Local/UnrealEngine/Common/DerivedDataCache: Writable
[2017.03.01-10.25.50:916][  0]LogInit: Selected Device Profile: [Windows]
[2017.03.01-10.25.50:919][  0]LogContentStreaming: Texture pool size is 0.00 MB
[2017.03.01-10.25.51:157][  0]LogMeshUtilities: Using QuadricMeshReduction for automatic static mesh reduction
[2017.03.01-10.25.51:195][  0]LogSimplygon: Simplygon DLL not present - disabling.
[2017.03.01-10.25.51:236][  0]LogMeshUtilities: Using SimplygonSwarm for distributed automatic mesh merging
[2017.03.01-10.25.51:236][  0]LogMeshUtilities: No automatic skeletal mesh reduction module available
[2017.03.01-10.25.51:236][  0]LogMeshUtilities: No automatic mesh merging module available
[2017.03.01-10.25.51:772][  0]LogNetVersion: GetLocalNetworkVersion: CL: 3195953, ProjectName: unreal_vr_dsg_01, ProjectVersion: , EngineNetworkVersion: 2, GameNetworkVersion: 0, NetworkChecksum: 1507437998
[2017.03.01-10.25.51:821][  0]LogAssetRegistry: FAssetRegistry took 0.0199 seconds to start up
[2017.03.01-10.25.51:986][  0]LogPackageLocalizationCache: Processed 3 localized package path(s) for 2 prioritized culture(s) in 0.151135 seconds
[2017.03.01-10.25.51:992][  0]LogUObjectArray: 31946 objects as part of root set at end of initial load.
[2017.03.01-10.25.51:992][  0]LogUObjectAllocator: 6935840 out of 0 bytes used by permanent object pool.
[2017.03.01-10.25.51:992][  0]LogUObjectArray: CloseDisregardForGC: 0/0 objects in disregard for GC pool
[2017.03.01-10.25.52:036][  0]LogInit: WinSock: version 1.1 (2.2), MaxSocks=32767, MaxUdp=65467
[2017.03.01-10.25.52:692][  0]LogSlate: Using Freetype 2.6.0
[2017.03.01-10.25.52:693][  0]LogSlate: SlateFontCache - WITH_FREETYPE: 1, WITH_HARFBUZZ: 1
[2017.03.01-10.25.52:693][  0]LogSlate: SlateFontCache - WITH_FREETYPE: 1, WITH_HARFBUZZ: 1
[2017.03.01-10.25.54:151][  0]LogSubstanceCoreModule: Substance [CPU] Engine Loaded, Max Texture Size = 2048
[2017.03.01-10.25.54:177][  0]LogTcpMessaging: Initializing TcpMessaging bridge
[2017.03.01-10.25.54:209][  0]LogUdpMessaging: Initializing bridge on interface 0.0.0.0:0 to multicast group 230.0.0.1:6666.
[2017.03.01-10.25.54:554][  0]LogMaterial: Uniform references updated for custom material expression Custom.
[2017.03.01-10.25.54:918][  0]SourceControl: Info Source control is disabled
[2017.03.01-10.25.54:951][  0]SourceControl: Info Source control is disabled
[2017.03.01-10.25.54:991][  0]SourceControl: Info Source control is disabled
[2017.03.01-10.25.55:032][  0]SourceControl: Info Source control is disabled
[2017.03.01-10.25.56:198][  0]LogEngine: Initializing Engine...
[2017.03.01-10.25.56:198][  0]LogHMD: Failed to initialize OpenVR with code 110
[2017.03.01-10.25.56:447][  0]LogAIModule: Creating AISystem for world Untitled
[2017.03.01-10.25.56:459][  0]LogInit: XAudio2 using 'Speakers / HP (IDT High Definition Audio CODEC)' : 2 channels at 48 kHz using 16 bits per sample (channel mask 0x3)
[2017.03.01-10.25.56:486][  0]LogInit: FAudioDevice initialized.
[2017.03.01-10.25.56:515][  0]LogDerivedDataCache: Saved boot cache 0.03s 61MB C:/Users/scardinali/AppData/Local/UnrealEngine/4.14/DerivedDataCache/Boot.ddc.
[2017.03.01-10.25.56:521][  0]LogInit: Texture streaming: Enabled
[2017.03.01-10.25.56:682][  0]LogInit: Transaction tracking system initialized
[2017.03.01-10.25.56:996][  0]BlueprintLog: New page: Editor Load
[2017.03.01-10.25.57:776][  0]LocalizationService: Info Localization service is disabled
[2017.03.01-10.25.58:345][  0]LogConsoleResponse:Display: 
[2017.03.01-10.25.58:550][  0]LogCook:Display: Max memory allowance for cook 16384mb min free memory 0mb
[2017.03.01-10.25.58:550][  0]LogCook:Display: Mobile HDR setting 1
[2017.03.01-10.25.59:335][  0]LogFileCache: Scanning file cache for directory 'F:/Steph_Unreal_2/DSG04/Unreal_VR_DSG_01/Content/' took 0.03s
[2017.03.01-10.25.59:377][  0]SourceControl: Info Source control is disabled
[2017.03.01-10.25.59:377][  0]Cmd: MAP LOAD FILE="F:/Steph_Unreal_2/DSG04/Unreal_VR_DSG_01/Content/VirtualRealityBP/Maps/StartupMap.umap" TEMPLATE=0 SHOWPROGRESS=1 FEATURELEVEL=3
[2017.03.01-10.25.59:378][  0]LightingResults: New page: Lighting Build
[2017.03.01-10.25.59:413][  0]MapCheck: New page: Map Check
[2017.03.01-10.25.59:413][  0]LightingResults: New page: Lighting Build
[2017.03.01-10.26.02:224][  0]LogTexture:Display: Building textures: T_Exterior_Blue_Tile (AutoDXT)
[2017.03.01-10.26.04:026][  0]LogTexture:Display: Building textures: T_Exterior_Blue_Tile_Normal (BC5)
[2017.03.01-10.26.04:379][  0]LogMaterial: Missing cached shader map for material M_Build_Exterior_Wall_Master, compiling. 
[2017.03.01-10.26.04:496][  0]LogMaterial: Missing cached shader map for material M_Conveyor_Motors, compiling. 
[2017.03.01-10.26.04:514][  0]LogTexture:Display: Building textures: ZiP-Line-Logo_3 (BGRA8)
[2017.03.01-10.26.04:537][  0]LogMaterial: Missing cached shader map for material M_Zipline_Logo, compiling. 
[2017.03.01-10.26.04:588][  0]LogStaticMesh: Building static mesh DSG_BP_MAIN_SUPPORTS...
[2017.03.01-10.26.07:430][  0]LogStaticMesh: Built static mesh [2.84s] /Game/DSG/Meshes/Conveyor/DSG_BP_MAIN_SUPPORTS.DSG_BP_MAIN_SUPPORTS
[2017.03.01-10.26.08:436][  0]LogStaticMesh: Building static mesh DSG_BP_MAIN...
[2017.03.01-10.26.08:859][  0]LogStaticMesh: Built static mesh [0.42s] /Game/DSG/Meshes/Conveyor/DSG_BP_MAIN.DSG_BP_MAIN
[2017.03.01-10.26.08:880][  0]LogStaticMesh: Building static mesh DSG_BP_LOWER...
[2017.03.01-10.26.11:638][  0]LogStaticMesh: Built static mesh [2.76s] /Game/DSG/Meshes/Conveyor/DSG_BP_LOWER.DSG_BP_LOWER
[2017.03.01-10.26.11:784][  0]LogStaticMesh: Building static mesh DSG_BP_FEEDERLINES...
[2017.03.01-10.26.12:730][  0]LogStaticMesh: Built static mesh [0.95s] /Game/DSG/Meshes/Conveyor/DSG_BP_FEEDERLINES.DSG_BP_FEEDERLINES
[2017.03.01-10.26.12:772][  0]LogStaticMesh: Building static mesh DSG_Building...
[2017.03.01-10.26.12:895][  0]LogStaticMesh: Built static mesh [0.12s] /Game/DSG/Meshes/Building/DSG_Building.DSG_Building
[2017.03.01-10.26.13:565][  0]LogMaterial: Missing cached shader map for material M_Concrete_Tiles, compiling. 
[2017.03.01-10.26.13:659][  0]LogAIModule: Creating AISystem for world StartupMap
[2017.03.01-10.26.13:701][  0]LogEditorServer: Finished looking for orphan Actors (0.000 secs)
[2017.03.01-10.26.13:702][  0]Cmd: MAP CHECKDEP NOCLEARLOG
[2017.03.01-10.26.13:837][  0]MapCheck: Info Map check complete: 0 Error(s), 0 Warning(s), took 135.396ms to complete.
[2017.03.01-10.26.13:837][  0]LogFileHelpers: Loading map 'StartupMap' took 14.460
[2017.03.01-10.26.14:066][  0]LogCollectionManager: Loaded 0 collections in 0.056419 seconds
[2017.03.01-10.26.14:167][  0]LogFileCache: Scanning file cache for directory 'F:/Steph_Unreal_2/DSG04/Unreal_VR_DSG_01/Saved/Collections/' took 0.01s
[2017.03.01-10.26.14:167][  0]LogFileCache: Scanning file cache for directory 'F:/Steph_Unreal_2/DSG04/Unreal_VR_DSG_01/Content/Developers/scardinali/Collections/' took 0.01s
[2017.03.01-10.26.14:167][  0]LogFileCache: Scanning file cache for directory 'F:/Steph_Unreal_2/DSG04/Unreal_VR_DSG_01/Content/Collections/' took 0.01s
[2017.03.01-10.26.14:167][  0]LogCollectionManager: Rebuilt the GUID cache for 0 collections in 0.000002 seconds
[2017.03.01-10.26.14:182][  0]LogContentBrowser: Native class hierarchy populated in 0.0130 seconds. Added 2204 classes and 434 folders.
[2017.03.01-10.26.14:234][  0]LogStats: UGameplayTagsManager::ConstructGameplayTagTree: Construct from data asset -  0.000 s
[2017.03.01-10.26.14:234][  0]LogStats: UGameplayTagsManager::ConstructGameplayTagTree: GameplayTagTreeChangedEvent.Broadcast -  0.000 s
[2017.03.01-10.26.14:236][  0]LogContentBrowser: Native class hierarchy updated for 'GameplayTags' in 0.0010 seconds. Added 13 classes and 0 folders.
[2017.03.01-10.26.14:321][  0]LogContentBrowser: Native class hierarchy updated for 'WidgetCarousel' in 0.0008 seconds. Added 0 classes and 0 folders.
[2017.03.01-10.26.14:479][  0]LogContentBrowser: Native class hierarchy updated for 'AddContentDialog' in 0.0006 seconds. Added 0 classes and 0 folders.
[2017.03.01-10.26.14:539][  0]LogContentBrowser: Native class hierarchy updated for 'SceneOutliner' in 0.0008 seconds. Added 1 classes and 2 folders.
[2017.03.01-10.26.14:652][  0]LogCrashTracker: Crashtracker disabled due to settings.
[2017.03.01-10.26.14:661][  0]LogUObjectGlobals:Warning: Failed to find object 'Class None.'
[2017.03.01-10.26.14:743][  0]LogContentBrowser: Native class hierarchy updated for 'HierarchicalLODOutliner' in 0.0008 seconds. Added 1 classes and 2 folders.
[2017.03.01-10.26.14:743][  0]LogLoad: (Engine Initialization) Total time: 30.50 seconds
[2017.03.01-10.26.14:743][  0]LogLoad: (Engine Initialization) Total Blueprint compile time: 0.04 seconds
[2017.03.01-10.26.14:743][  0]LogExternalProfiler: Found external profiler: VSPerf
[2017.03.01-10.26.14:743][  0]LogExternalProfiler: Using external profiler: VSPerf
[2017.03.01-10.26.15:082][  0]LogOcInput: OculusInput pre-init called
[2017.03.01-10.26.15:106][  0]LogContentStreaming: Texture pool size now 1000 MB
[2017.03.01-10.26.15:252][  0]LogContentBrowser:Verbose: The majority of assets in the view are of type: StaticMesh
[2017.03.01-10.26.15:318][  0]LogRenderer: Reallocating scene render targets to support 1208x348 NumSamples 1 (Frame:2).
[2017.03.01-10.26.15:754][  2]LogAssetRegistry: Asset discovery search completed in 23.9535 seconds
[2017.03.01-10.26.15:754][  2]LogCollectionManager: Rebuilt the object cache for 0 collections in 0.000001 seconds (found 0 objects)
[2017.03.01-10.26.15:754][  2]LogCollectionManager: Fixed up redirectors for 0 collections in 0.000018 seconds (updated 0 objects)
