Log file open, 03/20/17 12:25:49
LogInit:Display: Running engine for game: Unreal_VR_DSG_01
LogPlatformFile: Not using cached read wrapper
LogInit:Display: RandInit(1792506436) SRandInit(1792506437).
LogTaskGraph: Started task graph with 5 named threads and 16 total threads with 1 sets of task threads.
LogStats: Stats thread started at 0.205716
LogPluginManager: Loaded Plugin Paper2D, From D:/Program Files/Epic Games/4.14/Engine/Plugins/2D/Paper2D/Paper2D.uplugin
LogPluginManager: Loaded Plugin LightPropagationVolume, From D:/Program Files/Epic Games/4.14/Engine/Plugins/Blendables/LightPropagationVolume/LightPropagationVolume.uplugin
LogPluginManager: Loaded Plugin BlankPlugin, From D:/Program Files/Epic Games/4.14/Engine/Plugins/Developer/BlankPlugin/BlankPlugin.uplugin
LogPluginManager: Loaded Plugin CodeLiteSourceCodeAccess, From D:/Program Files/Epic Games/4.14/Engine/Plugins/Developer/CodeLiteSourceCodeAccess/CodeLiteSourceCodeAccess.uplugin
LogPluginManager: Loaded Plugin GitSourceControl, From D:/Program Files/Epic Games/4.14/Engine/Plugins/Developer/GitSourceControl/GitSourceControl.uplugin
LogPluginManager: Loaded Plugin KDevelopSourceCodeAccess, From D:/Program Files/Epic Games/4.14/Engine/Plugins/Developer/KDevelopSourceCodeAccess/KDevelopSourceCodeAccess.uplugin
LogPluginManager: Loaded Plugin NullSourceCodeAccess, From D:/Program Files/Epic Games/4.14/Engine/Plugins/Developer/NullSourceCodeAccess/NullSourceCodeAccess.uplugin
LogPluginManager: Loaded Plugin OneSkyLocalizationService, From D:/Program Files/Epic Games/4.14/Engine/Plugins/Developer/OneSkyLocalizationService/OneSkyLocalizationService.uplugin
LogPluginManager: Loaded Plugin PerforceSourceControl, From D:/Program Files/Epic Games/4.14/Engine/Plugins/Developer/PerforceSourceControl/PerforceSourceControl.uplugin
LogPluginManager: Loaded Plugin SubversionSourceControl, From D:/Program Files/Epic Games/4.14/Engine/Plugins/Developer/SubversionSourceControl/SubversionSourceControl.uplugin
LogPluginManager: Loaded Plugin UObjectPlugin, From D:/Program Files/Epic Games/4.14/Engine/Plugins/Developer/UObjectPlugin/UObjectPlugin.uplugin
LogPluginManager: Loaded Plugin VisualStudioSourceCodeAccess, From D:/Program Files/Epic Games/4.14/Engine/Plugins/Developer/VisualStudioSourceCodeAccess/VisualStudioSourceCodeAccess.uplugin
LogPluginManager: Loaded Plugin XCodeSourceCodeAccess, From D:/Program Files/Epic Games/4.14/Engine/Plugins/Developer/XCodeSourceCodeAccess/XCodeSourceCodeAccess.uplugin
LogPluginManager: Loaded Plugin AudioCapture, From D:/Program Files/Epic Games/4.14/Engine/Plugins/Editor/AudioCapture/AudioCapture.uplugin
LogPluginManager: Loaded Plugin EpicSurvey, From D:/Program Files/Epic Games/4.14/Engine/Plugins/Editor/EpicSurvey/EpicSurvey.uplugin
LogPluginManager: Loaded Plugin MacGraphicsSwitching, From D:/Program Files/Epic Games/4.14/Engine/Plugins/Editor/MacGraphicsSwitching/MacGraphicsSwitching.uplugin
LogPluginManager: Loaded Plugin MobileLauncherProfileWizard, From D:/Program Files/Epic Games/4.14/Engine/Plugins/Editor/MobileLauncherProfileWizard/MobileLauncherProfileWizard.uplugin
LogPluginManager: Loaded Plugin PluginBrowser, From D:/Program Files/Epic Games/4.14/Engine/Plugins/Editor/PluginBrowser/PluginBrowser.uplugin
LogPluginManager: Loaded Plugin SpeedTreeImporter, From D:/Program Files/Epic Games/4.14/Engine/Plugins/Editor/SpeedTreeImporter/SpeedTreeImporter.uplugin
LogPluginManager: Loaded Plugin SuperSearchEditor, From D:/Program Files/Epic Games/4.14/Engine/Plugins/Editor/SuperSearchEditor/SuperSearchEditor.uplugin
LogPluginManager: Loaded Plugin AlembicImporter, From D:/Program Files/Epic Games/4.14/Engine/Plugins/Experimental/AlembicImporter/AlembicImporter.uplugin
LogPluginManager: Loaded Plugin BlueprintStats, From D:/Program Files/Epic Games/4.14/Engine/Plugins/Experimental/BlueprintStats/BlueprintStats.uplugin
LogPluginManager: Loaded Plugin CharacterAI, From D:/Program Files/Epic Games/4.14/Engine/Plugins/Experimental/CharacterAI/CharacterAI.uplugin
LogPluginManager: Loaded Plugin CodeEditor, From D:/Program Files/Epic Games/4.14/Engine/Plugins/Experimental/CodeEditor/CodeEditor.uplugin
LogPluginManager: Loaded Plugin CodeView, From D:/Program Files/Epic Games/4.14/Engine/Plugins/Experimental/CodeView/CodeView.uplugin
LogPluginManager: Loaded Plugin HTML5Networking, From D:/Program Files/Epic Games/4.14/Engine/Plugins/Experimental/HTML5Networking/HTML5Networking.uplugin
LogPluginManager: Loaded Plugin OSVR, From D:/Program Files/Epic Games/4.14/Engine/Plugins/Experimental/OSVR/OSVR.uplugin
LogPluginManager: Loaded Plugin Phya, From D:/Program Files/Epic Games/4.14/Engine/Plugins/Experimental/Phya/Phya.uplugin
LogPluginManager: Loaded Plugin SignificanceManager, From D:/Program Files/Epic Games/4.14/Engine/Plugins/Experimental/SignificanceManager/SignificanceManager.uplugin
LogPluginManager: Loaded Plugin SimpleHMD, From D:/Program Files/Epic Games/4.14/Engine/Plugins/Experimental/SimpleHMD/SimpleHMD.uplugin
LogPluginManager: Loaded Plugin StereoPanorama, From D:/Program Files/Epic Games/4.14/Engine/Plugins/Experimental/StereoPanorama/StereoPanorama.uplugin
LogPluginManager: Loaded Plugin StructBox, From D:/Program Files/Epic Games/4.14/Engine/Plugins/Experimental/StructBox/StructBox.uplugin
LogPluginManager: Loaded Plugin Substance, From D:/Program Files/Epic Games/4.14/Engine/Plugins/Marketplace/Substance/Substance.uplugin
LogPluginManager: Loaded Plugin AndroidMedia, From D:/Program Files/Epic Games/4.14/Engine/Plugins/Media/AndroidMedia/AndroidMedia.uplugin
LogPluginManager: Loaded Plugin AvfMedia, From D:/Program Files/Epic Games/4.14/Engine/Plugins/Media/AvfMedia/AvfMedia.uplugin
LogPluginManager: Loaded Plugin MediaPlayerEditor, From D:/Program Files/Epic Games/4.14/Engine/Plugins/Media/MediaPlayerEditor/MediaPlayerEditor.uplugin
LogPluginManager: Loaded Plugin WmfMedia, From D:/Program Files/Epic Games/4.14/Engine/Plugins/Media/WmfMedia/WmfMedia.uplugin
LogPluginManager: Loaded Plugin MessagingDebugger, From D:/Program Files/Epic Games/4.14/Engine/Plugins/Messaging/MessagingDebugger/MessagingDebugger.uplugin
LogPluginManager: Loaded Plugin TcpMessaging, From D:/Program Files/Epic Games/4.14/Engine/Plugins/Messaging/TcpMessaging/TcpMessaging.uplugin
LogPluginManager: Loaded Plugin UdpMessaging, From D:/Program Files/Epic Games/4.14/Engine/Plugins/Messaging/UdpMessaging/UdpMessaging.uplugin
LogPluginManager: Loaded Plugin LevelSequenceEditor, From D:/Program Files/Epic Games/4.14/Engine/Plugins/MovieScene/LevelSequenceEditor/LevelSequenceEditor.uplugin
LogPluginManager: Loaded Plugin MatineeToLevelSequence, From D:/Program Files/Epic Games/4.14/Engine/Plugins/MovieScene/MatineeToLevelSequence/MatineeToLevelSequence.uplugin
LogPluginManager: Loaded Plugin NetcodeUnitTest, From D:/Program Files/Epic Games/4.14/Engine/Plugins/NetcodeUnitTest/NetcodeUnitTest/NetcodeUnitTest.uplugin
LogPluginManager: Loaded Plugin NUTUnrealEngine4, From D:/Program Files/Epic Games/4.14/Engine/Plugins/NetcodeUnitTest/NUTUnrealEngine4/NUTUnrealEngine4.uplugin
LogPluginManager: Loaded Plugin OnlineSubsystemGameCircle, From D:/Program Files/Epic Games/4.14/Engine/Plugins/Online/Android/OnlineSubsystemGameCircle/OnlineSubsystemGameCircle.uplugin
LogPluginManager: Loaded Plugin OnlineSubsystemGooglePlay, From D:/Program Files/Epic Games/4.14/Engine/Plugins/Online/Android/OnlineSubsystemGooglePlay/OnlineSubsystemGooglePlay.uplugin
LogPluginManager: Loaded Plugin OnlineSubsystemIOS, From D:/Program Files/Epic Games/4.14/Engine/Plugins/Online/IOS/OnlineSubsystemIOS/OnlineSubsystemIOS.uplugin
LogPluginManager: Loaded Plugin OnlineFramework, From D:/Program Files/Epic Games/4.14/Engine/Plugins/Online/OnlineFramework/OnlineFramework.uplugin
LogPluginManager: Loaded Plugin OnlineSubsystem, From D:/Program Files/Epic Games/4.14/Engine/Plugins/Online/OnlineSubsystem/OnlineSubsystem.uplugin
LogPluginManager: Loaded Plugin OnlineSubsystemAmazon, From D:/Program Files/Epic Games/4.14/Engine/Plugins/Online/OnlineSubsystemAmazon/OnlineSubsystemAmazon.uplugin
LogPluginManager: Loaded Plugin OnlineSubsystemFacebook, From D:/Program Files/Epic Games/4.14/Engine/Plugins/Online/OnlineSubsystemFacebook/OnlineSubsystemFacebook.uplugin
LogPluginManager: Loaded Plugin OnlineSubsystemNull, From D:/Program Files/Epic Games/4.14/Engine/Plugins/Online/OnlineSubsystemNull/OnlineSubsystemNull.uplugin
LogPluginManager: Loaded Plugin OnlineSubsystemOculus, From D:/Program Files/Epic Games/4.14/Engine/Plugins/Online/OnlineSubsystemOculus/OnlineSubsystemOculus.uplugin
LogPluginManager: Loaded Plugin OnlineSubsystemSteam, From D:/Program Files/Epic Games/4.14/Engine/Plugins/Online/OnlineSubsystemSteam/OnlineSubsystemSteam.uplugin
LogPluginManager: Loaded Plugin OnlineSubsystemUtils, From D:/Program Files/Epic Games/4.14/Engine/Plugins/Online/OnlineSubsystemUtils/OnlineSubsystemUtils.uplugin
LogPluginManager: Loaded Plugin IOSTapJoy, From D:/Program Files/Epic Games/4.14/Engine/Plugins/Runtime/Advertising/IOSTapJoy/IOSTapJoy.uplugin
LogPluginManager: Loaded Plugin AnalyticsBlueprintLibrary, From D:/Program Files/Epic Games/4.14/Engine/Plugins/Runtime/Analytics/AnalyticsBlueprintLibrary/AnalyticsBlueprintLibrary.uplugin
LogPluginManager: Loaded Plugin AnalyticsMulticast, From D:/Program Files/Epic Games/4.14/Engine/Plugins/Runtime/Analytics/AnalyticsMulticast/AnalyticsMulticast.uplugin
LogPluginManager: Loaded Plugin Apsalar, From D:/Program Files/Epic Games/4.14/Engine/Plugins/Runtime/Analytics/Apsalar/Apsalar.uplugin
LogPluginManager: Loaded Plugin FileLogging, From D:/Program Files/Epic Games/4.14/Engine/Plugins/Runtime/Analytics/FileLogging/FileLogging.uplugin
LogPluginManager: Loaded Plugin Flurry, From D:/Program Files/Epic Games/4.14/Engine/Plugins/Runtime/Analytics/Flurry/Flurry.uplugin
LogPluginManager: Loaded Plugin AndroidDeviceProfileSelector, From D:/Program Files/Epic Games/4.14/Engine/Plugins/Runtime/AndroidDeviceProfileSelector/AndroidDeviceProfileSelector.uplugin
LogPluginManager: Loaded Plugin AndroidMoviePlayer, From D:/Program Files/Epic Games/4.14/Engine/Plugins/Runtime/AndroidMoviePlayer/AndroidMoviePlayer.uplugin
LogPluginManager: Loaded Plugin AppleMoviePlayer, From D:/Program Files/Epic Games/4.14/Engine/Plugins/Runtime/AppleMoviePlayer/AppleMoviePlayer.uplugin
LogPluginManager: Loaded Plugin ArchVisCharacter, From D:/Program Files/Epic Games/4.14/Engine/Plugins/Runtime/ArchVisCharacter/ArchVisCharacter.uplugin
LogPluginManager: Loaded Plugin CableComponent, From D:/Program Files/Epic Games/4.14/Engine/Plugins/Runtime/CableComponent/CableComponent.uplugin
LogPluginManager: Loaded Plugin CustomMeshComponent, From D:/Program Files/Epic Games/4.14/Engine/Plugins/Runtime/CustomMeshComponent/CustomMeshComponent.uplugin
LogPluginManager: Loaded Plugin ExampleDeviceProfileSelector, From D:/Program Files/Epic Games/4.14/Engine/Plugins/Runtime/ExampleDeviceProfileSelector/ExampleDeviceProfileSelector.uplugin
LogPluginManager: Loaded Plugin GearVR, From D:/Program Files/Epic Games/4.14/Engine/Plugins/Runtime/GearVR/GearVR.uplugin
LogPluginManager: Loaded Plugin GoogleVRController, From D:/Program Files/Epic Games/4.14/Engine/Plugins/Runtime/GoogleVR/GoogleVRController/GoogleVRController.uplugin
LogPluginManager: Loaded Plugin GoogleVRHMD, From D:/Program Files/Epic Games/4.14/Engine/Plugins/Runtime/GoogleVR/GoogleVRHMD/GoogleVRHMD.uplugin
LogPluginManager: Loaded Plugin IOSDeviceProfileSelector, From D:/Program Files/Epic Games/4.14/Engine/Plugins/Runtime/IOSDeviceProfileSelector/IOSDeviceProfileSelector.uplugin
LogPluginManager: Loaded Plugin LeapMotion, From D:/Program Files/Epic Games/4.14/Engine/Plugins/Runtime/LeapMotion/LeapMotion.uplugin
LogPluginManager: Loaded Plugin LinuxDeviceProfileSelector, From D:/Program Files/Epic Games/4.14/Engine/Plugins/Runtime/LinuxDeviceProfileSelector/LinuxDeviceProfileSelector.uplugin
LogPluginManager: Loaded Plugin MIDIDevice, From D:/Program Files/Epic Games/4.14/Engine/Plugins/Runtime/MIDIDevice/MIDIDevice.uplugin
LogPluginManager: Loaded Plugin MobilePatchingUtils, From D:/Program Files/Epic Games/4.14/Engine/Plugins/Runtime/MobilePatchingUtils/MobilePatchingUtils.uplugin
LogPluginManager: Loaded Plugin Ansel, From D:/Program Files/Epic Games/4.14/Engine/Plugins/Runtime/Nvidia/Ansel/Ansel.uplugin
LogPluginManager: Loaded Plugin OculusAudio, From D:/Program Files/Epic Games/4.14/Engine/Plugins/Runtime/OculusAudio/OculusAudio.uplugin
LogPluginManager: Loaded Plugin OculusInput, From D:/Program Files/Epic Games/4.14/Engine/Plugins/Runtime/OculusInput/OculusInput.uplugin
LogPluginManager: Loaded Plugin OculusLibrary, From D:/Program Files/Epic Games/4.14/Engine/Plugins/Runtime/OculusLibrary/OculusLibrary.uplugin
LogPluginManager: Loaded Plugin OculusRift, From D:/Program Files/Epic Games/4.14/Engine/Plugins/Runtime/OculusRift/OculusRift.uplugin
LogPluginManager: Loaded Plugin Oodle, From D:/Program Files/Epic Games/4.14/Engine/Plugins/Runtime/PacketHandlers/CompressionComponents/Oodle/Oodle.uplugin
LogPluginManager: Loaded Plugin ProceduralMeshComponent, From D:/Program Files/Epic Games/4.14/Engine/Plugins/Runtime/ProceduralMeshComponent/ProceduralMeshComponent.uplugin
LogPluginManager: Loaded Plugin SoundMod, From D:/Program Files/Epic Games/4.14/Engine/Plugins/Runtime/SoundMod/SoundMod.uplugin
LogPluginManager: Loaded Plugin SoundVisualizations, From D:/Program Files/Epic Games/4.14/Engine/Plugins/Runtime/SoundVisualizations/SoundVisualizations.uplugin
LogPluginManager: Loaded Plugin SteamController, From D:/Program Files/Epic Games/4.14/Engine/Plugins/Runtime/Steam/SteamController/SteamController.uplugin
LogPluginManager: Loaded Plugin SteamVR, From D:/Program Files/Epic Games/4.14/Engine/Plugins/Runtime/Steam/SteamVR/SteamVR.uplugin
LogPluginManager: Loaded Plugin WebBrowserWidget, From D:/Program Files/Epic Games/4.14/Engine/Plugins/Runtime/WebBrowserWidget/WebBrowserWidget.uplugin
LogPluginManager: Loaded Plugin WindowsDeviceProfileSelector, From D:/Program Files/Epic Games/4.14/Engine/Plugins/Runtime/WindowsDeviceProfileSelector/WindowsDeviceProfileSelector.uplugin
LogPluginManager: Loaded Plugin WindowsMoviePlayer, From D:/Program Files/Epic Games/4.14/Engine/Plugins/Runtime/WindowsMoviePlayer/WindowsMoviePlayer.uplugin
LogPluginManager: Loaded Plugin ScriptPlugin, From D:/Program Files/Epic Games/4.14/Engine/Plugins/ScriptPlugin/ScriptPlugin.uplugin
LogPluginManager: Loaded Plugin SlateRemote, From D:/Program Files/Epic Games/4.14/Engine/Plugins/Slate/SlateRemote/SlateRemote.uplugin
LogPluginManager: Loaded Plugin EditorTests, From D:/Program Files/Epic Games/4.14/Engine/Plugins/Tests/EditorTests/EditorTests.uplugin
LogPluginManager: Loaded Plugin FbxAutomationTestBuilder, From D:/Program Files/Epic Games/4.14/Engine/Plugins/Tests/FbxAutomationTestBuilder/FbxAutomationTestBuilder.uplugin
LogPluginManager: Loaded Plugin FunctionalTestingEditor, From D:/Program Files/Epic Games/4.14/Engine/Plugins/Tests/FunctionalTestingEditor/FunctionalTestingEditor.uplugin
LogPluginManager: Loaded Plugin RuntimeTests, From D:/Program Files/Epic Games/4.14/Engine/Plugins/Tests/RuntimeTests/RuntimeTests.uplugin
LogPluginManager: Loaded Plugin ScreenshotTools, From D:/Program Files/Epic Games/4.14/Engine/Plugins/Tests/ScreenshotTools/ScreenshotTools.uplugin
LogInit: Using libcurl 7.47.1
LogInit:  - built for x86_64-pc-win32
LogInit:  - supports SSL with OpenSSL/1.0.2g
LogInit:  - supports HTTP deflate (compression) using libz 1.2.8
LogInit:  - other features:
LogInit:      CURL_VERSION_SSL
LogInit:      CURL_VERSION_LIBZ
LogInit:      CURL_VERSION_IPV6
LogInit:      CURL_VERSION_ASYNCHDNS
LogInit:      CURL_VERSION_LARGEFILE
LogInit:      CURL_VERSION_IDN
LogInit:  CurlRequestOptions (configurable via config and command line):
LogInit:  - bVerifyPeer = false  - Libcurl will NOT verify peer certificate
LogInit:  - bUseHttpProxy = false  - Libcurl will NOT use HTTP proxy
LogInit:  - bDontReuseConnections = false  - Libcurl will reuse connections
LogInit:  - CertBundlePath = nullptr  - Libcurl will use whatever was configured at build time.
LogInit: Build: ++UE4+Release-4.14-CL-3249277
LogInit: Engine Version: 4.14.3-3249277+++UE4+Release-4.14
LogInit: Compatible Engine Version: 4.14.0-3195953+++UE4+Release-4.14
LogInit: Net CL: 3195953
LogDevObjectVersion: Number of dev versions registered: 13
LogDevObjectVersion:   Dev-Blueprints (B0D832E4-1F89-4F0D-ACCF-7EB736FD4AA2): 7
LogDevObjectVersion:   Dev-Build (E1C64328-A22C-4D53-A36C-8E866417BD8C): 0
LogDevObjectVersion:   Dev-Core (375EC13C-06E4-48FB-B500-84F0262A717E): 1
LogDevObjectVersion:   Dev-Editor (E4B068ED-F494-42E9-A231-DA0B2E46BB41): 8
LogDevObjectVersion:   Dev-Framework (CFFC743F-43B0-4480-9391-14DF171D2073): 17
LogDevObjectVersion:   Dev-Mobile (B02B49B5-BB20-44E9-A304-32B752E40360): 0
LogDevObjectVersion:   Dev-Networking (A4E4105C-59A1-49B5-A7C5-40C4547EDFEE): 0
LogDevObjectVersion:   Dev-Online (39C831C9-5AE6-47DC-9A44-9C173E1C8E7C): 0
LogDevObjectVersion:   Dev-Physics (78F01B33-EBEA-4F98-B9B4-84EACCB95AA2): 0
LogDevObjectVersion:   Dev-Platform (6631380F-2D4D-43E0-8009-CF276956A95A): 0
LogDevObjectVersion:   Dev-Rendering (12F88B9F-8875-4AFC-A67C-D90C383ABD29): 12
LogDevObjectVersion:   Dev-Sequencer (7B5AE74C-D270-4C10-A958-57980B212A5A): 1
LogDevObjectVersion:   Dev-VR (D7296918-1DD6-4BDD-9DE2-64A83CC13884): 0
LogInit: Compiled (64-bit): Jan  6 2017 10:49:43
LogInit: Compiled with Visual C++: 19.00.23026.00
LogInit: Build Configuration: Development
LogInit: Branch Name: ++UE4+Release-4.14
LogInit: Command line: -EpicPortal 
LogInit: Base directory: D:/Program Files/Epic Games/4.14/Engine/Binaries/Win64/
LogInit: Installed Engine Build: 1
LogInit: Presizing for max 8388607 objects, including 0 objects not considered by GC, pre-allocating 0 bytes for permanent pool.
LogInit: Object subsystem initialized
[2017.03.20-16.25.49:839][  0]LogConsoleManager:Display: Setting the console variable 'r.RHICmdBypass' with 'SetByProjectSetting' was ignored as it is lower priority than the previous 'SetBySystemSettingsIni'
[2017.03.20-16.25.49:851][  0]LogInit: Selected Device Profile: [Windows]
[2017.03.20-16.25.49:851][  0]LogInit: Applying CVar settings loaded from the selected device profile: [Windows]
[2017.03.20-16.25.49:895][  0]LogInit: Computer: SCARDINALI7BR
[2017.03.20-16.25.49:895][  0]LogInit: User: scardinali
[2017.03.20-16.25.49:895][  0]LogInit: CPU Page size=65536, Cores=12
[2017.03.20-16.25.49:895][  0]LogInit: High frequency timer resolution =2.050771 MHz
[2017.03.20-16.25.49:896][  0]LogMemory: Memory total: Physical=63.9GB (64GB approx)
[2017.03.20-16.25.49:896][  0]LogMemory: Platform Memory Stats for Windows
[2017.03.20-16.25.49:896][  0]LogMemory: Process Physical Memory: 272.91 MB used, 272.91 MB peak
[2017.03.20-16.25.49:896][  0]LogMemory: Process Virtual Memory: 278.30 MB used, 278.30 MB peak
[2017.03.20-16.25.49:896][  0]LogMemory: Physical Memory: 12391.14 MB used,  53093.32 MB free, 65484.46 MB total
[2017.03.20-16.25.49:896][  0]LogMemory: Virtual Memory: 683.60 MB used,  53093.32 MB free, 8388608.00 MB total
[2017.03.20-16.25.49:976][  0]LogTextLocalizationManager: No specific translations for ('en-US') exist, so ('en') translations will be used.
[2017.03.20-16.25.51:922][  0]LogD3D11RHI: D3D11 adapters:
[2017.03.20-16.25.51:969][  0]LogD3D11RHI:    0. 'NVIDIA GeForce GTX 770' (Feature Level 11_0)
[2017.03.20-16.25.51:969][  0]LogD3D11RHI:       1989/0/2048 MB DedicatedVideo/DedicatedSystem/SharedSystem, Outputs:2, VendorId:0x10de
[2017.03.20-16.25.51:969][  0]LogD3D11RHI: Chosen D3D11 Adapter: 0
[2017.03.20-16.25.51:987][  0]LogD3D11RHI: Creating new Direct3DDevice
[2017.03.20-16.25.51:987][  0]LogD3D11RHI:     GPU DeviceId: 0x1184 (for the marketing name, search the web for "GPU Device Id")
[2017.03.20-16.25.51:987][  0]LogWindows: EnumDisplayDevices:
[2017.03.20-16.25.51:988][  0]LogWindows:    0. 'NVIDIA GeForce GTX 770' (P:1 D:1)
[2017.03.20-16.25.51:988][  0]LogWindows:    1. 'NVIDIA GeForce GTX 770' (P:0 D:1)
[2017.03.20-16.25.51:988][  0]LogWindows:    2. 'NVIDIA GeForce GTX 770' (P:0 D:0)
[2017.03.20-16.25.51:989][  0]LogWindows:    3. 'NVIDIA GeForce GTX 770' (P:0 D:0)
[2017.03.20-16.25.51:989][  0]LogWindows:    4. 'RDPDD Chained DD' (P:0 D:0)
[2017.03.20-16.25.51:989][  0]LogWindows:    5. 'RDP Encoder Mirror Driver' (P:0 D:0)
[2017.03.20-16.25.51:990][  0]LogWindows:    6. 'RDP Reflector Display Driver' (P:0 D:0)
[2017.03.20-16.25.51:990][  0]LogWindows: DebugString: GetVideoDriverDetailsInvalid PrimaryIsNotTheChoosenAdapter GetVideoDriverDetailsInvalid PrimaryIsNotTheChoosenAdapter GetVideoDriverDetailsInvalid PrimaryIsNotTheChoosenAdapter FoundDriverCount:4 
[2017.03.20-16.25.51:990][  0]LogD3D11RHI:     Adapter Name: NVIDIA GeForce GTX 770
[2017.03.20-16.25.51:990][  0]LogD3D11RHI:   Driver Version: 368.81 (internal:10.18.13.6881, unified:368.81)
[2017.03.20-16.25.51:990][  0]LogD3D11RHI:      Driver Date: 7-10-2016
[2017.03.20-16.25.51:990][  0]LogRHI: Texture pool is 1361 MB (70% of 1945 MB)
[2017.03.20-16.25.52:011][  0]LogD3D11RHI:Warning: Timestamp queries are currently disabled on this hardware due to instability. Realtime GPU stats will not be available. You can override this behaviour by setting r.NVIDIATimestampWorkaround to 0
[2017.03.20-16.25.52:011][  0]LogD3D11RHI: Async texture creation enabled
[2017.03.20-16.25.52:030][  0]LogD3D11RHI: GPU Timing Frequency: 1000.000000 (Debug: 2 2)
[2017.03.20-16.25.52:031][  0]LogShaderCompilers: Guid format shader working directory is 15 characters bigger than the processId version (G:/Steph_Unreal_2/DSG04/Unreal_VR_DSG_01/Intermediate/Shaders/WorkingDirectory/36476/).
[2017.03.20-16.25.52:031][  0]LogShaderCompilers: Cleaned the shader compiler working directory 'C:/Users/scardinali.HALO/AppData/Local/Temp/UnrealShaderWorkingDir/ACCD7B28411DB575850CB9918625F110/'.
[2017.03.20-16.25.52:031][  0]LogShaderCompilers:Display: Using Local Shader Compiler.
[2017.03.20-16.25.53:921][  0]LogTemp:Display: Loaded TP AllDesktopTargetPlatform
[2017.03.20-16.25.54:047][  0]LogTemp:Display: Loaded TP MacClientTargetPlatform
[2017.03.20-16.25.54:155][  0]LogTemp:Display: Loaded TP MacNoEditorTargetPlatform
[2017.03.20-16.25.54:245][  0]LogTemp:Display: Loaded TP MacServerTargetPlatform
[2017.03.20-16.25.54:364][  0]LogTemp:Display: Loaded TP MacTargetPlatform
[2017.03.20-16.25.54:478][  0]LogTemp:Display: Loaded TP WindowsClientTargetPlatform
[2017.03.20-16.25.54:569][  0]LogTemp:Display: Loaded TP WindowsNoEditorTargetPlatform
[2017.03.20-16.25.54:680][  0]LogTemp:Display: Loaded TP WindowsServerTargetPlatform
[2017.03.20-16.25.54:752][  0]LogTemp:Display: Loaded TP WindowsTargetPlatform
[2017.03.20-16.25.54:863][  0]LogTemp:Display: Loaded TP AndroidTargetPlatform
[2017.03.20-16.25.54:994][  0]LogTemp:Display: Loaded TP Android_ASTCTargetPlatform
[2017.03.20-16.25.55:116][  0]LogTemp:Display: Loaded TP Android_ATCTargetPlatform
[2017.03.20-16.25.55:247][  0]LogTemp:Display: Loaded TP Android_DXTTargetPlatform
[2017.03.20-16.25.55:350][  0]LogTemp:Display: Loaded TP Android_ETC1TargetPlatform
[2017.03.20-16.25.55:457][  0]LogTemp:Display: Loaded TP Android_ETC2TargetPlatform
[2017.03.20-16.25.55:647][  0]LogTemp:Display: Loaded TP Android_MultiTargetPlatform
[2017.03.20-16.25.55:647][  0]LogTemp:Display: Loaded TP Android_PVRTCTargetPlatform
[2017.03.20-16.25.55:709][  0]LogTemp:Display: Loaded TP HTML5TargetPlatform
[2017.03.20-16.25.55:841][  0]LogTemp:Display: Loaded TP IOSTargetPlatform
[2017.03.20-16.25.55:912][  0]LogTemp:Display: Loaded TP TVOSTargetPlatform
[2017.03.20-16.25.56:023][  0]LogTemp:Display: Loaded TP LinuxClientTargetPlatform
[2017.03.20-16.25.56:112][  0]LogTemp:Display: Loaded TP LinuxNoEditorTargetPlatform
[2017.03.20-16.25.56:202][  0]LogTemp:Display: Loaded TP LinuxServerTargetPlatform
[2017.03.20-16.25.56:320][  0]LogTemp:Display: Loaded TP LinuxTargetPlatform
[2017.03.20-16.25.56:320][  0]LogTargetPlatformManager:Display: Building Assets For Windows
[2017.03.20-16.25.56:900][  0]LogDerivedDataCache:Display: Max Cache Size: 512 MB
[2017.03.20-16.25.57:027][  0]LogDerivedDataCache: Loaded boot cache 0.13s 61MB C:/Users/scardinali.HALO/AppData/Local/UnrealEngine/4.14/DerivedDataCache/Boot.ddc.
[2017.03.20-16.25.57:027][  0]LogDerivedDataCache:Display: Loaded Boot cache: C:/Users/scardinali.HALO/AppData/Local/UnrealEngine/4.14/DerivedDataCache/Boot.ddc
[2017.03.20-16.25.57:027][  0]LogDerivedDataCache: FDerivedDataBackendGraph:  Pak pak cache file G:/Steph_Unreal_2/DSG04/Unreal_VR_DSG_01/DerivedDataCache/DDC.ddp not found, will not use a pak cache.
[2017.03.20-16.25.57:027][  0]LogDerivedDataCache: Unable to find inner node Pak for hierarchical cache Hierarchy.
[2017.03.20-16.25.57:027][  0]LogDerivedDataCache: FDerivedDataBackendGraph:  CompressedPak pak cache file G:/Steph_Unreal_2/DSG04/Unreal_VR_DSG_01/DerivedDataCache/Compressed.ddp not found, will not use a pak cache.
[2017.03.20-16.25.57:027][  0]LogDerivedDataCache: Unable to find inner node CompressedPak for hierarchical cache Hierarchy.
[2017.03.20-16.25.57:073][  0]LogDerivedDataCache:Display: Pak cache opened for reading ../../../Engine/DerivedDataCache/Compressed.ddp.
[2017.03.20-16.25.57:087][  0]LogDerivedDataCache: Using Local data cache path C:/Users/scardinali.HALO/AppData/Local/UnrealEngine/Common/DerivedDataCache: Writable
[2017.03.20-16.25.57:615][  0]LogInit: Selected Device Profile: [Windows]
[2017.03.20-16.25.57:621][  0]LogContentStreaming: Texture pool size is 0.00 MB
[2017.03.20-16.25.58:019][  0]LogMeshUtilities: Using QuadricMeshReduction for automatic static mesh reduction
[2017.03.20-16.25.58:105][  0]LogSimplygon: Simplygon DLL not present - disabling.
[2017.03.20-16.25.58:186][  0]LogMeshUtilities: Using SimplygonSwarm for distributed automatic mesh merging
[2017.03.20-16.25.58:186][  0]LogMeshUtilities: No automatic skeletal mesh reduction module available
[2017.03.20-16.25.58:186][  0]LogMeshUtilities: No automatic mesh merging module available
[2017.03.20-16.25.59:258][  0]LogNetVersion: GetLocalNetworkVersion: CL: 3195953, ProjectName: unreal_vr_dsg_01, ProjectVersion: , EngineNetworkVersion: 2, GameNetworkVersion: 0, NetworkChecksum: 1507437998
[2017.03.20-16.25.59:329][  0]LogAssetRegistry: FAssetRegistry took 0.0207 seconds to start up
[2017.03.20-16.26.00:316][  0]LogPackageLocalizationCache: Processed 3 localized package path(s) for 2 prioritized culture(s) in 0.956854 seconds
[2017.03.20-16.26.00:329][  0]LogUObjectArray: 31946 objects as part of root set at end of initial load.
[2017.03.20-16.26.00:329][  0]LogUObjectAllocator: 6935840 out of 0 bytes used by permanent object pool.
[2017.03.20-16.26.00:329][  0]LogUObjectArray: CloseDisregardForGC: 0/0 objects in disregard for GC pool
[2017.03.20-16.26.00:401][  0]LogInit: WinSock: version 1.1 (2.2), MaxSocks=32767, MaxUdp=65467
[2017.03.20-16.26.01:521][  0]LogSlate: Using Freetype 2.6.0
[2017.03.20-16.26.01:524][  0]LogSlate: SlateFontCache - WITH_FREETYPE: 1, WITH_HARFBUZZ: 1
[2017.03.20-16.26.01:524][  0]LogSlate: SlateFontCache - WITH_FREETYPE: 1, WITH_HARFBUZZ: 1
[2017.03.20-16.26.04:581][  0]LogSubstanceCoreModule: Substance [CPU] Engine Loaded, Max Texture Size = 2048
[2017.03.20-16.26.04:639][  0]LogTcpMessaging: Initializing TcpMessaging bridge
[2017.03.20-16.26.04:697][  0]LogUdpMessaging: Initializing bridge on interface 0.0.0.0:0 to multicast group 230.0.0.1:6666.
[2017.03.20-16.26.05:310][  0]LogMaterial: Uniform references updated for custom material expression Custom.
[2017.03.20-16.26.06:023][  0]SourceControl: Info Source control is disabled
[2017.03.20-16.26.06:094][  0]SourceControl: Info Source control is disabled
[2017.03.20-16.26.06:180][  0]SourceControl: Info Source control is disabled
[2017.03.20-16.26.06:249][  0]SourceControl: Info Source control is disabled
[2017.03.20-16.26.08:508][  0]LogEngine: Initializing Engine...
[2017.03.20-16.26.08:509][  0]LogHMD: Failed to initialize OpenVR with code 110
[2017.03.20-16.26.08:981][  0]LogAIModule: Creating AISystem for world Untitled
[2017.03.20-16.26.09:014][  0]LogInit: XAudio2 using 'Speakers (Andrea PureAudio USB-SA Headset)' : 2 channels at 44.1 kHz using 16 bits per sample (channel mask 0x3)
[2017.03.20-16.26.09:063][  0]LogInit: FAudioDevice initialized.
[2017.03.20-16.26.09:119][  0]LogDerivedDataCache: Saved boot cache 0.06s 61MB C:/Users/scardinali.HALO/AppData/Local/UnrealEngine/4.14/DerivedDataCache/Boot.ddc.
[2017.03.20-16.26.09:142][  0]LogInit: Texture streaming: Enabled
[2017.03.20-16.26.09:407][  0]LogInit: Transaction tracking system initialized
[2017.03.20-16.26.09:923][  0]BlueprintLog: New page: Editor Load
[2017.03.20-16.26.11:278][  0]LocalizationService: Info Localization service is disabled
[2017.03.20-16.26.12:393][  0]LogConsoleResponse:Display: 
[2017.03.20-16.26.12:736][  0]LogCook:Display: Max memory allowance for cook 16384mb min free memory 0mb
[2017.03.20-16.26.12:736][  0]LogCook:Display: Mobile HDR setting 1
[2017.03.20-16.26.13:473][  0]LogFileCache: Scanning file cache for directory 'G:/Steph_Unreal_2/DSG04/Unreal_VR_DSG_01/Content/' took 0.04s
[2017.03.20-16.26.14:241][  0]SourceControl: Info Source control is disabled
[2017.03.20-16.26.14:241][  0]Cmd: MAP LOAD FILE="G:/Steph_Unreal_2/DSG04/Unreal_VR_DSG_01/Content/VirtualRealityBP/Maps/StartupMap.umap" TEMPLATE=0 SHOWPROGRESS=1 FEATURELEVEL=3
[2017.03.20-16.26.14:269][  0]LightingResults: New page: Lighting Build
[2017.03.20-16.26.14:340][  0]MapCheck: New page: Map Check
[2017.03.20-16.26.14:340][  0]LightingResults: New page: Lighting Build
[2017.03.20-16.26.18:452][  0]LogLinker:Warning: Can't find file '/Game/DSG/Meshes/Misc/DSG_Teleport_Locations'
[2017.03.20-16.26.18:452][  0]LogLinker:Warning: Can't find file for asset '/Game/DSG/Meshes/Misc/DSG_Teleport_Locations' while loading G:/Steph_Unreal_2/DSG04/Unreal_VR_DSG_01/Content/VirtualRealityBP/Maps/StartupMap.umap.
[2017.03.20-16.26.18:453][  0]LoadErrors:Error: Error /Game/VirtualRealityBP/Maps/StartupMap : Can't find file for asset. /Game/DSG/Meshes/Misc/DSG_Teleport_Locations
[2017.03.20-16.26.18:459][  0]LogLinker:Warning: Can't find file '/Game/DSG/Meshes/Misc/DSG_Teleport_Locations'
[2017.03.20-16.26.18:459][  0]LogLinker:Warning: Can't find file for asset '/Game/DSG/Meshes/Misc/DSG_Teleport_Locations' while loading G:/Steph_Unreal_2/DSG04/Unreal_VR_DSG_01/Content/VirtualRealityBP/Maps/StartupMap.umap.
[2017.03.20-16.26.18:459][  0]LoadErrors:Error: Error /Game/VirtualRealityBP/Maps/StartupMap : Can't find file for asset. /Game/DSG/Meshes/Misc/DSG_Teleport_Locations
[2017.03.20-16.26.18:517][  0]LogLinker:Warning: Can't find file '/Game/DSG/Meshes/Misc/DSG_Teleport_Locations'
[2017.03.20-16.26.18:517][  0]LoadErrors: Info Failed to load /Game/DSG/Meshes/Misc/DSG_Teleport_Locations.DSG_Teleport_Locations Referenced by StaticMeshComponent0
[2017.03.20-16.26.18:517][  0]LogLinker:Warning: Can't find file for asset '/Game/DSG/Meshes/Misc/DSG_Teleport_Locations' while loading NULL.
[2017.03.20-16.26.18:517][  0]LoadErrors: Info Failed to load /Game/DSG/Meshes/Misc/DSG_Teleport_Locations.DSG_Teleport_Locations Referenced by StaticMeshComponent0
[2017.03.20-16.26.21:246][  0]LogAIModule: Creating AISystem for world StartupMap
[2017.03.20-16.26.21:271][  0]LogEditorServer: Finished looking for orphan Actors (0.000 secs)
[2017.03.20-16.26.21:273][  0]Cmd: MAP CHECKDEP NOCLEARLOG
[2017.03.20-16.26.21:544][  0]MapCheck: Info Map check complete: 0 Error(s), 0 Warning(s), took 271.351ms to complete.
[2017.03.20-16.26.21:545][  0]LogFileHelpers: Loading map 'StartupMap' took 7.304
[2017.03.20-16.26.21:807][  0]LogCollectionManager: Loaded 0 collections in 0.028732 seconds
[2017.03.20-16.26.21:961][  0]LogFileCache: Scanning file cache for directory 'G:/Steph_Unreal_2/DSG04/Unreal_VR_DSG_01/Saved/Collections/' took 0.01s
[2017.03.20-16.26.21:961][  0]LogFileCache: Scanning file cache for directory 'G:/Steph_Unreal_2/DSG04/Unreal_VR_DSG_01/Content/Developers/scardinali/Collections/' took 0.01s
[2017.03.20-16.26.21:961][  0]LogFileCache: Scanning file cache for directory 'G:/Steph_Unreal_2/DSG04/Unreal_VR_DSG_01/Content/Collections/' took 0.01s
[2017.03.20-16.26.21:961][  0]LogCollectionManager: Rebuilt the GUID cache for 0 collections in 0.000005 seconds
[2017.03.20-16.26.21:986][  0]LogContentBrowser: Native class hierarchy populated in 0.0247 seconds. Added 2204 classes and 434 folders.
[2017.03.20-16.26.22:069][  0]LogStats: UGameplayTagsManager::ConstructGameplayTagTree: Construct from data asset -  0.000 s
[2017.03.20-16.26.22:069][  0]LogStats: UGameplayTagsManager::ConstructGameplayTagTree: GameplayTagTreeChangedEvent.Broadcast -  0.000 s
[2017.03.20-16.26.22:070][  0]LogContentBrowser: Native class hierarchy updated for 'GameplayTags' in 0.0009 seconds. Added 13 classes and 0 folders.
[2017.03.20-16.26.22:172][  0]LogContentBrowser: Native class hierarchy updated for 'WidgetCarousel' in 0.0009 seconds. Added 0 classes and 0 folders.
[2017.03.20-16.26.22:364][  0]LogContentBrowser: Native class hierarchy updated for 'AddContentDialog' in 0.0014 seconds. Added 0 classes and 0 folders.
[2017.03.20-16.26.22:439][  0]LogContentBrowser: Native class hierarchy updated for 'SceneOutliner' in 0.0009 seconds. Added 1 classes and 2 folders.
[2017.03.20-16.26.22:558][  0]LogCrashTracker: Crashtracker disabled due to settings.
[2017.03.20-16.26.22:565][  0]LogUObjectGlobals:Warning: Failed to find object 'Class None.'
[2017.03.20-16.26.22:653][  0]LogContentBrowser: Native class hierarchy updated for 'HierarchicalLODOutliner' in 0.0009 seconds. Added 1 classes and 2 folders.
[2017.03.20-16.26.22:653][  0]LogLoad: (Engine Initialization) Total time: 37.66 seconds
[2017.03.20-16.26.22:653][  0]LogLoad: (Engine Initialization) Total Blueprint compile time: 0.56 seconds
[2017.03.20-16.26.22:653][  0]LogExternalProfiler: No external profilers were discovered.  External profiling features will not be available.
[2017.03.20-16.26.22:663][  0]LogOcInput: OculusInput pre-init called
[2017.03.20-16.26.22:692][  0]LogContentStreaming: Texture pool size now 1000 MB
[2017.03.20-16.26.23:049][  0]LogRenderer: Reallocating scene render targets to support 900x508 NumSamples 1 (Frame:2).
[2017.03.20-16.26.23:543][  4]LogAssetRegistry: Asset discovery search completed in 24.2360 seconds
[2017.03.20-16.26.23:543][  4]LogCollectionManager: Rebuilt the object cache for 0 collections in 0.000002 seconds (found 0 objects)
[2017.03.20-16.26.23:543][  4]LogCollectionManager: Fixed up redirectors for 0 collections in 0.000041 seconds (updated 0 objects)
[2017.03.20-16.26.36:054][917]LogContentBrowser:Verbose: The majority of assets in the view are of type: World
[2017.03.20-16.26.38:120][ 57]LogContentBrowser:Verbose: The majority of assets in the view are of type: None
[2017.03.20-16.26.39:690][170]LogContentBrowser:Verbose: The majority of assets in the view are of type: World
[2017.03.20-16.26.41:464][294]Cmd: MAP LOAD FILE="G:/Steph_Unreal_2/DSG04/Unreal_VR_DSG_01/Content/DSG/Levels/New_Building_Full_Scale.umap" TEMPLATE=0 SHOWPROGRESS=1 FEATURELEVEL=3
[2017.03.20-16.26.41:528][294]LightingResults: New page: Lighting Build
[2017.03.20-16.26.41:530][294]LoadErrors: New page: Loading map: New_Building_Full_Scale.umap
[2017.03.20-16.26.41:541][294]MapCheck: New page: Map Check
[2017.03.20-16.26.41:541][294]LightingResults: New page: Lighting Build
[2017.03.20-16.26.43:895][294]LogTexture:Display: Building textures: HQ_Lightmap0_1 (AutoDXT)
[2017.03.20-16.26.43:976][294]LogTexture:Display: Building textures: HQ_Lightmap0_2 (AutoDXT)
[2017.03.20-16.26.44:006][294]LogTexture:Display: Building textures: HQ_Lightmap0_3 (AutoDXT)
[2017.03.20-16.26.44:030][294]LogTexture:Display: Building textures: HQ_Lightmap0_4 (AutoDXT)
[2017.03.20-16.26.44:059][294]LogTexture:Display: Building textures: HQ_Lightmap0_5 (AutoDXT)
[2017.03.20-16.26.44:099][294]LogTexture:Display: Building textures: HQ_Lightmap0_6 (AutoDXT)
[2017.03.20-16.26.44:132][294]LogTexture:Display: Building textures: HQ_Lightmap0_7 (AutoDXT)
[2017.03.20-16.26.44:140][294]LogTexture:Display: Building textures: LQ_Lightmap_0_1 (DXT1)
[2017.03.20-16.26.44:185][294]LogTexture:Display: Building textures: LQ_Lightmap_0_2 (DXT1)
[2017.03.20-16.26.44:195][294]LogTexture:Display: Building textures: LQ_Lightmap_0_3 (DXT1)
[2017.03.20-16.26.44:202][294]LogTexture:Display: Building textures: LQ_Lightmap_0_4 (DXT1)
[2017.03.20-16.26.44:211][294]LogTexture:Display: Building textures: LQ_Lightmap_0_5 (DXT1)
[2017.03.20-16.26.44:222][294]LogTexture:Display: Building textures: LQ_Lightmap_0_6 (DXT1)
[2017.03.20-16.26.44:248][294]LogTexture:Display: Building textures: LQ_Lightmap_0_7 (DXT1)
[2017.03.20-16.26.44:253][294]LogTexture:Display: Building textures: SkyOcclusion0_7 (AutoDXT)
[2017.03.20-16.26.44:258][294]LogTexture:Display: Building textures: SkyOcclusion1_1 (AutoDXT)
[2017.03.20-16.26.44:354][294]LogTexture:Display: Building textures: SkyOcclusion1_2 (AutoDXT)
[2017.03.20-16.26.44:379][294]LogTexture:Display: Building textures: SkyOcclusion1_3 (AutoDXT)
[2017.03.20-16.26.44:420][294]LogTexture:Display: Building textures: SkyOcclusion1_4 (AutoDXT)
[2017.03.20-16.26.44:436][294]LogTexture:Display: Building textures: SkyOcclusion1_5 (AutoDXT)
[2017.03.20-16.26.44:458][294]LogTexture:Display: Building textures: SkyOcclusion1_6 (AutoDXT)
[2017.03.20-16.26.44:521][294]LogAIModule: Creating AISystem for world New_Building_Full_Scale
[2017.03.20-16.26.44:715][294]LogEditorServer: Finished looking for orphan Actors (0.000 secs)
[2017.03.20-16.26.44:773][294]Cmd: MAP CHECKDEP NOCLEARLOG
[2017.03.20-16.26.44:977][294]MapCheck: Info Map check complete: 0 Error(s), 0 Warning(s), took 204.646ms to complete.
[2017.03.20-16.26.44:978][294]LogFileHelpers: Loading map 'New_Building_Full_Scale' took 3.515
[2017.03.20-16.47.51:660][126]MapCheck: New page: Map Check
[2017.03.20-16.47.51:700][126]LightingResults: New page: Lighting Build - Mar 20, 2017, 8:47:51 AM
[2017.03.20-16.47.52:114][126]LogSwarmInterface: [OpenConnection] Registering TCP channel ...
[2017.03.20-16.47.52:257][126]LogSwarmInterface: [OpenConnection] Connecting to agent ...
[2017.03.20-16.47.52:279][126]LogSwarmInterface: [TryOpenConnection] Testing the Agent
[2017.03.20-16.47.53:306][126]LogSwarmInterface: [TryOpenConnection] Opening Connection to Agent
[2017.03.20-16.47.53:306][126]LogSwarmInterface: [TryOpenConnection] Local Process ID is 36476
[2017.03.20-16.47.57:661][126]LogStaticLightingSystem: Running Lightmass w/ ImmediateImport mode ENABLED
[2017.03.20-16.47.57:661][126]LogStaticLightingSystem: Running Lightmass w/ ImmediateProcess mode ENABLED
[2017.03.20-16.47.57:661][126]LogStaticLightingSystem: Running Lightmass w/ Sorting mode ENABLED
[2017.03.20-16.47.57:661][126]LogStaticLightingSystem: Running Lightmass w/ Mapping paddings ENABLED
[2017.03.20-16.47.57:661][126]LogStaticLightingSystem: Running Lightmass w/ Mapping debug paddings DISABLED
[2017.03.20-16.47.57:960][126]LogEditorBuildUtils: Build time 0:06
[2017.03.20-16.48.03:227][285]LightingResults:Warning: Warning SM_Build_Mezz Object has wrapping UVs.
[2017.03.20-16.48.03:739][317]Job is a success!
[2017.03.20-16.48.04:082][318]LogTexture:Display: Building textures: SkyOcclusion0_1 (AutoDXT)
[2017.03.20-16.48.04:082][318]LogTexture:Display: Building textures: HQ_Lightmap1_1 (AutoDXT)
[2017.03.20-16.48.04:082][318]LogTexture:Display: Building textures: LQ_Lightmap_1_1 (DXT1)
[2017.03.20-16.48.04:082][318]LogTexture:Display: Building textures: SkyOcclusion0_2 (AutoDXT)
[2017.03.20-16.48.04:082][318]LogTexture:Display: Building textures: HQ_Lightmap1_2 (AutoDXT)
[2017.03.20-16.48.04:082][318]LogTexture:Display: Building textures: SkyOcclusion0_3 (AutoDXT)
[2017.03.20-16.48.04:082][318]LogTexture:Display: Building textures: LQ_Lightmap_1_2 (DXT1)
[2017.03.20-16.48.04:082][318]LogTexture:Display: Building textures: HQ_Lightmap1_3 (AutoDXT)
[2017.03.20-16.48.04:082][318]LogTexture:Display: Building textures: LQ_Lightmap_1_4 (DXT1)
[2017.03.20-16.48.04:082][318]LogTexture:Display: Building textures: LQ_Lightmap_1_3 (DXT1)
[2017.03.20-16.48.04:082][318]LogTexture:Display: Building textures: SkyOcclusion0_4 (AutoDXT)
[2017.03.20-16.48.04:082][318]LogTexture:Display: Building textures: HQ_Lightmap1_4 (AutoDXT)
[2017.03.20-16.48.04:134][318]Lightmass on SCARDINALI7BR: 3.48 sec total, 193 ms importing, 47 ms setup, 1.59 sec photons, 1.63 sec processing, 0 ms extra exporting [8/8 mappings]. Threads: 34.8 sec total, 2.89 sec processing.
[2017.03.20-16.48.04:198][318]LogStaticLightingSystem: Illumination: 12.4 sec (56 ms encoding lightmaps, 0 ms encoding shadowmaps)
[2017.03.20-16.48.04:198][318]LogStaticLightingSystem: Lightmap texture memory:  0.4 MB (0.4 MB streaming, 0.0 MB non-streaming), 8 textures
[2017.03.20-16.48.04:198][318]LogStaticLightingSystem: Shadowmap texture memory: 0.0 MB (0.0 MB streaming, 0.0 MB non-streaming), 0 textures
[2017.03.20-16.48.04:683][318]DumpUnbuiltLightIteractions
[2017.03.20-16.48.04:683][318]Lights with unbuilt interactions: 0
[2017.03.20-16.48.04:683][318]
[2017.03.20-16.48.04:683][318]Primitives with unbuilt interactions: 0
[2017.03.20-16.48.04:711][319]Cmd: MAP CHECK NOTIFYRESULTS
[2017.03.20-16.48.04:711][319]MapCheck: New page: New_Building_Full_Scale - Mar 20, 2017, 8:48:04 AM
[2017.03.20-16.48.04:919][319]MapCheck: Info Map check complete: 0 Error(s), 0 Warning(s), took 208.058ms to complete.
[2017.03.20-16.48.16:979][255]LogSavePackage: Save=513.11ms
[2017.03.20-16.48.16:979][255]LogSavePackage: Moving 'G:/Steph_Unreal_2/DSG04/Unreal_VR_DSG_01/Saved/New_Building_Full_Scale_Auto147FE18DB44E7314D2AA04E8B93A80F15.tmp' to 'G:/Steph_Unreal_2/DSG04/Unreal_VR_DSG_01/Saved/Autosaves/Game/DSG/Levels/New_Building_Full_Scale_Auto1.umap'
[2017.03.20-16.48.16:981][255]LogSavePackage:Display: Finished SavePackage G:/Steph_Unreal_2/DSG04/Unreal_VR_DSG_01/Saved/Autosaves/Game/DSG/Levels/New_Building_Full_Scale_Auto1.umap
[2017.03.20-16.48.16:986][255]Cmd: OBJ SAVEPACKAGE PACKAGE="/Game/DSG/Levels/New_Building_Full_Scale_BuiltData" FILE="G:/Steph_Unreal_2/DSG04/Unreal_VR_DSG_01/Content/DSG/Levels/New_Building_Full_Scale_BuiltData.uasset" SILENT=true
[2017.03.20-16.48.17:079][255]LogSavePackage: Save=32.24ms
[2017.03.20-16.48.17:079][255]LogSavePackage: Moving 'G:/Steph_Unreal_2/DSG04/Unreal_VR_DSG_01/Saved/New_Building_Full_Scale_BuiltDataD9BFFB024960838B93BF6A9571DEFB7E.tmp' to 'G:/Steph_Unreal_2/DSG04/Unreal_VR_DSG_01/Content/DSG/Levels/New_Building_Full_Scale_BuiltData.uasset'
[2017.03.20-16.48.17:082][255]LogSavePackage:Display: Finished SavePackage G:/Steph_Unreal_2/DSG04/Unreal_VR_DSG_01/Content/DSG/Levels/New_Building_Full_Scale_BuiltData.uasset
[2017.03.20-16.48.17:087][255]LogFileHelpers: Editor autosave (incl. sublevels) for '/Game/DSG/Levels/New_Building_Full_Scale' took 1.355
[2017.03.20-16.48.17:087][255]LogFileHelpers: Editor autosave (incl. sublevels) for all levels took 1.355
[2017.03.20-16.54.20:617][ 91]LogFactory: FactoryCreateFile: StaticMesh with FbxFactory (0 0 G:/3D/DSG_Max_Project/export/Building_Exports/SM_Build_Walls.FBX)
[2017.03.20-16.54.20:649][ 91]LogFbx: ItemName: GlobalSettings, ItemCount : 1
[2017.03.20-16.54.20:649][ 91]LogFbx: ItemName: AnimationStack, ItemCount : 1
[2017.03.20-16.54.20:649][ 91]LogFbx: ItemName: AnimationLayer, ItemCount : 1
[2017.03.20-16.54.20:649][ 91]LogFbx: ItemName: Model, ItemCount : 11
[2017.03.20-16.54.20:650][ 91]LogFbx: ItemName: Geometry, ItemCount : 11
[2017.03.20-16.54.20:650][ 91]LogFbx: ItemName: Material, ItemCount : 1
[2017.03.20-16.54.20:650][ 91]LogFbx: ItemName: Texture, ItemCount : 1
[2017.03.20-16.54.20:650][ 91]LogFbx: ItemName: CollectionExclusive, ItemCount : 11
[2017.03.20-16.54.20:650][ 91]LogFbx: ItemName: Video, ItemCount : 1
[2017.03.20-16.54.20:658][ 91]LogFbx: Loading FBX Scene from G:/3D/DSG_Max_Project/export/Building_Exports/SM_Build_Walls.FBX
[2017.03.20-16.54.20:703][ 91]LogFbx: FBX Scene Loaded Succesfully
[2017.03.20-16.54.26:409][ 91]LogFbx: Loading FBX Scene from G:/3D/DSG_Max_Project/export/Building_Exports/SM_Build_Walls.FBX
[2017.03.20-16.54.26:463][ 91]LogFbx: FBX Scene Loaded Succesfully
[2017.03.20-16.54.26:639][ 91]LogStaticMesh: Building static mesh SM_Build_Walls_SM_Build_Wall_Top_D...
[2017.03.20-16.54.26:639][ 91]LogStaticMesh: Built static mesh [0.00s] /Game/DSG/Meshes/Building_02/Walls/SM_Build_Walls_SM_Build_Wall_Top_D.SM_Build_Walls_SM_Build_Wall_Top_D
[2017.03.20-16.54.26:641][ 91]LogStaticMesh:Warning: SM_Build_Walls_SM_Build_Wall_Top_D has degenerate tangent bases which will result in incorrect shading.  MikkTSpace relies on tangent bases and may result in mesh corruption, consider disabling this option.
[2017.03.20-16.54.26:650][ 91]LogWindows: Windows GetLastError: The operation completed successfully. (0)
